2022-05-18 22:53:31,494 DEBUG    root            Loaded Command Group: ['gcloud', 'components']
2022-05-18 22:53:31,497 DEBUG    root            Loaded Command Group: ['gcloud', 'components', 'update']
2022-05-18 22:53:31,498 DEBUG    root            Running [gcloud.components.update] with arguments: [--quiet: "True"]
2022-05-18 22:53:31,499 INFO     ___FILE_ONLY___ Beginning update. This process may take several minutes.

2022-05-18 22:53:31,505 DEBUG    urllib3.connectionpool Starting new HTTPS connection (1): dl.google.com:443
2022-05-18 22:53:31,719 DEBUG    urllib3.connectionpool https://dl.google.com:443 "GET /dl/cloudsdk/channels/rapid/components-2.json HTTP/1.1" 200 187088
2022-05-18 22:53:31,882 INFO     ___FILE_ONLY___ 

2022-05-18 22:53:31,882 INFO     ___FILE_ONLY___ 
Your current Google Cloud CLI version is: 385.0.0

2022-05-18 22:53:31,882 INFO     ___FILE_ONLY___ You will be upgraded to version: 386.0.0

2022-05-18 22:53:31,882 INFO     ___FILE_ONLY___ 

2022-05-18 22:53:31,883 INFO     ___FILE_ONLY___ ┌─────────────────────────────────────────────────────────┐
2022-05-18 22:53:31,883 INFO     ___FILE_ONLY___ 

2022-05-18 22:53:31,883 INFO     ___FILE_ONLY___ │            These components will be updated.            │
2022-05-18 22:53:31,883 INFO     ___FILE_ONLY___ 

2022-05-18 22:53:31,883 INFO     ___FILE_ONLY___ ├─────────────────────────────────┬────────────┬──────────┤
2022-05-18 22:53:31,884 INFO     ___FILE_ONLY___ 

2022-05-18 22:53:31,884 INFO     ___FILE_ONLY___ │               Name              │  Version   │   Size   │
2022-05-18 22:53:31,884 INFO     ___FILE_ONLY___ 

2022-05-18 22:53:31,884 INFO     ___FILE_ONLY___ ├─────────────────────────────────┼────────────┼──────────┤
2022-05-18 22:53:31,884 INFO     ___FILE_ONLY___ 

2022-05-18 22:53:31,884 INFO     ___FILE_ONLY___ │ 
2022-05-18 22:53:31,884 INFO     ___FILE_ONLY___ Google Cloud CLI Core Libraries
2022-05-18 22:53:31,884 INFO     ___FILE_ONLY___  
2022-05-18 22:53:31,884 INFO     ___FILE_ONLY___ │ 
2022-05-18 22:53:31,884 INFO     ___FILE_ONLY___ 2022.05.13
2022-05-18 22:53:31,884 INFO     ___FILE_ONLY___  
2022-05-18 22:53:31,884 INFO     ___FILE_ONLY___ │ 
2022-05-18 22:53:31,884 INFO     ___FILE_ONLY___ 23.2 MiB
2022-05-18 22:53:31,884 INFO     ___FILE_ONLY___  
2022-05-18 22:53:31,884 INFO     ___FILE_ONLY___ │
2022-05-18 22:53:31,884 INFO     ___FILE_ONLY___ 

2022-05-18 22:53:31,884 INFO     ___FILE_ONLY___ │ 
2022-05-18 22:53:31,884 INFO     ___FILE_ONLY___ gcloud Beta Commands           
2022-05-18 22:53:31,884 INFO     ___FILE_ONLY___  
2022-05-18 22:53:31,884 INFO     ___FILE_ONLY___ │ 
2022-05-18 22:53:31,884 INFO     ___FILE_ONLY___ 2022.05.13
2022-05-18 22:53:31,884 INFO     ___FILE_ONLY___  
2022-05-18 22:53:31,884 INFO     ___FILE_ONLY___ │ 
2022-05-18 22:53:31,884 INFO     ___FILE_ONLY___  < 1 MiB
2022-05-18 22:53:31,884 INFO     ___FILE_ONLY___  
2022-05-18 22:53:31,884 INFO     ___FILE_ONLY___ │
2022-05-18 22:53:31,884 INFO     ___FILE_ONLY___ 

2022-05-18 22:53:31,884 INFO     ___FILE_ONLY___ └─────────────────────────────────┴────────────┴──────────┘
2022-05-18 22:53:31,884 INFO     ___FILE_ONLY___ 

2022-05-18 22:53:31,884 INFO     ___FILE_ONLY___ 

2022-05-18 22:53:31,886 DEBUG    urllib3.connectionpool Starting new HTTPS connection (1): dl.google.com:443
2022-05-18 22:53:32,096 DEBUG    urllib3.connectionpool https://dl.google.com:443 "GET /dl/cloudsdk/channels/rapid/RELEASE_NOTES HTTP/1.1" 200 804997
2022-05-18 22:53:32,778 INFO     ___FILE_ONLY___ The following release notes are new in this upgrade.
Please read carefully for information about new features, breaking changes,
and bugs fixed.  The latest full release notes can be viewed at:
  https://cloud.google.com/sdk/release_notes


2022-05-18 22:53:32,779 INFO     ___FILE_ONLY___ 
2022-05-18 22:53:32,779 INFO     ___FILE_ONLY___ 386.0.0 (2022-05-17)

2022-05-18 22:53:32,779 INFO     ___FILE_ONLY___ 
2022-05-18 22:53:32,779 INFO     ___FILE_ONLY___   
2022-05-18 22:53:32,779 INFO     ___FILE_ONLY___ Google Cloud CLI

2022-05-18 22:53:32,779 INFO     ___FILE_ONLY___       ▪
2022-05-18 22:53:32,779 INFO     ___FILE_ONLY___  
2022-05-18 22:53:32,779 INFO     ___FILE_ONLY___ Added
2022-05-18 22:53:32,779 INFO     ___FILE_ONLY___  
2022-05-18 22:53:32,779 INFO     ___FILE_ONLY___ Cloud
2022-05-18 22:53:32,779 INFO     ___FILE_ONLY___  
2022-05-18 22:53:32,779 INFO     ___FILE_ONLY___ SQL
2022-05-18 22:53:32,779 INFO     ___FILE_ONLY___  
2022-05-18 22:53:32,779 INFO     ___FILE_ONLY___ OAuth
2022-05-18 22:53:32,779 INFO     ___FILE_ONLY___  
2022-05-18 22:53:32,779 INFO     ___FILE_ONLY___ scope
2022-05-18 22:53:32,779 INFO     ___FILE_ONLY___  
2022-05-18 22:53:32,779 INFO     ___FILE_ONLY___ to
2022-05-18 22:53:32,779 INFO     ___FILE_ONLY___  
2022-05-18 22:53:32,779 INFO     ___FILE_ONLY___ gcloud
2022-05-18 22:53:32,779 INFO     ___FILE_ONLY___  
2022-05-18 22:53:32,779 INFO     ___FILE_ONLY___ auth
2022-05-18 22:53:32,779 INFO     ___FILE_ONLY___  
2022-05-18 22:53:32,779 INFO     ___FILE_ONLY___ login.
2022-05-18 22:53:32,779 INFO     ___FILE_ONLY___ 

2022-05-18 22:53:32,779 INFO     ___FILE_ONLY___ 

2022-05-18 22:53:32,779 INFO     ___FILE_ONLY___ 
2022-05-18 22:53:32,779 INFO     ___FILE_ONLY___   
2022-05-18 22:53:32,779 INFO     ___FILE_ONLY___ Anthos Identity Service

2022-05-18 22:53:32,779 INFO     ___FILE_ONLY___       ▪
2022-05-18 22:53:32,779 INFO     ___FILE_ONLY___  
2022-05-18 22:53:32,779 INFO     ___FILE_ONLY___ Promoted
2022-05-18 22:53:32,779 INFO     ___FILE_ONLY___  
2022-05-18 22:53:32,779 INFO     ___FILE_ONLY___ gcloud
2022-05-18 22:53:32,779 INFO     ___FILE_ONLY___  
2022-05-18 22:53:32,779 INFO     ___FILE_ONLY___ container
2022-05-18 22:53:32,780 INFO     ___FILE_ONLY___  
2022-05-18 22:53:32,780 INFO     ___FILE_ONLY___ hub
2022-05-18 22:53:32,780 INFO     ___FILE_ONLY___  
2022-05-18 22:53:32,780 INFO     ___FILE_ONLY___ identity-service
2022-05-18 22:53:32,780 INFO     ___FILE_ONLY___  
2022-05-18 22:53:32,780 INFO     ___FILE_ONLY___ to
2022-05-18 22:53:32,780 INFO     ___FILE_ONLY___  
2022-05-18 22:53:32,780 INFO     ___FILE_ONLY___ GA.
2022-05-18 22:53:32,780 INFO     ___FILE_ONLY___ 

2022-05-18 22:53:32,780 INFO     ___FILE_ONLY___       ▪
2022-05-18 22:53:32,780 INFO     ___FILE_ONLY___  
2022-05-18 22:53:32,780 INFO     ___FILE_ONLY___ Promoted
2022-05-18 22:53:32,780 INFO     ___FILE_ONLY___  
2022-05-18 22:53:32,780 INFO     ___FILE_ONLY___ gcloud
2022-05-18 22:53:32,780 INFO     ___FILE_ONLY___  
2022-05-18 22:53:32,780 INFO     ___FILE_ONLY___ container
2022-05-18 22:53:32,780 INFO     ___FILE_ONLY___  
2022-05-18 22:53:32,780 INFO     ___FILE_ONLY___ fleet
2022-05-18 22:53:32,780 INFO     ___FILE_ONLY___  
2022-05-18 22:53:32,780 INFO     ___FILE_ONLY___ identity-service
2022-05-18 22:53:32,780 INFO     ___FILE_ONLY___  
2022-05-18 22:53:32,780 INFO     ___FILE_ONLY___ to
2022-05-18 22:53:32,780 INFO     ___FILE_ONLY___  
2022-05-18 22:53:32,780 INFO     ___FILE_ONLY___ GA.
2022-05-18 22:53:32,780 INFO     ___FILE_ONLY___ 

2022-05-18 22:53:32,780 INFO     ___FILE_ONLY___ 

2022-05-18 22:53:32,780 INFO     ___FILE_ONLY___ 
2022-05-18 22:53:32,780 INFO     ___FILE_ONLY___   
2022-05-18 22:53:32,780 INFO     ___FILE_ONLY___ App Engine

2022-05-18 22:53:32,780 INFO     ___FILE_ONLY___       ▪
2022-05-18 22:53:32,780 INFO     ___FILE_ONLY___  
2022-05-18 22:53:32,780 INFO     ___FILE_ONLY___ Promoted
2022-05-18 22:53:32,780 INFO     ___FILE_ONLY___  
2022-05-18 22:53:32,780 INFO     ___FILE_ONLY___ --service-account
2022-05-18 22:53:32,780 INFO     ___FILE_ONLY___  
2022-05-18 22:53:32,780 INFO     ___FILE_ONLY___ flag
2022-05-18 22:53:32,780 INFO     ___FILE_ONLY___  
2022-05-18 22:53:32,780 INFO     ___FILE_ONLY___ of
2022-05-18 22:53:32,780 INFO     ___FILE_ONLY___  
2022-05-18 22:53:32,780 INFO     ___FILE_ONLY___ gcloud
2022-05-18 22:53:32,781 INFO     ___FILE_ONLY___  
2022-05-18 22:53:32,781 INFO     ___FILE_ONLY___ app
2022-05-18 22:53:32,781 INFO     ___FILE_ONLY___  
2022-05-18 22:53:32,781 INFO     ___FILE_ONLY___ deploy
2022-05-18 22:53:32,781 INFO     ___FILE_ONLY___  
2022-05-18 22:53:32,781 INFO     ___FILE_ONLY___ to
2022-05-18 22:53:32,781 INFO     ___FILE_ONLY___  
2022-05-18 22:53:32,781 INFO     ___FILE_ONLY___ GA.
2022-05-18 22:53:32,781 INFO     ___FILE_ONLY___ 

2022-05-18 22:53:32,781 INFO     ___FILE_ONLY___ 

2022-05-18 22:53:32,781 INFO     ___FILE_ONLY___ 
2022-05-18 22:53:32,781 INFO     ___FILE_ONLY___   
2022-05-18 22:53:32,781 INFO     ___FILE_ONLY___ App Engine Flexible Environment

2022-05-18 22:53:32,781 INFO     ___FILE_ONLY___       ▪
2022-05-18 22:53:32,781 INFO     ___FILE_ONLY___  
2022-05-18 22:53:32,781 INFO     ___FILE_ONLY___ Promoted
2022-05-18 22:53:32,781 INFO     ___FILE_ONLY___  
2022-05-18 22:53:32,781 INFO     ___FILE_ONLY___ --service-account
2022-05-18 22:53:32,781 INFO     ___FILE_ONLY___  
2022-05-18 22:53:32,781 INFO     ___FILE_ONLY___ flag
2022-05-18 22:53:32,781 INFO     ___FILE_ONLY___  
2022-05-18 22:53:32,781 INFO     ___FILE_ONLY___ of
2022-05-18 22:53:32,781 INFO     ___FILE_ONLY___  
2022-05-18 22:53:32,781 INFO     ___FILE_ONLY___ gcloud
2022-05-18 22:53:32,781 INFO     ___FILE_ONLY___  
2022-05-18 22:53:32,781 INFO     ___FILE_ONLY___ app
2022-05-18 22:53:32,781 INFO     ___FILE_ONLY___  
2022-05-18 22:53:32,781 INFO     ___FILE_ONLY___ deploy
2022-05-18 22:53:32,781 INFO     ___FILE_ONLY___  
2022-05-18 22:53:32,781 INFO     ___FILE_ONLY___ to
2022-05-18 22:53:32,781 INFO     ___FILE_ONLY___  
2022-05-18 22:53:32,781 INFO     ___FILE_ONLY___ GA.
2022-05-18 22:53:32,781 INFO     ___FILE_ONLY___ 

2022-05-18 22:53:32,781 INFO     ___FILE_ONLY___ 

2022-05-18 22:53:32,781 INFO     ___FILE_ONLY___ 
2022-05-18 22:53:32,781 INFO     ___FILE_ONLY___   
2022-05-18 22:53:32,781 INFO     ___FILE_ONLY___ Cloud Build

2022-05-18 22:53:32,781 INFO     ___FILE_ONLY___       ▪
2022-05-18 22:53:32,781 INFO     ___FILE_ONLY___  
2022-05-18 22:53:32,781 INFO     ___FILE_ONLY___ Add
2022-05-18 22:53:32,781 INFO     ___FILE_ONLY___  
2022-05-18 22:53:32,782 INFO     ___FILE_ONLY___ --include-logs-with-status
2022-05-18 22:53:32,782 INFO     ___FILE_ONLY___  
2022-05-18 22:53:32,782 INFO     ___FILE_ONLY___ flag
2022-05-18 22:53:32,782 INFO     ___FILE_ONLY___  
2022-05-18 22:53:32,782 INFO     ___FILE_ONLY___ to
2022-05-18 22:53:32,782 INFO     ___FILE_ONLY___  
2022-05-18 22:53:32,782 INFO     ___FILE_ONLY___ gcloud
2022-05-18 22:53:32,782 INFO     ___FILE_ONLY___  
2022-05-18 22:53:32,782 INFO     ___FILE_ONLY___ triggers
2022-05-18 22:53:32,782 INFO     ___FILE_ONLY___  
2022-05-18 22:53:32,782 INFO     ___FILE_ONLY___ create.
2022-05-18 22:53:32,782 INFO     ___FILE_ONLY___ 

2022-05-18 22:53:32,782 INFO     ___FILE_ONLY___ 

2022-05-18 22:53:32,782 INFO     ___FILE_ONLY___ 
2022-05-18 22:53:32,782 INFO     ___FILE_ONLY___   
2022-05-18 22:53:32,782 INFO     ___FILE_ONLY___ Cloud Composer

2022-05-18 22:53:32,782 INFO     ___FILE_ONLY___       ▪
2022-05-18 22:53:32,782 INFO     ___FILE_ONLY___  
2022-05-18 22:53:32,782 INFO     ___FILE_ONLY___ Improve
2022-05-18 22:53:32,782 INFO     ___FILE_ONLY___  
2022-05-18 22:53:32,782 INFO     ___FILE_ONLY___ error
2022-05-18 22:53:32,782 INFO     ___FILE_ONLY___  
2022-05-18 22:53:32,782 INFO     ___FILE_ONLY___ message
2022-05-18 22:53:32,782 INFO     ___FILE_ONLY___  
2022-05-18 22:53:32,782 INFO     ___FILE_ONLY___ in
2022-05-18 22:53:32,782 INFO     ___FILE_ONLY___  
2022-05-18 22:53:32,782 INFO     ___FILE_ONLY___ case
2022-05-18 22:53:32,782 INFO     ___FILE_ONLY___  
2022-05-18 22:53:32,782 INFO     ___FILE_ONLY___ of
2022-05-18 22:53:32,782 INFO     ___FILE_ONLY___  
2022-05-18 22:53:32,782 INFO     ___FILE_ONLY___ lacking
2022-05-18 22:53:32,782 INFO     ___FILE_ONLY___  
2022-05-18 22:53:32,782 INFO     ___FILE_ONLY___ permissions
2022-05-18 22:53:32,782 INFO     ___FILE_ONLY___  
2022-05-18 22:53:32,782 INFO     ___FILE_ONLY___ in
2022-05-18 22:53:32,782 INFO     ___FILE_ONLY___  
2022-05-18 22:53:32,783 INFO     ___FILE_ONLY___ gcloud
2022-05-18 22:53:32,783 INFO     ___FILE_ONLY___ 

2022-05-18 22:53:32,783 INFO     ___FILE_ONLY___         
2022-05-18 22:53:32,783 INFO     ___FILE_ONLY___ composer
2022-05-18 22:53:32,783 INFO     ___FILE_ONLY___  
2022-05-18 22:53:32,783 INFO     ___FILE_ONLY___ environments
2022-05-18 22:53:32,783 INFO     ___FILE_ONLY___  
2022-05-18 22:53:32,783 INFO     ___FILE_ONLY___ storage
2022-05-18 22:53:32,783 INFO     ___FILE_ONLY___  
2022-05-18 22:53:32,783 INFO     ___FILE_ONLY___ *
2022-05-18 22:53:32,783 INFO     ___FILE_ONLY___  
2022-05-18 22:53:32,783 INFO     ___FILE_ONLY___ delete
2022-05-18 22:53:32,783 INFO     ___FILE_ONLY___  
2022-05-18 22:53:32,783 INFO     ___FILE_ONLY___ commands.
2022-05-18 22:53:32,783 INFO     ___FILE_ONLY___ 

2022-05-18 22:53:32,783 INFO     ___FILE_ONLY___ 

2022-05-18 22:53:32,783 INFO     ___FILE_ONLY___ 
2022-05-18 22:53:32,783 INFO     ___FILE_ONLY___   
2022-05-18 22:53:32,783 INFO     ___FILE_ONLY___ Cloud IAM

2022-05-18 22:53:32,783 INFO     ___FILE_ONLY___       ▪
2022-05-18 22:53:32,783 INFO     ___FILE_ONLY___  
2022-05-18 22:53:32,783 INFO     ___FILE_ONLY___ Added
2022-05-18 22:53:32,783 INFO     ___FILE_ONLY___  
2022-05-18 22:53:32,783 INFO     ___FILE_ONLY___ gcloud
2022-05-18 22:53:32,783 INFO     ___FILE_ONLY___  
2022-05-18 22:53:32,783 INFO     ___FILE_ONLY___ iam
2022-05-18 22:53:32,783 INFO     ___FILE_ONLY___  
2022-05-18 22:53:32,783 INFO     ___FILE_ONLY___ workload-identity-pools
2022-05-18 22:53:32,783 INFO     ___FILE_ONLY___  
2022-05-18 22:53:32,783 INFO     ___FILE_ONLY___ create-saml
2022-05-18 22:53:32,783 INFO     ___FILE_ONLY___  
2022-05-18 22:53:32,783 INFO     ___FILE_ONLY___ and
2022-05-18 22:53:32,783 INFO     ___FILE_ONLY___  
2022-05-18 22:53:32,783 INFO     ___FILE_ONLY___ gcloud
2022-05-18 22:53:32,783 INFO     ___FILE_ONLY___  
2022-05-18 22:53:32,783 INFO     ___FILE_ONLY___ iam
2022-05-18 22:53:32,783 INFO     ___FILE_ONLY___ 

2022-05-18 22:53:32,783 INFO     ___FILE_ONLY___         
2022-05-18 22:53:32,783 INFO     ___FILE_ONLY___ workload-identity-pools
2022-05-18 22:53:32,784 INFO     ___FILE_ONLY___  
2022-05-18 22:53:32,784 INFO     ___FILE_ONLY___ update-saml
2022-05-18 22:53:32,784 INFO     ___FILE_ONLY___  
2022-05-18 22:53:32,784 INFO     ___FILE_ONLY___ commands
2022-05-18 22:53:32,784 INFO     ___FILE_ONLY___  
2022-05-18 22:53:32,784 INFO     ___FILE_ONLY___ to
2022-05-18 22:53:32,784 INFO     ___FILE_ONLY___  
2022-05-18 22:53:32,784 INFO     ___FILE_ONLY___ manage
2022-05-18 22:53:32,784 INFO     ___FILE_ONLY___  
2022-05-18 22:53:32,784 INFO     ___FILE_ONLY___ SAML
2022-05-18 22:53:32,784 INFO     ___FILE_ONLY___  
2022-05-18 22:53:32,784 INFO     ___FILE_ONLY___ workload
2022-05-18 22:53:32,784 INFO     ___FILE_ONLY___ 

2022-05-18 22:53:32,784 INFO     ___FILE_ONLY___         
2022-05-18 22:53:32,784 INFO     ___FILE_ONLY___ identity
2022-05-18 22:53:32,784 INFO     ___FILE_ONLY___  
2022-05-18 22:53:32,784 INFO     ___FILE_ONLY___ pool
2022-05-18 22:53:32,784 INFO     ___FILE_ONLY___  
2022-05-18 22:53:32,784 INFO     ___FILE_ONLY___ providers.
2022-05-18 22:53:32,784 INFO     ___FILE_ONLY___ 

2022-05-18 22:53:32,784 INFO     ___FILE_ONLY___ 

2022-05-18 22:53:32,784 INFO     ___FILE_ONLY___ 
2022-05-18 22:53:32,784 INFO     ___FILE_ONLY___   
2022-05-18 22:53:32,784 INFO     ___FILE_ONLY___ Cloud Memorystore

2022-05-18 22:53:32,784 INFO     ___FILE_ONLY___       ▪
2022-05-18 22:53:32,784 INFO     ___FILE_ONLY___  
2022-05-18 22:53:32,784 INFO     ___FILE_ONLY___ Promoted
2022-05-18 22:53:32,784 INFO     ___FILE_ONLY___  
2022-05-18 22:53:32,784 INFO     ___FILE_ONLY___ support
2022-05-18 22:53:32,784 INFO     ___FILE_ONLY___  
2022-05-18 22:53:32,784 INFO     ___FILE_ONLY___ for
2022-05-18 22:53:32,784 INFO     ___FILE_ONLY___  
2022-05-18 22:53:32,784 INFO     ___FILE_ONLY___ maintenance
2022-05-18 22:53:32,784 INFO     ___FILE_ONLY___  
2022-05-18 22:53:32,784 INFO     ___FILE_ONLY___ windows
2022-05-18 22:53:32,784 INFO     ___FILE_ONLY___  
2022-05-18 22:53:32,784 INFO     ___FILE_ONLY___ in
2022-05-18 22:53:32,784 INFO     ___FILE_ONLY___  
2022-05-18 22:53:32,784 INFO     ___FILE_ONLY___ gcloud
2022-05-18 22:53:32,784 INFO     ___FILE_ONLY___  
2022-05-18 22:53:32,784 INFO     ___FILE_ONLY___ memcache
2022-05-18 22:53:32,785 INFO     ___FILE_ONLY___  
2022-05-18 22:53:32,785 INFO     ___FILE_ONLY___ to
2022-05-18 22:53:32,785 INFO     ___FILE_ONLY___  
2022-05-18 22:53:32,785 INFO     ___FILE_ONLY___ GA.
2022-05-18 22:53:32,785 INFO     ___FILE_ONLY___ 

2022-05-18 22:53:32,785 INFO     ___FILE_ONLY___       ▪
2022-05-18 22:53:32,785 INFO     ___FILE_ONLY___  
2022-05-18 22:53:32,785 INFO     ___FILE_ONLY___ Promoted
2022-05-18 22:53:32,785 INFO     ___FILE_ONLY___  
2022-05-18 22:53:32,785 INFO     ___FILE_ONLY___ the
2022-05-18 22:53:32,785 INFO     ___FILE_ONLY___  
2022-05-18 22:53:32,785 INFO     ___FILE_ONLY___ command
2022-05-18 22:53:32,785 INFO     ___FILE_ONLY___  
2022-05-18 22:53:32,785 INFO     ___FILE_ONLY___ gcloud
2022-05-18 22:53:32,785 INFO     ___FILE_ONLY___  
2022-05-18 22:53:32,785 INFO     ___FILE_ONLY___ memcache
2022-05-18 22:53:32,785 INFO     ___FILE_ONLY___  
2022-05-18 22:53:32,785 INFO     ___FILE_ONLY___ reschedule-maintenance
2022-05-18 22:53:32,785 INFO     ___FILE_ONLY___  
2022-05-18 22:53:32,785 INFO     ___FILE_ONLY___ to
2022-05-18 22:53:32,785 INFO     ___FILE_ONLY___  
2022-05-18 22:53:32,785 INFO     ___FILE_ONLY___ GA.
2022-05-18 22:53:32,785 INFO     ___FILE_ONLY___ 

2022-05-18 22:53:32,785 INFO     ___FILE_ONLY___ 

2022-05-18 22:53:32,785 INFO     ___FILE_ONLY___ 
2022-05-18 22:53:32,785 INFO     ___FILE_ONLY___   
2022-05-18 22:53:32,785 INFO     ___FILE_ONLY___ Cloud Run

2022-05-18 22:53:32,785 INFO     ___FILE_ONLY___       ▪
2022-05-18 22:53:32,785 INFO     ___FILE_ONLY___  
2022-05-18 22:53:32,785 INFO     ___FILE_ONLY___ Modified
2022-05-18 22:53:32,785 INFO     ___FILE_ONLY___  
2022-05-18 22:53:32,785 INFO     ___FILE_ONLY___ gcloud
2022-05-18 22:53:32,785 INFO     ___FILE_ONLY___  
2022-05-18 22:53:32,785 INFO     ___FILE_ONLY___ run
2022-05-18 22:53:32,785 INFO     ___FILE_ONLY___  
2022-05-18 22:53:32,785 INFO     ___FILE_ONLY___ services
2022-05-18 22:53:32,785 INFO     ___FILE_ONLY___  
2022-05-18 22:53:32,785 INFO     ___FILE_ONLY___ describe
2022-05-18 22:53:32,785 INFO     ___FILE_ONLY___  
2022-05-18 22:53:32,785 INFO     ___FILE_ONLY___ to
2022-05-18 22:53:32,785 INFO     ___FILE_ONLY___  
2022-05-18 22:53:32,785 INFO     ___FILE_ONLY___ include
2022-05-18 22:53:32,786 INFO     ___FILE_ONLY___  
2022-05-18 22:53:32,786 INFO     ___FILE_ONLY___ session
2022-05-18 22:53:32,786 INFO     ___FILE_ONLY___  
2022-05-18 22:53:32,786 INFO     ___FILE_ONLY___ affinity
2022-05-18 22:53:32,786 INFO     ___FILE_ONLY___ 

2022-05-18 22:53:32,786 INFO     ___FILE_ONLY___         
2022-05-18 22:53:32,786 INFO     ___FILE_ONLY___ configuration.
2022-05-18 22:53:32,786 INFO     ___FILE_ONLY___ 

2022-05-18 22:53:32,786 INFO     ___FILE_ONLY___ 

2022-05-18 22:53:32,786 INFO     ___FILE_ONLY___ 
2022-05-18 22:53:32,786 INFO     ___FILE_ONLY___   
2022-05-18 22:53:32,786 INFO     ___FILE_ONLY___ Cloud SQL

2022-05-18 22:53:32,786 INFO     ___FILE_ONLY___       ▪
2022-05-18 22:53:32,786 INFO     ___FILE_ONLY___  
2022-05-18 22:53:32,786 INFO     ___FILE_ONLY___ Changed
2022-05-18 22:53:32,786 INFO     ___FILE_ONLY___  
2022-05-18 22:53:32,786 INFO     ___FILE_ONLY___ the
2022-05-18 22:53:32,786 INFO     ___FILE_ONLY___  
2022-05-18 22:53:32,786 INFO     ___FILE_ONLY___ prompt
2022-05-18 22:53:32,786 INFO     ___FILE_ONLY___  
2022-05-18 22:53:32,786 INFO     ___FILE_ONLY___ generated
2022-05-18 22:53:32,786 INFO     ___FILE_ONLY___  
2022-05-18 22:53:32,786 INFO     ___FILE_ONLY___ by
2022-05-18 22:53:32,786 INFO     ___FILE_ONLY___  
2022-05-18 22:53:32,786 INFO     ___FILE_ONLY___ --prompt-for-password
2022-05-18 22:53:32,786 INFO     ___FILE_ONLY___  
2022-05-18 22:53:32,786 INFO     ___FILE_ONLY___ for
2022-05-18 22:53:32,786 INFO     ___FILE_ONLY___  
2022-05-18 22:53:32,786 INFO     ___FILE_ONLY___ gcloud
2022-05-18 22:53:32,786 INFO     ___FILE_ONLY___  
2022-05-18 22:53:32,786 INFO     ___FILE_ONLY___ sql
2022-05-18 22:53:32,786 INFO     ___FILE_ONLY___ 

2022-05-18 22:53:32,786 INFO     ___FILE_ONLY___         
2022-05-18 22:53:32,786 INFO     ___FILE_ONLY___ users
2022-05-18 22:53:32,786 INFO     ___FILE_ONLY___  
2022-05-18 22:53:32,786 INFO     ___FILE_ONLY___ set-password
2022-05-18 22:53:32,786 INFO     ___FILE_ONLY___  
2022-05-18 22:53:32,786 INFO     ___FILE_ONLY___ from
2022-05-18 22:53:32,786 INFO     ___FILE_ONLY___  
2022-05-18 22:53:32,787 INFO     ___FILE_ONLY___ Instance
2022-05-18 22:53:32,787 INFO     ___FILE_ONLY___  
2022-05-18 22:53:32,787 INFO     ___FILE_ONLY___ Password:
2022-05-18 22:53:32,787 INFO     ___FILE_ONLY___  
2022-05-18 22:53:32,787 INFO     ___FILE_ONLY___ to
2022-05-18 22:53:32,787 INFO     ___FILE_ONLY___  
2022-05-18 22:53:32,787 INFO     ___FILE_ONLY___ New
2022-05-18 22:53:32,787 INFO     ___FILE_ONLY___  
2022-05-18 22:53:32,787 INFO     ___FILE_ONLY___ Password:,
2022-05-18 22:53:32,787 INFO     ___FILE_ONLY___  
2022-05-18 22:53:32,787 INFO     ___FILE_ONLY___ since
2022-05-18 22:53:32,787 INFO     ___FILE_ONLY___ 

2022-05-18 22:53:32,787 INFO     ___FILE_ONLY___         
2022-05-18 22:53:32,787 INFO     ___FILE_ONLY___ set-password
2022-05-18 22:53:32,787 INFO     ___FILE_ONLY___  
2022-05-18 22:53:32,787 INFO     ___FILE_ONLY___ command
2022-05-18 22:53:32,787 INFO     ___FILE_ONLY___  
2022-05-18 22:53:32,787 INFO     ___FILE_ONLY___ changes
2022-05-18 22:53:32,787 INFO     ___FILE_ONLY___  
2022-05-18 22:53:32,787 INFO     ___FILE_ONLY___ a
2022-05-18 22:53:32,787 INFO     ___FILE_ONLY___  
2022-05-18 22:53:32,787 INFO     ___FILE_ONLY___ database
2022-05-18 22:53:32,787 INFO     ___FILE_ONLY___  
2022-05-18 22:53:32,787 INFO     ___FILE_ONLY___ user's
2022-05-18 22:53:32,787 INFO     ___FILE_ONLY___  
2022-05-18 22:53:32,787 INFO     ___FILE_ONLY___ password,
2022-05-18 22:53:32,787 INFO     ___FILE_ONLY___  
2022-05-18 22:53:32,787 INFO     ___FILE_ONLY___ not
2022-05-18 22:53:32,787 INFO     ___FILE_ONLY___  
2022-05-18 22:53:32,787 INFO     ___FILE_ONLY___ the
2022-05-18 22:53:32,787 INFO     ___FILE_ONLY___ 

2022-05-18 22:53:32,787 INFO     ___FILE_ONLY___         
2022-05-18 22:53:32,787 INFO     ___FILE_ONLY___ instance's
2022-05-18 22:53:32,787 INFO     ___FILE_ONLY___  
2022-05-18 22:53:32,787 INFO     ___FILE_ONLY___ password.
2022-05-18 22:53:32,787 INFO     ___FILE_ONLY___ 

2022-05-18 22:53:32,787 INFO     ___FILE_ONLY___       ▪
2022-05-18 22:53:32,787 INFO     ___FILE_ONLY___  
2022-05-18 22:53:32,787 INFO     ___FILE_ONLY___ Setting
2022-05-18 22:53:32,787 INFO     ___FILE_ONLY___  
2022-05-18 22:53:32,787 INFO     ___FILE_ONLY___ max-login-attempts
2022-05-18 22:53:32,787 INFO     ___FILE_ONLY___  
2022-05-18 22:53:32,787 INFO     ___FILE_ONLY___ will
2022-05-18 22:53:32,788 INFO     ___FILE_ONLY___  
2022-05-18 22:53:32,788 INFO     ___FILE_ONLY___ also
2022-05-18 22:53:32,788 INFO     ___FILE_ONLY___  
2022-05-18 22:53:32,788 INFO     ___FILE_ONLY___ set
2022-05-18 22:53:32,788 INFO     ___FILE_ONLY___  
2022-05-18 22:53:32,788 INFO     ___FILE_ONLY___ enable-password-verification
2022-05-18 22:53:32,788 INFO     ___FILE_ONLY___ 

2022-05-18 22:53:32,788 INFO     ___FILE_ONLY___         
2022-05-18 22:53:32,788 INFO     ___FILE_ONLY___ to
2022-05-18 22:53:32,788 INFO     ___FILE_ONLY___  
2022-05-18 22:53:32,788 INFO     ___FILE_ONLY___ true.
2022-05-18 22:53:32,788 INFO     ___FILE_ONLY___ 

2022-05-18 22:53:32,788 INFO     ___FILE_ONLY___ 

2022-05-18 22:53:32,788 INFO     ___FILE_ONLY___ 
2022-05-18 22:53:32,788 INFO     ___FILE_ONLY___   
2022-05-18 22:53:32,788 INFO     ___FILE_ONLY___ Compute Engine

2022-05-18 22:53:32,788 INFO     ___FILE_ONLY___       ▪
2022-05-18 22:53:32,788 INFO     ___FILE_ONLY___  
2022-05-18 22:53:32,788 INFO     ___FILE_ONLY___ Promoted
2022-05-18 22:53:32,788 INFO     ___FILE_ONLY___  
2022-05-18 22:53:32,788 INFO     ___FILE_ONLY___ --service-bindings
2022-05-18 22:53:32,788 INFO     ___FILE_ONLY___  
2022-05-18 22:53:32,788 INFO     ___FILE_ONLY___ flag
2022-05-18 22:53:32,788 INFO     ___FILE_ONLY___  
2022-05-18 22:53:32,788 INFO     ___FILE_ONLY___ of
2022-05-18 22:53:32,788 INFO     ___FILE_ONLY___  
2022-05-18 22:53:32,788 INFO     ___FILE_ONLY___ gcloud
2022-05-18 22:53:32,788 INFO     ___FILE_ONLY___  
2022-05-18 22:53:32,788 INFO     ___FILE_ONLY___ compute
2022-05-18 22:53:32,788 INFO     ___FILE_ONLY___  
2022-05-18 22:53:32,788 INFO     ___FILE_ONLY___ backend-services
2022-05-18 22:53:32,788 INFO     ___FILE_ONLY___ 

2022-05-18 22:53:32,788 INFO     ___FILE_ONLY___         
2022-05-18 22:53:32,788 INFO     ___FILE_ONLY___ create|update
2022-05-18 22:53:32,788 INFO     ___FILE_ONLY___  
2022-05-18 22:53:32,788 INFO     ___FILE_ONLY___ commands
2022-05-18 22:53:32,788 INFO     ___FILE_ONLY___  
2022-05-18 22:53:32,788 INFO     ___FILE_ONLY___ to
2022-05-18 22:53:32,788 INFO     ___FILE_ONLY___  
2022-05-18 22:53:32,788 INFO     ___FILE_ONLY___ GA.
2022-05-18 22:53:32,789 INFO     ___FILE_ONLY___ 

2022-05-18 22:53:32,789 INFO     ___FILE_ONLY___       ▪
2022-05-18 22:53:32,789 INFO     ___FILE_ONLY___  
2022-05-18 22:53:32,789 INFO     ___FILE_ONLY___ Promoted
2022-05-18 22:53:32,789 INFO     ___FILE_ONLY___  
2022-05-18 22:53:32,789 INFO     ___FILE_ONLY___ gcloud
2022-05-18 22:53:32,789 INFO     ___FILE_ONLY___  
2022-05-18 22:53:32,789 INFO     ___FILE_ONLY___ compute
2022-05-18 22:53:32,789 INFO     ___FILE_ONLY___  
2022-05-18 22:53:32,789 INFO     ___FILE_ONLY___ backend-services
2022-05-18 22:53:32,789 INFO     ___FILE_ONLY___  
2022-05-18 22:53:32,789 INFO     ___FILE_ONLY___ add-service-bindings
2022-05-18 22:53:32,789 INFO     ___FILE_ONLY___  
2022-05-18 22:53:32,789 INFO     ___FILE_ONLY___ and
2022-05-18 22:53:32,789 INFO     ___FILE_ONLY___ 

2022-05-18 22:53:32,789 INFO     ___FILE_ONLY___         
2022-05-18 22:53:32,789 INFO     ___FILE_ONLY___ gcloud
2022-05-18 22:53:32,789 INFO     ___FILE_ONLY___  
2022-05-18 22:53:32,789 INFO     ___FILE_ONLY___ compute
2022-05-18 22:53:32,789 INFO     ___FILE_ONLY___  
2022-05-18 22:53:32,789 INFO     ___FILE_ONLY___ backend-services
2022-05-18 22:53:32,789 INFO     ___FILE_ONLY___  
2022-05-18 22:53:32,789 INFO     ___FILE_ONLY___ remove-service-bindings
2022-05-18 22:53:32,789 INFO     ___FILE_ONLY___  
2022-05-18 22:53:32,789 INFO     ___FILE_ONLY___ commands
2022-05-18 22:53:32,789 INFO     ___FILE_ONLY___  
2022-05-18 22:53:32,789 INFO     ___FILE_ONLY___ to
2022-05-18 22:53:32,789 INFO     ___FILE_ONLY___  
2022-05-18 22:53:32,789 INFO     ___FILE_ONLY___ GA.
2022-05-18 22:53:32,789 INFO     ___FILE_ONLY___ 

2022-05-18 22:53:32,789 INFO     ___FILE_ONLY___       ▪
2022-05-18 22:53:32,789 INFO     ___FILE_ONLY___  
2022-05-18 22:53:32,789 INFO     ___FILE_ONLY___ Promoted
2022-05-18 22:53:32,789 INFO     ___FILE_ONLY___  
2022-05-18 22:53:32,789 INFO     ___FILE_ONLY___ --provisioning-model
2022-05-18 22:53:32,789 INFO     ___FILE_ONLY___  
2022-05-18 22:53:32,789 INFO     ___FILE_ONLY___ and
2022-05-18 22:53:32,789 INFO     ___FILE_ONLY___  
2022-05-18 22:53:32,789 INFO     ___FILE_ONLY___ --instance-termination-action
2022-05-18 22:53:32,789 INFO     ___FILE_ONLY___  
2022-05-18 22:53:32,790 INFO     ___FILE_ONLY___ flags
2022-05-18 22:53:32,790 INFO     ___FILE_ONLY___ 

2022-05-18 22:53:32,790 INFO     ___FILE_ONLY___         
2022-05-18 22:53:32,790 INFO     ___FILE_ONLY___ of
2022-05-18 22:53:32,790 INFO     ___FILE_ONLY___  
2022-05-18 22:53:32,790 INFO     ___FILE_ONLY___ gcloud
2022-05-18 22:53:32,790 INFO     ___FILE_ONLY___  
2022-05-18 22:53:32,790 INFO     ___FILE_ONLY___ compute
2022-05-18 22:53:32,790 INFO     ___FILE_ONLY___  
2022-05-18 22:53:32,790 INFO     ___FILE_ONLY___ instances
2022-05-18 22:53:32,790 INFO     ___FILE_ONLY___  
2022-05-18 22:53:32,790 INFO     ___FILE_ONLY___ set-scheduling
2022-05-18 22:53:32,790 INFO     ___FILE_ONLY___  
2022-05-18 22:53:32,790 INFO     ___FILE_ONLY___ to
2022-05-18 22:53:32,790 INFO     ___FILE_ONLY___  
2022-05-18 22:53:32,790 INFO     ___FILE_ONLY___ GA.
2022-05-18 22:53:32,790 INFO     ___FILE_ONLY___ 

2022-05-18 22:53:32,790 INFO     ___FILE_ONLY___       ▪
2022-05-18 22:53:32,790 INFO     ___FILE_ONLY___  
2022-05-18 22:53:32,790 INFO     ___FILE_ONLY___ Promoted
2022-05-18 22:53:32,790 INFO     ___FILE_ONLY___  
2022-05-18 22:53:32,790 INFO     ___FILE_ONLY___ sole
2022-05-18 22:53:32,790 INFO     ___FILE_ONLY___  
2022-05-18 22:53:32,790 INFO     ___FILE_ONLY___ tenancy
2022-05-18 22:53:32,790 INFO     ___FILE_ONLY___  
2022-05-18 22:53:32,790 INFO     ___FILE_ONLY___ flags
2022-05-18 22:53:32,790 INFO     ___FILE_ONLY___  
2022-05-18 22:53:32,790 INFO     ___FILE_ONLY___ of
2022-05-18 22:53:32,790 INFO     ___FILE_ONLY___  
2022-05-18 22:53:32,790 INFO     ___FILE_ONLY___ gcloud
2022-05-18 22:53:32,790 INFO     ___FILE_ONLY___  
2022-05-18 22:53:32,790 INFO     ___FILE_ONLY___ compute
2022-05-18 22:53:32,790 INFO     ___FILE_ONLY___  
2022-05-18 22:53:32,790 INFO     ___FILE_ONLY___ instances
2022-05-18 22:53:32,790 INFO     ___FILE_ONLY___  
2022-05-18 22:53:32,790 INFO     ___FILE_ONLY___ update
2022-05-18 22:53:32,790 INFO     ___FILE_ONLY___  
2022-05-18 22:53:32,790 INFO     ___FILE_ONLY___ to
2022-05-18 22:53:32,790 INFO     ___FILE_ONLY___  
2022-05-18 22:53:32,790 INFO     ___FILE_ONLY___ GA.
2022-05-18 22:53:32,790 INFO     ___FILE_ONLY___ 

2022-05-18 22:53:32,790 INFO     ___FILE_ONLY___       ▪
2022-05-18 22:53:32,790 INFO     ___FILE_ONLY___  
2022-05-18 22:53:32,791 INFO     ___FILE_ONLY___ Added
2022-05-18 22:53:32,791 INFO     ___FILE_ONLY___  
2022-05-18 22:53:32,791 INFO     ___FILE_ONLY___ --network-performance-configs
2022-05-18 22:53:32,791 INFO     ___FILE_ONLY___  
2022-05-18 22:53:32,791 INFO     ___FILE_ONLY___ flag
2022-05-18 22:53:32,791 INFO     ___FILE_ONLY___  
2022-05-18 22:53:32,791 INFO     ___FILE_ONLY___ to
2022-05-18 22:53:32,791 INFO     ___FILE_ONLY___  
2022-05-18 22:53:32,791 INFO     ___FILE_ONLY___ gcloud
2022-05-18 22:53:32,791 INFO     ___FILE_ONLY___  
2022-05-18 22:53:32,791 INFO     ___FILE_ONLY___ compute
2022-05-18 22:53:32,791 INFO     ___FILE_ONLY___  
2022-05-18 22:53:32,791 INFO     ___FILE_ONLY___ instances
2022-05-18 22:53:32,791 INFO     ___FILE_ONLY___ 

2022-05-18 22:53:32,791 INFO     ___FILE_ONLY___         
2022-05-18 22:53:32,791 INFO     ___FILE_ONLY___ bulk
2022-05-18 22:53:32,791 INFO     ___FILE_ONLY___  
2022-05-18 22:53:32,791 INFO     ___FILE_ONLY___ create.
2022-05-18 22:53:32,791 INFO     ___FILE_ONLY___ 

2022-05-18 22:53:32,791 INFO     ___FILE_ONLY___       ▪
2022-05-18 22:53:32,791 INFO     ___FILE_ONLY___  
2022-05-18 22:53:32,791 INFO     ___FILE_ONLY___ Promoted
2022-05-18 22:53:32,791 INFO     ___FILE_ONLY___  
2022-05-18 22:53:32,791 INFO     ___FILE_ONLY___ --disable-automate-dns-zone
2022-05-18 22:53:32,791 INFO     ___FILE_ONLY___  
2022-05-18 22:53:32,791 INFO     ___FILE_ONLY___ flag
2022-05-18 22:53:32,791 INFO     ___FILE_ONLY___  
2022-05-18 22:53:32,791 INFO     ___FILE_ONLY___ of
2022-05-18 22:53:32,791 INFO     ___FILE_ONLY___  
2022-05-18 22:53:32,791 INFO     ___FILE_ONLY___ gcloud
2022-05-18 22:53:32,791 INFO     ___FILE_ONLY___  
2022-05-18 22:53:32,791 INFO     ___FILE_ONLY___ compute
2022-05-18 22:53:32,791 INFO     ___FILE_ONLY___ 

2022-05-18 22:53:32,791 INFO     ___FILE_ONLY___         
2022-05-18 22:53:32,791 INFO     ___FILE_ONLY___ forwarding-rules
2022-05-18 22:53:32,791 INFO     ___FILE_ONLY___  
2022-05-18 22:53:32,791 INFO     ___FILE_ONLY___ create
2022-05-18 22:53:32,791 INFO     ___FILE_ONLY___  
2022-05-18 22:53:32,791 INFO     ___FILE_ONLY___ to
2022-05-18 22:53:32,791 INFO     ___FILE_ONLY___  
2022-05-18 22:53:32,791 INFO     ___FILE_ONLY___ GA.
2022-05-18 22:53:32,791 INFO     ___FILE_ONLY___ 

2022-05-18 22:53:32,791 INFO     ___FILE_ONLY___       ▪
2022-05-18 22:53:32,792 INFO     ___FILE_ONLY___  
2022-05-18 22:53:32,792 INFO     ___FILE_ONLY___ Promoted
2022-05-18 22:53:32,792 INFO     ___FILE_ONLY___  
2022-05-18 22:53:32,792 INFO     ___FILE_ONLY___ --stack-type
2022-05-18 22:53:32,792 INFO     ___FILE_ONLY___  
2022-05-18 22:53:32,792 INFO     ___FILE_ONLY___ flag
2022-05-18 22:53:32,792 INFO     ___FILE_ONLY___  
2022-05-18 22:53:32,792 INFO     ___FILE_ONLY___ to
2022-05-18 22:53:32,792 INFO     ___FILE_ONLY___  
2022-05-18 22:53:32,792 INFO     ___FILE_ONLY___ GA
2022-05-18 22:53:32,792 INFO     ___FILE_ONLY___  
2022-05-18 22:53:32,792 INFO     ___FILE_ONLY___ for
2022-05-18 22:53:32,792 INFO     ___FILE_ONLY___  
2022-05-18 22:53:32,792 INFO     ___FILE_ONLY___ gcloud
2022-05-18 22:53:32,792 INFO     ___FILE_ONLY___  
2022-05-18 22:53:32,792 INFO     ___FILE_ONLY___ compute
2022-05-18 22:53:32,792 INFO     ___FILE_ONLY___  
2022-05-18 22:53:32,792 INFO     ___FILE_ONLY___ networks
2022-05-18 22:53:32,792 INFO     ___FILE_ONLY___ 

2022-05-18 22:53:32,792 INFO     ___FILE_ONLY___         
2022-05-18 22:53:32,792 INFO     ___FILE_ONLY___ peeerings
2022-05-18 22:53:32,792 INFO     ___FILE_ONLY___  
2022-05-18 22:53:32,792 INFO     ___FILE_ONLY___ <create|update>.
2022-05-18 22:53:32,792 INFO     ___FILE_ONLY___ 

2022-05-18 22:53:32,792 INFO     ___FILE_ONLY___       ▪
2022-05-18 22:53:32,792 INFO     ___FILE_ONLY___  
2022-05-18 22:53:32,792 INFO     ___FILE_ONLY___ Added
2022-05-18 22:53:32,792 INFO     ___FILE_ONLY___  
2022-05-18 22:53:32,792 INFO     ___FILE_ONLY___ windows-2022
2022-05-18 22:53:32,792 INFO     ___FILE_ONLY___  
2022-05-18 22:53:32,792 INFO     ___FILE_ONLY___ &
2022-05-18 22:53:32,792 INFO     ___FILE_ONLY___  
2022-05-18 22:53:32,792 INFO     ___FILE_ONLY___ windows-2022-byol
2022-05-18 22:53:32,792 INFO     ___FILE_ONLY___  
2022-05-18 22:53:32,792 INFO     ___FILE_ONLY___ options
2022-05-18 22:53:32,792 INFO     ___FILE_ONLY___  
2022-05-18 22:53:32,792 INFO     ___FILE_ONLY___ to
2022-05-18 22:53:32,792 INFO     ___FILE_ONLY___  
2022-05-18 22:53:32,792 INFO     ___FILE_ONLY___ --os
2022-05-18 22:53:32,792 INFO     ___FILE_ONLY___  
2022-05-18 22:53:32,792 INFO     ___FILE_ONLY___ flag
2022-05-18 22:53:32,792 INFO     ___FILE_ONLY___  
2022-05-18 22:53:32,793 INFO     ___FILE_ONLY___ for:
2022-05-18 22:53:32,793 INFO     ___FILE_ONLY___ 

2022-05-18 22:53:32,793 INFO     ___FILE_ONLY___         ◆
2022-05-18 22:53:32,793 INFO     ___FILE_ONLY___  
2022-05-18 22:53:32,793 INFO     ___FILE_ONLY___ gcloud
2022-05-18 22:53:32,793 INFO     ___FILE_ONLY___  
2022-05-18 22:53:32,793 INFO     ___FILE_ONLY___ compute
2022-05-18 22:53:32,793 INFO     ___FILE_ONLY___  
2022-05-18 22:53:32,793 INFO     ___FILE_ONLY___ images
2022-05-18 22:53:32,793 INFO     ___FILE_ONLY___  
2022-05-18 22:53:32,793 INFO     ___FILE_ONLY___ import
2022-05-18 22:53:32,793 INFO     ___FILE_ONLY___  
2022-05-18 22:53:32,793 INFO     ___FILE_ONLY___ in
2022-05-18 22:53:32,793 INFO     ___FILE_ONLY___  
2022-05-18 22:53:32,793 INFO     ___FILE_ONLY___ GA,
2022-05-18 22:53:32,793 INFO     ___FILE_ONLY___ 

2022-05-18 22:53:32,793 INFO     ___FILE_ONLY___         ◆
2022-05-18 22:53:32,793 INFO     ___FILE_ONLY___  
2022-05-18 22:53:32,793 INFO     ___FILE_ONLY___ gcloud
2022-05-18 22:53:32,793 INFO     ___FILE_ONLY___  
2022-05-18 22:53:32,793 INFO     ___FILE_ONLY___ compute
2022-05-18 22:53:32,793 INFO     ___FILE_ONLY___  
2022-05-18 22:53:32,793 INFO     ___FILE_ONLY___ instances
2022-05-18 22:53:32,793 INFO     ___FILE_ONLY___  
2022-05-18 22:53:32,793 INFO     ___FILE_ONLY___ import
2022-05-18 22:53:32,793 INFO     ___FILE_ONLY___  
2022-05-18 22:53:32,793 INFO     ___FILE_ONLY___ in
2022-05-18 22:53:32,793 INFO     ___FILE_ONLY___  
2022-05-18 22:53:32,793 INFO     ___FILE_ONLY___ GA
2022-05-18 22:53:32,793 INFO     ___FILE_ONLY___ 

2022-05-18 22:53:32,793 INFO     ___FILE_ONLY___         ◆
2022-05-18 22:53:32,793 INFO     ___FILE_ONLY___  
2022-05-18 22:53:32,793 INFO     ___FILE_ONLY___ gcloud
2022-05-18 22:53:32,793 INFO     ___FILE_ONLY___  
2022-05-18 22:53:32,793 INFO     ___FILE_ONLY___ compute
2022-05-18 22:53:32,793 INFO     ___FILE_ONLY___  
2022-05-18 22:53:32,793 INFO     ___FILE_ONLY___ machine-images
2022-05-18 22:53:32,793 INFO     ___FILE_ONLY___  
2022-05-18 22:53:32,793 INFO     ___FILE_ONLY___ import
2022-05-18 22:53:32,793 INFO     ___FILE_ONLY___  
2022-05-18 22:53:32,793 INFO     ___FILE_ONLY___ in
2022-05-18 22:53:32,793 INFO     ___FILE_ONLY___  
2022-05-18 22:53:32,793 INFO     ___FILE_ONLY___ GA
2022-05-18 22:53:32,793 INFO     ___FILE_ONLY___ 

2022-05-18 22:53:32,794 INFO     ___FILE_ONLY___ 

2022-05-18 22:53:32,794 INFO     ___FILE_ONLY___ 
2022-05-18 22:53:32,794 INFO     ___FILE_ONLY___   
2022-05-18 22:53:32,794 INFO     ___FILE_ONLY___ Config Connector

2022-05-18 22:53:32,794 INFO     ___FILE_ONLY___       ▪
2022-05-18 22:53:32,794 INFO     ___FILE_ONLY___  
2022-05-18 22:53:32,794 INFO     ___FILE_ONLY___ Updated
2022-05-18 22:53:32,794 INFO     ___FILE_ONLY___  
2022-05-18 22:53:32,794 INFO     ___FILE_ONLY___ Google
2022-05-18 22:53:32,794 INFO     ___FILE_ONLY___  
2022-05-18 22:53:32,794 INFO     ___FILE_ONLY___ Cloud
2022-05-18 22:53:32,794 INFO     ___FILE_ONLY___  
2022-05-18 22:53:32,794 INFO     ___FILE_ONLY___ Config
2022-05-18 22:53:32,794 INFO     ___FILE_ONLY___  
2022-05-18 22:53:32,794 INFO     ___FILE_ONLY___ Connector
2022-05-18 22:53:32,794 INFO     ___FILE_ONLY___  
2022-05-18 22:53:32,794 INFO     ___FILE_ONLY___ to
2022-05-18 22:53:32,794 INFO     ___FILE_ONLY___  
2022-05-18 22:53:32,794 INFO     ___FILE_ONLY___ version
2022-05-18 22:53:32,794 INFO     ___FILE_ONLY___  
2022-05-18 22:53:32,794 INFO     ___FILE_ONLY___ 1.84.0.
2022-05-18 22:53:32,794 INFO     ___FILE_ONLY___  
2022-05-18 22:53:32,794 INFO     ___FILE_ONLY___ See
2022-05-18 22:53:32,794 INFO     ___FILE_ONLY___  
2022-05-18 22:53:32,794 INFO     ___FILE_ONLY___ Config
2022-05-18 22:53:32,794 INFO     ___FILE_ONLY___ 

2022-05-18 22:53:32,794 INFO     ___FILE_ONLY___         
2022-05-18 22:53:32,794 INFO     ___FILE_ONLY___ Connector
2022-05-18 22:53:32,794 INFO     ___FILE_ONLY___  
2022-05-18 22:53:32,794 INFO     ___FILE_ONLY___ Overview
2022-05-18 22:53:32,794 INFO     ___FILE_ONLY___  
2022-05-18 22:53:32,794 INFO     ___FILE_ONLY___ for
2022-05-18 22:53:32,794 INFO     ___FILE_ONLY___  
2022-05-18 22:53:32,794 INFO     ___FILE_ONLY___ more
2022-05-18 22:53:32,794 INFO     ___FILE_ONLY___  
2022-05-18 22:53:32,794 INFO     ___FILE_ONLY___ details
2022-05-18 22:53:32,794 INFO     ___FILE_ONLY___ 

2022-05-18 22:53:32,794 INFO     ___FILE_ONLY___         
2022-05-18 22:53:32,794 INFO     ___FILE_ONLY___ https://cloud.google.com/config-connector/docs/overview
2022-05-18 22:53:32,795 INFO     ___FILE_ONLY___ 

2022-05-18 22:53:32,795 INFO     ___FILE_ONLY___         
2022-05-18 22:53:32,795 INFO     ___FILE_ONLY___ (https://cloud.google.com/config-connector/docs/overview).
2022-05-18 22:53:32,795 INFO     ___FILE_ONLY___ 

2022-05-18 22:53:32,795 INFO     ___FILE_ONLY___ 

2022-05-18 22:53:32,795 INFO     ___FILE_ONLY___ 
2022-05-18 22:53:32,795 INFO     ___FILE_ONLY___   
2022-05-18 22:53:32,795 INFO     ___FILE_ONLY___ Database Migration

2022-05-18 22:53:32,795 INFO     ___FILE_ONLY___       ▪
2022-05-18 22:53:32,795 INFO     ___FILE_ONLY___  
2022-05-18 22:53:32,795 INFO     ___FILE_ONLY___ Updated
2022-05-18 22:53:32,795 INFO     ___FILE_ONLY___  
2022-05-18 22:53:32,795 INFO     ___FILE_ONLY___ gcloud
2022-05-18 22:53:32,795 INFO     ___FILE_ONLY___  
2022-05-18 22:53:32,795 INFO     ___FILE_ONLY___ database-migration
2022-05-18 22:53:32,795 INFO     ___FILE_ONLY___  
2022-05-18 22:53:32,795 INFO     ___FILE_ONLY___ migration-jobs
2022-05-18 22:53:32,795 INFO     ___FILE_ONLY___  
2022-05-18 22:53:32,795 INFO     ___FILE_ONLY___ create
2022-05-18 22:53:32,795 INFO     ___FILE_ONLY___  
2022-05-18 22:53:32,795 INFO     ___FILE_ONLY___ command
2022-05-18 22:53:32,795 INFO     ___FILE_ONLY___  
2022-05-18 22:53:32,795 INFO     ___FILE_ONLY___ to
2022-05-18 22:53:32,795 INFO     ___FILE_ONLY___ 

2022-05-18 22:53:32,795 INFO     ___FILE_ONLY___         
2022-05-18 22:53:32,795 INFO     ___FILE_ONLY___ create
2022-05-18 22:53:32,795 INFO     ___FILE_ONLY___  
2022-05-18 22:53:32,795 INFO     ___FILE_ONLY___ a
2022-05-18 22:53:32,795 INFO     ___FILE_ONLY___  
2022-05-18 22:53:32,795 INFO     ___FILE_ONLY___ migration
2022-05-18 22:53:32,795 INFO     ___FILE_ONLY___  
2022-05-18 22:53:32,795 INFO     ___FILE_ONLY___ job
2022-05-18 22:53:32,795 INFO     ___FILE_ONLY___  
2022-05-18 22:53:32,795 INFO     ___FILE_ONLY___ without
2022-05-18 22:53:32,795 INFO     ___FILE_ONLY___  
2022-05-18 22:53:32,795 INFO     ___FILE_ONLY___ any
2022-05-18 22:53:32,795 INFO     ___FILE_ONLY___  
2022-05-18 22:53:32,795 INFO     ___FILE_ONLY___ connectivity
2022-05-18 22:53:32,795 INFO     ___FILE_ONLY___  
2022-05-18 22:53:32,795 INFO     ___FILE_ONLY___ method
2022-05-18 22:53:32,795 INFO     ___FILE_ONLY___  
2022-05-18 22:53:32,795 INFO     ___FILE_ONLY___ (if
2022-05-18 22:53:32,796 INFO     ___FILE_ONLY___  
2022-05-18 22:53:32,796 INFO     ___FILE_ONLY___ connectivity
2022-05-18 22:53:32,796 INFO     ___FILE_ONLY___ 

2022-05-18 22:53:32,796 INFO     ___FILE_ONLY___         
2022-05-18 22:53:32,796 INFO     ___FILE_ONLY___ isn't
2022-05-18 22:53:32,796 INFO     ___FILE_ONLY___  
2022-05-18 22:53:32,796 INFO     ___FILE_ONLY___ specified).
2022-05-18 22:53:32,796 INFO     ___FILE_ONLY___ 

2022-05-18 22:53:32,796 INFO     ___FILE_ONLY___       ▪
2022-05-18 22:53:32,796 INFO     ___FILE_ONLY___  
2022-05-18 22:53:32,796 INFO     ___FILE_ONLY___ Added
2022-05-18 22:53:32,796 INFO     ___FILE_ONLY___  
2022-05-18 22:53:32,796 INFO     ___FILE_ONLY___ gcloud
2022-05-18 22:53:32,796 INFO     ___FILE_ONLY___  
2022-05-18 22:53:32,796 INFO     ___FILE_ONLY___ database-migration
2022-05-18 22:53:32,796 INFO     ___FILE_ONLY___  
2022-05-18 22:53:32,796 INFO     ___FILE_ONLY___ migration-jobs
2022-05-18 22:53:32,796 INFO     ___FILE_ONLY___  
2022-05-18 22:53:32,796 INFO     ___FILE_ONLY___ create
2022-05-18 22:53:32,796 INFO     ___FILE_ONLY___  
2022-05-18 22:53:32,796 INFO     ___FILE_ONLY___ --static-ip
2022-05-18 22:53:32,796 INFO     ___FILE_ONLY___ 

2022-05-18 22:53:32,796 INFO     ___FILE_ONLY___         
2022-05-18 22:53:32,796 INFO     ___FILE_ONLY___ command
2022-05-18 22:53:32,796 INFO     ___FILE_ONLY___  
2022-05-18 22:53:32,796 INFO     ___FILE_ONLY___ to
2022-05-18 22:53:32,796 INFO     ___FILE_ONLY___  
2022-05-18 22:53:32,796 INFO     ___FILE_ONLY___ create
2022-05-18 22:53:32,796 INFO     ___FILE_ONLY___  
2022-05-18 22:53:32,796 INFO     ___FILE_ONLY___ a
2022-05-18 22:53:32,796 INFO     ___FILE_ONLY___  
2022-05-18 22:53:32,796 INFO     ___FILE_ONLY___ migration
2022-05-18 22:53:32,796 INFO     ___FILE_ONLY___  
2022-05-18 22:53:32,796 INFO     ___FILE_ONLY___ job
2022-05-18 22:53:32,796 INFO     ___FILE_ONLY___  
2022-05-18 22:53:32,796 INFO     ___FILE_ONLY___ with
2022-05-18 22:53:32,796 INFO     ___FILE_ONLY___  
2022-05-18 22:53:32,796 INFO     ___FILE_ONLY___ static
2022-05-18 22:53:32,796 INFO     ___FILE_ONLY___  
2022-05-18 22:53:32,796 INFO     ___FILE_ONLY___ IP
2022-05-18 22:53:32,796 INFO     ___FILE_ONLY___  
2022-05-18 22:53:32,796 INFO     ___FILE_ONLY___ connectivity.
2022-05-18 22:53:32,796 INFO     ___FILE_ONLY___  
2022-05-18 22:53:32,797 INFO     ___FILE_ONLY___ This
2022-05-18 22:53:32,797 INFO     ___FILE_ONLY___  
2022-05-18 22:53:32,797 INFO     ___FILE_ONLY___ was
2022-05-18 22:53:32,797 INFO     ___FILE_ONLY___ 

2022-05-18 22:53:32,797 INFO     ___FILE_ONLY___         
2022-05-18 22:53:32,797 INFO     ___FILE_ONLY___ the
2022-05-18 22:53:32,797 INFO     ___FILE_ONLY___  
2022-05-18 22:53:32,797 INFO     ___FILE_ONLY___ default
2022-05-18 22:53:32,797 INFO     ___FILE_ONLY___  
2022-05-18 22:53:32,797 INFO     ___FILE_ONLY___ behavior.
2022-05-18 22:53:32,797 INFO     ___FILE_ONLY___ 

2022-05-18 22:53:32,797 INFO     ___FILE_ONLY___       ▪
2022-05-18 22:53:32,797 INFO     ___FILE_ONLY___  
2022-05-18 22:53:32,797 INFO     ___FILE_ONLY___ Added
2022-05-18 22:53:32,797 INFO     ___FILE_ONLY___  
2022-05-18 22:53:32,797 INFO     ___FILE_ONLY___ gcloud
2022-05-18 22:53:32,797 INFO     ___FILE_ONLY___  
2022-05-18 22:53:32,797 INFO     ___FILE_ONLY___ database-migration
2022-05-18 22:53:32,797 INFO     ___FILE_ONLY___  
2022-05-18 22:53:32,797 INFO     ___FILE_ONLY___ migration-jobs
2022-05-18 22:53:32,797 INFO     ___FILE_ONLY___  
2022-05-18 22:53:32,797 INFO     ___FILE_ONLY___ update
2022-05-18 22:53:32,797 INFO     ___FILE_ONLY___  
2022-05-18 22:53:32,797 INFO     ___FILE_ONLY___ --static-ip
2022-05-18 22:53:32,797 INFO     ___FILE_ONLY___ 

2022-05-18 22:53:32,797 INFO     ___FILE_ONLY___         
2022-05-18 22:53:32,797 INFO     ___FILE_ONLY___ command
2022-05-18 22:53:32,797 INFO     ___FILE_ONLY___  
2022-05-18 22:53:32,797 INFO     ___FILE_ONLY___ to
2022-05-18 22:53:32,797 INFO     ___FILE_ONLY___  
2022-05-18 22:53:32,797 INFO     ___FILE_ONLY___ update
2022-05-18 22:53:32,797 INFO     ___FILE_ONLY___  
2022-05-18 22:53:32,797 INFO     ___FILE_ONLY___ a
2022-05-18 22:53:32,797 INFO     ___FILE_ONLY___  
2022-05-18 22:53:32,797 INFO     ___FILE_ONLY___ migration
2022-05-18 22:53:32,797 INFO     ___FILE_ONLY___  
2022-05-18 22:53:32,797 INFO     ___FILE_ONLY___ job
2022-05-18 22:53:32,797 INFO     ___FILE_ONLY___  
2022-05-18 22:53:32,797 INFO     ___FILE_ONLY___ with
2022-05-18 22:53:32,797 INFO     ___FILE_ONLY___  
2022-05-18 22:53:32,797 INFO     ___FILE_ONLY___ static
2022-05-18 22:53:32,797 INFO     ___FILE_ONLY___  
2022-05-18 22:53:32,797 INFO     ___FILE_ONLY___ IP
2022-05-18 22:53:32,797 INFO     ___FILE_ONLY___  
2022-05-18 22:53:32,797 INFO     ___FILE_ONLY___ connectivity.
2022-05-18 22:53:32,798 INFO     ___FILE_ONLY___ 

2022-05-18 22:53:32,798 INFO     ___FILE_ONLY___ 

2022-05-18 22:53:32,798 INFO     ___FILE_ONLY___ 
2022-05-18 22:53:32,798 INFO     ___FILE_ONLY___   
2022-05-18 22:53:32,798 INFO     ___FILE_ONLY___ Distributed Cloud Edge

2022-05-18 22:53:32,798 INFO     ___FILE_ONLY___       ▪
2022-05-18 22:53:32,798 INFO     ___FILE_ONLY___  
2022-05-18 22:53:32,798 INFO     ___FILE_ONLY___ Added
2022-05-18 22:53:32,798 INFO     ___FILE_ONLY___  
2022-05-18 22:53:32,798 INFO     ___FILE_ONLY___ --clear-maintenance-window
2022-05-18 22:53:32,798 INFO     ___FILE_ONLY___  
2022-05-18 22:53:32,798 INFO     ___FILE_ONLY___ flag
2022-05-18 22:53:32,798 INFO     ___FILE_ONLY___  
2022-05-18 22:53:32,798 INFO     ___FILE_ONLY___ to
2022-05-18 22:53:32,798 INFO     ___FILE_ONLY___  
2022-05-18 22:53:32,798 INFO     ___FILE_ONLY___ gcloud
2022-05-18 22:53:32,798 INFO     ___FILE_ONLY___  
2022-05-18 22:53:32,798 INFO     ___FILE_ONLY___ edge-cloud
2022-05-18 22:53:32,798 INFO     ___FILE_ONLY___  
2022-05-18 22:53:32,798 INFO     ___FILE_ONLY___ container
2022-05-18 22:53:32,798 INFO     ___FILE_ONLY___ 

2022-05-18 22:53:32,798 INFO     ___FILE_ONLY___         
2022-05-18 22:53:32,798 INFO     ___FILE_ONLY___ clusters
2022-05-18 22:53:32,798 INFO     ___FILE_ONLY___  
2022-05-18 22:53:32,798 INFO     ___FILE_ONLY___ update
2022-05-18 22:53:32,798 INFO     ___FILE_ONLY___  
2022-05-18 22:53:32,798 INFO     ___FILE_ONLY___ which
2022-05-18 22:53:32,798 INFO     ___FILE_ONLY___  
2022-05-18 22:53:32,798 INFO     ___FILE_ONLY___ removes
2022-05-18 22:53:32,798 INFO     ___FILE_ONLY___  
2022-05-18 22:53:32,798 INFO     ___FILE_ONLY___ the
2022-05-18 22:53:32,798 INFO     ___FILE_ONLY___  
2022-05-18 22:53:32,798 INFO     ___FILE_ONLY___ maintenance
2022-05-18 22:53:32,798 INFO     ___FILE_ONLY___  
2022-05-18 22:53:32,798 INFO     ___FILE_ONLY___ window
2022-05-18 22:53:32,799 INFO     ___FILE_ONLY___  
2022-05-18 22:53:32,799 INFO     ___FILE_ONLY___ setting
2022-05-18 22:53:32,799 INFO     ___FILE_ONLY___  
2022-05-18 22:53:32,799 INFO     ___FILE_ONLY___ of
2022-05-18 22:53:32,799 INFO     ___FILE_ONLY___  
2022-05-18 22:53:32,799 INFO     ___FILE_ONLY___ a
2022-05-18 22:53:32,799 INFO     ___FILE_ONLY___ 

2022-05-18 22:53:32,799 INFO     ___FILE_ONLY___         
2022-05-18 22:53:32,799 INFO     ___FILE_ONLY___ cluster.
2022-05-18 22:53:32,799 INFO     ___FILE_ONLY___ 

2022-05-18 22:53:32,799 INFO     ___FILE_ONLY___       ▪
2022-05-18 22:53:32,799 INFO     ___FILE_ONLY___  
2022-05-18 22:53:32,799 INFO     ___FILE_ONLY___ Updated
2022-05-18 22:53:32,799 INFO     ___FILE_ONLY___  
2022-05-18 22:53:32,799 INFO     ___FILE_ONLY___ gcloud
2022-05-18 22:53:32,799 INFO     ___FILE_ONLY___  
2022-05-18 22:53:32,799 INFO     ___FILE_ONLY___ edge-cloud
2022-05-18 22:53:32,799 INFO     ___FILE_ONLY___  
2022-05-18 22:53:32,799 INFO     ___FILE_ONLY___ container
2022-05-18 22:53:32,799 INFO     ___FILE_ONLY___  
2022-05-18 22:53:32,799 INFO     ___FILE_ONLY___ clusters
2022-05-18 22:53:32,799 INFO     ___FILE_ONLY___  
2022-05-18 22:53:32,799 INFO     ___FILE_ONLY___ node-pools
2022-05-18 22:53:32,799 INFO     ___FILE_ONLY___  
2022-05-18 22:53:32,799 INFO     ___FILE_ONLY___ list
2022-05-18 22:53:32,799 INFO     ___FILE_ONLY___  
2022-05-18 22:53:32,799 INFO     ___FILE_ONLY___ to
2022-05-18 22:53:32,799 INFO     ___FILE_ONLY___  
2022-05-18 22:53:32,799 INFO     ___FILE_ONLY___ make
2022-05-18 22:53:32,799 INFO     ___FILE_ONLY___ 

2022-05-18 22:53:32,799 INFO     ___FILE_ONLY___         
2022-05-18 22:53:32,799 INFO     ___FILE_ONLY___ specifying
2022-05-18 22:53:32,799 INFO     ___FILE_ONLY___  
2022-05-18 22:53:32,799 INFO     ___FILE_ONLY___ a
2022-05-18 22:53:32,799 INFO     ___FILE_ONLY___  
2022-05-18 22:53:32,799 INFO     ___FILE_ONLY___ parent
2022-05-18 22:53:32,799 INFO     ___FILE_ONLY___  
2022-05-18 22:53:32,799 INFO     ___FILE_ONLY___ cluster
2022-05-18 22:53:32,799 INFO     ___FILE_ONLY___  
2022-05-18 22:53:32,799 INFO     ___FILE_ONLY___ optional.
2022-05-18 22:53:32,799 INFO     ___FILE_ONLY___  
2022-05-18 22:53:32,799 INFO     ___FILE_ONLY___ When
2022-05-18 22:53:32,800 INFO     ___FILE_ONLY___  
2022-05-18 22:53:32,800 INFO     ___FILE_ONLY___ --cluster
2022-05-18 22:53:32,800 INFO     ___FILE_ONLY___  
2022-05-18 22:53:32,800 INFO     ___FILE_ONLY___ is
2022-05-18 22:53:32,800 INFO     ___FILE_ONLY___  
2022-05-18 22:53:32,800 INFO     ___FILE_ONLY___ not
2022-05-18 22:53:32,800 INFO     ___FILE_ONLY___  
2022-05-18 22:53:32,800 INFO     ___FILE_ONLY___ specified,
2022-05-18 22:53:32,800 INFO     ___FILE_ONLY___ 

2022-05-18 22:53:32,800 INFO     ___FILE_ONLY___         
2022-05-18 22:53:32,800 INFO     ___FILE_ONLY___ all
2022-05-18 22:53:32,800 INFO     ___FILE_ONLY___  
2022-05-18 22:53:32,800 INFO     ___FILE_ONLY___ node
2022-05-18 22:53:32,800 INFO     ___FILE_ONLY___  
2022-05-18 22:53:32,800 INFO     ___FILE_ONLY___ pools
2022-05-18 22:53:32,800 INFO     ___FILE_ONLY___  
2022-05-18 22:53:32,800 INFO     ___FILE_ONLY___ are
2022-05-18 22:53:32,800 INFO     ___FILE_ONLY___  
2022-05-18 22:53:32,800 INFO     ___FILE_ONLY___ listed.
2022-05-18 22:53:32,800 INFO     ___FILE_ONLY___ 

2022-05-18 22:53:32,800 INFO     ___FILE_ONLY___ 

2022-05-18 22:53:32,800 INFO     ___FILE_ONLY___ 
2022-05-18 22:53:32,800 INFO     ___FILE_ONLY___   
2022-05-18 22:53:32,800 INFO     ___FILE_ONLY___ Managed Active Directory

2022-05-18 22:53:32,800 INFO     ___FILE_ONLY___       ▪
2022-05-18 22:53:32,800 INFO     ___FILE_ONLY___  
2022-05-18 22:53:32,800 INFO     ___FILE_ONLY___ Promoted
2022-05-18 22:53:32,800 INFO     ___FILE_ONLY___  
2022-05-18 22:53:32,800 INFO     ___FILE_ONLY___ gcloud
2022-05-18 22:53:32,800 INFO     ___FILE_ONLY___  
2022-05-18 22:53:32,800 INFO     ___FILE_ONLY___ active-directory
2022-05-18 22:53:32,800 INFO     ___FILE_ONLY___  
2022-05-18 22:53:32,800 INFO     ___FILE_ONLY___ domains
2022-05-18 22:53:32,800 INFO     ___FILE_ONLY___  
2022-05-18 22:53:32,800 INFO     ___FILE_ONLY___ backups
2022-05-18 22:53:32,800 INFO     ___FILE_ONLY___  
2022-05-18 22:53:32,800 INFO     ___FILE_ONLY___ and
2022-05-18 22:53:32,800 INFO     ___FILE_ONLY___  
2022-05-18 22:53:32,800 INFO     ___FILE_ONLY___ gcloud
2022-05-18 22:53:32,800 INFO     ___FILE_ONLY___ 

2022-05-18 22:53:32,800 INFO     ___FILE_ONLY___         
2022-05-18 22:53:32,800 INFO     ___FILE_ONLY___ active-directory
2022-05-18 22:53:32,801 INFO     ___FILE_ONLY___  
2022-05-18 22:53:32,801 INFO     ___FILE_ONLY___ domains
2022-05-18 22:53:32,801 INFO     ___FILE_ONLY___  
2022-05-18 22:53:32,801 INFO     ___FILE_ONLY___ restore
2022-05-18 22:53:32,801 INFO     ___FILE_ONLY___  
2022-05-18 22:53:32,801 INFO     ___FILE_ONLY___ to
2022-05-18 22:53:32,801 INFO     ___FILE_ONLY___  
2022-05-18 22:53:32,801 INFO     ___FILE_ONLY___ GA.
2022-05-18 22:53:32,801 INFO     ___FILE_ONLY___ 

2022-05-18 22:53:32,801 INFO     ___FILE_ONLY___ 

2022-05-18 22:53:32,801 INFO     ___FILE_ONLY___    
2022-05-18 22:53:32,801 INFO     ___FILE_ONLY___  
2022-05-18 22:53:32,801 INFO     ___FILE_ONLY___ Subscribe
2022-05-18 22:53:32,801 INFO     ___FILE_ONLY___  
2022-05-18 22:53:32,801 INFO     ___FILE_ONLY___ to
2022-05-18 22:53:32,801 INFO     ___FILE_ONLY___  
2022-05-18 22:53:32,801 INFO     ___FILE_ONLY___ these
2022-05-18 22:53:32,801 INFO     ___FILE_ONLY___  
2022-05-18 22:53:32,801 INFO     ___FILE_ONLY___ release
2022-05-18 22:53:32,801 INFO     ___FILE_ONLY___  
2022-05-18 22:53:32,801 INFO     ___FILE_ONLY___ notes
2022-05-18 22:53:32,801 INFO     ___FILE_ONLY___  
2022-05-18 22:53:32,801 INFO     ___FILE_ONLY___ at
2022-05-18 22:53:32,801 INFO     ___FILE_ONLY___ 

2022-05-18 22:53:32,801 INFO     ___FILE_ONLY___     
2022-05-18 22:53:32,801 INFO     ___FILE_ONLY___ https://groups.google.com/forum/#!forum/google-cloud-sdk-announce
2022-05-18 22:53:32,801 INFO     ___FILE_ONLY___ 

2022-05-18 22:53:32,801 INFO     ___FILE_ONLY___     
2022-05-18 22:53:32,801 INFO     ___FILE_ONLY___ (https://groups.google.com/forum/#!forum/google-cloud-sdk-announce).
2022-05-18 22:53:32,801 INFO     ___FILE_ONLY___ 

2022-05-18 22:53:32,801 INFO     ___FILE_ONLY___ 
2022-05-18 22:53:32,801 INFO     ___FILE_ONLY___ 

2022-05-18 22:53:32,805 INFO     ___FILE_ONLY___ ╔════════════════════════════════════════════════════════════╗

2022-05-18 22:53:32,806 INFO     ___FILE_ONLY___ ╠═ Creating update staging area                             ═╣

2022-05-18 22:53:32,806 INFO     ___FILE_ONLY___ ╚
2022-05-18 22:53:32,807 INFO     ___FILE_ONLY___ ══════
2022-05-18 22:53:34,485 INFO     ___FILE_ONLY___ ══════
2022-05-18 22:53:34,485 INFO     ___FILE_ONLY___ ══════
2022-05-18 22:53:35,498 INFO     ___FILE_ONLY___ ═
2022-05-18 22:53:35,498 INFO     ___FILE_ONLY___ ═
2022-05-18 22:53:35,498 INFO     ___FILE_ONLY___ ═
2022-05-18 22:53:35,498 INFO     ___FILE_ONLY___ ═
2022-05-18 22:53:35,498 INFO     ___FILE_ONLY___ ═
2022-05-18 22:53:35,499 INFO     ___FILE_ONLY___ ═
2022-05-18 22:53:35,499 INFO     ___FILE_ONLY___ ═
2022-05-18 22:53:35,500 INFO     ___FILE_ONLY___ ═
2022-05-18 22:53:35,500 INFO     ___FILE_ONLY___ ═
2022-05-18 22:53:35,501 INFO     ___FILE_ONLY___ ═
2022-05-18 22:53:35,501 INFO     ___FILE_ONLY___ ═
2022-05-18 22:53:35,501 INFO     ___FILE_ONLY___ ═
2022-05-18 22:53:35,501 INFO     ___FILE_ONLY___ ═
2022-05-18 22:53:35,501 INFO     ___FILE_ONLY___ ═
2022-05-18 22:53:35,501 INFO     ___FILE_ONLY___ ═
2022-05-18 22:53:35,501 INFO     ___FILE_ONLY___ ═
2022-05-18 22:53:35,502 INFO     ___FILE_ONLY___ ═
2022-05-18 22:53:35,502 INFO     ___FILE_ONLY___ ═
2022-05-18 22:53:35,502 INFO     ___FILE_ONLY___ ═
2022-05-18 22:53:35,503 INFO     ___FILE_ONLY___ ═
2022-05-18 22:53:35,503 INFO     ___FILE_ONLY___ ═
2022-05-18 22:53:35,503 INFO     ___FILE_ONLY___ ═
2022-05-18 22:53:35,503 INFO     ___FILE_ONLY___ ═
2022-05-18 22:53:35,503 INFO     ___FILE_ONLY___ ═
2022-05-18 22:53:35,504 INFO     ___FILE_ONLY___ ═
2022-05-18 22:53:35,504 INFO     ___FILE_ONLY___ ═
2022-05-18 22:53:35,504 INFO     ___FILE_ONLY___ ═
2022-05-18 22:53:35,505 INFO     ___FILE_ONLY___ ═
2022-05-18 22:53:35,505 INFO     ___FILE_ONLY___ ═
2022-05-18 22:53:35,506 INFO     ___FILE_ONLY___ ═
2022-05-18 22:53:35,507 INFO     ___FILE_ONLY___ ═
2022-05-18 22:53:35,509 INFO     ___FILE_ONLY___ ═
2022-05-18 22:53:35,509 INFO     ___FILE_ONLY___ ═
2022-05-18 22:53:35,509 INFO     ___FILE_ONLY___ ═
2022-05-18 22:53:35,510 INFO     ___FILE_ONLY___ ═
2022-05-18 22:53:35,511 INFO     ___FILE_ONLY___ ═
2022-05-18 22:53:35,513 INFO     ___FILE_ONLY___ ═
2022-05-18 22:53:35,515 INFO     ___FILE_ONLY___ ═
2022-05-18 22:53:35,515 INFO     ___FILE_ONLY___ ═
2022-05-18 22:53:35,515 INFO     ___FILE_ONLY___ ═
2022-05-18 22:53:35,517 INFO     ___FILE_ONLY___ ═
2022-05-18 22:53:35,517 INFO     ___FILE_ONLY___ ═
2022-05-18 22:53:35,517 INFO     ___FILE_ONLY___ ═
2022-05-18 22:53:35,517 INFO     ___FILE_ONLY___ ═
2022-05-18 22:53:35,517 INFO     ___FILE_ONLY___ ══════════════════════════════════════════
2022-05-18 22:53:35,517 DEBUG    root            [Errno 32] Broken pipe
Traceback (most recent call last):
  File "/Users/yashsharma/Library/Application Support/cloud-code/installer/google-cloud-sdk/lib/googlecloudsdk/core/updater/update_manager.py", line 1078, in Update
    staging_state = install_state.CloneToStaging(pb.SetProgress)
  File "/Users/yashsharma/Library/Application Support/cloud-code/installer/google-cloud-sdk/lib/googlecloudsdk/core/updater/local_state.py", line 104, in _TryFunc
    return func(*args, **kwargs)
  File "/Users/yashsharma/Library/Application Support/cloud-code/installer/google-cloud-sdk/lib/googlecloudsdk/core/updater/local_state.py", line 336, in CloneToStaging
    shutil.copytree(self.__sdk_root, self.__sdk_staging_root, symlinks=True,
  File "/Users/yashsharma/miniforge3/lib/python3.9/shutil.py", line 566, in copytree
    return _copytree(entries=entries, src=src, dst=dst, symlinks=symlinks,
  File "/Users/yashsharma/miniforge3/lib/python3.9/shutil.py", line 522, in _copytree
    raise Error(errors)
shutil.Error: [('/Users/yashsharma/Library/Application Support/cloud-code/installer/google-cloud-sdk/platform/gsutil/gslib/vendored/boto/boto/pyami/installers', '/Users/yashsharma/Library/Application Support/cloud-code/installer/google-cloud-sdk.staging/platform/gsutil/gslib/vendored/boto/boto/pyami/installers', '[Errno 32] Broken pipe'), ('/Users/yashsharma/Library/Application Support/cloud-code/installer/google-cloud-sdk/platform/gsutil/gslib/vendored/boto/boto/iam', '/Users/yashsharma/Library/Application Support/cloud-code/installer/google-cloud-sdk.staging/platform/gsutil/gslib/vendored/boto/boto/iam', '[Errno 32] Broken pipe'), ('/Users/yashsharma/Library/Application Support/cloud-code/installer/google-cloud-sdk/platform/gsutil/gslib/vendored/boto/boto/logs', '/Users/yashsharma/Library/Application Support/cloud-code/installer/google-cloud-sdk.staging/platform/gsutil/gslib/vendored/boto/boto/logs', '[Errno 32] Broken pipe'), ('/Users/yashsharma/Library/Application Support/cloud-code/installer/google-cloud-sdk/platform/gsutil/gslib/vendored/boto/boto/opsworks', '/Users/yashsharma/Library/Application Support/cloud-code/installer/google-cloud-sdk.staging/platform/gsutil/gslib/vendored/boto/boto/opsworks', '[Errno 32] Broken pipe'), ('/Users/yashsharma/Library/Application Support/cloud-code/installer/google-cloud-sdk/platform/gsutil/gslib/vendored/boto/boto/support', '/Users/yashsharma/Library/Application Support/cloud-code/installer/google-cloud-sdk.staging/platform/gsutil/gslib/vendored/boto/boto/support', '[Errno 32] Broken pipe'), ('/Users/yashsharma/Library/Application Support/cloud-code/installer/google-cloud-sdk/platform/gsutil/gslib/vendored/boto/boto/mturk', '/Users/yashsharma/Library/Application Support/cloud-code/installer/google-cloud-sdk.staging/platform/gsutil/gslib/vendored/boto/boto/mturk', '[Errno 32] Broken pipe'), ('/Users/yashsharma/Library/Application Support/cloud-code/installer/google-cloud-sdk/platform/gsutil/gslib/vendored/boto/boto/mashups', '/Users/yashsharma/Library/Application Support/cloud-code/installer/google-cloud-sdk.staging/platform/gsutil/gslib/vendored/boto/boto/mashups', '[Errno 32] Broken pipe'), ('/Users/yashsharma/Library/Application Support/cloud-code/installer/google-cloud-sdk/platform/gsutil/gslib/vendored/boto/boto/codedeploy', '/Users/yashsharma/Library/Application Support/cloud-code/installer/google-cloud-sdk.staging/platform/gsutil/gslib/vendored/boto/boto/codedeploy', '[Errno 32] Broken pipe'), ('/Users/yashsharma/Library/Application Support/cloud-code/installer/google-cloud-sdk/platform/gsutil/gslib/vendored/boto/boto/sdb', '/Users/yashsharma/Library/Application Support/cloud-code/installer/google-cloud-sdk.staging/platform/gsutil/gslib/vendored/boto/boto/sdb', '[Errno 32] Broken pipe'), ('/Users/yashsharma/Library/Application Support/cloud-code/installer/google-cloud-sdk/platform/gsutil/gslib/vendored/boto/boto/vendored', '/Users/yashsharma/Library/Application Support/cloud-code/installer/google-cloud-sdk.staging/platform/gsutil/gslib/vendored/boto/boto/vendored', '[Errno 32] Broken pipe'), ('/Users/yashsharma/Library/Application Support/cloud-code/installer/google-cloud-sdk/platform/gsutil/gslib/vendored/boto/boto/directconnect', '/Users/yashsharma/Library/Application Support/cloud-code/installer/google-cloud-sdk.staging/platform/gsutil/gslib/vendored/boto/boto/directconnect', '[Errno 32] Broken pipe'), ('/Users/yashsharma/Library/Application Support/cloud-code/installer/google-cloud-sdk/platform/gsutil/gslib/vendored/boto/boto/rds2', '/Users/yashsharma/Library/Application Support/cloud-code/installer/google-cloud-sdk.staging/platform/gsutil/gslib/vendored/boto/boto/rds2', '[Errno 32] Broken pipe'), ('/Users/yashsharma/Library/Application Support/cloud-code/installer/google-cloud-sdk/platform/gsutil/gslib/vendored/boto/boto/manage', '/Users/yashsharma/Library/Application Support/cloud-code/installer/google-cloud-sdk.staging/platform/gsutil/gslib/vendored/boto/boto/manage', '[Errno 32] Broken pipe'), ('/Users/yashsharma/Library/Application Support/cloud-code/installer/google-cloud-sdk/platform/gsutil/gslib/vendored/boto/boto/roboto', '/Users/yashsharma/Library/Application Support/cloud-code/installer/google-cloud-sdk.staging/platform/gsutil/gslib/vendored/boto/boto/roboto', '[Errno 32] Broken pipe'), ('/Users/yashsharma/Library/Application Support/cloud-code/installer/google-cloud-sdk/platform/gsutil/gslib/vendored/boto/boto/cacerts', '/Users/yashsharma/Library/Application Support/cloud-code/installer/google-cloud-sdk.staging/platform/gsutil/gslib/vendored/boto/boto/cacerts', '[Errno 32] Broken pipe'), ('/Users/yashsharma/Library/Application Support/cloud-code/installer/google-cloud-sdk/platform/gsutil/gslib/vendored/boto/boto/vpc', '/Users/yashsharma/Library/Application Support/cloud-code/installer/google-cloud-sdk.staging/platform/gsutil/gslib/vendored/boto/boto/vpc', '[Errno 32] Broken pipe'), ('/Users/yashsharma/Library/Application Support/cloud-code/installer/google-cloud-sdk/platform/gsutil/gslib/vendored/boto/boto/ses', '/Users/yashsharma/Library/Application Support/cloud-code/installer/google-cloud-sdk.staging/platform/gsutil/gslib/vendored/boto/boto/ses', '[Errno 32] Broken pipe'), ('/Users/yashsharma/Library/Application Support/cloud-code/installer/google-cloud-sdk/platform/gsutil/gslib/vendored/boto/boto/cloudformation', '/Users/yashsharma/Library/Application Support/cloud-code/installer/google-cloud-sdk.staging/platform/gsutil/gslib/vendored/boto/boto/cloudformation', '[Errno 32] Broken pipe'), ('/Users/yashsharma/Library/Application Support/cloud-code/installer/google-cloud-sdk/platform/gsutil/gslib/vendored/boto/boto/elasticache', '/Users/yashsharma/Library/Application Support/cloud-code/installer/google-cloud-sdk.staging/platform/gsutil/gslib/vendored/boto/boto/elasticache', '[Errno 32] Broken pipe'), ('/Users/yashsharma/Library/Application Support/cloud-code/installer/google-cloud-sdk/platform/gsutil/gslib/vendored/boto/boto/rds', '/Users/yashsharma/Library/Application Support/cloud-code/installer/google-cloud-sdk.staging/platform/gsutil/gslib/vendored/boto/boto/rds', '[Errno 32] Broken pipe'), ('/Users/yashsharma/Library/Application Support/cloud-code/installer/google-cloud-sdk/platform/gsutil/gslib/vendored/boto/boto/swf', '/Users/yashsharma/Library/Application Support/cloud-code/installer/google-cloud-sdk.staging/platform/gsutil/gslib/vendored/boto/boto/swf', '[Errno 32] Broken pipe'), ('/Users/yashsharma/Library/Application Support/cloud-code/installer/google-cloud-sdk/platform/gsutil/gslib/vendored/boto/boto/datapipeline', '/Users/yashsharma/Library/Application Support/cloud-code/installer/google-cloud-sdk.staging/platform/gsutil/gslib/vendored/boto/boto/datapipeline', '[Errno 32] Broken pipe'), ('/Users/yashsharma/Library/Application Support/cloud-code/installer/google-cloud-sdk/platform/gsutil/gslib/vendored/boto/boto/dynamodb2', '/Users/yashsharma/Library/Application Support/cloud-code/installer/google-cloud-sdk.staging/platform/gsutil/gslib/vendored/boto/boto/dynamodb2', '[Errno 32] Broken pipe'), ('/Users/yashsharma/Library/Application Support/cloud-code/installer/google-cloud-sdk/platform/gsutil/gslib/vendored/boto/boto/services', '/Users/yashsharma/Library/Application Support/cloud-code/installer/google-cloud-sdk.staging/platform/gsutil/gslib/vendored/boto/boto/services', '[Errno 32] Broken pipe'), ('/Users/yashsharma/Library/Application Support/cloud-code/installer/google-cloud-sdk/platform/gsutil/gslib/vendored/boto/boto/fps', '/Users/yashsharma/Library/Application Support/cloud-code/installer/google-cloud-sdk.staging/platform/gsutil/gslib/vendored/boto/boto/fps', '[Errno 32] Broken pipe'), ('/Users/yashsharma/Library/Application Support/cloud-code/installer/google-cloud-sdk/platform/gsutil/gslib/vendored/boto/boto/beanstalk', '/Users/yashsharma/Library/Application Support/cloud-code/installer/google-cloud-sdk.staging/platform/gsutil/gslib/vendored/boto/boto/beanstalk', '[Errno 32] Broken pipe'), ('/Users/yashsharma/Library/Application Support/cloud-code/installer/google-cloud-sdk/platform/gsutil/gslib/vendored/boto/boto/sts', '/Users/yashsharma/Library/Application Support/cloud-code/installer/google-cloud-sdk.staging/platform/gsutil/gslib/vendored/boto/boto/sts', '[Errno 32] Broken pipe'), ('/Users/yashsharma/Library/Application Support/cloud-code/installer/google-cloud-sdk/platform/gsutil/gslib/vendored/boto/boto/route53', '/Users/yashsharma/Library/Application Support/cloud-code/installer/google-cloud-sdk.staging/platform/gsutil/gslib/vendored/boto/boto/route53', '[Errno 32] Broken pipe'), ('/Users/yashsharma/Library/Application Support/cloud-code/installer/google-cloud-sdk/platform/gsutil/gslib/vendored/boto/boto/ec2', '/Users/yashsharma/Library/Application Support/cloud-code/installer/google-cloud-sdk.staging/platform/gsutil/gslib/vendored/boto/boto/ec2', '[Errno 32] Broken pipe'), ('/Users/yashsharma/Library/Application Support/cloud-code/installer/google-cloud-sdk/platform/gsutil/gslib/vendored/boto/tests', '/Users/yashsharma/Library/Application Support/cloud-code/installer/google-cloud-sdk.staging/platform/gsutil/gslib/vendored/boto/tests', '[Errno 32] Broken pipe'), ('/Users/yashsharma/Library/Application Support/cloud-code/installer/google-cloud-sdk/platform/gsutil/gslib/vendored/boto/__pycache__', '/Users/yashsharma/Library/Application Support/cloud-code/installer/google-cloud-sdk.staging/platform/gsutil/gslib/vendored/boto/__pycache__', '[Errno 32] Broken pipe'), ('/Users/yashsharma/Library/Application Support/cloud-code/installer/google-cloud-sdk/platform/gsutil/gslib/vendored/__pycache__', '/Users/yashsharma/Library/Application Support/cloud-code/installer/google-cloud-sdk.staging/platform/gsutil/gslib/vendored/__pycache__', '[Errno 32] Broken pipe'), ('/Users/yashsharma/Library/Application Support/cloud-code/installer/google-cloud-sdk/platform/gsutil/gslib/vendored/oauth2client', '/Users/yashsharma/Library/Application Support/cloud-code/installer/google-cloud-sdk.staging/platform/gsutil/gslib/vendored/oauth2client', '[Errno 32] Broken pipe'), ('/Users/yashsharma/Library/Application Support/cloud-code/installer/google-cloud-sdk/platform/gsutil/gslib/addlhelp', '/Users/yashsharma/Library/Application Support/cloud-code/installer/google-cloud-sdk.staging/platform/gsutil/gslib/addlhelp', '[Errno 32] Broken pipe'), ('/Users/yashsharma/Library/Application Support/cloud-code/installer/google-cloud-sdk/platform/gsutil/gslib/commands', '/Users/yashsharma/Library/Application Support/cloud-code/installer/google-cloud-sdk.staging/platform/gsutil/gslib/commands', '[Errno 32] Broken pipe'), ('/Users/yashsharma/Library/Application Support/cloud-code/installer/google-cloud-sdk/platform/gsutil/gslib/data', '/Users/yashsharma/Library/Application Support/cloud-code/installer/google-cloud-sdk.staging/platform/gsutil/gslib/data', '[Errno 32] Broken pipe'), ('/Users/yashsharma/Library/Application Support/cloud-code/installer/google-cloud-sdk/platform/gsutil/third_party', '/Users/yashsharma/Library/Application Support/cloud-code/installer/google-cloud-sdk.staging/platform/gsutil/third_party', '[Errno 32] Broken pipe'), ('/Users/yashsharma/Library/Application Support/cloud-code/installer/google-cloud-sdk/platform/bq', '/Users/yashsharma/Library/Application Support/cloud-code/installer/google-cloud-sdk.staging/platform/bq', '[Errno 32] Broken pipe'), ('/Users/yashsharma/Library/Application Support/cloud-code/installer/google-cloud-sdk/platform/gsutil_py2', '/Users/yashsharma/Library/Application Support/cloud-code/installer/google-cloud-sdk.staging/platform/gsutil_py2', '[Errno 32] Broken pipe'), ('/Users/yashsharma/Library/Application Support/cloud-code/installer/google-cloud-sdk/platform/ext-runtime', '/Users/yashsharma/Library/Application Support/cloud-code/installer/google-cloud-sdk.staging/platform/ext-runtime', '[Errno 32] Broken pipe'), ('/Users/yashsharma/Library/Application Support/cloud-code/installer/google-cloud-sdk/deb', '/Users/yashsharma/Library/Application Support/cloud-code/installer/google-cloud-sdk.staging/deb', '[Errno 32] Broken pipe'), ('/Users/yashsharma/Library/Application Support/cloud-code/installer/google-cloud-sdk/lib', '/Users/yashsharma/Library/Application Support/cloud-code/installer/google-cloud-sdk.staging/lib', '[Errno 32] Broken pipe'), ('/Users/yashsharma/Library/Application Support/cloud-code/installer/google-cloud-sdk/data', '/Users/yashsharma/Library/Application Support/cloud-code/installer/google-cloud-sdk.staging/data', '[Errno 32] Broken pipe'), ('/Users/yashsharma/Library/Application Support/cloud-code/installer/google-cloud-sdk/rpm', '/Users/yashsharma/Library/Application Support/cloud-code/installer/google-cloud-sdk.staging/rpm', '[Errno 32] Broken pipe')]

During handling of the above exception, another exception occurred:

Traceback (most recent call last):
  File "/Users/yashsharma/Library/Application Support/cloud-code/installer/google-cloud-sdk/lib/googlecloudsdk/calliope/cli.py", line 987, in Execute
    resources = calliope_command.Run(cli=self, args=args)
  File "/Users/yashsharma/Library/Application Support/cloud-code/installer/google-cloud-sdk/lib/googlecloudsdk/calliope/backend.py", line 809, in Run
    resources = command_instance.Run(args)
  File "/Users/yashsharma/Library/Application Support/cloud-code/installer/google-cloud-sdk/lib/surface/components/update.py", line 124, in Run
    update_manager.Update(
  File "/Users/yashsharma/Library/Application Support/cloud-code/installer/google-cloud-sdk/lib/googlecloudsdk/core/updater/update_manager.py", line 1078, in Update
    staging_state = install_state.CloneToStaging(pb.SetProgress)
  File "/Users/yashsharma/Library/Application Support/cloud-code/installer/google-cloud-sdk/lib/googlecloudsdk/core/console/console_io.py", line 891, in __exit__
    self.Finish()
  File "/Users/yashsharma/Library/Application Support/cloud-code/installer/google-cloud-sdk/lib/googlecloudsdk/core/console/console_io.py", line 881, in Finish
    self.SetProgress(1)
  File "/Users/yashsharma/Library/Application Support/cloud-code/installer/google-cloud-sdk/lib/googlecloudsdk/core/console/console_io.py", line 872, in SetProgress
    self._Write(self._box.d_h * new_ticks)
  File "/Users/yashsharma/Library/Application Support/cloud-code/installer/google-cloud-sdk/lib/googlecloudsdk/core/console/console_io.py", line 884, in _Write
    self._stream.write(msg)
  File "/Users/yashsharma/Library/Application Support/cloud-code/installer/google-cloud-sdk/lib/googlecloudsdk/core/log.py", line 237, in write
    self._Write(plain_text, styled_text)
  File "/Users/yashsharma/Library/Application Support/cloud-code/installer/google-cloud-sdk/lib/googlecloudsdk/core/log.py", line 232, in _Write
    self.flush()
  File "/Users/yashsharma/Library/Application Support/cloud-code/installer/google-cloud-sdk/lib/googlecloudsdk/core/log.py", line 247, in flush
    self.__stream_wrapper.stream.flush()
BrokenPipeError: [Errno 32] Broken pipe
