2022-05-11 12:10:50,408 DEBUG    root            Loaded Command Group: ['gcloud', 'components']
2022-05-11 12:10:50,414 DEBUG    root            Loaded Command Group: ['gcloud', 'components', 'update']
2022-05-11 12:10:50,418 DEBUG    root            Running [gcloud.components.update] with arguments: [--quiet: "True"]
2022-05-11 12:10:50,419 INFO     ___FILE_ONLY___ Beginning update. This process may take several minutes.

2022-05-11 12:10:50,436 DEBUG    urllib3.connectionpool Starting new HTTPS connection (1): dl.google.com:443
2022-05-11 12:10:50,660 DEBUG    urllib3.connectionpool https://dl.google.com:443 "GET /dl/cloudsdk/channels/rapid/components-2.json HTTP/1.1" 200 187088
2022-05-11 12:10:50,783 INFO     ___FILE_ONLY___ 

2022-05-11 12:10:50,784 INFO     ___FILE_ONLY___ 
Your current Google Cloud CLI version is: 384.0.1

2022-05-11 12:10:50,784 INFO     ___FILE_ONLY___ You will be upgraded to version: 385.0.0

2022-05-11 12:10:50,784 INFO     ___FILE_ONLY___ 

2022-05-11 12:10:50,788 INFO     ___FILE_ONLY___ ┌─────────────────────────────────────────────────────────┐
2022-05-11 12:10:50,788 INFO     ___FILE_ONLY___ 

2022-05-11 12:10:50,788 INFO     ___FILE_ONLY___ │            These components will be updated.            │
2022-05-11 12:10:50,788 INFO     ___FILE_ONLY___ 

2022-05-11 12:10:50,788 INFO     ___FILE_ONLY___ ├─────────────────────────────────┬────────────┬──────────┤
2022-05-11 12:10:50,788 INFO     ___FILE_ONLY___ 

2022-05-11 12:10:50,789 INFO     ___FILE_ONLY___ │               Name              │  Version   │   Size   │
2022-05-11 12:10:50,789 INFO     ___FILE_ONLY___ 

2022-05-11 12:10:50,789 INFO     ___FILE_ONLY___ ├─────────────────────────────────┼────────────┼──────────┤
2022-05-11 12:10:50,789 INFO     ___FILE_ONLY___ 

2022-05-11 12:10:50,789 INFO     ___FILE_ONLY___ │ 
2022-05-11 12:10:50,789 INFO     ___FILE_ONLY___ Google Cloud CLI Core Libraries
2022-05-11 12:10:50,789 INFO     ___FILE_ONLY___  
2022-05-11 12:10:50,789 INFO     ___FILE_ONLY___ │ 
2022-05-11 12:10:50,789 INFO     ___FILE_ONLY___ 2022.05.06
2022-05-11 12:10:50,789 INFO     ___FILE_ONLY___  
2022-05-11 12:10:50,789 INFO     ___FILE_ONLY___ │ 
2022-05-11 12:10:50,790 INFO     ___FILE_ONLY___ 23.2 MiB
2022-05-11 12:10:50,790 INFO     ___FILE_ONLY___  
2022-05-11 12:10:50,790 INFO     ___FILE_ONLY___ │
2022-05-11 12:10:50,790 INFO     ___FILE_ONLY___ 

2022-05-11 12:10:50,790 INFO     ___FILE_ONLY___ │ 
2022-05-11 12:10:50,790 INFO     ___FILE_ONLY___ gcloud Beta Commands           
2022-05-11 12:10:50,790 INFO     ___FILE_ONLY___  
2022-05-11 12:10:50,790 INFO     ___FILE_ONLY___ │ 
2022-05-11 12:10:50,790 INFO     ___FILE_ONLY___ 2022.05.06
2022-05-11 12:10:50,790 INFO     ___FILE_ONLY___  
2022-05-11 12:10:50,790 INFO     ___FILE_ONLY___ │ 
2022-05-11 12:10:50,791 INFO     ___FILE_ONLY___  < 1 MiB
2022-05-11 12:10:50,791 INFO     ___FILE_ONLY___  
2022-05-11 12:10:50,791 INFO     ___FILE_ONLY___ │
2022-05-11 12:10:50,791 INFO     ___FILE_ONLY___ 

2022-05-11 12:10:50,791 INFO     ___FILE_ONLY___ └─────────────────────────────────┴────────────┴──────────┘
2022-05-11 12:10:50,791 INFO     ___FILE_ONLY___ 

2022-05-11 12:10:50,792 INFO     ___FILE_ONLY___ 

2022-05-11 12:10:50,815 DEBUG    urllib3.connectionpool Starting new HTTPS connection (1): dl.google.com:443
2022-05-11 12:10:51,012 DEBUG    urllib3.connectionpool https://dl.google.com:443 "GET /dl/cloudsdk/channels/rapid/RELEASE_NOTES HTTP/1.1" 200 801185
2022-05-11 12:10:51,204 INFO     ___FILE_ONLY___ The following release notes are new in this upgrade.
Please read carefully for information about new features, breaking changes,
and bugs fixed.  The latest full release notes can be viewed at:
  https://cloud.google.com/sdk/release_notes


2022-05-11 12:10:51,204 INFO     ___FILE_ONLY___ 
2022-05-11 12:10:51,205 INFO     ___FILE_ONLY___ 385.0.0 (2022-05-10)

2022-05-11 12:10:51,206 INFO     ___FILE_ONLY___ 
2022-05-11 12:10:51,206 INFO     ___FILE_ONLY___   
2022-05-11 12:10:51,206 INFO     ___FILE_ONLY___ Google Cloud CLI

2022-05-11 12:10:51,206 INFO     ___FILE_ONLY___       ▪
2022-05-11 12:10:51,207 INFO     ___FILE_ONLY___  
2022-05-11 12:10:51,207 INFO     ___FILE_ONLY___ Updated
2022-05-11 12:10:51,207 INFO     ___FILE_ONLY___  
2022-05-11 12:10:51,207 INFO     ___FILE_ONLY___ bundled
2022-05-11 12:10:51,207 INFO     ___FILE_ONLY___  
2022-05-11 12:10:51,207 INFO     ___FILE_ONLY___ Python
2022-05-11 12:10:51,207 INFO     ___FILE_ONLY___  
2022-05-11 12:10:51,208 INFO     ___FILE_ONLY___ executable
2022-05-11 12:10:51,208 INFO     ___FILE_ONLY___  
2022-05-11 12:10:51,208 INFO     ___FILE_ONLY___ for
2022-05-11 12:10:51,208 INFO     ___FILE_ONLY___  
2022-05-11 12:10:51,208 INFO     ___FILE_ONLY___ Windows
2022-05-11 12:10:51,208 INFO     ___FILE_ONLY___  
2022-05-11 12:10:51,208 INFO     ___FILE_ONLY___ to
2022-05-11 12:10:51,208 INFO     ___FILE_ONLY___  
2022-05-11 12:10:51,208 INFO     ___FILE_ONLY___ Python
2022-05-11 12:10:51,208 INFO     ___FILE_ONLY___  
2022-05-11 12:10:51,208 INFO     ___FILE_ONLY___ 3.9.12.
2022-05-11 12:10:51,209 INFO     ___FILE_ONLY___ 

2022-05-11 12:10:51,209 INFO     ___FILE_ONLY___ 

2022-05-11 12:10:51,209 INFO     ___FILE_ONLY___ 
2022-05-11 12:10:51,209 INFO     ___FILE_ONLY___   
2022-05-11 12:10:51,209 INFO     ___FILE_ONLY___ AI

2022-05-11 12:10:51,209 INFO     ___FILE_ONLY___       ▪
2022-05-11 12:10:51,210 INFO     ___FILE_ONLY___  
2022-05-11 12:10:51,210 INFO     ___FILE_ONLY___ Added
2022-05-11 12:10:51,210 INFO     ___FILE_ONLY___  
2022-05-11 12:10:51,210 INFO     ___FILE_ONLY___ --anomaly-cloud-logging
2022-05-11 12:10:51,210 INFO     ___FILE_ONLY___  
2022-05-11 12:10:51,210 INFO     ___FILE_ONLY___ flag
2022-05-11 12:10:51,210 INFO     ___FILE_ONLY___  
2022-05-11 12:10:51,210 INFO     ___FILE_ONLY___ to
2022-05-11 12:10:51,210 INFO     ___FILE_ONLY___  
2022-05-11 12:10:51,210 INFO     ___FILE_ONLY___ gcloud
2022-05-11 12:10:51,210 INFO     ___FILE_ONLY___  
2022-05-11 12:10:51,211 INFO     ___FILE_ONLY___ ai
2022-05-11 12:10:51,211 INFO     ___FILE_ONLY___  
2022-05-11 12:10:51,211 INFO     ___FILE_ONLY___ model-monitoring-jobs
2022-05-11 12:10:51,211 INFO     ___FILE_ONLY___ 

2022-05-11 12:10:51,211 INFO     ___FILE_ONLY___         
2022-05-11 12:10:51,211 INFO     ___FILE_ONLY___ create|update
2022-05-11 12:10:51,211 INFO     ___FILE_ONLY___  
2022-05-11 12:10:51,211 INFO     ___FILE_ONLY___ to
2022-05-11 12:10:51,211 INFO     ___FILE_ONLY___  
2022-05-11 12:10:51,211 INFO     ___FILE_ONLY___ allow
2022-05-11 12:10:51,211 INFO     ___FILE_ONLY___  
2022-05-11 12:10:51,212 INFO     ___FILE_ONLY___ logging
2022-05-11 12:10:51,212 INFO     ___FILE_ONLY___  
2022-05-11 12:10:51,212 INFO     ___FILE_ONLY___ anomaly
2022-05-11 12:10:51,212 INFO     ___FILE_ONLY___  
2022-05-11 12:10:51,212 INFO     ___FILE_ONLY___ to
2022-05-11 12:10:51,212 INFO     ___FILE_ONLY___  
2022-05-11 12:10:51,212 INFO     ___FILE_ONLY___ Cloud
2022-05-11 12:10:51,212 INFO     ___FILE_ONLY___  
2022-05-11 12:10:51,212 INFO     ___FILE_ONLY___ Logging.
2022-05-11 12:10:51,212 INFO     ___FILE_ONLY___ 

2022-05-11 12:10:51,213 INFO     ___FILE_ONLY___ 

2022-05-11 12:10:51,213 INFO     ___FILE_ONLY___ 
2022-05-11 12:10:51,213 INFO     ___FILE_ONLY___   
2022-05-11 12:10:51,213 INFO     ___FILE_ONLY___ Anthos Multi-Cloud

2022-05-11 12:10:51,213 INFO     ___FILE_ONLY___       ▪
2022-05-11 12:10:51,213 INFO     ___FILE_ONLY___  
2022-05-11 12:10:51,213 INFO     ___FILE_ONLY___ Added
2022-05-11 12:10:51,214 INFO     ___FILE_ONLY___  
2022-05-11 12:10:51,214 INFO     ___FILE_ONLY___ --ssh-ec2-key-pair
2022-05-11 12:10:51,214 INFO     ___FILE_ONLY___  
2022-05-11 12:10:51,214 INFO     ___FILE_ONLY___ flag
2022-05-11 12:10:51,214 INFO     ___FILE_ONLY___  
2022-05-11 12:10:51,214 INFO     ___FILE_ONLY___ to
2022-05-11 12:10:51,214 INFO     ___FILE_ONLY___  
2022-05-11 12:10:51,214 INFO     ___FILE_ONLY___ gcloud
2022-05-11 12:10:51,214 INFO     ___FILE_ONLY___  
2022-05-11 12:10:51,214 INFO     ___FILE_ONLY___ container
2022-05-11 12:10:51,214 INFO     ___FILE_ONLY___  
2022-05-11 12:10:51,214 INFO     ___FILE_ONLY___ aws
2022-05-11 12:10:51,214 INFO     ___FILE_ONLY___  
2022-05-11 12:10:51,214 INFO     ___FILE_ONLY___ clusters
2022-05-11 12:10:51,215 INFO     ___FILE_ONLY___  
2022-05-11 12:10:51,215 INFO     ___FILE_ONLY___ update
2022-05-11 12:10:51,215 INFO     ___FILE_ONLY___ 

2022-05-11 12:10:51,215 INFO     ___FILE_ONLY___         
2022-05-11 12:10:51,215 INFO     ___FILE_ONLY___ and
2022-05-11 12:10:51,215 INFO     ___FILE_ONLY___  
2022-05-11 12:10:51,215 INFO     ___FILE_ONLY___ gcloud
2022-05-11 12:10:51,215 INFO     ___FILE_ONLY___  
2022-05-11 12:10:51,215 INFO     ___FILE_ONLY___ container
2022-05-11 12:10:51,215 INFO     ___FILE_ONLY___  
2022-05-11 12:10:51,215 INFO     ___FILE_ONLY___ aws
2022-05-11 12:10:51,215 INFO     ___FILE_ONLY___  
2022-05-11 12:10:51,215 INFO     ___FILE_ONLY___ node-pools
2022-05-11 12:10:51,215 INFO     ___FILE_ONLY___  
2022-05-11 12:10:51,215 INFO     ___FILE_ONLY___ update
2022-05-11 12:10:51,216 INFO     ___FILE_ONLY___  
2022-05-11 12:10:51,216 INFO     ___FILE_ONLY___ to
2022-05-11 12:10:51,216 INFO     ___FILE_ONLY___  
2022-05-11 12:10:51,216 INFO     ___FILE_ONLY___ update
2022-05-11 12:10:51,216 INFO     ___FILE_ONLY___  
2022-05-11 12:10:51,216 INFO     ___FILE_ONLY___ the
2022-05-11 12:10:51,216 INFO     ___FILE_ONLY___  
2022-05-11 12:10:51,216 INFO     ___FILE_ONLY___ name
2022-05-11 12:10:51,216 INFO     ___FILE_ONLY___  
2022-05-11 12:10:51,217 INFO     ___FILE_ONLY___ of
2022-05-11 12:10:51,217 INFO     ___FILE_ONLY___  
2022-05-11 12:10:51,217 INFO     ___FILE_ONLY___ the
2022-05-11 12:10:51,217 INFO     ___FILE_ONLY___ 

2022-05-11 12:10:51,217 INFO     ___FILE_ONLY___         
2022-05-11 12:10:51,217 INFO     ___FILE_ONLY___ EC2
2022-05-11 12:10:51,217 INFO     ___FILE_ONLY___  
2022-05-11 12:10:51,217 INFO     ___FILE_ONLY___ key
2022-05-11 12:10:51,217 INFO     ___FILE_ONLY___  
2022-05-11 12:10:51,217 INFO     ___FILE_ONLY___ pair
2022-05-11 12:10:51,218 INFO     ___FILE_ONLY___  
2022-05-11 12:10:51,218 INFO     ___FILE_ONLY___ to
2022-05-11 12:10:51,218 INFO     ___FILE_ONLY___  
2022-05-11 12:10:51,218 INFO     ___FILE_ONLY___ login
2022-05-11 12:10:51,218 INFO     ___FILE_ONLY___  
2022-05-11 12:10:51,218 INFO     ___FILE_ONLY___ into
2022-05-11 12:10:51,218 INFO     ___FILE_ONLY___  
2022-05-11 12:10:51,218 INFO     ___FILE_ONLY___ control
2022-05-11 12:10:51,218 INFO     ___FILE_ONLY___  
2022-05-11 12:10:51,218 INFO     ___FILE_ONLY___ plane
2022-05-11 12:10:51,218 INFO     ___FILE_ONLY___  
2022-05-11 12:10:51,218 INFO     ___FILE_ONLY___ or
2022-05-11 12:10:51,218 INFO     ___FILE_ONLY___  
2022-05-11 12:10:51,218 INFO     ___FILE_ONLY___ node
2022-05-11 12:10:51,219 INFO     ___FILE_ONLY___  
2022-05-11 12:10:51,219 INFO     ___FILE_ONLY___ pool
2022-05-11 12:10:51,219 INFO     ___FILE_ONLY___  
2022-05-11 12:10:51,219 INFO     ___FILE_ONLY___ nodes.
2022-05-11 12:10:51,219 INFO     ___FILE_ONLY___ 

2022-05-11 12:10:51,219 INFO     ___FILE_ONLY___       ▪
2022-05-11 12:10:51,219 INFO     ___FILE_ONLY___  
2022-05-11 12:10:51,219 INFO     ___FILE_ONLY___ Added
2022-05-11 12:10:51,219 INFO     ___FILE_ONLY___  
2022-05-11 12:10:51,219 INFO     ___FILE_ONLY___ --clear-ssh-ec2-key-pair
2022-05-11 12:10:51,219 INFO     ___FILE_ONLY___  
2022-05-11 12:10:51,219 INFO     ___FILE_ONLY___ flag
2022-05-11 12:10:51,220 INFO     ___FILE_ONLY___  
2022-05-11 12:10:51,220 INFO     ___FILE_ONLY___ to
2022-05-11 12:10:51,220 INFO     ___FILE_ONLY___  
2022-05-11 12:10:51,220 INFO     ___FILE_ONLY___ gcloud
2022-05-11 12:10:51,220 INFO     ___FILE_ONLY___  
2022-05-11 12:10:51,220 INFO     ___FILE_ONLY___ container
2022-05-11 12:10:51,220 INFO     ___FILE_ONLY___  
2022-05-11 12:10:51,220 INFO     ___FILE_ONLY___ aws
2022-05-11 12:10:51,220 INFO     ___FILE_ONLY___  
2022-05-11 12:10:51,220 INFO     ___FILE_ONLY___ clusters
2022-05-11 12:10:51,220 INFO     ___FILE_ONLY___ 

2022-05-11 12:10:51,220 INFO     ___FILE_ONLY___         
2022-05-11 12:10:51,220 INFO     ___FILE_ONLY___ update
2022-05-11 12:10:51,220 INFO     ___FILE_ONLY___  
2022-05-11 12:10:51,221 INFO     ___FILE_ONLY___ and
2022-05-11 12:10:51,221 INFO     ___FILE_ONLY___  
2022-05-11 12:10:51,221 INFO     ___FILE_ONLY___ gcloud
2022-05-11 12:10:51,221 INFO     ___FILE_ONLY___  
2022-05-11 12:10:51,221 INFO     ___FILE_ONLY___ container
2022-05-11 12:10:51,221 INFO     ___FILE_ONLY___  
2022-05-11 12:10:51,221 INFO     ___FILE_ONLY___ aws
2022-05-11 12:10:51,221 INFO     ___FILE_ONLY___  
2022-05-11 12:10:51,221 INFO     ___FILE_ONLY___ node-pools
2022-05-11 12:10:51,222 INFO     ___FILE_ONLY___  
2022-05-11 12:10:51,222 INFO     ___FILE_ONLY___ update
2022-05-11 12:10:51,222 INFO     ___FILE_ONLY___  
2022-05-11 12:10:51,222 INFO     ___FILE_ONLY___ to
2022-05-11 12:10:51,222 INFO     ___FILE_ONLY___  
2022-05-11 12:10:51,222 INFO     ___FILE_ONLY___ clear
2022-05-11 12:10:51,222 INFO     ___FILE_ONLY___  
2022-05-11 12:10:51,223 INFO     ___FILE_ONLY___ the
2022-05-11 12:10:51,223 INFO     ___FILE_ONLY___  
2022-05-11 12:10:51,223 INFO     ___FILE_ONLY___ EC2
2022-05-11 12:10:51,223 INFO     ___FILE_ONLY___  
2022-05-11 12:10:51,223 INFO     ___FILE_ONLY___ key
2022-05-11 12:10:51,223 INFO     ___FILE_ONLY___ 

2022-05-11 12:10:51,223 INFO     ___FILE_ONLY___         
2022-05-11 12:10:51,223 INFO     ___FILE_ONLY___ pair
2022-05-11 12:10:51,224 INFO     ___FILE_ONLY___  
2022-05-11 12:10:51,224 INFO     ___FILE_ONLY___ to
2022-05-11 12:10:51,224 INFO     ___FILE_ONLY___  
2022-05-11 12:10:51,224 INFO     ___FILE_ONLY___ login
2022-05-11 12:10:51,224 INFO     ___FILE_ONLY___  
2022-05-11 12:10:51,224 INFO     ___FILE_ONLY___ into
2022-05-11 12:10:51,224 INFO     ___FILE_ONLY___  
2022-05-11 12:10:51,225 INFO     ___FILE_ONLY___ control
2022-05-11 12:10:51,225 INFO     ___FILE_ONLY___  
2022-05-11 12:10:51,225 INFO     ___FILE_ONLY___ plane
2022-05-11 12:10:51,225 INFO     ___FILE_ONLY___  
2022-05-11 12:10:51,225 INFO     ___FILE_ONLY___ or
2022-05-11 12:10:51,225 INFO     ___FILE_ONLY___  
2022-05-11 12:10:51,225 INFO     ___FILE_ONLY___ node
2022-05-11 12:10:51,225 INFO     ___FILE_ONLY___  
2022-05-11 12:10:51,225 INFO     ___FILE_ONLY___ pool
2022-05-11 12:10:51,225 INFO     ___FILE_ONLY___  
2022-05-11 12:10:51,225 INFO     ___FILE_ONLY___ nodes.
2022-05-11 12:10:51,226 INFO     ___FILE_ONLY___ 

2022-05-11 12:10:51,226 INFO     ___FILE_ONLY___ 

2022-05-11 12:10:51,226 INFO     ___FILE_ONLY___ 
2022-05-11 12:10:51,226 INFO     ___FILE_ONLY___   
2022-05-11 12:10:51,226 INFO     ___FILE_ONLY___ Cloud Run

2022-05-11 12:10:51,226 INFO     ___FILE_ONLY___       ▪
2022-05-11 12:10:51,226 INFO     ___FILE_ONLY___  
2022-05-11 12:10:51,226 INFO     ___FILE_ONLY___ Fixed
2022-05-11 12:10:51,226 INFO     ___FILE_ONLY___  
2022-05-11 12:10:51,226 INFO     ___FILE_ONLY___ issue
2022-05-11 12:10:51,227 INFO     ___FILE_ONLY___  
2022-05-11 12:10:51,227 INFO     ___FILE_ONLY___ where
2022-05-11 12:10:51,227 INFO     ___FILE_ONLY___  
2022-05-11 12:10:51,227 INFO     ___FILE_ONLY___ some
2022-05-11 12:10:51,227 INFO     ___FILE_ONLY___  
2022-05-11 12:10:51,227 INFO     ___FILE_ONLY___ commands
2022-05-11 12:10:51,227 INFO     ___FILE_ONLY___  
2022-05-11 12:10:51,227 INFO     ___FILE_ONLY___ were
2022-05-11 12:10:51,227 INFO     ___FILE_ONLY___  
2022-05-11 12:10:51,227 INFO     ___FILE_ONLY___ missing
2022-05-11 12:10:51,227 INFO     ___FILE_ONLY___  
2022-05-11 12:10:51,228 INFO     ___FILE_ONLY___ from
2022-05-11 12:10:51,228 INFO     ___FILE_ONLY___  
2022-05-11 12:10:51,228 INFO     ___FILE_ONLY___ gcloud
2022-05-11 12:10:51,228 INFO     ___FILE_ONLY___  
2022-05-11 12:10:51,228 INFO     ___FILE_ONLY___ beta
2022-05-11 12:10:51,228 INFO     ___FILE_ONLY___  
2022-05-11 12:10:51,228 INFO     ___FILE_ONLY___ run
2022-05-11 12:10:51,230 INFO     ___FILE_ONLY___ 

2022-05-11 12:10:51,230 INFO     ___FILE_ONLY___         
2022-05-11 12:10:51,230 INFO     ___FILE_ONLY___ jobs.
2022-05-11 12:10:51,230 INFO     ___FILE_ONLY___ 

2022-05-11 12:10:51,230 INFO     ___FILE_ONLY___ 

2022-05-11 12:10:51,230 INFO     ___FILE_ONLY___ 
2022-05-11 12:10:51,230 INFO     ___FILE_ONLY___   
2022-05-11 12:10:51,231 INFO     ___FILE_ONLY___ Cloud SQL

2022-05-11 12:10:51,231 INFO     ___FILE_ONLY___       ▪
2022-05-11 12:10:51,231 INFO     ___FILE_ONLY___  
2022-05-11 12:10:51,231 INFO     ___FILE_ONLY___ Added
2022-05-11 12:10:51,231 INFO     ___FILE_ONLY___  
2022-05-11 12:10:51,231 INFO     ___FILE_ONLY___ --enable-password-policy
2022-05-11 12:10:51,231 INFO     ___FILE_ONLY___  
2022-05-11 12:10:51,231 INFO     ___FILE_ONLY___ flag
2022-05-11 12:10:51,231 INFO     ___FILE_ONLY___  
2022-05-11 12:10:51,231 INFO     ___FILE_ONLY___ to
2022-05-11 12:10:51,231 INFO     ___FILE_ONLY___  
2022-05-11 12:10:51,231 INFO     ___FILE_ONLY___ gcloud
2022-05-11 12:10:51,231 INFO     ___FILE_ONLY___  
2022-05-11 12:10:51,232 INFO     ___FILE_ONLY___ sql
2022-05-11 12:10:51,232 INFO     ___FILE_ONLY___  
2022-05-11 12:10:51,232 INFO     ___FILE_ONLY___ instances
2022-05-11 12:10:51,232 INFO     ___FILE_ONLY___  
2022-05-11 12:10:51,232 INFO     ___FILE_ONLY___ create
2022-05-11 12:10:51,232 INFO     ___FILE_ONLY___ 

2022-05-11 12:10:51,232 INFO     ___FILE_ONLY___         
2022-05-11 12:10:51,232 INFO     ___FILE_ONLY___ and
2022-05-11 12:10:51,232 INFO     ___FILE_ONLY___  
2022-05-11 12:10:51,232 INFO     ___FILE_ONLY___ gcloud
2022-05-11 12:10:51,232 INFO     ___FILE_ONLY___  
2022-05-11 12:10:51,232 INFO     ___FILE_ONLY___ sql
2022-05-11 12:10:51,232 INFO     ___FILE_ONLY___  
2022-05-11 12:10:51,232 INFO     ___FILE_ONLY___ instances
2022-05-11 12:10:51,232 INFO     ___FILE_ONLY___  
2022-05-11 12:10:51,233 INFO     ___FILE_ONLY___ patch
2022-05-11 12:10:51,233 INFO     ___FILE_ONLY___  
2022-05-11 12:10:51,233 INFO     ___FILE_ONLY___ for
2022-05-11 12:10:51,233 INFO     ___FILE_ONLY___  
2022-05-11 12:10:51,233 INFO     ___FILE_ONLY___ GA.
2022-05-11 12:10:51,234 INFO     ___FILE_ONLY___ 

2022-05-11 12:10:51,234 INFO     ___FILE_ONLY___ 

2022-05-11 12:10:51,234 INFO     ___FILE_ONLY___ 
2022-05-11 12:10:51,234 INFO     ___FILE_ONLY___   
2022-05-11 12:10:51,234 INFO     ___FILE_ONLY___ Compute Engine

2022-05-11 12:10:51,234 INFO     ___FILE_ONLY___       ▪
2022-05-11 12:10:51,234 INFO     ___FILE_ONLY___  
2022-05-11 12:10:51,234 INFO     ___FILE_ONLY___ Promoted
2022-05-11 12:10:51,235 INFO     ___FILE_ONLY___  
2022-05-11 12:10:51,235 INFO     ___FILE_ONLY___ --key-revocation-action-type
2022-05-11 12:10:51,235 INFO     ___FILE_ONLY___  
2022-05-11 12:10:51,235 INFO     ___FILE_ONLY___ flag
2022-05-11 12:10:51,235 INFO     ___FILE_ONLY___  
2022-05-11 12:10:51,235 INFO     ___FILE_ONLY___ to
2022-05-11 12:10:51,235 INFO     ___FILE_ONLY___  
2022-05-11 12:10:51,235 INFO     ___FILE_ONLY___ beta
2022-05-11 12:10:51,235 INFO     ___FILE_ONLY___  
2022-05-11 12:10:51,235 INFO     ___FILE_ONLY___ for
2022-05-11 12:10:51,235 INFO     ___FILE_ONLY___  
2022-05-11 12:10:51,235 INFO     ___FILE_ONLY___ gcloud
2022-05-11 12:10:51,235 INFO     ___FILE_ONLY___  
2022-05-11 12:10:51,235 INFO     ___FILE_ONLY___ compute
2022-05-11 12:10:51,235 INFO     ___FILE_ONLY___ 

2022-05-11 12:10:51,235 INFO     ___FILE_ONLY___         
2022-05-11 12:10:51,236 INFO     ___FILE_ONLY___ instance-templates
2022-05-11 12:10:51,236 INFO     ___FILE_ONLY___  
2022-05-11 12:10:51,236 INFO     ___FILE_ONLY___ create.
2022-05-11 12:10:51,236 INFO     ___FILE_ONLY___ 

2022-05-11 12:10:51,236 INFO     ___FILE_ONLY___       ▪
2022-05-11 12:10:51,236 INFO     ___FILE_ONLY___  
2022-05-11 12:10:51,236 INFO     ___FILE_ONLY___ Promoted
2022-05-11 12:10:51,236 INFO     ___FILE_ONLY___  
2022-05-11 12:10:51,236 INFO     ___FILE_ONLY___ keyRevocationActionType
2022-05-11 12:10:51,236 INFO     ___FILE_ONLY___  
2022-05-11 12:10:51,236 INFO     ___FILE_ONLY___ flag
2022-05-11 12:10:51,236 INFO     ___FILE_ONLY___  
2022-05-11 12:10:51,236 INFO     ___FILE_ONLY___ of
2022-05-11 12:10:51,237 INFO     ___FILE_ONLY___  
2022-05-11 12:10:51,237 INFO     ___FILE_ONLY___ gcloud
2022-05-11 12:10:51,237 INFO     ___FILE_ONLY___  
2022-05-11 12:10:51,237 INFO     ___FILE_ONLY___ compute
2022-05-11 12:10:51,237 INFO     ___FILE_ONLY___  
2022-05-11 12:10:51,237 INFO     ___FILE_ONLY___ instances
2022-05-11 12:10:51,237 INFO     ___FILE_ONLY___ 

2022-05-11 12:10:51,237 INFO     ___FILE_ONLY___         
2022-05-11 12:10:51,237 INFO     ___FILE_ONLY___ update-from-file
2022-05-11 12:10:51,237 INFO     ___FILE_ONLY___  
2022-05-11 12:10:51,237 INFO     ___FILE_ONLY___ to
2022-05-11 12:10:51,237 INFO     ___FILE_ONLY___  
2022-05-11 12:10:51,237 INFO     ___FILE_ONLY___ beta.
2022-05-11 12:10:51,237 INFO     ___FILE_ONLY___ 

2022-05-11 12:10:51,237 INFO     ___FILE_ONLY___       ▪
2022-05-11 12:10:51,238 INFO     ___FILE_ONLY___  
2022-05-11 12:10:51,238 INFO     ___FILE_ONLY___ Added
2022-05-11 12:10:51,238 INFO     ___FILE_ONLY___  
2022-05-11 12:10:51,238 INFO     ___FILE_ONLY___ FIXED_STANDARD
2022-05-11 12:10:51,238 INFO     ___FILE_ONLY___  
2022-05-11 12:10:51,238 INFO     ___FILE_ONLY___ to
2022-05-11 12:10:51,238 INFO     ___FILE_ONLY___  
2022-05-11 12:10:51,238 INFO     ___FILE_ONLY___ allowed
2022-05-11 12:10:51,238 INFO     ___FILE_ONLY___  
2022-05-11 12:10:51,238 INFO     ___FILE_ONLY___ list
2022-05-11 12:10:51,238 INFO     ___FILE_ONLY___  
2022-05-11 12:10:51,238 INFO     ___FILE_ONLY___ of
2022-05-11 12:10:51,238 INFO     ___FILE_ONLY___  
2022-05-11 12:10:51,238 INFO     ___FILE_ONLY___ values
2022-05-11 12:10:51,239 INFO     ___FILE_ONLY___  
2022-05-11 12:10:51,239 INFO     ___FILE_ONLY___ for
2022-05-11 12:10:51,239 INFO     ___FILE_ONLY___ 

2022-05-11 12:10:51,239 INFO     ___FILE_ONLY___         
2022-05-11 12:10:51,239 INFO     ___FILE_ONLY___ --default-network-tier
2022-05-11 12:10:51,239 INFO     ___FILE_ONLY___  
2022-05-11 12:10:51,239 INFO     ___FILE_ONLY___ flag.
2022-05-11 12:10:51,239 INFO     ___FILE_ONLY___ 

2022-05-11 12:10:51,239 INFO     ___FILE_ONLY___ 

2022-05-11 12:10:51,239 INFO     ___FILE_ONLY___ 
2022-05-11 12:10:51,239 INFO     ___FILE_ONLY___   
2022-05-11 12:10:51,239 INFO     ___FILE_ONLY___ Config Controller

2022-05-11 12:10:51,239 INFO     ___FILE_ONLY___       ▪
2022-05-11 12:10:51,240 INFO     ___FILE_ONLY___  
2022-05-11 12:10:51,240 INFO     ___FILE_ONLY___ Updated
2022-05-11 12:10:51,240 INFO     ___FILE_ONLY___  
2022-05-11 12:10:51,240 INFO     ___FILE_ONLY___ output
2022-05-11 12:10:51,240 INFO     ___FILE_ONLY___  
2022-05-11 12:10:51,240 INFO     ___FILE_ONLY___ of
2022-05-11 12:10:51,240 INFO     ___FILE_ONLY___  
2022-05-11 12:10:51,240 INFO     ___FILE_ONLY___ gcloud
2022-05-11 12:10:51,240 INFO     ___FILE_ONLY___  
2022-05-11 12:10:51,240 INFO     ___FILE_ONLY___ anthos
2022-05-11 12:10:51,240 INFO     ___FILE_ONLY___  
2022-05-11 12:10:51,240 INFO     ___FILE_ONLY___ config
2022-05-11 12:10:51,240 INFO     ___FILE_ONLY___  
2022-05-11 12:10:51,240 INFO     ___FILE_ONLY___ controller
2022-05-11 12:10:51,241 INFO     ___FILE_ONLY___  
2022-05-11 12:10:51,241 INFO     ___FILE_ONLY___ create
2022-05-11 12:10:51,241 INFO     ___FILE_ONLY___  
2022-05-11 12:10:51,241 INFO     ___FILE_ONLY___ to
2022-05-11 12:10:51,241 INFO     ___FILE_ONLY___  
2022-05-11 12:10:51,241 INFO     ___FILE_ONLY___ not
2022-05-11 12:10:51,241 INFO     ___FILE_ONLY___ 

2022-05-11 12:10:51,241 INFO     ___FILE_ONLY___         
2022-05-11 12:10:51,241 INFO     ___FILE_ONLY___ include
2022-05-11 12:10:51,241 INFO     ___FILE_ONLY___  
2022-05-11 12:10:51,242 INFO     ___FILE_ONLY___ the
2022-05-11 12:10:51,242 INFO     ___FILE_ONLY___  
2022-05-11 12:10:51,242 INFO     ___FILE_ONLY___ default
2022-05-11 12:10:51,242 INFO     ___FILE_ONLY___  
2022-05-11 12:10:51,242 INFO     ___FILE_ONLY___ Config
2022-05-11 12:10:51,242 INFO     ___FILE_ONLY___  
2022-05-11 12:10:51,242 INFO     ___FILE_ONLY___ Connector
2022-05-11 12:10:51,242 INFO     ___FILE_ONLY___  
2022-05-11 12:10:51,242 INFO     ___FILE_ONLY___ identity
2022-05-11 12:10:51,242 INFO     ___FILE_ONLY___  
2022-05-11 12:10:51,242 INFO     ___FILE_ONLY___ upon
2022-05-11 12:10:51,243 INFO     ___FILE_ONLY___  
2022-05-11 12:10:51,243 INFO     ___FILE_ONLY___ creation.
2022-05-11 12:10:51,243 INFO     ___FILE_ONLY___ 

2022-05-11 12:10:51,243 INFO     ___FILE_ONLY___ 

2022-05-11 12:10:51,243 INFO     ___FILE_ONLY___ 
2022-05-11 12:10:51,243 INFO     ___FILE_ONLY___   
2022-05-11 12:10:51,243 INFO     ___FILE_ONLY___ Eventarc

2022-05-11 12:10:51,243 INFO     ___FILE_ONLY___       ▪
2022-05-11 12:10:51,244 INFO     ___FILE_ONLY___  
2022-05-11 12:10:51,244 INFO     ___FILE_ONLY___ Added
2022-05-11 12:10:51,244 INFO     ___FILE_ONLY___  
2022-05-11 12:10:51,244 INFO     ___FILE_ONLY___ gcloud
2022-05-11 12:10:51,244 INFO     ___FILE_ONLY___  
2022-05-11 12:10:51,244 INFO     ___FILE_ONLY___ eventarc
2022-05-11 12:10:51,244 INFO     ___FILE_ONLY___  
2022-05-11 12:10:51,244 INFO     ___FILE_ONLY___ channels
2022-05-11 12:10:51,244 INFO     ___FILE_ONLY___  
2022-05-11 12:10:51,245 INFO     ___FILE_ONLY___ group
2022-05-11 12:10:51,245 INFO     ___FILE_ONLY___  
2022-05-11 12:10:51,245 INFO     ___FILE_ONLY___ to
2022-05-11 12:10:51,245 INFO     ___FILE_ONLY___  
2022-05-11 12:10:51,245 INFO     ___FILE_ONLY___ interact
2022-05-11 12:10:51,245 INFO     ___FILE_ONLY___  
2022-05-11 12:10:51,245 INFO     ___FILE_ONLY___ with
2022-05-11 12:10:51,245 INFO     ___FILE_ONLY___  
2022-05-11 12:10:51,245 INFO     ___FILE_ONLY___ third-party
2022-05-11 12:10:51,245 INFO     ___FILE_ONLY___ 

2022-05-11 12:10:51,245 INFO     ___FILE_ONLY___         
2022-05-11 12:10:51,245 INFO     ___FILE_ONLY___ sources.
2022-05-11 12:10:51,246 INFO     ___FILE_ONLY___ 

2022-05-11 12:10:51,246 INFO     ___FILE_ONLY___       ▪
2022-05-11 12:10:51,246 INFO     ___FILE_ONLY___  
2022-05-11 12:10:51,246 INFO     ___FILE_ONLY___ Added
2022-05-11 12:10:51,246 INFO     ___FILE_ONLY___  
2022-05-11 12:10:51,246 INFO     ___FILE_ONLY___ gcloud
2022-05-11 12:10:51,246 INFO     ___FILE_ONLY___  
2022-05-11 12:10:51,246 INFO     ___FILE_ONLY___ eventarc
2022-05-11 12:10:51,246 INFO     ___FILE_ONLY___  
2022-05-11 12:10:51,246 INFO     ___FILE_ONLY___ channel-connections
2022-05-11 12:10:51,246 INFO     ___FILE_ONLY___  
2022-05-11 12:10:51,247 INFO     ___FILE_ONLY___ for
2022-05-11 12:10:51,247 INFO     ___FILE_ONLY___  
2022-05-11 12:10:51,247 INFO     ___FILE_ONLY___ event
2022-05-11 12:10:51,247 INFO     ___FILE_ONLY___  
2022-05-11 12:10:51,247 INFO     ___FILE_ONLY___ providers
2022-05-11 12:10:51,247 INFO     ___FILE_ONLY___  
2022-05-11 12:10:51,247 INFO     ___FILE_ONLY___ to
2022-05-11 12:10:51,247 INFO     ___FILE_ONLY___ 

2022-05-11 12:10:51,247 INFO     ___FILE_ONLY___         
2022-05-11 12:10:51,247 INFO     ___FILE_ONLY___ create
2022-05-11 12:10:51,247 INFO     ___FILE_ONLY___  
2022-05-11 12:10:51,247 INFO     ___FILE_ONLY___ association
2022-05-11 12:10:51,248 INFO     ___FILE_ONLY___  
2022-05-11 12:10:51,248 INFO     ___FILE_ONLY___ with
2022-05-11 12:10:51,248 INFO     ___FILE_ONLY___  
2022-05-11 12:10:51,248 INFO     ___FILE_ONLY___ the
2022-05-11 12:10:51,248 INFO     ___FILE_ONLY___  
2022-05-11 12:10:51,248 INFO     ___FILE_ONLY___ user
2022-05-11 12:10:51,248 INFO     ___FILE_ONLY___  
2022-05-11 12:10:51,248 INFO     ___FILE_ONLY___ channel.
2022-05-11 12:10:51,248 INFO     ___FILE_ONLY___ 

2022-05-11 12:10:51,248 INFO     ___FILE_ONLY___       ▪
2022-05-11 12:10:51,248 INFO     ___FILE_ONLY___  
2022-05-11 12:10:51,249 INFO     ___FILE_ONLY___ Added
2022-05-11 12:10:51,249 INFO     ___FILE_ONLY___  
2022-05-11 12:10:51,249 INFO     ___FILE_ONLY___ --channel
2022-05-11 12:10:51,249 INFO     ___FILE_ONLY___  
2022-05-11 12:10:51,249 INFO     ___FILE_ONLY___ argument
2022-05-11 12:10:51,249 INFO     ___FILE_ONLY___  
2022-05-11 12:10:51,249 INFO     ___FILE_ONLY___ to
2022-05-11 12:10:51,249 INFO     ___FILE_ONLY___  
2022-05-11 12:10:51,249 INFO     ___FILE_ONLY___ gcloud
2022-05-11 12:10:51,249 INFO     ___FILE_ONLY___  
2022-05-11 12:10:51,249 INFO     ___FILE_ONLY___ eventarc
2022-05-11 12:10:51,250 INFO     ___FILE_ONLY___  
2022-05-11 12:10:51,250 INFO     ___FILE_ONLY___ triggers
2022-05-11 12:10:51,250 INFO     ___FILE_ONLY___  
2022-05-11 12:10:51,250 INFO     ___FILE_ONLY___ create
2022-05-11 12:10:51,250 INFO     ___FILE_ONLY___  
2022-05-11 12:10:51,250 INFO     ___FILE_ONLY___ to
2022-05-11 12:10:51,250 INFO     ___FILE_ONLY___ 

2022-05-11 12:10:51,250 INFO     ___FILE_ONLY___         
2022-05-11 12:10:51,251 INFO     ___FILE_ONLY___ specify
2022-05-11 12:10:51,251 INFO     ___FILE_ONLY___  
2022-05-11 12:10:51,251 INFO     ___FILE_ONLY___ associated
2022-05-11 12:10:51,251 INFO     ___FILE_ONLY___  
2022-05-11 12:10:51,251 INFO     ___FILE_ONLY___ channel.
2022-05-11 12:10:51,251 INFO     ___FILE_ONLY___ 

2022-05-11 12:10:51,251 INFO     ___FILE_ONLY___ 

2022-05-11 12:10:51,251 INFO     ___FILE_ONLY___ 
2022-05-11 12:10:51,251 INFO     ___FILE_ONLY___   
2022-05-11 12:10:51,252 INFO     ___FILE_ONLY___ Network Services

2022-05-11 12:10:51,252 INFO     ___FILE_ONLY___       ▪
2022-05-11 12:10:51,252 INFO     ___FILE_ONLY___  
2022-05-11 12:10:51,252 INFO     ___FILE_ONLY___ Promoted
2022-05-11 12:10:51,252 INFO     ___FILE_ONLY___  
2022-05-11 12:10:51,252 INFO     ___FILE_ONLY___ gcloud
2022-05-11 12:10:51,252 INFO     ___FILE_ONLY___  
2022-05-11 12:10:51,252 INFO     ___FILE_ONLY___ network-services
2022-05-11 12:10:51,252 INFO     ___FILE_ONLY___  
2022-05-11 12:10:51,252 INFO     ___FILE_ONLY___ service-bindings
2022-05-11 12:10:51,252 INFO     ___FILE_ONLY___  
2022-05-11 12:10:51,252 INFO     ___FILE_ONLY___ to
2022-05-11 12:10:51,253 INFO     ___FILE_ONLY___  
2022-05-11 12:10:51,253 INFO     ___FILE_ONLY___ GA.
2022-05-11 12:10:51,253 INFO     ___FILE_ONLY___ 

2022-05-11 12:10:51,253 INFO     ___FILE_ONLY___ 

2022-05-11 12:10:51,253 INFO     ___FILE_ONLY___    
2022-05-11 12:10:51,253 INFO     ___FILE_ONLY___  
2022-05-11 12:10:51,253 INFO     ___FILE_ONLY___ Subscribe
2022-05-11 12:10:51,253 INFO     ___FILE_ONLY___  
2022-05-11 12:10:51,253 INFO     ___FILE_ONLY___ to
2022-05-11 12:10:51,253 INFO     ___FILE_ONLY___  
2022-05-11 12:10:51,253 INFO     ___FILE_ONLY___ these
2022-05-11 12:10:51,253 INFO     ___FILE_ONLY___  
2022-05-11 12:10:51,253 INFO     ___FILE_ONLY___ release
2022-05-11 12:10:51,253 INFO     ___FILE_ONLY___  
2022-05-11 12:10:51,254 INFO     ___FILE_ONLY___ notes
2022-05-11 12:10:51,254 INFO     ___FILE_ONLY___  
2022-05-11 12:10:51,254 INFO     ___FILE_ONLY___ at
2022-05-11 12:10:51,254 INFO     ___FILE_ONLY___ 

2022-05-11 12:10:51,254 INFO     ___FILE_ONLY___     
2022-05-11 12:10:51,254 INFO     ___FILE_ONLY___ https://groups.google.com/forum/#!forum/google-cloud-sdk-announce
2022-05-11 12:10:51,254 INFO     ___FILE_ONLY___ 

2022-05-11 12:10:51,254 INFO     ___FILE_ONLY___     
2022-05-11 12:10:51,254 INFO     ___FILE_ONLY___ (https://groups.google.com/forum/#!forum/google-cloud-sdk-announce).
2022-05-11 12:10:51,254 INFO     ___FILE_ONLY___ 

2022-05-11 12:10:51,254 INFO     ___FILE_ONLY___ 
2022-05-11 12:10:51,254 INFO     ___FILE_ONLY___ 

2022-05-11 12:10:51,267 INFO     ___FILE_ONLY___ ╔════════════════════════════════════════════════════════════╗

2022-05-11 12:10:51,268 INFO     ___FILE_ONLY___ ╠═ Creating update staging area                             ═╣

2022-05-11 12:10:51,268 INFO     ___FILE_ONLY___ ╚
2022-05-11 12:10:51,268 INFO     ___FILE_ONLY___ ══════
2022-05-11 12:10:57,920 INFO     ___FILE_ONLY___ ══════
2022-05-11 12:10:57,921 INFO     ___FILE_ONLY___ ══════
2022-05-11 12:10:59,237 INFO     ___FILE_ONLY___ ═
2022-05-11 12:10:59,646 INFO     ___FILE_ONLY___ ═
2022-05-11 12:10:59,994 INFO     ___FILE_ONLY___ ═
2022-05-11 12:11:00,554 INFO     ___FILE_ONLY___ ═
2022-05-11 12:11:00,901 INFO     ___FILE_ONLY___ ═
2022-05-11 12:11:01,102 INFO     ___FILE_ONLY___ ═
2022-05-11 12:11:01,268 INFO     ___FILE_ONLY___ ═
2022-05-11 12:11:01,507 INFO     ___FILE_ONLY___ ═
2022-05-11 12:11:01,749 INFO     ___FILE_ONLY___ ═
2022-05-11 12:11:02,058 INFO     ___FILE_ONLY___ ═
2022-05-11 12:11:02,270 INFO     ___FILE_ONLY___ ═
2022-05-11 12:11:02,419 INFO     ___FILE_ONLY___ ═
2022-05-11 12:11:02,703 INFO     ___FILE_ONLY___ ═
2022-05-11 12:11:02,900 INFO     ___FILE_ONLY___ ═
2022-05-11 12:11:03,034 INFO     ___FILE_ONLY___ ═
2022-05-11 12:11:03,233 INFO     ___FILE_ONLY___ ═
2022-05-11 12:11:03,595 INFO     ___FILE_ONLY___ ═
2022-05-11 12:11:03,751 INFO     ___FILE_ONLY___ ═
2022-05-11 12:11:03,946 INFO     ___FILE_ONLY___ ═
2022-05-11 12:11:04,101 INFO     ___FILE_ONLY___ ═
2022-05-11 12:11:04,222 INFO     ___FILE_ONLY___ ═
2022-05-11 12:11:04,343 INFO     ___FILE_ONLY___ ═
2022-05-11 12:11:04,450 INFO     ___FILE_ONLY___ ═
2022-05-11 12:11:04,610 INFO     ___FILE_ONLY___ ═
2022-05-11 12:11:04,749 INFO     ___FILE_ONLY___ ═
2022-05-11 12:11:04,931 INFO     ___FILE_ONLY___ ═
2022-05-11 12:11:05,092 INFO     ___FILE_ONLY___ ═
2022-05-11 12:11:05,249 INFO     ___FILE_ONLY___ ═
2022-05-11 12:11:05,393 INFO     ___FILE_ONLY___ ═
2022-05-11 12:11:05,571 INFO     ___FILE_ONLY___ ═
2022-05-11 12:11:05,737 INFO     ___FILE_ONLY___ ═
2022-05-11 12:11:05,922 INFO     ___FILE_ONLY___ ═
2022-05-11 12:11:06,090 INFO     ___FILE_ONLY___ ═
2022-05-11 12:11:06,240 INFO     ___FILE_ONLY___ ═
2022-05-11 12:11:06,386 INFO     ___FILE_ONLY___ ═
2022-05-11 12:11:06,587 INFO     ___FILE_ONLY___ ═
2022-05-11 12:11:06,764 INFO     ___FILE_ONLY___ ═
2022-05-11 12:11:06,873 INFO     ___FILE_ONLY___ ═
2022-05-11 12:11:07,059 INFO     ___FILE_ONLY___ ═
2022-05-11 12:11:07,193 INFO     ___FILE_ONLY___ ═
2022-05-11 12:11:07,323 INFO     ___FILE_ONLY___ ═
2022-05-11 12:11:07,462 INFO     ___FILE_ONLY___ ═
2022-05-11 12:11:07,462 INFO     ___FILE_ONLY___ ╝

2022-05-11 12:11:13,136 INFO     ___FILE_ONLY___ ╔════════════════════════════════════════════════════════════╗

2022-05-11 12:11:13,159 INFO     ___FILE_ONLY___ ╠═ Uninstalling: Google Cloud CLI Core Libraries            ═╣

2022-05-11 12:11:13,159 INFO     ___FILE_ONLY___ ╚
2022-05-11 12:11:13,184 INFO     ___FILE_ONLY___ ═
2022-05-11 12:11:13,205 INFO     ___FILE_ONLY___ ═
2022-05-11 12:11:13,224 INFO     ___FILE_ONLY___ ═
2022-05-11 12:11:13,245 INFO     ___FILE_ONLY___ ═
2022-05-11 12:11:13,265 INFO     ___FILE_ONLY___ ═
2022-05-11 12:11:13,284 INFO     ___FILE_ONLY___ ═
2022-05-11 12:11:13,304 INFO     ___FILE_ONLY___ ═
2022-05-11 12:11:13,325 INFO     ___FILE_ONLY___ ═
2022-05-11 12:11:13,344 INFO     ___FILE_ONLY___ ═
2022-05-11 12:11:13,363 INFO     ___FILE_ONLY___ ═
2022-05-11 12:11:13,385 INFO     ___FILE_ONLY___ ═
2022-05-11 12:11:13,403 INFO     ___FILE_ONLY___ ═
2022-05-11 12:11:13,422 INFO     ___FILE_ONLY___ ═
2022-05-11 12:11:13,444 INFO     ___FILE_ONLY___ ═
2022-05-11 12:11:13,462 INFO     ___FILE_ONLY___ ═
2022-05-11 12:11:13,480 INFO     ___FILE_ONLY___ ═
2022-05-11 12:11:13,498 INFO     ___FILE_ONLY___ ═
2022-05-11 12:11:13,516 INFO     ___FILE_ONLY___ ═
2022-05-11 12:11:13,532 INFO     ___FILE_ONLY___ ═
2022-05-11 12:11:13,553 INFO     ___FILE_ONLY___ ═
2022-05-11 12:11:13,574 INFO     ___FILE_ONLY___ ═
2022-05-11 12:11:13,593 INFO     ___FILE_ONLY___ ═
2022-05-11 12:11:13,614 INFO     ___FILE_ONLY___ ═
2022-05-11 12:11:13,633 INFO     ___FILE_ONLY___ ═
2022-05-11 12:11:13,653 INFO     ___FILE_ONLY___ ═
2022-05-11 12:11:13,675 INFO     ___FILE_ONLY___ ═
2022-05-11 12:11:13,696 INFO     ___FILE_ONLY___ ═
2022-05-11 12:11:13,715 INFO     ___FILE_ONLY___ ═
2022-05-11 12:11:13,737 INFO     ___FILE_ONLY___ ═
2022-05-11 12:11:13,756 INFO     ___FILE_ONLY___ ═
2022-05-11 12:11:13,807 INFO     ___FILE_ONLY___ ═
2022-05-11 12:11:13,828 INFO     ___FILE_ONLY___ ═
2022-05-11 12:11:13,848 INFO     ___FILE_ONLY___ ═
2022-05-11 12:11:13,867 INFO     ___FILE_ONLY___ ═
2022-05-11 12:11:13,887 INFO     ___FILE_ONLY___ ═
2022-05-11 12:11:13,909 INFO     ___FILE_ONLY___ ═
2022-05-11 12:11:13,927 INFO     ___FILE_ONLY___ ═
2022-05-11 12:11:13,947 INFO     ___FILE_ONLY___ ═
2022-05-11 12:11:13,964 INFO     ___FILE_ONLY___ ═
2022-05-11 12:11:13,983 INFO     ___FILE_ONLY___ ═
2022-05-11 12:11:13,999 INFO     ___FILE_ONLY___ ═
2022-05-11 12:11:14,013 INFO     ___FILE_ONLY___ ═
2022-05-11 12:11:14,032 INFO     ___FILE_ONLY___ ═
2022-05-11 12:11:14,052 INFO     ___FILE_ONLY___ ═
2022-05-11 12:11:14,072 INFO     ___FILE_ONLY___ ═
2022-05-11 12:11:14,093 INFO     ___FILE_ONLY___ ═
2022-05-11 12:11:14,116 INFO     ___FILE_ONLY___ ═
2022-05-11 12:11:14,134 INFO     ___FILE_ONLY___ ═
2022-05-11 12:11:14,151 INFO     ___FILE_ONLY___ ═
2022-05-11 12:11:14,176 INFO     ___FILE_ONLY___ ═
2022-05-11 12:11:14,197 INFO     ___FILE_ONLY___ ═
2022-05-11 12:11:14,218 INFO     ___FILE_ONLY___ ═
2022-05-11 12:11:14,238 INFO     ___FILE_ONLY___ ═
2022-05-11 12:11:14,260 INFO     ___FILE_ONLY___ ═
2022-05-11 12:11:14,282 INFO     ___FILE_ONLY___ ═
2022-05-11 12:11:14,301 INFO     ___FILE_ONLY___ ═
2022-05-11 12:11:14,319 INFO     ___FILE_ONLY___ ═
2022-05-11 12:11:14,342 INFO     ___FILE_ONLY___ ═
2022-05-11 12:11:14,362 INFO     ___FILE_ONLY___ ═
2022-05-11 12:11:14,380 INFO     ___FILE_ONLY___ ═
2022-05-11 12:11:14,380 INFO     ___FILE_ONLY___ ╝

2022-05-11 12:11:16,049 INFO     ___FILE_ONLY___ ╔════════════════════════════════════════════════════════════╗

2022-05-11 12:11:16,050 INFO     ___FILE_ONLY___ ╠═ Uninstalling: gcloud Beta Commands                       ═╣

2022-05-11 12:11:16,050 INFO     ___FILE_ONLY___ ╚
2022-05-11 12:11:16,050 INFO     ___FILE_ONLY___ ════════════════════════════════════════════════════════════
2022-05-11 12:11:16,050 INFO     ___FILE_ONLY___ ╝

2022-05-11 12:11:16,056 INFO     ___FILE_ONLY___ ╔════════════════════════════════════════════════════════════╗

2022-05-11 12:11:16,056 INFO     ___FILE_ONLY___ ╠═ Installing: Google Cloud CLI Core Libraries              ═╣

2022-05-11 12:11:16,056 INFO     ___FILE_ONLY___ ╚
2022-05-11 12:11:16,059 DEBUG    urllib3.connectionpool Starting new HTTPS connection (1): dl.google.com:443
2022-05-11 12:11:16,273 DEBUG    urllib3.connectionpool https://dl.google.com:443 "GET /dl/cloudsdk/channels/rapid/components/google-cloud-sdk-core-20220506143240.tar.gz HTTP/1.1" 200 24304117
2022-05-11 12:11:20,516 INFO     ___FILE_ONLY___ ═
2022-05-11 12:11:20,517 INFO     ___FILE_ONLY___ ═
2022-05-11 12:11:20,518 INFO     ___FILE_ONLY___ ═
2022-05-11 12:11:20,519 INFO     ___FILE_ONLY___ ═
2022-05-11 12:11:20,519 INFO     ___FILE_ONLY___ ═
2022-05-11 12:11:20,520 INFO     ___FILE_ONLY___ ═
2022-05-11 12:11:20,521 INFO     ___FILE_ONLY___ ═
2022-05-11 12:11:20,521 INFO     ___FILE_ONLY___ ═
2022-05-11 12:11:20,522 INFO     ___FILE_ONLY___ ═
2022-05-11 12:11:20,523 INFO     ___FILE_ONLY___ ═
2022-05-11 12:11:20,524 INFO     ___FILE_ONLY___ ═
2022-05-11 12:11:20,525 INFO     ___FILE_ONLY___ ═
2022-05-11 12:11:20,525 INFO     ___FILE_ONLY___ ═
2022-05-11 12:11:20,526 INFO     ___FILE_ONLY___ ═
2022-05-11 12:11:20,527 INFO     ___FILE_ONLY___ ═
2022-05-11 12:11:20,527 INFO     ___FILE_ONLY___ ═
2022-05-11 12:11:20,528 INFO     ___FILE_ONLY___ ═
2022-05-11 12:11:20,529 INFO     ___FILE_ONLY___ ═
2022-05-11 12:11:20,529 INFO     ___FILE_ONLY___ ═
2022-05-11 12:11:20,530 INFO     ___FILE_ONLY___ ═
2022-05-11 12:11:20,531 INFO     ___FILE_ONLY___ ═
2022-05-11 12:11:20,532 INFO     ___FILE_ONLY___ ═
2022-05-11 12:11:20,532 INFO     ___FILE_ONLY___ ═
2022-05-11 12:11:20,533 INFO     ___FILE_ONLY___ ═
2022-05-11 12:11:20,534 INFO     ___FILE_ONLY___ ═
2022-05-11 12:11:20,534 INFO     ___FILE_ONLY___ ═
2022-05-11 12:11:20,535 INFO     ___FILE_ONLY___ ═
2022-05-11 12:11:20,536 INFO     ___FILE_ONLY___ ═
2022-05-11 12:11:20,536 INFO     ___FILE_ONLY___ ═
2022-05-11 12:11:20,537 INFO     ___FILE_ONLY___ ═
2022-05-11 12:11:22,492 INFO     ___FILE_ONLY___ ═
2022-05-11 12:11:22,582 INFO     ___FILE_ONLY___ ═
2022-05-11 12:11:22,649 INFO     ___FILE_ONLY___ ═
2022-05-11 12:11:22,716 INFO     ___FILE_ONLY___ ═
2022-05-11 12:11:22,781 INFO     ___FILE_ONLY___ ═
2022-05-11 12:11:22,843 INFO     ___FILE_ONLY___ ═
2022-05-11 12:11:22,907 INFO     ___FILE_ONLY___ ═
2022-05-11 12:11:22,979 INFO     ___FILE_ONLY___ ═
2022-05-11 12:11:23,040 INFO     ___FILE_ONLY___ ═
2022-05-11 12:11:23,118 INFO     ___FILE_ONLY___ ═
2022-05-11 12:11:23,190 INFO     ___FILE_ONLY___ ═
2022-05-11 12:11:23,262 INFO     ___FILE_ONLY___ ═
2022-05-11 12:11:23,367 INFO     ___FILE_ONLY___ ═
2022-05-11 12:11:23,441 INFO     ___FILE_ONLY___ ═
2022-05-11 12:11:23,502 INFO     ___FILE_ONLY___ ═
2022-05-11 12:11:23,562 INFO     ___FILE_ONLY___ ═
2022-05-11 12:11:23,625 INFO     ___FILE_ONLY___ ═
2022-05-11 12:11:23,687 INFO     ___FILE_ONLY___ ═
2022-05-11 12:11:23,766 INFO     ___FILE_ONLY___ ═
2022-05-11 12:11:23,826 INFO     ___FILE_ONLY___ ═
2022-05-11 12:11:23,884 INFO     ___FILE_ONLY___ ═
2022-05-11 12:11:23,937 INFO     ___FILE_ONLY___ ═
2022-05-11 12:11:23,995 INFO     ___FILE_ONLY___ ═
2022-05-11 12:11:24,055 INFO     ___FILE_ONLY___ ═
2022-05-11 12:11:24,194 INFO     ___FILE_ONLY___ ═
2022-05-11 12:11:24,396 INFO     ___FILE_ONLY___ ═
2022-05-11 12:11:24,656 INFO     ___FILE_ONLY___ ═
2022-05-11 12:11:24,829 INFO     ___FILE_ONLY___ ═
2022-05-11 12:11:24,970 INFO     ___FILE_ONLY___ ═
2022-05-11 12:11:25,080 INFO     ___FILE_ONLY___ ═
2022-05-11 12:11:25,080 INFO     ___FILE_ONLY___ ╝

2022-05-11 12:11:25,160 INFO     ___FILE_ONLY___ ╔════════════════════════════════════════════════════════════╗

2022-05-11 12:11:25,161 INFO     ___FILE_ONLY___ ╠═ Installing: gcloud Beta Commands                         ═╣

2022-05-11 12:11:25,161 INFO     ___FILE_ONLY___ ╚
2022-05-11 12:11:25,164 DEBUG    urllib3.connectionpool Starting new HTTPS connection (1): dl.google.com:443
2022-05-11 12:11:25,351 DEBUG    urllib3.connectionpool https://dl.google.com:443 "GET /dl/cloudsdk/channels/rapid/components/google-cloud-sdk-beta-20220506143240.tar.gz HTTP/1.1" 200 797
2022-05-11 12:11:25,352 INFO     ___FILE_ONLY___ ══════════════════════════════
2022-05-11 12:11:25,353 INFO     ___FILE_ONLY___ ══════════════════════════════
2022-05-11 12:11:25,353 INFO     ___FILE_ONLY___ ╝

2022-05-11 12:11:25,364 INFO     ___FILE_ONLY___ ╔════════════════════════════════════════════════════════════╗

2022-05-11 12:11:25,365 INFO     ___FILE_ONLY___ ╠═ Creating backup and activating new installation          ═╣

2022-05-11 12:11:25,365 INFO     ___FILE_ONLY___ ╚
2022-05-11 12:11:25,366 DEBUG    root            Attempting to move directory [/Users/yashsharma/Library/Application Support/cloud-code/installer/google-cloud-sdk] to [/Users/yashsharma/Library/Application Support/cloud-code/installer/google-cloud-sdk.staging/.install/.backup]
2022-05-11 12:11:25,366 INFO     ___FILE_ONLY___ ══════════════════════════════
2022-05-11 12:11:25,366 DEBUG    root            Attempting to move directory [/Users/yashsharma/Library/Application Support/cloud-code/installer/google-cloud-sdk.staging] to [/Users/yashsharma/Library/Application Support/cloud-code/installer/google-cloud-sdk]
2022-05-11 12:11:25,366 INFO     ___FILE_ONLY___ ══════════════════════════════
2022-05-11 12:11:25,366 INFO     ___FILE_ONLY___ ╝

2022-05-11 12:11:25,372 DEBUG    root            Updating notification cache...
2022-05-11 12:11:25,373 INFO     ___FILE_ONLY___ 

2022-05-11 12:11:25,379 INFO     ___FILE_ONLY___ Performing post processing steps...
2022-05-11 12:11:25,380 DEBUG    root            Executing command: ['/Users/yashsharma/miniforge3/bin/python3', '-S', '/Users/yashsharma/Library/Application Support/cloud-code/installer/google-cloud-sdk/lib/gcloud.py', 'components', 'post-process']
2022-05-11 12:11:25,397 DEBUG    urllib3.connectionpool Starting new HTTPS connection (1): www.gstatic.com:443
2022-05-11 12:11:25,565 DEBUG    urllib3.connectionpool https://www.gstatic.com:443 "GET /cloudsdk/feature_flag_config_file.yaml HTTP/1.1" 200 101
2022-05-11 12:11:43,579 DEBUG    ___FILE_ONLY___ 
2022-05-11 12:11:43,580 DEBUG    ___FILE_ONLY___ 
2022-05-11 12:11:43,676 INFO     ___FILE_ONLY___ 
Update done!


2022-05-11 12:11:43,676 INFO     ___FILE_ONLY___ To revert your CLI to the previously installed version, you may run:
  $ gcloud components update --version 384.0.1


2022-05-11 12:11:43,692 INFO     root            Display format: "none"
