2022-05-15 13:21:19,492 DEBUG    root            Loaded Command Group: ['gcloud', 'components']
2022-05-15 13:21:19,494 DEBUG    root            Loaded Command Group: ['gcloud', 'components', 'install']
2022-05-15 13:21:19,495 DEBUG    root            Running [gcloud.components.install] with arguments: [--quiet: "True", COMPONENT-IDS:5: "['beta', 'kubectl', 'skaffold', 'minikube', 'gsutil']"]
2022-05-15 13:21:19,500 DEBUG    urllib3.connectionpool Starting new HTTPS connection (1): dl.google.com:443
2022-05-15 13:21:19,746 DEBUG    urllib3.connectionpool https://dl.google.com:443 "GET /dl/cloudsdk/channels/rapid/components-v385.0.0.json HTTP/1.1" 200 187088
2022-05-15 13:21:19,886 INFO     ___FILE_ONLY___ 

2022-05-15 13:21:19,886 INFO     ___FILE_ONLY___ 
Your current Google Cloud CLI version is: 385.0.0

2022-05-15 13:21:19,886 INFO     ___FILE_ONLY___ Installing components from version: 385.0.0

2022-05-15 13:21:19,886 INFO     ___FILE_ONLY___ 

2022-05-15 13:21:19,888 INFO     ___FILE_ONLY___ ┌─────────────────────────────────────────────────┐
2022-05-15 13:21:19,888 INFO     ___FILE_ONLY___ 

2022-05-15 13:21:19,888 INFO     ___FILE_ONLY___ │       These components will be installed.       │
2022-05-15 13:21:19,888 INFO     ___FILE_ONLY___ 

2022-05-15 13:21:19,888 INFO     ___FILE_ONLY___ ├─────────────────────────┬────────────┬──────────┤
2022-05-15 13:21:19,889 INFO     ___FILE_ONLY___ 

2022-05-15 13:21:19,889 INFO     ___FILE_ONLY___ │           Name          │  Version   │   Size   │
2022-05-15 13:21:19,889 INFO     ___FILE_ONLY___ 

2022-05-15 13:21:19,889 INFO     ___FILE_ONLY___ ├─────────────────────────┼────────────┼──────────┤
2022-05-15 13:21:19,889 INFO     ___FILE_ONLY___ 

2022-05-15 13:21:19,889 INFO     ___FILE_ONLY___ │ 
2022-05-15 13:21:19,889 INFO     ___FILE_ONLY___ Minikube               
2022-05-15 13:21:19,889 INFO     ___FILE_ONLY___  
2022-05-15 13:21:19,889 INFO     ___FILE_ONLY___ │ 
2022-05-15 13:21:19,889 INFO     ___FILE_ONLY___     1.25.2
2022-05-15 13:21:19,889 INFO     ___FILE_ONLY___  
2022-05-15 13:21:19,889 INFO     ___FILE_ONLY___ │ 
2022-05-15 13:21:19,889 INFO     ___FILE_ONLY___ 27.1 MiB
2022-05-15 13:21:19,889 INFO     ___FILE_ONLY___  
2022-05-15 13:21:19,889 INFO     ___FILE_ONLY___ │
2022-05-15 13:21:19,889 INFO     ___FILE_ONLY___ 

2022-05-15 13:21:19,889 INFO     ___FILE_ONLY___ │ 
2022-05-15 13:21:19,889 INFO     ___FILE_ONLY___ Skaffold               
2022-05-15 13:21:19,889 INFO     ___FILE_ONLY___  
2022-05-15 13:21:19,889 INFO     ___FILE_ONLY___ │ 
2022-05-15 13:21:19,889 INFO     ___FILE_ONLY___     1.38.0
2022-05-15 13:21:19,889 INFO     ___FILE_ONLY___  
2022-05-15 13:21:19,889 INFO     ___FILE_ONLY___ │ 
2022-05-15 13:21:19,889 INFO     ___FILE_ONLY___ 19.2 MiB
2022-05-15 13:21:19,889 INFO     ___FILE_ONLY___  
2022-05-15 13:21:19,889 INFO     ___FILE_ONLY___ │
2022-05-15 13:21:19,889 INFO     ___FILE_ONLY___ 

2022-05-15 13:21:19,889 INFO     ___FILE_ONLY___ │ 
2022-05-15 13:21:19,889 INFO     ___FILE_ONLY___ gcloud Beta Commands   
2022-05-15 13:21:19,889 INFO     ___FILE_ONLY___  
2022-05-15 13:21:19,889 INFO     ___FILE_ONLY___ │ 
2022-05-15 13:21:19,889 INFO     ___FILE_ONLY___ 2022.05.06
2022-05-15 13:21:19,889 INFO     ___FILE_ONLY___  
2022-05-15 13:21:19,889 INFO     ___FILE_ONLY___ │ 
2022-05-15 13:21:19,889 INFO     ___FILE_ONLY___  < 1 MiB
2022-05-15 13:21:19,889 INFO     ___FILE_ONLY___  
2022-05-15 13:21:19,889 INFO     ___FILE_ONLY___ │
2022-05-15 13:21:19,889 INFO     ___FILE_ONLY___ 

2022-05-15 13:21:19,889 INFO     ___FILE_ONLY___ │ 
2022-05-15 13:21:19,889 INFO     ___FILE_ONLY___ gcloud cli dependencies
2022-05-15 13:21:19,889 INFO     ___FILE_ONLY___  
2022-05-15 13:21:19,890 INFO     ___FILE_ONLY___ │ 
2022-05-15 13:21:19,890 INFO     ___FILE_ONLY___ 2021.04.16
2022-05-15 13:21:19,890 INFO     ___FILE_ONLY___  
2022-05-15 13:21:19,890 INFO     ___FILE_ONLY___ │ 
2022-05-15 13:21:19,890 INFO     ___FILE_ONLY___  < 1 MiB
2022-05-15 13:21:19,890 INFO     ___FILE_ONLY___  
2022-05-15 13:21:19,890 INFO     ___FILE_ONLY___ │
2022-05-15 13:21:19,890 INFO     ___FILE_ONLY___ 

2022-05-15 13:21:19,890 INFO     ___FILE_ONLY___ │ 
2022-05-15 13:21:19,890 INFO     ___FILE_ONLY___ gke-gcloud-auth-plugin 
2022-05-15 13:21:19,890 INFO     ___FILE_ONLY___  
2022-05-15 13:21:19,890 INFO     ___FILE_ONLY___ │ 
2022-05-15 13:21:19,890 INFO     ___FILE_ONLY___      0.2.0
2022-05-15 13:21:19,890 INFO     ___FILE_ONLY___  
2022-05-15 13:21:19,890 INFO     ___FILE_ONLY___ │ 
2022-05-15 13:21:19,890 INFO     ___FILE_ONLY___  3.7 MiB
2022-05-15 13:21:19,890 INFO     ___FILE_ONLY___  
2022-05-15 13:21:19,890 INFO     ___FILE_ONLY___ │
2022-05-15 13:21:19,890 INFO     ___FILE_ONLY___ 

2022-05-15 13:21:19,890 INFO     ___FILE_ONLY___ │ 
2022-05-15 13:21:19,890 INFO     ___FILE_ONLY___ kubectl                
2022-05-15 13:21:19,890 INFO     ___FILE_ONLY___  
2022-05-15 13:21:19,890 INFO     ___FILE_ONLY___ │ 
2022-05-15 13:21:19,890 INFO     ___FILE_ONLY___     1.21.9
2022-05-15 13:21:19,890 INFO     ___FILE_ONLY___  
2022-05-15 13:21:19,890 INFO     ___FILE_ONLY___ │ 
2022-05-15 13:21:19,890 INFO     ___FILE_ONLY___ 52.0 MiB
2022-05-15 13:21:19,890 INFO     ___FILE_ONLY___  
2022-05-15 13:21:19,890 INFO     ___FILE_ONLY___ │
2022-05-15 13:21:19,890 INFO     ___FILE_ONLY___ 

2022-05-15 13:21:19,890 INFO     ___FILE_ONLY___ │ 
2022-05-15 13:21:19,890 INFO     ___FILE_ONLY___ kubectl                
2022-05-15 13:21:19,890 INFO     ___FILE_ONLY___  
2022-05-15 13:21:19,890 INFO     ___FILE_ONLY___ │ 
2022-05-15 13:21:19,890 INFO     ___FILE_ONLY___     1.21.9
2022-05-15 13:21:19,890 INFO     ___FILE_ONLY___  
2022-05-15 13:21:19,890 INFO     ___FILE_ONLY___ │ 
2022-05-15 13:21:19,890 INFO     ___FILE_ONLY___  < 1 MiB
2022-05-15 13:21:19,890 INFO     ___FILE_ONLY___  
2022-05-15 13:21:19,890 INFO     ___FILE_ONLY___ │
2022-05-15 13:21:19,890 INFO     ___FILE_ONLY___ 

2022-05-15 13:21:19,890 INFO     ___FILE_ONLY___ └─────────────────────────┴────────────┴──────────┘
2022-05-15 13:21:19,890 INFO     ___FILE_ONLY___ 

2022-05-15 13:21:19,891 INFO     ___FILE_ONLY___ 

2022-05-15 13:21:19,892 DEBUG    urllib3.connectionpool Starting new HTTPS connection (1): dl.google.com:443
2022-05-15 13:21:20,132 DEBUG    urllib3.connectionpool https://dl.google.com:443 "GET /dl/cloudsdk/channels/rapid/RELEASE_NOTES HTTP/1.1" 200 801185
2022-05-15 13:21:20,372 INFO     ___FILE_ONLY___ For the latest full release notes, please visit:
  https://cloud.google.com/sdk/release_notes


2022-05-15 13:21:20,376 INFO     ___FILE_ONLY___ ╔════════════════════════════════════════════════════════════╗

2022-05-15 13:21:20,377 INFO     ___FILE_ONLY___ ╠═ Creating update staging area                             ═╣

2022-05-15 13:21:20,377 INFO     ___FILE_ONLY___ ╚
2022-05-15 13:21:20,377 INFO     ___FILE_ONLY___ ══════
2022-05-15 13:21:20,377 INFO     ___FILE_ONLY___ ══════
2022-05-15 13:21:20,377 INFO     ___FILE_ONLY___ ══════
2022-05-15 13:21:20,728 INFO     ___FILE_ONLY___ ═
2022-05-15 13:21:20,800 INFO     ___FILE_ONLY___ ═
2022-05-15 13:21:20,977 INFO     ___FILE_ONLY___ ═
2022-05-15 13:21:21,136 INFO     ___FILE_ONLY___ ═
2022-05-15 13:21:21,270 INFO     ___FILE_ONLY___ ═
2022-05-15 13:21:21,431 INFO     ___FILE_ONLY___ ═
2022-05-15 13:21:21,576 INFO     ___FILE_ONLY___ ═
2022-05-15 13:21:21,660 INFO     ___FILE_ONLY___ ═
2022-05-15 13:21:21,785 INFO     ___FILE_ONLY___ ═
2022-05-15 13:21:21,883 INFO     ___FILE_ONLY___ ═
2022-05-15 13:21:22,033 INFO     ___FILE_ONLY___ ═
2022-05-15 13:21:22,244 INFO     ___FILE_ONLY___ ═
2022-05-15 13:21:22,345 INFO     ___FILE_ONLY___ ═
2022-05-15 13:21:22,408 INFO     ___FILE_ONLY___ ═
2022-05-15 13:21:22,491 INFO     ___FILE_ONLY___ ═
2022-05-15 13:21:22,609 INFO     ___FILE_ONLY___ ═
2022-05-15 13:21:22,752 INFO     ___FILE_ONLY___ ═
2022-05-15 13:21:22,883 INFO     ___FILE_ONLY___ ═
2022-05-15 13:21:23,002 INFO     ___FILE_ONLY___ ═
2022-05-15 13:21:23,110 INFO     ___FILE_ONLY___ ═
2022-05-15 13:21:23,193 INFO     ___FILE_ONLY___ ═
2022-05-15 13:21:23,322 INFO     ___FILE_ONLY___ ═
2022-05-15 13:21:23,447 INFO     ___FILE_ONLY___ ═
2022-05-15 13:21:23,547 INFO     ___FILE_ONLY___ ═
2022-05-15 13:21:23,887 INFO     ___FILE_ONLY___ ═
2022-05-15 13:21:23,995 INFO     ___FILE_ONLY___ ═
2022-05-15 13:21:24,090 INFO     ___FILE_ONLY___ ═
2022-05-15 13:21:24,182 INFO     ___FILE_ONLY___ ═
2022-05-15 13:21:24,287 INFO     ___FILE_ONLY___ ═
2022-05-15 13:21:24,406 INFO     ___FILE_ONLY___ ═
2022-05-15 13:21:24,505 INFO     ___FILE_ONLY___ ═
2022-05-15 13:21:24,603 INFO     ___FILE_ONLY___ ═
2022-05-15 13:21:24,692 INFO     ___FILE_ONLY___ ═
2022-05-15 13:21:24,785 INFO     ___FILE_ONLY___ ═
2022-05-15 13:21:24,955 INFO     ___FILE_ONLY___ ═
2022-05-15 13:21:25,107 INFO     ___FILE_ONLY___ ═
2022-05-15 13:21:25,338 INFO     ___FILE_ONLY___ ═
2022-05-15 13:21:25,392 INFO     ___FILE_ONLY___ ═
2022-05-15 13:21:25,439 INFO     ___FILE_ONLY___ ═
2022-05-15 13:21:25,489 INFO     ___FILE_ONLY___ ═
2022-05-15 13:21:25,537 INFO     ___FILE_ONLY___ ═
2022-05-15 13:21:25,634 INFO     ___FILE_ONLY___ ═
2022-05-15 13:21:25,634 INFO     ___FILE_ONLY___ ╝

2022-05-15 13:21:26,037 INFO     ___FILE_ONLY___ ╔════════════════════════════════════════════════════════════╗

2022-05-15 13:21:26,039 INFO     ___FILE_ONLY___ ╠═ Installing: Minikube                                     ═╣

2022-05-15 13:21:26,039 INFO     ___FILE_ONLY___ ╚
2022-05-15 13:21:26,044 DEBUG    urllib3.connectionpool Starting new HTTPS connection (1): dl.google.com:443
2022-05-15 13:21:26,307 DEBUG    urllib3.connectionpool https://dl.google.com:443 "GET /dl/cloudsdk/channels/rapid/components/google-cloud-sdk-minikube-darwin-arm-20220304175209.tar.gz HTTP/1.1" 200 28454360
2022-05-15 13:21:38,388 INFO     ___FILE_ONLY___ ═
2022-05-15 13:21:38,390 INFO     ___FILE_ONLY___ ═
2022-05-15 13:21:38,391 INFO     ___FILE_ONLY___ ═
2022-05-15 13:21:38,391 INFO     ___FILE_ONLY___ ═
2022-05-15 13:21:38,392 INFO     ___FILE_ONLY___ ═
2022-05-15 13:21:38,393 INFO     ___FILE_ONLY___ ═
2022-05-15 13:21:38,393 INFO     ___FILE_ONLY___ ═
2022-05-15 13:21:38,394 INFO     ___FILE_ONLY___ ═
2022-05-15 13:21:38,395 INFO     ___FILE_ONLY___ ═
2022-05-15 13:21:38,395 INFO     ___FILE_ONLY___ ═
2022-05-15 13:21:38,396 INFO     ___FILE_ONLY___ ═
2022-05-15 13:21:38,396 INFO     ___FILE_ONLY___ ═
2022-05-15 13:21:38,397 INFO     ___FILE_ONLY___ ═
2022-05-15 13:21:38,398 INFO     ___FILE_ONLY___ ═
2022-05-15 13:21:38,398 INFO     ___FILE_ONLY___ ═
2022-05-15 13:21:38,399 INFO     ___FILE_ONLY___ ═
2022-05-15 13:21:38,400 INFO     ___FILE_ONLY___ ═
2022-05-15 13:21:38,400 INFO     ___FILE_ONLY___ ═
2022-05-15 13:21:38,401 INFO     ___FILE_ONLY___ ═
2022-05-15 13:21:38,402 INFO     ___FILE_ONLY___ ═
2022-05-15 13:21:38,403 INFO     ___FILE_ONLY___ ═
2022-05-15 13:21:38,404 INFO     ___FILE_ONLY___ ═
2022-05-15 13:21:38,405 INFO     ___FILE_ONLY___ ═
2022-05-15 13:21:38,406 INFO     ___FILE_ONLY___ ═
2022-05-15 13:21:38,407 INFO     ___FILE_ONLY___ ═
2022-05-15 13:21:38,408 INFO     ___FILE_ONLY___ ═
2022-05-15 13:21:38,409 INFO     ___FILE_ONLY___ ═
2022-05-15 13:21:38,409 INFO     ___FILE_ONLY___ ═
2022-05-15 13:21:38,410 INFO     ___FILE_ONLY___ ═
2022-05-15 13:21:38,410 INFO     ___FILE_ONLY___ ═
2022-05-15 13:21:39,038 INFO     ___FILE_ONLY___ ══════════════════════════════
2022-05-15 13:21:39,038 INFO     ___FILE_ONLY___ ╝

2022-05-15 13:21:39,049 INFO     ___FILE_ONLY___ ╔════════════════════════════════════════════════════════════╗

2022-05-15 13:21:39,049 INFO     ___FILE_ONLY___ ╠═ Installing: Minikube                                     ═╣

2022-05-15 13:21:39,049 INFO     ___FILE_ONLY___ ╚
2022-05-15 13:21:39,052 INFO     ___FILE_ONLY___ ════════════════════════════════════════════════════════════
2022-05-15 13:21:39,052 INFO     ___FILE_ONLY___ ╝

2022-05-15 13:21:39,056 INFO     ___FILE_ONLY___ ╔════════════════════════════════════════════════════════════╗

2022-05-15 13:21:39,057 INFO     ___FILE_ONLY___ ╠═ Installing: Skaffold                                     ═╣

2022-05-15 13:21:39,057 INFO     ___FILE_ONLY___ ╚
2022-05-15 13:21:39,059 DEBUG    urllib3.connectionpool Starting new HTTPS connection (1): dl.google.com:443
2022-05-15 13:21:39,327 DEBUG    urllib3.connectionpool https://dl.google.com:443 "GET /dl/cloudsdk/channels/rapid/components/google-cloud-sdk-skaffold-darwin-arm-20220415194303.tar.gz HTTP/1.1" 200 20183129
2022-05-15 13:21:47,601 INFO     ___FILE_ONLY___ ═
2022-05-15 13:21:47,604 INFO     ___FILE_ONLY___ ═
2022-05-15 13:21:47,605 INFO     ___FILE_ONLY___ ═
2022-05-15 13:21:47,607 INFO     ___FILE_ONLY___ ═
2022-05-15 13:21:47,608 INFO     ___FILE_ONLY___ ═
2022-05-15 13:21:47,609 INFO     ___FILE_ONLY___ ═
2022-05-15 13:21:47,611 INFO     ___FILE_ONLY___ ═
2022-05-15 13:21:47,612 INFO     ___FILE_ONLY___ ═
2022-05-15 13:21:47,613 INFO     ___FILE_ONLY___ ═
2022-05-15 13:21:47,616 INFO     ___FILE_ONLY___ ═
2022-05-15 13:21:47,617 INFO     ___FILE_ONLY___ ═
2022-05-15 13:21:47,617 INFO     ___FILE_ONLY___ ═
2022-05-15 13:21:47,618 INFO     ___FILE_ONLY___ ═
2022-05-15 13:21:47,618 INFO     ___FILE_ONLY___ ═
2022-05-15 13:21:47,619 INFO     ___FILE_ONLY___ ═
2022-05-15 13:21:47,619 INFO     ___FILE_ONLY___ ═
2022-05-15 13:21:47,620 INFO     ___FILE_ONLY___ ═
2022-05-15 13:21:47,620 INFO     ___FILE_ONLY___ ═
2022-05-15 13:21:47,621 INFO     ___FILE_ONLY___ ═
2022-05-15 13:21:47,621 INFO     ___FILE_ONLY___ ═
2022-05-15 13:21:47,622 INFO     ___FILE_ONLY___ ═
2022-05-15 13:21:47,622 INFO     ___FILE_ONLY___ ═
2022-05-15 13:21:47,623 INFO     ___FILE_ONLY___ ═
2022-05-15 13:21:47,623 INFO     ___FILE_ONLY___ ═
2022-05-15 13:21:47,624 INFO     ___FILE_ONLY___ ═
2022-05-15 13:21:47,624 INFO     ___FILE_ONLY___ ═
2022-05-15 13:21:47,627 INFO     ___FILE_ONLY___ ═
2022-05-15 13:21:47,629 INFO     ___FILE_ONLY___ ═
2022-05-15 13:21:47,630 INFO     ___FILE_ONLY___ ═
2022-05-15 13:21:47,631 INFO     ___FILE_ONLY___ ═
2022-05-15 13:21:48,272 INFO     ___FILE_ONLY___ ══════════════════════════════
2022-05-15 13:21:48,274 INFO     ___FILE_ONLY___ ╝

2022-05-15 13:21:48,283 INFO     ___FILE_ONLY___ ╔════════════════════════════════════════════════════════════╗

2022-05-15 13:21:48,283 INFO     ___FILE_ONLY___ ╠═ Installing: Skaffold                                     ═╣

2022-05-15 13:21:48,283 INFO     ___FILE_ONLY___ ╚
2022-05-15 13:21:48,285 INFO     ___FILE_ONLY___ ════════════════════════════════════════════════════════════
2022-05-15 13:21:48,285 INFO     ___FILE_ONLY___ ╝

2022-05-15 13:21:48,290 INFO     ___FILE_ONLY___ ╔════════════════════════════════════════════════════════════╗

2022-05-15 13:21:48,290 INFO     ___FILE_ONLY___ ╠═ Installing: gcloud Beta Commands                         ═╣

2022-05-15 13:21:48,290 INFO     ___FILE_ONLY___ ╚
2022-05-15 13:21:48,293 DEBUG    urllib3.connectionpool Starting new HTTPS connection (1): dl.google.com:443
2022-05-15 13:21:48,547 DEBUG    urllib3.connectionpool https://dl.google.com:443 "GET /dl/cloudsdk/channels/rapid/components/google-cloud-sdk-beta-20220506143240.tar.gz HTTP/1.1" 200 797
2022-05-15 13:21:48,548 INFO     ___FILE_ONLY___ ══════════════════════════════
2022-05-15 13:21:48,551 INFO     ___FILE_ONLY___ ══════════════════════════════
2022-05-15 13:21:48,551 INFO     ___FILE_ONLY___ ╝

2022-05-15 13:21:48,577 INFO     ___FILE_ONLY___ ╔════════════════════════════════════════════════════════════╗

2022-05-15 13:21:48,578 INFO     ___FILE_ONLY___ ╠═ Installing: gcloud cli dependencies                      ═╣

2022-05-15 13:21:48,578 INFO     ___FILE_ONLY___ ╚
2022-05-15 13:21:48,585 DEBUG    urllib3.connectionpool Starting new HTTPS connection (1): dl.google.com:443
2022-05-15 13:21:48,828 DEBUG    urllib3.connectionpool https://dl.google.com:443 "GET /dl/cloudsdk/channels/rapid/components/google-cloud-sdk-gcloud-deps-darwin-x86_64-20210416153011.tar.gz HTTP/1.1" 200 105
2022-05-15 13:21:48,829 INFO     ___FILE_ONLY___ ══════════════════════════════
2022-05-15 13:21:48,830 INFO     ___FILE_ONLY___ ══════════════════════════════
2022-05-15 13:21:48,830 INFO     ___FILE_ONLY___ ╝

2022-05-15 13:21:48,851 INFO     ___FILE_ONLY___ ╔════════════════════════════════════════════════════════════╗

2022-05-15 13:21:48,852 INFO     ___FILE_ONLY___ ╠═ Installing: gke-gcloud-auth-plugin                       ═╣

2022-05-15 13:21:48,852 INFO     ___FILE_ONLY___ ╚
2022-05-15 13:21:48,856 DEBUG    urllib3.connectionpool Starting new HTTPS connection (1): dl.google.com:443
2022-05-15 13:21:49,156 DEBUG    urllib3.connectionpool https://dl.google.com:443 "GET /dl/cloudsdk/channels/rapid/components/google-cloud-sdk-gke-gcloud-auth-plugin-darwin-arm-20220415194303.tar.gz HTTP/1.1" 200 3926436
2022-05-15 13:21:50,752 INFO     ___FILE_ONLY___ ═
2022-05-15 13:21:50,752 INFO     ___FILE_ONLY___ ═
2022-05-15 13:21:50,753 INFO     ___FILE_ONLY___ ═
2022-05-15 13:21:50,753 INFO     ___FILE_ONLY___ ═
2022-05-15 13:21:50,753 INFO     ___FILE_ONLY___ ═
2022-05-15 13:21:50,754 INFO     ___FILE_ONLY___ ═
2022-05-15 13:21:50,754 INFO     ___FILE_ONLY___ ═
2022-05-15 13:21:50,754 INFO     ___FILE_ONLY___ ═
2022-05-15 13:21:50,754 INFO     ___FILE_ONLY___ ═
2022-05-15 13:21:50,755 INFO     ___FILE_ONLY___ ═
2022-05-15 13:21:50,755 INFO     ___FILE_ONLY___ ═
2022-05-15 13:21:50,755 INFO     ___FILE_ONLY___ ═
2022-05-15 13:21:50,756 INFO     ___FILE_ONLY___ ═
2022-05-15 13:21:50,756 INFO     ___FILE_ONLY___ ═
2022-05-15 13:21:50,756 INFO     ___FILE_ONLY___ ═
2022-05-15 13:21:50,757 INFO     ___FILE_ONLY___ ═
2022-05-15 13:21:50,757 INFO     ___FILE_ONLY___ ═
2022-05-15 13:21:50,757 INFO     ___FILE_ONLY___ ═
2022-05-15 13:21:50,758 INFO     ___FILE_ONLY___ ═
2022-05-15 13:21:50,758 INFO     ___FILE_ONLY___ ═
2022-05-15 13:21:50,758 INFO     ___FILE_ONLY___ ═
2022-05-15 13:21:50,759 INFO     ___FILE_ONLY___ ═
2022-05-15 13:21:50,759 INFO     ___FILE_ONLY___ ═
2022-05-15 13:21:50,759 INFO     ___FILE_ONLY___ ═
2022-05-15 13:21:50,760 INFO     ___FILE_ONLY___ ═
2022-05-15 13:21:50,760 INFO     ___FILE_ONLY___ ═
2022-05-15 13:21:50,761 INFO     ___FILE_ONLY___ ═
2022-05-15 13:21:50,761 INFO     ___FILE_ONLY___ ═
2022-05-15 13:21:50,761 INFO     ___FILE_ONLY___ ═
2022-05-15 13:21:50,762 INFO     ___FILE_ONLY___ ═
2022-05-15 13:21:50,889 INFO     ___FILE_ONLY___ ══════════════════════════════
2022-05-15 13:21:50,889 INFO     ___FILE_ONLY___ ╝

2022-05-15 13:21:50,896 INFO     ___FILE_ONLY___ ╔════════════════════════════════════════════════════════════╗

2022-05-15 13:21:50,896 INFO     ___FILE_ONLY___ ╠═ Installing: gke-gcloud-auth-plugin                       ═╣

2022-05-15 13:21:50,896 INFO     ___FILE_ONLY___ ╚
2022-05-15 13:21:50,898 INFO     ___FILE_ONLY___ ════════════════════════════════════════════════════════════
2022-05-15 13:21:50,899 INFO     ___FILE_ONLY___ ╝

2022-05-15 13:21:50,902 INFO     ___FILE_ONLY___ ╔════════════════════════════════════════════════════════════╗

2022-05-15 13:21:50,903 INFO     ___FILE_ONLY___ ╠═ Installing: kubectl                                      ═╣

2022-05-15 13:21:50,903 INFO     ___FILE_ONLY___ ╚
2022-05-15 13:21:50,906 DEBUG    urllib3.connectionpool Starting new HTTPS connection (1): dl.google.com:443
2022-05-15 13:21:51,176 DEBUG    urllib3.connectionpool https://dl.google.com:443 "GET /dl/cloudsdk/channels/rapid/components/google-cloud-sdk-kubectl-darwin-arm-20220211145702.tar.gz HTTP/1.1" 200 54523977
2022-05-15 13:22:14,069 INFO     ___FILE_ONLY___ ═
2022-05-15 13:22:14,070 INFO     ___FILE_ONLY___ ═
2022-05-15 13:22:14,071 INFO     ___FILE_ONLY___ ═
2022-05-15 13:22:14,072 INFO     ___FILE_ONLY___ ═
2022-05-15 13:22:14,074 INFO     ___FILE_ONLY___ ═
2022-05-15 13:22:14,075 INFO     ___FILE_ONLY___ ═
2022-05-15 13:22:14,077 INFO     ___FILE_ONLY___ ═
2022-05-15 13:22:14,082 INFO     ___FILE_ONLY___ ═
2022-05-15 13:22:14,085 INFO     ___FILE_ONLY___ ═
2022-05-15 13:22:14,088 INFO     ___FILE_ONLY___ ═
2022-05-15 13:22:14,090 INFO     ___FILE_ONLY___ ═
2022-05-15 13:22:14,093 INFO     ___FILE_ONLY___ ═
2022-05-15 13:22:14,094 INFO     ___FILE_ONLY___ ═
2022-05-15 13:22:14,095 INFO     ___FILE_ONLY___ ═
2022-05-15 13:22:14,096 INFO     ___FILE_ONLY___ ═
2022-05-15 13:22:14,097 INFO     ___FILE_ONLY___ ═
2022-05-15 13:22:14,098 INFO     ___FILE_ONLY___ ═
2022-05-15 13:22:14,102 INFO     ___FILE_ONLY___ ═
2022-05-15 13:22:14,104 INFO     ___FILE_ONLY___ ═
2022-05-15 13:22:14,105 INFO     ___FILE_ONLY___ ═
2022-05-15 13:22:14,106 INFO     ___FILE_ONLY___ ═
2022-05-15 13:22:14,107 INFO     ___FILE_ONLY___ ═
2022-05-15 13:22:14,108 INFO     ___FILE_ONLY___ ═
2022-05-15 13:22:14,110 INFO     ___FILE_ONLY___ ═
2022-05-15 13:22:14,111 INFO     ___FILE_ONLY___ ═
2022-05-15 13:22:14,112 INFO     ___FILE_ONLY___ ═
2022-05-15 13:22:14,114 INFO     ___FILE_ONLY___ ═
2022-05-15 13:22:14,115 INFO     ___FILE_ONLY___ ═
2022-05-15 13:22:14,116 INFO     ___FILE_ONLY___ ═
2022-05-15 13:22:14,117 INFO     ___FILE_ONLY___ ═
2022-05-15 13:22:15,049 INFO     ___FILE_ONLY___ ═══════
2022-05-15 13:22:15,261 INFO     ___FILE_ONLY___ ════════
2022-05-15 13:22:15,472 INFO     ___FILE_ONLY___ ═══════
2022-05-15 13:22:15,694 INFO     ___FILE_ONLY___ ════════
2022-05-15 13:22:15,694 INFO     ___FILE_ONLY___ ╝

2022-05-15 13:22:15,704 INFO     ___FILE_ONLY___ ╔════════════════════════════════════════════════════════════╗

2022-05-15 13:22:15,704 INFO     ___FILE_ONLY___ ╠═ Installing: kubectl                                      ═╣

2022-05-15 13:22:15,704 INFO     ___FILE_ONLY___ ╚
2022-05-15 13:22:15,707 DEBUG    urllib3.connectionpool Starting new HTTPS connection (1): dl.google.com:443
2022-05-15 13:22:15,935 DEBUG    urllib3.connectionpool https://dl.google.com:443 "GET /dl/cloudsdk/channels/rapid/components/google-cloud-sdk-kubectl-20220128152443.tar.gz HTTP/1.1" 200 48444
2022-05-15 13:22:15,983 INFO     ___FILE_ONLY___ ══════════
2022-05-15 13:22:15,984 INFO     ___FILE_ONLY___ ══════════
2022-05-15 13:22:15,984 INFO     ___FILE_ONLY___ ══════════
2022-05-15 13:22:15,999 INFO     ___FILE_ONLY___ ══════════════════════════════
2022-05-15 13:22:15,999 INFO     ___FILE_ONLY___ ╝

2022-05-15 13:22:16,012 INFO     ___FILE_ONLY___ ╔════════════════════════════════════════════════════════════╗

2022-05-15 13:22:16,012 INFO     ___FILE_ONLY___ ╠═ Creating backup and activating new installation          ═╣

2022-05-15 13:22:16,012 INFO     ___FILE_ONLY___ ╚
2022-05-15 13:22:16,012 DEBUG    root            Attempting to move directory [/Users/yashsharma/Library/Application Support/cloud-code/installer/google-cloud-sdk] to [/Users/yashsharma/Library/Application Support/cloud-code/installer/google-cloud-sdk.staging/.install/.backup]
2022-05-15 13:22:16,013 INFO     ___FILE_ONLY___ ══════════════════════════════
2022-05-15 13:22:16,013 DEBUG    root            Attempting to move directory [/Users/yashsharma/Library/Application Support/cloud-code/installer/google-cloud-sdk.staging] to [/Users/yashsharma/Library/Application Support/cloud-code/installer/google-cloud-sdk]
2022-05-15 13:22:16,013 INFO     ___FILE_ONLY___ ══════════════════════════════
2022-05-15 13:22:16,013 INFO     ___FILE_ONLY___ ╝

2022-05-15 13:22:16,016 DEBUG    root            Updating notification cache...
2022-05-15 13:22:16,018 INFO     ___FILE_ONLY___ 

2022-05-15 13:22:16,021 INFO     ___FILE_ONLY___ Performing post processing steps...
2022-05-15 13:22:16,021 DEBUG    root            Executing command: ['/Users/yashsharma/miniforge3/bin/python3', '-S', '/Users/yashsharma/Library/Application Support/cloud-code/installer/google-cloud-sdk/lib/gcloud.py', 'components', 'post-process']
2022-05-15 13:22:27,378 DEBUG    ___FILE_ONLY___ 
2022-05-15 13:22:27,379 DEBUG    ___FILE_ONLY___ 
2022-05-15 13:22:27,396 INFO     ___FILE_ONLY___ 
Update done!


2022-05-15 13:22:27,406 INFO     root            Display format: "none"
