2022-05-15 22:27:08,704 DEBUG    root            Loaded Command Group: ['gcloud', 'components']
2022-05-15 22:27:08,706 DEBUG    root            Loaded Command Group: ['gcloud', 'components', 'install']
2022-05-15 22:27:08,707 DEBUG    root            Running [gcloud.components.install] with arguments: [--quiet: "True", COMPONENT-IDS:5: "['beta', 'kubectl', 'skaffold', 'minikube', 'gsutil']"]
2022-05-15 22:27:08,712 DEBUG    urllib3.connectionpool Starting new HTTPS connection (1): dl.google.com:443
2022-05-15 22:27:08,894 DEBUG    urllib3.connectionpool https://dl.google.com:443 "GET /dl/cloudsdk/channels/rapid/components-v385.0.0.json HTTP/1.1" 200 187088
2022-05-15 22:27:08,934 INFO     ___FILE_ONLY___ 

2022-05-15 22:27:08,935 INFO     ___FILE_ONLY___ 
Your current Google Cloud CLI version is: 385.0.0

2022-05-15 22:27:08,935 INFO     ___FILE_ONLY___ Installing components from version: 385.0.0

2022-05-15 22:27:08,935 INFO     ___FILE_ONLY___ 

2022-05-15 22:27:08,938 INFO     ___FILE_ONLY___ ┌─────────────────────────────────────────────────┐
2022-05-15 22:27:08,938 INFO     ___FILE_ONLY___ 

2022-05-15 22:27:08,938 INFO     ___FILE_ONLY___ │       These components will be installed.       │
2022-05-15 22:27:08,938 INFO     ___FILE_ONLY___ 

2022-05-15 22:27:08,938 INFO     ___FILE_ONLY___ ├─────────────────────────┬────────────┬──────────┤
2022-05-15 22:27:08,938 INFO     ___FILE_ONLY___ 

2022-05-15 22:27:08,938 INFO     ___FILE_ONLY___ │           Name          │  Version   │   Size   │
2022-05-15 22:27:08,938 INFO     ___FILE_ONLY___ 

2022-05-15 22:27:08,938 INFO     ___FILE_ONLY___ ├─────────────────────────┼────────────┼──────────┤
2022-05-15 22:27:08,938 INFO     ___FILE_ONLY___ 

2022-05-15 22:27:08,938 INFO     ___FILE_ONLY___ │ 
2022-05-15 22:27:08,939 INFO     ___FILE_ONLY___ Minikube               
2022-05-15 22:27:08,939 INFO     ___FILE_ONLY___  
2022-05-15 22:27:08,939 INFO     ___FILE_ONLY___ │ 
2022-05-15 22:27:08,939 INFO     ___FILE_ONLY___     1.25.2
2022-05-15 22:27:08,939 INFO     ___FILE_ONLY___  
2022-05-15 22:27:08,939 INFO     ___FILE_ONLY___ │ 
2022-05-15 22:27:08,939 INFO     ___FILE_ONLY___ 27.1 MiB
2022-05-15 22:27:08,939 INFO     ___FILE_ONLY___  
2022-05-15 22:27:08,939 INFO     ___FILE_ONLY___ │
2022-05-15 22:27:08,939 INFO     ___FILE_ONLY___ 

2022-05-15 22:27:08,939 INFO     ___FILE_ONLY___ │ 
2022-05-15 22:27:08,939 INFO     ___FILE_ONLY___ Skaffold               
2022-05-15 22:27:08,939 INFO     ___FILE_ONLY___  
2022-05-15 22:27:08,939 INFO     ___FILE_ONLY___ │ 
2022-05-15 22:27:08,939 INFO     ___FILE_ONLY___     1.38.0
2022-05-15 22:27:08,939 INFO     ___FILE_ONLY___  
2022-05-15 22:27:08,939 INFO     ___FILE_ONLY___ │ 
2022-05-15 22:27:08,939 INFO     ___FILE_ONLY___ 19.2 MiB
2022-05-15 22:27:08,939 INFO     ___FILE_ONLY___  
2022-05-15 22:27:08,939 INFO     ___FILE_ONLY___ │
2022-05-15 22:27:08,939 INFO     ___FILE_ONLY___ 

2022-05-15 22:27:08,939 INFO     ___FILE_ONLY___ │ 
2022-05-15 22:27:08,939 INFO     ___FILE_ONLY___ gcloud Beta Commands   
2022-05-15 22:27:08,939 INFO     ___FILE_ONLY___  
2022-05-15 22:27:08,939 INFO     ___FILE_ONLY___ │ 
2022-05-15 22:27:08,939 INFO     ___FILE_ONLY___ 2022.05.06
2022-05-15 22:27:08,939 INFO     ___FILE_ONLY___  
2022-05-15 22:27:08,939 INFO     ___FILE_ONLY___ │ 
2022-05-15 22:27:08,939 INFO     ___FILE_ONLY___  < 1 MiB
2022-05-15 22:27:08,939 INFO     ___FILE_ONLY___  
2022-05-15 22:27:08,939 INFO     ___FILE_ONLY___ │
2022-05-15 22:27:08,939 INFO     ___FILE_ONLY___ 

2022-05-15 22:27:08,939 INFO     ___FILE_ONLY___ │ 
2022-05-15 22:27:08,939 INFO     ___FILE_ONLY___ gcloud cli dependencies
2022-05-15 22:27:08,939 INFO     ___FILE_ONLY___  
2022-05-15 22:27:08,939 INFO     ___FILE_ONLY___ │ 
2022-05-15 22:27:08,940 INFO     ___FILE_ONLY___ 2021.04.16
2022-05-15 22:27:08,940 INFO     ___FILE_ONLY___  
2022-05-15 22:27:08,940 INFO     ___FILE_ONLY___ │ 
2022-05-15 22:27:08,940 INFO     ___FILE_ONLY___  < 1 MiB
2022-05-15 22:27:08,940 INFO     ___FILE_ONLY___  
2022-05-15 22:27:08,940 INFO     ___FILE_ONLY___ │
2022-05-15 22:27:08,940 INFO     ___FILE_ONLY___ 

2022-05-15 22:27:08,940 INFO     ___FILE_ONLY___ │ 
2022-05-15 22:27:08,940 INFO     ___FILE_ONLY___ gke-gcloud-auth-plugin 
2022-05-15 22:27:08,940 INFO     ___FILE_ONLY___  
2022-05-15 22:27:08,940 INFO     ___FILE_ONLY___ │ 
2022-05-15 22:27:08,940 INFO     ___FILE_ONLY___      0.2.0
2022-05-15 22:27:08,940 INFO     ___FILE_ONLY___  
2022-05-15 22:27:08,940 INFO     ___FILE_ONLY___ │ 
2022-05-15 22:27:08,940 INFO     ___FILE_ONLY___  3.7 MiB
2022-05-15 22:27:08,940 INFO     ___FILE_ONLY___  
2022-05-15 22:27:08,940 INFO     ___FILE_ONLY___ │
2022-05-15 22:27:08,940 INFO     ___FILE_ONLY___ 

2022-05-15 22:27:08,940 INFO     ___FILE_ONLY___ │ 
2022-05-15 22:27:08,940 INFO     ___FILE_ONLY___ kubectl                
2022-05-15 22:27:08,940 INFO     ___FILE_ONLY___  
2022-05-15 22:27:08,940 INFO     ___FILE_ONLY___ │ 
2022-05-15 22:27:08,940 INFO     ___FILE_ONLY___     1.21.9
2022-05-15 22:27:08,940 INFO     ___FILE_ONLY___  
2022-05-15 22:27:08,940 INFO     ___FILE_ONLY___ │ 
2022-05-15 22:27:08,940 INFO     ___FILE_ONLY___ 52.0 MiB
2022-05-15 22:27:08,940 INFO     ___FILE_ONLY___  
2022-05-15 22:27:08,940 INFO     ___FILE_ONLY___ │
2022-05-15 22:27:08,940 INFO     ___FILE_ONLY___ 

2022-05-15 22:27:08,940 INFO     ___FILE_ONLY___ │ 
2022-05-15 22:27:08,940 INFO     ___FILE_ONLY___ kubectl                
2022-05-15 22:27:08,940 INFO     ___FILE_ONLY___  
2022-05-15 22:27:08,940 INFO     ___FILE_ONLY___ │ 
2022-05-15 22:27:08,940 INFO     ___FILE_ONLY___     1.21.9
2022-05-15 22:27:08,940 INFO     ___FILE_ONLY___  
2022-05-15 22:27:08,940 INFO     ___FILE_ONLY___ │ 
2022-05-15 22:27:08,940 INFO     ___FILE_ONLY___  < 1 MiB
2022-05-15 22:27:08,940 INFO     ___FILE_ONLY___  
2022-05-15 22:27:08,940 INFO     ___FILE_ONLY___ │
2022-05-15 22:27:08,940 INFO     ___FILE_ONLY___ 

2022-05-15 22:27:08,940 INFO     ___FILE_ONLY___ └─────────────────────────┴────────────┴──────────┘
2022-05-15 22:27:08,941 INFO     ___FILE_ONLY___ 

2022-05-15 22:27:08,941 INFO     ___FILE_ONLY___ 

2022-05-15 22:27:08,943 DEBUG    urllib3.connectionpool Starting new HTTPS connection (1): dl.google.com:443
2022-05-15 22:27:09,156 DEBUG    urllib3.connectionpool https://dl.google.com:443 "GET /dl/cloudsdk/channels/rapid/RELEASE_NOTES HTTP/1.1" 200 801185
2022-05-15 22:27:09,223 INFO     ___FILE_ONLY___ For the latest full release notes, please visit:
  https://cloud.google.com/sdk/release_notes


2022-05-15 22:27:09,228 INFO     ___FILE_ONLY___ ╔════════════════════════════════════════════════════════════╗

2022-05-15 22:27:09,228 INFO     ___FILE_ONLY___ ╠═ Creating update staging area                             ═╣

2022-05-15 22:27:09,228 INFO     ___FILE_ONLY___ ╚
2022-05-15 22:27:09,228 INFO     ___FILE_ONLY___ ══════
2022-05-15 22:27:09,228 INFO     ___FILE_ONLY___ ══════
2022-05-15 22:27:09,228 INFO     ___FILE_ONLY___ ══════
2022-05-15 22:27:09,591 INFO     ___FILE_ONLY___ ═
2022-05-15 22:27:09,675 INFO     ___FILE_ONLY___ ═
2022-05-15 22:27:09,865 INFO     ___FILE_ONLY___ ═
2022-05-15 22:27:10,023 INFO     ___FILE_ONLY___ ═
2022-05-15 22:27:10,147 INFO     ___FILE_ONLY___ ═
2022-05-15 22:27:10,398 INFO     ___FILE_ONLY___ ═
2022-05-15 22:27:10,563 INFO     ___FILE_ONLY___ ═
2022-05-15 22:27:10,655 INFO     ___FILE_ONLY___ ═
2022-05-15 22:27:10,788 INFO     ___FILE_ONLY___ ═
2022-05-15 22:27:10,901 INFO     ___FILE_ONLY___ ═
2022-05-15 22:27:11,048 INFO     ___FILE_ONLY___ ═
2022-05-15 22:27:11,187 INFO     ___FILE_ONLY___ ═
2022-05-15 22:27:11,285 INFO     ___FILE_ONLY___ ═
2022-05-15 22:27:11,353 INFO     ___FILE_ONLY___ ═
2022-05-15 22:27:11,430 INFO     ___FILE_ONLY___ ═
2022-05-15 22:27:11,519 INFO     ___FILE_ONLY___ ═
2022-05-15 22:27:11,628 INFO     ___FILE_ONLY___ ═
2022-05-15 22:27:11,726 INFO     ___FILE_ONLY___ ═
2022-05-15 22:27:11,866 INFO     ___FILE_ONLY___ ═
2022-05-15 22:27:11,986 INFO     ___FILE_ONLY___ ═
2022-05-15 22:27:12,078 INFO     ___FILE_ONLY___ ═
2022-05-15 22:27:12,183 INFO     ___FILE_ONLY___ ═
2022-05-15 22:27:12,322 INFO     ___FILE_ONLY___ ═
2022-05-15 22:27:12,426 INFO     ___FILE_ONLY___ ═
2022-05-15 22:27:12,530 INFO     ___FILE_ONLY___ ═
2022-05-15 22:27:12,636 INFO     ___FILE_ONLY___ ═
2022-05-15 22:27:12,735 INFO     ___FILE_ONLY___ ═
2022-05-15 22:27:12,844 INFO     ___FILE_ONLY___ ═
2022-05-15 22:27:12,944 INFO     ___FILE_ONLY___ ═
2022-05-15 22:27:13,073 INFO     ___FILE_ONLY___ ═
2022-05-15 22:27:13,188 INFO     ___FILE_ONLY___ ═
2022-05-15 22:27:13,291 INFO     ___FILE_ONLY___ ═
2022-05-15 22:27:13,390 INFO     ___FILE_ONLY___ ═
2022-05-15 22:27:13,498 INFO     ___FILE_ONLY___ ═
2022-05-15 22:27:13,689 INFO     ___FILE_ONLY___ ═
2022-05-15 22:27:13,805 INFO     ___FILE_ONLY___ ═
2022-05-15 22:27:14,087 INFO     ___FILE_ONLY___ ═
2022-05-15 22:27:14,143 INFO     ___FILE_ONLY___ ═
2022-05-15 22:27:14,203 INFO     ___FILE_ONLY___ ═
2022-05-15 22:27:14,256 INFO     ___FILE_ONLY___ ═
2022-05-15 22:27:14,310 INFO     ___FILE_ONLY___ ═
2022-05-15 22:27:14,392 INFO     ___FILE_ONLY___ ═
2022-05-15 22:27:14,392 INFO     ___FILE_ONLY___ ╝

2022-05-15 22:27:14,854 INFO     ___FILE_ONLY___ ╔════════════════════════════════════════════════════════════╗

2022-05-15 22:27:14,856 INFO     ___FILE_ONLY___ ╠═ Installing: Minikube                                     ═╣

2022-05-15 22:27:14,856 INFO     ___FILE_ONLY___ ╚
2022-05-15 22:27:14,858 DEBUG    urllib3.connectionpool Starting new HTTPS connection (1): dl.google.com:443
2022-05-15 22:27:15,756 DEBUG    urllib3.connectionpool https://dl.google.com:443 "GET /dl/cloudsdk/channels/rapid/components/google-cloud-sdk-minikube-darwin-arm-20220304175209.tar.gz HTTP/1.1" 200 28454360
2022-05-15 22:27:20,770 INFO     ___FILE_ONLY___ ═
2022-05-15 22:27:20,770 INFO     ___FILE_ONLY___ ═
2022-05-15 22:27:20,771 INFO     ___FILE_ONLY___ ═
2022-05-15 22:27:20,771 INFO     ___FILE_ONLY___ ═
2022-05-15 22:27:20,772 INFO     ___FILE_ONLY___ ═
2022-05-15 22:27:20,773 INFO     ___FILE_ONLY___ ═
2022-05-15 22:27:20,773 INFO     ___FILE_ONLY___ ═
2022-05-15 22:27:20,774 INFO     ___FILE_ONLY___ ═
2022-05-15 22:27:20,774 INFO     ___FILE_ONLY___ ═
2022-05-15 22:27:20,775 INFO     ___FILE_ONLY___ ═
2022-05-15 22:27:20,776 INFO     ___FILE_ONLY___ ═
2022-05-15 22:27:20,776 INFO     ___FILE_ONLY___ ═
2022-05-15 22:27:20,777 INFO     ___FILE_ONLY___ ═
2022-05-15 22:27:20,777 INFO     ___FILE_ONLY___ ═
2022-05-15 22:27:20,778 INFO     ___FILE_ONLY___ ═
2022-05-15 22:27:20,779 INFO     ___FILE_ONLY___ ═
2022-05-15 22:27:20,779 INFO     ___FILE_ONLY___ ═
2022-05-15 22:27:20,780 INFO     ___FILE_ONLY___ ═
2022-05-15 22:27:20,780 INFO     ___FILE_ONLY___ ═
2022-05-15 22:27:20,781 INFO     ___FILE_ONLY___ ═
2022-05-15 22:27:20,782 INFO     ___FILE_ONLY___ ═
2022-05-15 22:27:20,782 INFO     ___FILE_ONLY___ ═
2022-05-15 22:27:20,783 INFO     ___FILE_ONLY___ ═
2022-05-15 22:27:20,783 INFO     ___FILE_ONLY___ ═
2022-05-15 22:27:20,784 INFO     ___FILE_ONLY___ ═
2022-05-15 22:27:20,785 INFO     ___FILE_ONLY___ ═
2022-05-15 22:27:20,786 INFO     ___FILE_ONLY___ ═
2022-05-15 22:27:20,786 INFO     ___FILE_ONLY___ ═
2022-05-15 22:27:20,787 INFO     ___FILE_ONLY___ ═
2022-05-15 22:27:20,787 INFO     ___FILE_ONLY___ ═
2022-05-15 22:27:21,347 INFO     ___FILE_ONLY___ ══════════════════════════════
2022-05-15 22:27:21,347 INFO     ___FILE_ONLY___ ╝

2022-05-15 22:27:21,354 INFO     ___FILE_ONLY___ ╔════════════════════════════════════════════════════════════╗

2022-05-15 22:27:21,354 INFO     ___FILE_ONLY___ ╠═ Installing: Minikube                                     ═╣

2022-05-15 22:27:21,354 INFO     ___FILE_ONLY___ ╚
2022-05-15 22:27:21,356 INFO     ___FILE_ONLY___ ════════════════════════════════════════════════════════════
2022-05-15 22:27:21,356 INFO     ___FILE_ONLY___ ╝

2022-05-15 22:27:21,361 INFO     ___FILE_ONLY___ ╔════════════════════════════════════════════════════════════╗

2022-05-15 22:27:21,362 INFO     ___FILE_ONLY___ ╠═ Installing: Skaffold                                     ═╣

2022-05-15 22:27:21,362 INFO     ___FILE_ONLY___ ╚
2022-05-15 22:27:21,363 INFO     ___FILE_ONLY___ ════════════════════════════════════════════════════════════
2022-05-15 22:27:21,364 INFO     ___FILE_ONLY___ ╝

2022-05-15 22:27:21,366 INFO     ___FILE_ONLY___ ╔════════════════════════════════════════════════════════════╗

2022-05-15 22:27:21,367 INFO     ___FILE_ONLY___ ╠═ Installing: Skaffold                                     ═╣

2022-05-15 22:27:21,367 INFO     ___FILE_ONLY___ ╚
2022-05-15 22:27:21,369 DEBUG    urllib3.connectionpool Starting new HTTPS connection (1): dl.google.com:443
2022-05-15 22:27:22,204 DEBUG    urllib3.connectionpool https://dl.google.com:443 "GET /dl/cloudsdk/channels/rapid/components/google-cloud-sdk-skaffold-darwin-arm-20220415194303.tar.gz HTTP/1.1" 200 20183129
2022-05-15 22:27:25,750 INFO     ___FILE_ONLY___ ═
2022-05-15 22:27:25,751 INFO     ___FILE_ONLY___ ═
2022-05-15 22:27:25,751 INFO     ___FILE_ONLY___ ═
2022-05-15 22:27:25,751 INFO     ___FILE_ONLY___ ═
2022-05-15 22:27:25,752 INFO     ___FILE_ONLY___ ═
2022-05-15 22:27:25,752 INFO     ___FILE_ONLY___ ═
2022-05-15 22:27:25,753 INFO     ___FILE_ONLY___ ═
2022-05-15 22:27:25,753 INFO     ___FILE_ONLY___ ═
2022-05-15 22:27:25,754 INFO     ___FILE_ONLY___ ═
2022-05-15 22:27:25,754 INFO     ___FILE_ONLY___ ═
2022-05-15 22:27:25,755 INFO     ___FILE_ONLY___ ═
2022-05-15 22:27:25,755 INFO     ___FILE_ONLY___ ═
2022-05-15 22:27:25,756 INFO     ___FILE_ONLY___ ═
2022-05-15 22:27:25,757 INFO     ___FILE_ONLY___ ═
2022-05-15 22:27:25,757 INFO     ___FILE_ONLY___ ═
2022-05-15 22:27:25,758 INFO     ___FILE_ONLY___ ═
2022-05-15 22:27:25,758 INFO     ___FILE_ONLY___ ═
2022-05-15 22:27:25,758 INFO     ___FILE_ONLY___ ═
2022-05-15 22:27:25,759 INFO     ___FILE_ONLY___ ═
2022-05-15 22:27:25,759 INFO     ___FILE_ONLY___ ═
2022-05-15 22:27:25,760 INFO     ___FILE_ONLY___ ═
2022-05-15 22:27:25,760 INFO     ___FILE_ONLY___ ═
2022-05-15 22:27:25,761 INFO     ___FILE_ONLY___ ═
2022-05-15 22:27:25,761 INFO     ___FILE_ONLY___ ═
2022-05-15 22:27:25,762 INFO     ___FILE_ONLY___ ═
2022-05-15 22:27:25,763 INFO     ___FILE_ONLY___ ═
2022-05-15 22:27:25,763 INFO     ___FILE_ONLY___ ═
2022-05-15 22:27:25,763 INFO     ___FILE_ONLY___ ═
2022-05-15 22:27:25,764 INFO     ___FILE_ONLY___ ═
2022-05-15 22:27:25,764 INFO     ___FILE_ONLY___ ═
2022-05-15 22:27:26,326 INFO     ___FILE_ONLY___ ══════════════════════════════
2022-05-15 22:27:26,326 INFO     ___FILE_ONLY___ ╝

2022-05-15 22:27:26,333 INFO     ___FILE_ONLY___ ╔════════════════════════════════════════════════════════════╗

2022-05-15 22:27:26,334 INFO     ___FILE_ONLY___ ╠═ Installing: gcloud Beta Commands                         ═╣

2022-05-15 22:27:26,334 INFO     ___FILE_ONLY___ ╚
2022-05-15 22:27:26,336 DEBUG    urllib3.connectionpool Starting new HTTPS connection (1): dl.google.com:443
2022-05-15 22:27:26,534 DEBUG    urllib3.connectionpool https://dl.google.com:443 "GET /dl/cloudsdk/channels/rapid/components/google-cloud-sdk-beta-20220506143240.tar.gz HTTP/1.1" 200 797
2022-05-15 22:27:26,535 INFO     ___FILE_ONLY___ ══════════════════════════════
2022-05-15 22:27:26,535 INFO     ___FILE_ONLY___ ══════════════════════════════
2022-05-15 22:27:26,535 INFO     ___FILE_ONLY___ ╝

2022-05-15 22:27:26,543 INFO     ___FILE_ONLY___ ╔════════════════════════════════════════════════════════════╗

2022-05-15 22:27:26,543 INFO     ___FILE_ONLY___ ╠═ Installing: gcloud cli dependencies                      ═╣

2022-05-15 22:27:26,543 INFO     ___FILE_ONLY___ ╚
2022-05-15 22:27:26,546 DEBUG    urllib3.connectionpool Starting new HTTPS connection (1): dl.google.com:443
2022-05-15 22:27:27,017 DEBUG    urllib3.connectionpool https://dl.google.com:443 "GET /dl/cloudsdk/channels/rapid/components/google-cloud-sdk-gcloud-deps-darwin-x86_64-20210416153011.tar.gz HTTP/1.1" 200 105
2022-05-15 22:27:27,018 INFO     ___FILE_ONLY___ ══════════════════════════════
2022-05-15 22:27:27,018 INFO     ___FILE_ONLY___ ══════════════════════════════
2022-05-15 22:27:27,018 INFO     ___FILE_ONLY___ ╝

2022-05-15 22:27:27,026 INFO     ___FILE_ONLY___ ╔════════════════════════════════════════════════════════════╗

2022-05-15 22:27:27,026 INFO     ___FILE_ONLY___ ╠═ Installing: gke-gcloud-auth-plugin                       ═╣

2022-05-15 22:27:27,026 INFO     ___FILE_ONLY___ ╚
2022-05-15 22:27:27,029 DEBUG    urllib3.connectionpool Starting new HTTPS connection (1): dl.google.com:443
2022-05-15 22:27:27,737 DEBUG    urllib3.connectionpool https://dl.google.com:443 "GET /dl/cloudsdk/channels/rapid/components/google-cloud-sdk-gke-gcloud-auth-plugin-darwin-arm-20220415194303.tar.gz HTTP/1.1" 200 3926436
2022-05-15 22:27:28,431 INFO     ___FILE_ONLY___ ═
2022-05-15 22:27:28,431 INFO     ___FILE_ONLY___ ═
2022-05-15 22:27:28,431 INFO     ___FILE_ONLY___ ═
2022-05-15 22:27:28,431 INFO     ___FILE_ONLY___ ═
2022-05-15 22:27:28,431 INFO     ___FILE_ONLY___ ═
2022-05-15 22:27:28,432 INFO     ___FILE_ONLY___ ═
2022-05-15 22:27:28,432 INFO     ___FILE_ONLY___ ═
2022-05-15 22:27:28,432 INFO     ___FILE_ONLY___ ═
2022-05-15 22:27:28,432 INFO     ___FILE_ONLY___ ═
2022-05-15 22:27:28,432 INFO     ___FILE_ONLY___ ═
2022-05-15 22:27:28,432 INFO     ___FILE_ONLY___ ═
2022-05-15 22:27:28,432 INFO     ___FILE_ONLY___ ═
2022-05-15 22:27:28,432 INFO     ___FILE_ONLY___ ═
2022-05-15 22:27:28,432 INFO     ___FILE_ONLY___ ═
2022-05-15 22:27:28,433 INFO     ___FILE_ONLY___ ═
2022-05-15 22:27:28,433 INFO     ___FILE_ONLY___ ═
2022-05-15 22:27:28,433 INFO     ___FILE_ONLY___ ═
2022-05-15 22:27:28,433 INFO     ___FILE_ONLY___ ═
2022-05-15 22:27:28,433 INFO     ___FILE_ONLY___ ═
2022-05-15 22:27:28,433 INFO     ___FILE_ONLY___ ═
2022-05-15 22:27:28,433 INFO     ___FILE_ONLY___ ═
2022-05-15 22:27:28,433 INFO     ___FILE_ONLY___ ═
2022-05-15 22:27:28,434 INFO     ___FILE_ONLY___ ═
2022-05-15 22:27:28,434 INFO     ___FILE_ONLY___ ═
2022-05-15 22:27:28,434 INFO     ___FILE_ONLY___ ═
2022-05-15 22:27:28,434 INFO     ___FILE_ONLY___ ═
2022-05-15 22:27:28,434 INFO     ___FILE_ONLY___ ═
2022-05-15 22:27:28,434 INFO     ___FILE_ONLY___ ═
2022-05-15 22:27:28,434 INFO     ___FILE_ONLY___ ═
2022-05-15 22:27:28,434 INFO     ___FILE_ONLY___ ═
2022-05-15 22:27:28,544 INFO     ___FILE_ONLY___ ══════════════════════════════
2022-05-15 22:27:28,544 INFO     ___FILE_ONLY___ ╝

2022-05-15 22:27:28,550 INFO     ___FILE_ONLY___ ╔════════════════════════════════════════════════════════════╗

2022-05-15 22:27:28,550 INFO     ___FILE_ONLY___ ╠═ Installing: gke-gcloud-auth-plugin                       ═╣

2022-05-15 22:27:28,550 INFO     ___FILE_ONLY___ ╚
2022-05-15 22:27:28,552 INFO     ___FILE_ONLY___ ════════════════════════════════════════════════════════════
2022-05-15 22:27:28,552 INFO     ___FILE_ONLY___ ╝

2022-05-15 22:27:28,556 INFO     ___FILE_ONLY___ ╔════════════════════════════════════════════════════════════╗

2022-05-15 22:27:28,556 INFO     ___FILE_ONLY___ ╠═ Installing: kubectl                                      ═╣

2022-05-15 22:27:28,556 INFO     ___FILE_ONLY___ ╚
2022-05-15 22:27:28,558 DEBUG    urllib3.connectionpool Starting new HTTPS connection (1): dl.google.com:443
2022-05-15 22:27:28,792 DEBUG    urllib3.connectionpool https://dl.google.com:443 "GET /dl/cloudsdk/channels/rapid/components/google-cloud-sdk-kubectl-darwin-arm-20220211145702.tar.gz HTTP/1.1" 200 54523977
2022-05-15 22:27:39,476 INFO     ___FILE_ONLY___ ═
2022-05-15 22:27:39,477 INFO     ___FILE_ONLY___ ═
2022-05-15 22:27:39,479 INFO     ___FILE_ONLY___ ═
2022-05-15 22:27:39,480 INFO     ___FILE_ONLY___ ═
2022-05-15 22:27:39,481 INFO     ___FILE_ONLY___ ═
2022-05-15 22:27:39,482 INFO     ___FILE_ONLY___ ═
2022-05-15 22:27:39,483 INFO     ___FILE_ONLY___ ═
2022-05-15 22:27:39,485 INFO     ___FILE_ONLY___ ═
2022-05-15 22:27:39,486 INFO     ___FILE_ONLY___ ═
2022-05-15 22:27:39,487 INFO     ___FILE_ONLY___ ═
2022-05-15 22:27:39,488 INFO     ___FILE_ONLY___ ═
2022-05-15 22:27:39,489 INFO     ___FILE_ONLY___ ═
2022-05-15 22:27:39,490 INFO     ___FILE_ONLY___ ═
2022-05-15 22:27:39,491 INFO     ___FILE_ONLY___ ═
2022-05-15 22:27:39,493 INFO     ___FILE_ONLY___ ═
2022-05-15 22:27:39,494 INFO     ___FILE_ONLY___ ═
2022-05-15 22:27:39,495 INFO     ___FILE_ONLY___ ═
2022-05-15 22:27:39,496 INFO     ___FILE_ONLY___ ═
2022-05-15 22:27:39,499 INFO     ___FILE_ONLY___ ═
2022-05-15 22:27:39,500 INFO     ___FILE_ONLY___ ═
2022-05-15 22:27:39,501 INFO     ___FILE_ONLY___ ═
2022-05-15 22:27:39,502 INFO     ___FILE_ONLY___ ═
2022-05-15 22:27:39,503 INFO     ___FILE_ONLY___ ═
2022-05-15 22:27:39,506 INFO     ___FILE_ONLY___ ═
2022-05-15 22:27:39,507 INFO     ___FILE_ONLY___ ═
2022-05-15 22:27:39,508 INFO     ___FILE_ONLY___ ═
2022-05-15 22:27:39,509 INFO     ___FILE_ONLY___ ═
2022-05-15 22:27:39,514 INFO     ___FILE_ONLY___ ═
2022-05-15 22:27:39,515 INFO     ___FILE_ONLY___ ═
2022-05-15 22:27:39,516 INFO     ___FILE_ONLY___ ═
2022-05-15 22:27:40,436 INFO     ___FILE_ONLY___ ═══════
2022-05-15 22:27:40,664 INFO     ___FILE_ONLY___ ════════
2022-05-15 22:27:40,880 INFO     ___FILE_ONLY___ ═══════
2022-05-15 22:27:41,103 INFO     ___FILE_ONLY___ ════════
2022-05-15 22:27:41,103 INFO     ___FILE_ONLY___ ╝

2022-05-15 22:27:41,114 INFO     ___FILE_ONLY___ ╔════════════════════════════════════════════════════════════╗

2022-05-15 22:27:41,115 INFO     ___FILE_ONLY___ ╠═ Installing: kubectl                                      ═╣

2022-05-15 22:27:41,115 INFO     ___FILE_ONLY___ ╚
2022-05-15 22:27:41,117 DEBUG    urllib3.connectionpool Starting new HTTPS connection (1): dl.google.com:443
2022-05-15 22:27:41,318 DEBUG    urllib3.connectionpool https://dl.google.com:443 "GET /dl/cloudsdk/channels/rapid/components/google-cloud-sdk-kubectl-20220128152443.tar.gz HTTP/1.1" 200 48444
2022-05-15 22:27:41,332 INFO     ___FILE_ONLY___ ══════════
2022-05-15 22:27:41,332 INFO     ___FILE_ONLY___ ══════════
2022-05-15 22:27:41,332 INFO     ___FILE_ONLY___ ══════════
2022-05-15 22:27:41,336 INFO     ___FILE_ONLY___ ══════════════════════════════
2022-05-15 22:27:41,336 INFO     ___FILE_ONLY___ ╝

2022-05-15 22:27:41,350 INFO     ___FILE_ONLY___ ╔════════════════════════════════════════════════════════════╗

2022-05-15 22:27:41,351 INFO     ___FILE_ONLY___ ╠═ Creating backup and activating new installation          ═╣

2022-05-15 22:27:41,351 INFO     ___FILE_ONLY___ ╚
2022-05-15 22:27:41,351 DEBUG    root            Attempting to move directory [/Users/yashsharma/Library/Application Support/cloud-code/installer/google-cloud-sdk] to [/Users/yashsharma/Library/Application Support/cloud-code/installer/google-cloud-sdk.staging/.install/.backup]
2022-05-15 22:27:41,351 INFO     ___FILE_ONLY___ ══════════════════════════════
2022-05-15 22:27:41,351 DEBUG    root            Attempting to move directory [/Users/yashsharma/Library/Application Support/cloud-code/installer/google-cloud-sdk.staging] to [/Users/yashsharma/Library/Application Support/cloud-code/installer/google-cloud-sdk]
2022-05-15 22:27:41,351 INFO     ___FILE_ONLY___ ══════════════════════════════
2022-05-15 22:27:41,351 INFO     ___FILE_ONLY___ ╝

2022-05-15 22:27:41,356 DEBUG    root            Updating notification cache...
2022-05-15 22:27:41,357 INFO     ___FILE_ONLY___ 

2022-05-15 22:27:41,363 INFO     ___FILE_ONLY___ Performing post processing steps...
2022-05-15 22:27:41,363 DEBUG    root            Executing command: ['/Users/yashsharma/miniforge3/bin/python3', '-S', '/Users/yashsharma/Library/Application Support/cloud-code/installer/google-cloud-sdk/lib/gcloud.py', 'components', 'post-process']
2022-05-15 22:27:53,690 DEBUG    ___FILE_ONLY___ 
2022-05-15 22:27:53,691 DEBUG    ___FILE_ONLY___ 
2022-05-15 22:27:53,827 INFO     ___FILE_ONLY___ 
Update done!


2022-05-15 22:27:53,835 INFO     root            Display format: "none"
