2022-05-15 22:27:08,127 DEBUG    root            Loaded Command Group: ['gcloud', 'components']
2022-05-15 22:27:08,129 DEBUG    root            Loaded Command Group: ['gcloud', 'components', 'list']
2022-05-15 22:27:08,130 DEBUG    root            Running [gcloud.components.list] with arguments: [--format: "json", --quiet: "True"]
2022-05-15 22:27:08,135 DEBUG    urllib3.connectionpool Starting new HTTPS connection (1): dl.google.com:443
2022-05-15 22:27:08,317 DEBUG    urllib3.connectionpool https://dl.google.com:443 "GET /dl/cloudsdk/channels/rapid/components-2.json HTTP/1.1" 200 187088
2022-05-15 22:27:08,352 INFO     ___FILE_ONLY___ 
Your current Google Cloud CLI version is: 385.0.0

2022-05-15 22:27:08,352 INFO     ___FILE_ONLY___ The latest available version is: 385.0.0

2022-05-15 22:27:08,352 INFO     ___FILE_ONLY___ 

2022-05-15 22:27:08,353 INFO     root            Display format: "table[box,title="Components"](state.name:label=Status,name:label=Name,id:label=ID,size.size(zero="",min=1048576):label=Size:align=right) json"
2022-05-15 22:27:08,353 INFO     ___FILE_ONLY___ [
  {
2022-05-15 22:27:08,353 INFO     ___FILE_ONLY___ 
    "current_version_string": null,
2022-05-15 22:27:08,353 INFO     ___FILE_ONLY___ 
    "id": "app-engine-go",
2022-05-15 22:27:08,353 INFO     ___FILE_ONLY___ 
    "is_configuration": false,
2022-05-15 22:27:08,353 INFO     ___FILE_ONLY___ 
    "is_hidden": false,
2022-05-15 22:27:08,353 INFO     ___FILE_ONLY___ 
    "latest_version_string": "1.9.72",
2022-05-15 22:27:08,353 INFO     ___FILE_ONLY___ 
    "name": "App Engine Go Extensions",
2022-05-15 22:27:08,353 INFO     ___FILE_ONLY___ 
    "platform": {
2022-05-15 22:27:08,353 INFO     ___FILE_ONLY___ 
      "architecture": {
2022-05-15 22:27:08,353 INFO     ___FILE_ONLY___ 
        "file_name": "arm",
2022-05-15 22:27:08,353 INFO     ___FILE_ONLY___ 
        "id": "arm",
2022-05-15 22:27:08,353 INFO     ___FILE_ONLY___ 
        "name": "arm"
2022-05-15 22:27:08,353 INFO     ___FILE_ONLY___ 
      },
2022-05-15 22:27:08,353 INFO     ___FILE_ONLY___ 
      "operating_system": {
2022-05-15 22:27:08,353 INFO     ___FILE_ONLY___ 
        "file_name": "darwin",
2022-05-15 22:27:08,353 INFO     ___FILE_ONLY___ 
        "id": "MACOSX",
2022-05-15 22:27:08,353 INFO     ___FILE_ONLY___ 
        "name": "Mac OS X"
2022-05-15 22:27:08,353 INFO     ___FILE_ONLY___ 
      }
2022-05-15 22:27:08,353 INFO     ___FILE_ONLY___ 
    },
2022-05-15 22:27:08,353 INFO     ___FILE_ONLY___ 
    "platform_required": false,
2022-05-15 22:27:08,353 INFO     ___FILE_ONLY___ 
    "size": 4164730,
2022-05-15 22:27:08,353 INFO     ___FILE_ONLY___ 
    "state": {
2022-05-15 22:27:08,353 INFO     ___FILE_ONLY___ 
      "name": "Not Installed"
2022-05-15 22:27:08,354 INFO     ___FILE_ONLY___ 
    }
2022-05-15 22:27:08,354 INFO     ___FILE_ONLY___ 
  }
2022-05-15 22:27:08,354 INFO     ___FILE_ONLY___ ,
  {
2022-05-15 22:27:08,354 INFO     ___FILE_ONLY___ 
    "current_version_string": null,
2022-05-15 22:27:08,354 INFO     ___FILE_ONLY___ 
    "id": "appctl",
2022-05-15 22:27:08,354 INFO     ___FILE_ONLY___ 
    "is_configuration": false,
2022-05-15 22:27:08,354 INFO     ___FILE_ONLY___ 
    "is_hidden": false,
2022-05-15 22:27:08,354 INFO     ___FILE_ONLY___ 
    "latest_version_string": "0.1.12",
2022-05-15 22:27:08,354 INFO     ___FILE_ONLY___ 
    "name": "Appctl",
2022-05-15 22:27:08,354 INFO     ___FILE_ONLY___ 
    "platform": {
2022-05-15 22:27:08,354 INFO     ___FILE_ONLY___ 
      "architecture": {
2022-05-15 22:27:08,354 INFO     ___FILE_ONLY___ 
        "file_name": "x86_64",
2022-05-15 22:27:08,354 INFO     ___FILE_ONLY___ 
        "id": "x86_64",
2022-05-15 22:27:08,354 INFO     ___FILE_ONLY___ 
        "name": "x86_64"
2022-05-15 22:27:08,354 INFO     ___FILE_ONLY___ 
      },
2022-05-15 22:27:08,354 INFO     ___FILE_ONLY___ 
      "operating_system": {
2022-05-15 22:27:08,354 INFO     ___FILE_ONLY___ 
        "file_name": "darwin",
2022-05-15 22:27:08,354 INFO     ___FILE_ONLY___ 
        "id": "MACOSX",
2022-05-15 22:27:08,354 INFO     ___FILE_ONLY___ 
        "name": "Mac OS X"
2022-05-15 22:27:08,354 INFO     ___FILE_ONLY___ 
      }
2022-05-15 22:27:08,354 INFO     ___FILE_ONLY___ 
    },
2022-05-15 22:27:08,354 INFO     ___FILE_ONLY___ 
    "platform_required": false,
2022-05-15 22:27:08,354 INFO     ___FILE_ONLY___ 
    "size": 19381598,
2022-05-15 22:27:08,354 INFO     ___FILE_ONLY___ 
    "state": {
2022-05-15 22:27:08,354 INFO     ___FILE_ONLY___ 
      "name": "Not Installed"
2022-05-15 22:27:08,354 INFO     ___FILE_ONLY___ 
    }
2022-05-15 22:27:08,354 INFO     ___FILE_ONLY___ 
  }
2022-05-15 22:27:08,354 INFO     ___FILE_ONLY___ ,
  {
2022-05-15 22:27:08,354 INFO     ___FILE_ONLY___ 
    "current_version_string": null,
2022-05-15 22:27:08,354 INFO     ___FILE_ONLY___ 
    "id": "cbt",
2022-05-15 22:27:08,354 INFO     ___FILE_ONLY___ 
    "is_configuration": false,
2022-05-15 22:27:08,355 INFO     ___FILE_ONLY___ 
    "is_hidden": false,
2022-05-15 22:27:08,355 INFO     ___FILE_ONLY___ 
    "latest_version_string": "0.12.0",
2022-05-15 22:27:08,355 INFO     ___FILE_ONLY___ 
    "name": "Cloud Bigtable Command Line Tool",
2022-05-15 22:27:08,355 INFO     ___FILE_ONLY___ 
    "platform": {
2022-05-15 22:27:08,355 INFO     ___FILE_ONLY___ 
      "architecture": {
2022-05-15 22:27:08,355 INFO     ___FILE_ONLY___ 
        "file_name": "arm",
2022-05-15 22:27:08,355 INFO     ___FILE_ONLY___ 
        "id": "arm",
2022-05-15 22:27:08,355 INFO     ___FILE_ONLY___ 
        "name": "arm"
2022-05-15 22:27:08,355 INFO     ___FILE_ONLY___ 
      },
2022-05-15 22:27:08,355 INFO     ___FILE_ONLY___ 
      "operating_system": {
2022-05-15 22:27:08,355 INFO     ___FILE_ONLY___ 
        "file_name": "darwin",
2022-05-15 22:27:08,355 INFO     ___FILE_ONLY___ 
        "id": "MACOSX",
2022-05-15 22:27:08,355 INFO     ___FILE_ONLY___ 
        "name": "Mac OS X"
2022-05-15 22:27:08,355 INFO     ___FILE_ONLY___ 
      }
2022-05-15 22:27:08,355 INFO     ___FILE_ONLY___ 
    },
2022-05-15 22:27:08,355 INFO     ___FILE_ONLY___ 
    "platform_required": false,
2022-05-15 22:27:08,355 INFO     ___FILE_ONLY___ 
    "size": 9711886,
2022-05-15 22:27:08,355 INFO     ___FILE_ONLY___ 
    "state": {
2022-05-15 22:27:08,355 INFO     ___FILE_ONLY___ 
      "name": "Not Installed"
2022-05-15 22:27:08,355 INFO     ___FILE_ONLY___ 
    }
2022-05-15 22:27:08,355 INFO     ___FILE_ONLY___ 
  }
2022-05-15 22:27:08,355 INFO     ___FILE_ONLY___ ,
  {
2022-05-15 22:27:08,355 INFO     ___FILE_ONLY___ 
    "current_version_string": null,
2022-05-15 22:27:08,355 INFO     ___FILE_ONLY___ 
    "id": "bigtable",
2022-05-15 22:27:08,355 INFO     ___FILE_ONLY___ 
    "is_configuration": false,
2022-05-15 22:27:08,355 INFO     ___FILE_ONLY___ 
    "is_hidden": false,
2022-05-15 22:27:08,355 INFO     ___FILE_ONLY___ 
    "latest_version_string": "",
2022-05-15 22:27:08,355 INFO     ___FILE_ONLY___ 
    "name": "Cloud Bigtable Emulator",
2022-05-15 22:27:08,355 INFO     ___FILE_ONLY___ 
    "platform": {
2022-05-15 22:27:08,355 INFO     ___FILE_ONLY___ 
      "architecture": {
2022-05-15 22:27:08,355 INFO     ___FILE_ONLY___ 
        "file_name": "arm",
2022-05-15 22:27:08,355 INFO     ___FILE_ONLY___ 
        "id": "arm",
2022-05-15 22:27:08,355 INFO     ___FILE_ONLY___ 
        "name": "arm"
2022-05-15 22:27:08,355 INFO     ___FILE_ONLY___ 
      },
2022-05-15 22:27:08,355 INFO     ___FILE_ONLY___ 
      "operating_system": {
2022-05-15 22:27:08,355 INFO     ___FILE_ONLY___ 
        "file_name": "darwin",
2022-05-15 22:27:08,355 INFO     ___FILE_ONLY___ 
        "id": "MACOSX",
2022-05-15 22:27:08,355 INFO     ___FILE_ONLY___ 
        "name": "Mac OS X"
2022-05-15 22:27:08,355 INFO     ___FILE_ONLY___ 
      }
2022-05-15 22:27:08,355 INFO     ___FILE_ONLY___ 
    },
2022-05-15 22:27:08,355 INFO     ___FILE_ONLY___ 
    "platform_required": false,
2022-05-15 22:27:08,355 INFO     ___FILE_ONLY___ 
    "size": 6002688,
2022-05-15 22:27:08,356 INFO     ___FILE_ONLY___ 
    "state": {
2022-05-15 22:27:08,356 INFO     ___FILE_ONLY___ 
      "name": "Not Installed"
2022-05-15 22:27:08,356 INFO     ___FILE_ONLY___ 
    }
2022-05-15 22:27:08,356 INFO     ___FILE_ONLY___ 
  }
2022-05-15 22:27:08,356 INFO     ___FILE_ONLY___ ,
  {
2022-05-15 22:27:08,356 INFO     ___FILE_ONLY___ 
    "current_version_string": null,
2022-05-15 22:27:08,356 INFO     ___FILE_ONLY___ 
    "id": "datalab",
2022-05-15 22:27:08,356 INFO     ___FILE_ONLY___ 
    "is_configuration": false,
2022-05-15 22:27:08,356 INFO     ___FILE_ONLY___ 
    "is_hidden": false,
2022-05-15 22:27:08,356 INFO     ___FILE_ONLY___ 
    "latest_version_string": "20190610",
2022-05-15 22:27:08,356 INFO     ___FILE_ONLY___ 
    "name": "Cloud Datalab Command Line Tool",
2022-05-15 22:27:08,356 INFO     ___FILE_ONLY___ 
    "platform": {
2022-05-15 22:27:08,356 INFO     ___FILE_ONLY___ 
      "architecture": {
2022-05-15 22:27:08,356 INFO     ___FILE_ONLY___ 
        "file_name": "arm",
2022-05-15 22:27:08,356 INFO     ___FILE_ONLY___ 
        "id": "arm",
2022-05-15 22:27:08,356 INFO     ___FILE_ONLY___ 
        "name": "arm"
2022-05-15 22:27:08,356 INFO     ___FILE_ONLY___ 
      },
2022-05-15 22:27:08,356 INFO     ___FILE_ONLY___ 
      "operating_system": {
2022-05-15 22:27:08,356 INFO     ___FILE_ONLY___ 
        "file_name": "darwin",
2022-05-15 22:27:08,356 INFO     ___FILE_ONLY___ 
        "id": "MACOSX",
2022-05-15 22:27:08,356 INFO     ___FILE_ONLY___ 
        "name": "Mac OS X"
2022-05-15 22:27:08,356 INFO     ___FILE_ONLY___ 
      }
2022-05-15 22:27:08,356 INFO     ___FILE_ONLY___ 
    },
2022-05-15 22:27:08,356 INFO     ___FILE_ONLY___ 
    "platform_required": false,
2022-05-15 22:27:08,356 INFO     ___FILE_ONLY___ 
    "size": 74849,
2022-05-15 22:27:08,356 INFO     ___FILE_ONLY___ 
    "state": {
2022-05-15 22:27:08,356 INFO     ___FILE_ONLY___ 
      "name": "Not Installed"
2022-05-15 22:27:08,356 INFO     ___FILE_ONLY___ 
    }
2022-05-15 22:27:08,356 INFO     ___FILE_ONLY___ 
  }
2022-05-15 22:27:08,356 INFO     ___FILE_ONLY___ ,
  {
2022-05-15 22:27:08,356 INFO     ___FILE_ONLY___ 
    "current_version_string": null,
2022-05-15 22:27:08,356 INFO     ___FILE_ONLY___ 
    "id": "cloud-datastore-emulator",
2022-05-15 22:27:08,356 INFO     ___FILE_ONLY___ 
    "is_configuration": false,
2022-05-15 22:27:08,356 INFO     ___FILE_ONLY___ 
    "is_hidden": false,
2022-05-15 22:27:08,357 INFO     ___FILE_ONLY___ 
    "latest_version_string": "2.2.0",
2022-05-15 22:27:08,357 INFO     ___FILE_ONLY___ 
    "name": "Cloud Datastore Emulator",
2022-05-15 22:27:08,357 INFO     ___FILE_ONLY___ 
    "platform": {
2022-05-15 22:27:08,357 INFO     ___FILE_ONLY___ 
      "architecture": {
2022-05-15 22:27:08,357 INFO     ___FILE_ONLY___ 
        "file_name": "arm",
2022-05-15 22:27:08,357 INFO     ___FILE_ONLY___ 
        "id": "arm",
2022-05-15 22:27:08,357 INFO     ___FILE_ONLY___ 
        "name": "arm"
2022-05-15 22:27:08,357 INFO     ___FILE_ONLY___ 
      },
2022-05-15 22:27:08,357 INFO     ___FILE_ONLY___ 
      "operating_system": {
2022-05-15 22:27:08,357 INFO     ___FILE_ONLY___ 
        "file_name": "darwin",
2022-05-15 22:27:08,357 INFO     ___FILE_ONLY___ 
        "id": "MACOSX",
2022-05-15 22:27:08,357 INFO     ___FILE_ONLY___ 
        "name": "Mac OS X"
2022-05-15 22:27:08,357 INFO     ___FILE_ONLY___ 
      }
2022-05-15 22:27:08,357 INFO     ___FILE_ONLY___ 
    },
2022-05-15 22:27:08,357 INFO     ___FILE_ONLY___ 
    "platform_required": false,
2022-05-15 22:27:08,357 INFO     ___FILE_ONLY___ 
    "size": 36277664,
2022-05-15 22:27:08,357 INFO     ___FILE_ONLY___ 
    "state": {
2022-05-15 22:27:08,357 INFO     ___FILE_ONLY___ 
      "name": "Not Installed"
2022-05-15 22:27:08,357 INFO     ___FILE_ONLY___ 
    }
2022-05-15 22:27:08,357 INFO     ___FILE_ONLY___ 
  }
2022-05-15 22:27:08,357 INFO     ___FILE_ONLY___ ,
  {
2022-05-15 22:27:08,357 INFO     ___FILE_ONLY___ 
    "current_version_string": null,
2022-05-15 22:27:08,357 INFO     ___FILE_ONLY___ 
    "id": "cloud-firestore-emulator",
2022-05-15 22:27:08,357 INFO     ___FILE_ONLY___ 
    "is_configuration": false,
2022-05-15 22:27:08,357 INFO     ___FILE_ONLY___ 
    "is_hidden": false,
2022-05-15 22:27:08,357 INFO     ___FILE_ONLY___ 
    "latest_version_string": "1.14.3",
2022-05-15 22:27:08,357 INFO     ___FILE_ONLY___ 
    "name": "Cloud Firestore Emulator",
2022-05-15 22:27:08,357 INFO     ___FILE_ONLY___ 
    "platform": {
2022-05-15 22:27:08,357 INFO     ___FILE_ONLY___ 
      "architecture": {
2022-05-15 22:27:08,357 INFO     ___FILE_ONLY___ 
        "file_name": "arm",
2022-05-15 22:27:08,357 INFO     ___FILE_ONLY___ 
        "id": "arm",
2022-05-15 22:27:08,357 INFO     ___FILE_ONLY___ 
        "name": "arm"
2022-05-15 22:27:08,357 INFO     ___FILE_ONLY___ 
      },
2022-05-15 22:27:08,357 INFO     ___FILE_ONLY___ 
      "operating_system": {
2022-05-15 22:27:08,357 INFO     ___FILE_ONLY___ 
        "file_name": "darwin",
2022-05-15 22:27:08,357 INFO     ___FILE_ONLY___ 
        "id": "MACOSX",
2022-05-15 22:27:08,357 INFO     ___FILE_ONLY___ 
        "name": "Mac OS X"
2022-05-15 22:27:08,358 INFO     ___FILE_ONLY___ 
      }
2022-05-15 22:27:08,358 INFO     ___FILE_ONLY___ 
    },
2022-05-15 22:27:08,358 INFO     ___FILE_ONLY___ 
    "platform_required": false,
2022-05-15 22:27:08,358 INFO     ___FILE_ONLY___ 
    "size": 41380260,
2022-05-15 22:27:08,358 INFO     ___FILE_ONLY___ 
    "state": {
2022-05-15 22:27:08,358 INFO     ___FILE_ONLY___ 
      "name": "Not Installed"
2022-05-15 22:27:08,358 INFO     ___FILE_ONLY___ 
    }
2022-05-15 22:27:08,358 INFO     ___FILE_ONLY___ 
  }
2022-05-15 22:27:08,358 INFO     ___FILE_ONLY___ ,
  {
2022-05-15 22:27:08,358 INFO     ___FILE_ONLY___ 
    "current_version_string": null,
2022-05-15 22:27:08,358 INFO     ___FILE_ONLY___ 
    "id": "pubsub-emulator",
2022-05-15 22:27:08,358 INFO     ___FILE_ONLY___ 
    "is_configuration": false,
2022-05-15 22:27:08,358 INFO     ___FILE_ONLY___ 
    "is_hidden": false,
2022-05-15 22:27:08,358 INFO     ___FILE_ONLY___ 
    "latest_version_string": "0.6.0",
2022-05-15 22:27:08,358 INFO     ___FILE_ONLY___ 
    "name": "Cloud Pub/Sub Emulator",
2022-05-15 22:27:08,358 INFO     ___FILE_ONLY___ 
    "platform": {
2022-05-15 22:27:08,358 INFO     ___FILE_ONLY___ 
      "architecture": {
2022-05-15 22:27:08,358 INFO     ___FILE_ONLY___ 
        "file_name": "arm",
2022-05-15 22:27:08,358 INFO     ___FILE_ONLY___ 
        "id": "arm",
2022-05-15 22:27:08,358 INFO     ___FILE_ONLY___ 
        "name": "arm"
2022-05-15 22:27:08,358 INFO     ___FILE_ONLY___ 
      },
2022-05-15 22:27:08,358 INFO     ___FILE_ONLY___ 
      "operating_system": {
2022-05-15 22:27:08,358 INFO     ___FILE_ONLY___ 
        "file_name": "darwin",
2022-05-15 22:27:08,358 INFO     ___FILE_ONLY___ 
        "id": "MACOSX",
2022-05-15 22:27:08,358 INFO     ___FILE_ONLY___ 
        "name": "Mac OS X"
2022-05-15 22:27:08,358 INFO     ___FILE_ONLY___ 
      }
2022-05-15 22:27:08,358 INFO     ___FILE_ONLY___ 
    },
2022-05-15 22:27:08,358 INFO     ___FILE_ONLY___ 
    "platform_required": false,
2022-05-15 22:27:08,358 INFO     ___FILE_ONLY___ 
    "size": 63687051,
2022-05-15 22:27:08,358 INFO     ___FILE_ONLY___ 
    "state": {
2022-05-15 22:27:08,358 INFO     ___FILE_ONLY___ 
      "name": "Not Installed"
2022-05-15 22:27:08,358 INFO     ___FILE_ONLY___ 
    }
2022-05-15 22:27:08,358 INFO     ___FILE_ONLY___ 
  }
2022-05-15 22:27:08,359 INFO     ___FILE_ONLY___ ,
  {
2022-05-15 22:27:08,359 INFO     ___FILE_ONLY___ 
    "current_version_string": null,
2022-05-15 22:27:08,359 INFO     ___FILE_ONLY___ 
    "id": "cloud-run-proxy",
2022-05-15 22:27:08,359 INFO     ___FILE_ONLY___ 
    "is_configuration": false,
2022-05-15 22:27:08,359 INFO     ___FILE_ONLY___ 
    "is_hidden": false,
2022-05-15 22:27:08,359 INFO     ___FILE_ONLY___ 
    "latest_version_string": "0.3.0",
2022-05-15 22:27:08,359 INFO     ___FILE_ONLY___ 
    "name": "Cloud Run Proxy",
2022-05-15 22:27:08,359 INFO     ___FILE_ONLY___ 
    "platform": {
2022-05-15 22:27:08,359 INFO     ___FILE_ONLY___ 
      "architecture": {
2022-05-15 22:27:08,359 INFO     ___FILE_ONLY___ 
        "file_name": "arm",
2022-05-15 22:27:08,359 INFO     ___FILE_ONLY___ 
        "id": "arm",
2022-05-15 22:27:08,359 INFO     ___FILE_ONLY___ 
        "name": "arm"
2022-05-15 22:27:08,359 INFO     ___FILE_ONLY___ 
      },
2022-05-15 22:27:08,359 INFO     ___FILE_ONLY___ 
      "operating_system": {
2022-05-15 22:27:08,359 INFO     ___FILE_ONLY___ 
        "file_name": "darwin",
2022-05-15 22:27:08,359 INFO     ___FILE_ONLY___ 
        "id": "MACOSX",
2022-05-15 22:27:08,359 INFO     ___FILE_ONLY___ 
        "name": "Mac OS X"
2022-05-15 22:27:08,359 INFO     ___FILE_ONLY___ 
      }
2022-05-15 22:27:08,359 INFO     ___FILE_ONLY___ 
    },
2022-05-15 22:27:08,359 INFO     ___FILE_ONLY___ 
    "platform_required": false,
2022-05-15 22:27:08,359 INFO     ___FILE_ONLY___ 
    "size": 7735939,
2022-05-15 22:27:08,359 INFO     ___FILE_ONLY___ 
    "state": {
2022-05-15 22:27:08,359 INFO     ___FILE_ONLY___ 
      "name": "Not Installed"
2022-05-15 22:27:08,359 INFO     ___FILE_ONLY___ 
    }
2022-05-15 22:27:08,359 INFO     ___FILE_ONLY___ 
  }
2022-05-15 22:27:08,359 INFO     ___FILE_ONLY___ ,
  {
2022-05-15 22:27:08,359 INFO     ___FILE_ONLY___ 
    "current_version_string": null,
2022-05-15 22:27:08,359 INFO     ___FILE_ONLY___ 
    "id": "cloud_sql_proxy",
2022-05-15 22:27:08,359 INFO     ___FILE_ONLY___ 
    "is_configuration": false,
2022-05-15 22:27:08,359 INFO     ___FILE_ONLY___ 
    "is_hidden": false,
2022-05-15 22:27:08,359 INFO     ___FILE_ONLY___ 
    "latest_version_string": "1.27.0",
2022-05-15 22:27:08,359 INFO     ___FILE_ONLY___ 
    "name": "Cloud SQL Proxy",
2022-05-15 22:27:08,359 INFO     ___FILE_ONLY___ 
    "platform": {
2022-05-15 22:27:08,359 INFO     ___FILE_ONLY___ 
      "architecture": {
2022-05-15 22:27:08,359 INFO     ___FILE_ONLY___ 
        "file_name": "arm",
2022-05-15 22:27:08,359 INFO     ___FILE_ONLY___ 
        "id": "arm",
2022-05-15 22:27:08,359 INFO     ___FILE_ONLY___ 
        "name": "arm"
2022-05-15 22:27:08,359 INFO     ___FILE_ONLY___ 
      },
2022-05-15 22:27:08,359 INFO     ___FILE_ONLY___ 
      "operating_system": {
2022-05-15 22:27:08,359 INFO     ___FILE_ONLY___ 
        "file_name": "darwin",
2022-05-15 22:27:08,359 INFO     ___FILE_ONLY___ 
        "id": "MACOSX",
2022-05-15 22:27:08,359 INFO     ___FILE_ONLY___ 
        "name": "Mac OS X"
2022-05-15 22:27:08,360 INFO     ___FILE_ONLY___ 
      }
2022-05-15 22:27:08,360 INFO     ___FILE_ONLY___ 
    },
2022-05-15 22:27:08,360 INFO     ___FILE_ONLY___ 
    "platform_required": false,
2022-05-15 22:27:08,360 INFO     ___FILE_ONLY___ 
    "size": 7700917,
2022-05-15 22:27:08,360 INFO     ___FILE_ONLY___ 
    "state": {
2022-05-15 22:27:08,360 INFO     ___FILE_ONLY___ 
      "name": "Not Installed"
2022-05-15 22:27:08,360 INFO     ___FILE_ONLY___ 
    }
2022-05-15 22:27:08,360 INFO     ___FILE_ONLY___ 
  }
2022-05-15 22:27:08,360 INFO     ___FILE_ONLY___ ,
  {
2022-05-15 22:27:08,360 INFO     ___FILE_ONLY___ 
    "current_version_string": null,
2022-05-15 22:27:08,360 INFO     ___FILE_ONLY___ 
    "id": "cloud-build-local",
2022-05-15 22:27:08,360 INFO     ___FILE_ONLY___ 
    "is_configuration": false,
2022-05-15 22:27:08,360 INFO     ___FILE_ONLY___ 
    "is_hidden": false,
2022-05-15 22:27:08,360 INFO     ___FILE_ONLY___ 
    "latest_version_string": "0.5.2",
2022-05-15 22:27:08,360 INFO     ___FILE_ONLY___ 
    "name": "Google Cloud Build Local Builder",
2022-05-15 22:27:08,360 INFO     ___FILE_ONLY___ 
    "platform": {
2022-05-15 22:27:08,360 INFO     ___FILE_ONLY___ 
      "architecture": {
2022-05-15 22:27:08,360 INFO     ___FILE_ONLY___ 
        "file_name": "x86_64",
2022-05-15 22:27:08,360 INFO     ___FILE_ONLY___ 
        "id": "x86_64",
2022-05-15 22:27:08,360 INFO     ___FILE_ONLY___ 
        "name": "x86_64"
2022-05-15 22:27:08,360 INFO     ___FILE_ONLY___ 
      },
2022-05-15 22:27:08,360 INFO     ___FILE_ONLY___ 
      "operating_system": {
2022-05-15 22:27:08,360 INFO     ___FILE_ONLY___ 
        "file_name": "darwin",
2022-05-15 22:27:08,360 INFO     ___FILE_ONLY___ 
        "id": "MACOSX",
2022-05-15 22:27:08,360 INFO     ___FILE_ONLY___ 
        "name": "Mac OS X"
2022-05-15 22:27:08,360 INFO     ___FILE_ONLY___ 
      }
2022-05-15 22:27:08,360 INFO     ___FILE_ONLY___ 
    },
2022-05-15 22:27:08,360 INFO     ___FILE_ONLY___ 
    "platform_required": false,
2022-05-15 22:27:08,360 INFO     ___FILE_ONLY___ 
    "size": 6461890,
2022-05-15 22:27:08,360 INFO     ___FILE_ONLY___ 
    "state": {
2022-05-15 22:27:08,360 INFO     ___FILE_ONLY___ 
      "name": "Not Installed"
2022-05-15 22:27:08,360 INFO     ___FILE_ONLY___ 
    }
2022-05-15 22:27:08,360 INFO     ___FILE_ONLY___ 
  }
2022-05-15 22:27:08,360 INFO     ___FILE_ONLY___ ,
  {
2022-05-15 22:27:08,360 INFO     ___FILE_ONLY___ 
    "current_version_string": null,
2022-05-15 22:27:08,360 INFO     ___FILE_ONLY___ 
    "id": "docker-credential-gcr",
2022-05-15 22:27:08,361 INFO     ___FILE_ONLY___ 
    "is_configuration": false,
2022-05-15 22:27:08,361 INFO     ___FILE_ONLY___ 
    "is_hidden": false,
2022-05-15 22:27:08,361 INFO     ___FILE_ONLY___ 
    "latest_version_string": "1.5.0",
2022-05-15 22:27:08,361 INFO     ___FILE_ONLY___ 
    "name": "Google Container Registry's Docker credential helper",
2022-05-15 22:27:08,361 INFO     ___FILE_ONLY___ 
    "platform": {
2022-05-15 22:27:08,361 INFO     ___FILE_ONLY___ 
      "architecture": {
2022-05-15 22:27:08,361 INFO     ___FILE_ONLY___ 
        "file_name": "arm",
2022-05-15 22:27:08,361 INFO     ___FILE_ONLY___ 
        "id": "arm",
2022-05-15 22:27:08,361 INFO     ___FILE_ONLY___ 
        "name": "arm"
2022-05-15 22:27:08,361 INFO     ___FILE_ONLY___ 
      },
2022-05-15 22:27:08,361 INFO     ___FILE_ONLY___ 
      "operating_system": {
2022-05-15 22:27:08,361 INFO     ___FILE_ONLY___ 
        "file_name": "darwin",
2022-05-15 22:27:08,361 INFO     ___FILE_ONLY___ 
        "id": "MACOSX",
2022-05-15 22:27:08,361 INFO     ___FILE_ONLY___ 
        "name": "Mac OS X"
2022-05-15 22:27:08,361 INFO     ___FILE_ONLY___ 
      }
2022-05-15 22:27:08,361 INFO     ___FILE_ONLY___ 
    },
2022-05-15 22:27:08,361 INFO     ___FILE_ONLY___ 
    "platform_required": false,
2022-05-15 22:27:08,361 INFO     ___FILE_ONLY___ 
    "size": 0,
2022-05-15 22:27:08,361 INFO     ___FILE_ONLY___ 
    "state": {
2022-05-15 22:27:08,361 INFO     ___FILE_ONLY___ 
      "name": "Not Installed"
2022-05-15 22:27:08,361 INFO     ___FILE_ONLY___ 
    }
2022-05-15 22:27:08,361 INFO     ___FILE_ONLY___ 
  }
2022-05-15 22:27:08,361 INFO     ___FILE_ONLY___ ,
  {
2022-05-15 22:27:08,361 INFO     ___FILE_ONLY___ 
    "current_version_string": null,
2022-05-15 22:27:08,361 INFO     ___FILE_ONLY___ 
    "id": "kustomize",
2022-05-15 22:27:08,361 INFO     ___FILE_ONLY___ 
    "is_configuration": false,
2022-05-15 22:27:08,361 INFO     ___FILE_ONLY___ 
    "is_hidden": false,
2022-05-15 22:27:08,361 INFO     ___FILE_ONLY___ 
    "latest_version_string": "4.4.0",
2022-05-15 22:27:08,361 INFO     ___FILE_ONLY___ 
    "name": "Kustomize",
2022-05-15 22:27:08,361 INFO     ___FILE_ONLY___ 
    "platform": {
2022-05-15 22:27:08,361 INFO     ___FILE_ONLY___ 
      "architecture": {
2022-05-15 22:27:08,361 INFO     ___FILE_ONLY___ 
        "file_name": "arm",
2022-05-15 22:27:08,361 INFO     ___FILE_ONLY___ 
        "id": "arm",
2022-05-15 22:27:08,361 INFO     ___FILE_ONLY___ 
        "name": "arm"
2022-05-15 22:27:08,361 INFO     ___FILE_ONLY___ 
      },
2022-05-15 22:27:08,361 INFO     ___FILE_ONLY___ 
      "operating_system": {
2022-05-15 22:27:08,361 INFO     ___FILE_ONLY___ 
        "file_name": "darwin",
2022-05-15 22:27:08,361 INFO     ___FILE_ONLY___ 
        "id": "MACOSX",
2022-05-15 22:27:08,361 INFO     ___FILE_ONLY___ 
        "name": "Mac OS X"
2022-05-15 22:27:08,361 INFO     ___FILE_ONLY___ 
      }
2022-05-15 22:27:08,361 INFO     ___FILE_ONLY___ 
    },
2022-05-15 22:27:08,361 INFO     ___FILE_ONLY___ 
    "platform_required": false,
2022-05-15 22:27:08,362 INFO     ___FILE_ONLY___ 
    "size": 7742264,
2022-05-15 22:27:08,362 INFO     ___FILE_ONLY___ 
    "state": {
2022-05-15 22:27:08,362 INFO     ___FILE_ONLY___ 
      "name": "Not Installed"
2022-05-15 22:27:08,362 INFO     ___FILE_ONLY___ 
    }
2022-05-15 22:27:08,362 INFO     ___FILE_ONLY___ 
  }
2022-05-15 22:27:08,362 INFO     ___FILE_ONLY___ ,
  {
2022-05-15 22:27:08,362 INFO     ___FILE_ONLY___ 
    "current_version_string": null,
2022-05-15 22:27:08,362 INFO     ___FILE_ONLY___ 
    "id": "minikube",
2022-05-15 22:27:08,362 INFO     ___FILE_ONLY___ 
    "is_configuration": false,
2022-05-15 22:27:08,362 INFO     ___FILE_ONLY___ 
    "is_hidden": false,
2022-05-15 22:27:08,362 INFO     ___FILE_ONLY___ 
    "latest_version_string": "1.25.2",
2022-05-15 22:27:08,362 INFO     ___FILE_ONLY___ 
    "name": "Minikube",
2022-05-15 22:27:08,362 INFO     ___FILE_ONLY___ 
    "platform": {
2022-05-15 22:27:08,362 INFO     ___FILE_ONLY___ 
      "architecture": {
2022-05-15 22:27:08,362 INFO     ___FILE_ONLY___ 
        "file_name": "arm",
2022-05-15 22:27:08,362 INFO     ___FILE_ONLY___ 
        "id": "arm",
2022-05-15 22:27:08,362 INFO     ___FILE_ONLY___ 
        "name": "arm"
2022-05-15 22:27:08,362 INFO     ___FILE_ONLY___ 
      },
2022-05-15 22:27:08,362 INFO     ___FILE_ONLY___ 
      "operating_system": {
2022-05-15 22:27:08,362 INFO     ___FILE_ONLY___ 
        "file_name": "darwin",
2022-05-15 22:27:08,362 INFO     ___FILE_ONLY___ 
        "id": "MACOSX",
2022-05-15 22:27:08,362 INFO     ___FILE_ONLY___ 
        "name": "Mac OS X"
2022-05-15 22:27:08,362 INFO     ___FILE_ONLY___ 
      }
2022-05-15 22:27:08,362 INFO     ___FILE_ONLY___ 
    },
2022-05-15 22:27:08,362 INFO     ___FILE_ONLY___ 
    "platform_required": false,
2022-05-15 22:27:08,362 INFO     ___FILE_ONLY___ 
    "size": 28454360,
2022-05-15 22:27:08,362 INFO     ___FILE_ONLY___ 
    "state": {
2022-05-15 22:27:08,362 INFO     ___FILE_ONLY___ 
      "name": "Not Installed"
2022-05-15 22:27:08,362 INFO     ___FILE_ONLY___ 
    }
2022-05-15 22:27:08,362 INFO     ___FILE_ONLY___ 
  }
2022-05-15 22:27:08,362 INFO     ___FILE_ONLY___ ,
  {
2022-05-15 22:27:08,362 INFO     ___FILE_ONLY___ 
    "current_version_string": null,
2022-05-15 22:27:08,362 INFO     ___FILE_ONLY___ 
    "id": "nomos",
2022-05-15 22:27:08,362 INFO     ___FILE_ONLY___ 
    "is_configuration": false,
2022-05-15 22:27:08,362 INFO     ___FILE_ONLY___ 
    "is_hidden": false,
2022-05-15 22:27:08,362 INFO     ___FILE_ONLY___ 
    "latest_version_string": "1.11.1-rc.1",
2022-05-15 22:27:08,362 INFO     ___FILE_ONLY___ 
    "name": "Nomos CLI",
2022-05-15 22:27:08,363 INFO     ___FILE_ONLY___ 
    "platform": {
2022-05-15 22:27:08,363 INFO     ___FILE_ONLY___ 
      "architecture": {
2022-05-15 22:27:08,363 INFO     ___FILE_ONLY___ 
        "file_name": "x86_64",
2022-05-15 22:27:08,363 INFO     ___FILE_ONLY___ 
        "id": "x86_64",
2022-05-15 22:27:08,363 INFO     ___FILE_ONLY___ 
        "name": "x86_64"
2022-05-15 22:27:08,363 INFO     ___FILE_ONLY___ 
      },
2022-05-15 22:27:08,363 INFO     ___FILE_ONLY___ 
      "operating_system": {
2022-05-15 22:27:08,363 INFO     ___FILE_ONLY___ 
        "file_name": "darwin",
2022-05-15 22:27:08,363 INFO     ___FILE_ONLY___ 
        "id": "MACOSX",
2022-05-15 22:27:08,363 INFO     ___FILE_ONLY___ 
        "name": "Mac OS X"
2022-05-15 22:27:08,363 INFO     ___FILE_ONLY___ 
      }
2022-05-15 22:27:08,363 INFO     ___FILE_ONLY___ 
    },
2022-05-15 22:27:08,363 INFO     ___FILE_ONLY___ 
    "platform_required": false,
2022-05-15 22:27:08,363 INFO     ___FILE_ONLY___ 
    "size": 24632976,
2022-05-15 22:27:08,363 INFO     ___FILE_ONLY___ 
    "state": {
2022-05-15 22:27:08,363 INFO     ___FILE_ONLY___ 
      "name": "Not Installed"
2022-05-15 22:27:08,363 INFO     ___FILE_ONLY___ 
    }
2022-05-15 22:27:08,363 INFO     ___FILE_ONLY___ 
  }
2022-05-15 22:27:08,363 INFO     ___FILE_ONLY___ ,
  {
2022-05-15 22:27:08,363 INFO     ___FILE_ONLY___ 
    "current_version_string": null,
2022-05-15 22:27:08,363 INFO     ___FILE_ONLY___ 
    "id": "local-extract",
2022-05-15 22:27:08,363 INFO     ___FILE_ONLY___ 
    "is_configuration": false,
2022-05-15 22:27:08,363 INFO     ___FILE_ONLY___ 
    "is_hidden": false,
2022-05-15 22:27:08,363 INFO     ___FILE_ONLY___ 
    "latest_version_string": "1.5.2",
2022-05-15 22:27:08,363 INFO     ___FILE_ONLY___ 
    "name": "On-Demand Scanning API extraction helper",
2022-05-15 22:27:08,363 INFO     ___FILE_ONLY___ 
    "platform": {
2022-05-15 22:27:08,363 INFO     ___FILE_ONLY___ 
      "architecture": {
2022-05-15 22:27:08,363 INFO     ___FILE_ONLY___ 
        "file_name": "arm",
2022-05-15 22:27:08,363 INFO     ___FILE_ONLY___ 
        "id": "arm",
2022-05-15 22:27:08,363 INFO     ___FILE_ONLY___ 
        "name": "arm"
2022-05-15 22:27:08,363 INFO     ___FILE_ONLY___ 
      },
2022-05-15 22:27:08,363 INFO     ___FILE_ONLY___ 
      "operating_system": {
2022-05-15 22:27:08,363 INFO     ___FILE_ONLY___ 
        "file_name": "darwin",
2022-05-15 22:27:08,363 INFO     ___FILE_ONLY___ 
        "id": "MACOSX",
2022-05-15 22:27:08,363 INFO     ___FILE_ONLY___ 
        "name": "Mac OS X"
2022-05-15 22:27:08,363 INFO     ___FILE_ONLY___ 
      }
2022-05-15 22:27:08,363 INFO     ___FILE_ONLY___ 
    },
2022-05-15 22:27:08,363 INFO     ___FILE_ONLY___ 
    "platform_required": false,
2022-05-15 22:27:08,363 INFO     ___FILE_ONLY___ 
    "size": 13827659,
2022-05-15 22:27:08,363 INFO     ___FILE_ONLY___ 
    "state": {
2022-05-15 22:27:08,363 INFO     ___FILE_ONLY___ 
      "name": "Not Installed"
2022-05-15 22:27:08,363 INFO     ___FILE_ONLY___ 
    }
2022-05-15 22:27:08,363 INFO     ___FILE_ONLY___ 
  }
2022-05-15 22:27:08,364 INFO     ___FILE_ONLY___ ,
  {
2022-05-15 22:27:08,364 INFO     ___FILE_ONLY___ 
    "current_version_string": null,
2022-05-15 22:27:08,364 INFO     ___FILE_ONLY___ 
    "id": "skaffold",
2022-05-15 22:27:08,364 INFO     ___FILE_ONLY___ 
    "is_configuration": false,
2022-05-15 22:27:08,364 INFO     ___FILE_ONLY___ 
    "is_hidden": false,
2022-05-15 22:27:08,364 INFO     ___FILE_ONLY___ 
    "latest_version_string": "1.38.0",
2022-05-15 22:27:08,364 INFO     ___FILE_ONLY___ 
    "name": "Skaffold",
2022-05-15 22:27:08,364 INFO     ___FILE_ONLY___ 
    "platform": {
2022-05-15 22:27:08,364 INFO     ___FILE_ONLY___ 
      "architecture": {
2022-05-15 22:27:08,364 INFO     ___FILE_ONLY___ 
        "file_name": "arm",
2022-05-15 22:27:08,364 INFO     ___FILE_ONLY___ 
        "id": "arm",
2022-05-15 22:27:08,364 INFO     ___FILE_ONLY___ 
        "name": "arm"
2022-05-15 22:27:08,364 INFO     ___FILE_ONLY___ 
      },
2022-05-15 22:27:08,364 INFO     ___FILE_ONLY___ 
      "operating_system": {
2022-05-15 22:27:08,364 INFO     ___FILE_ONLY___ 
        "file_name": "darwin",
2022-05-15 22:27:08,364 INFO     ___FILE_ONLY___ 
        "id": "MACOSX",
2022-05-15 22:27:08,364 INFO     ___FILE_ONLY___ 
        "name": "Mac OS X"
2022-05-15 22:27:08,364 INFO     ___FILE_ONLY___ 
      }
2022-05-15 22:27:08,364 INFO     ___FILE_ONLY___ 
    },
2022-05-15 22:27:08,364 INFO     ___FILE_ONLY___ 
    "platform_required": false,
2022-05-15 22:27:08,364 INFO     ___FILE_ONLY___ 
    "size": 20183129,
2022-05-15 22:27:08,364 INFO     ___FILE_ONLY___ 
    "state": {
2022-05-15 22:27:08,364 INFO     ___FILE_ONLY___ 
      "name": "Not Installed"
2022-05-15 22:27:08,364 INFO     ___FILE_ONLY___ 
    }
2022-05-15 22:27:08,364 INFO     ___FILE_ONLY___ 
  }
2022-05-15 22:27:08,364 INFO     ___FILE_ONLY___ ,
  {
2022-05-15 22:27:08,364 INFO     ___FILE_ONLY___ 
    "current_version_string": null,
2022-05-15 22:27:08,364 INFO     ___FILE_ONLY___ 
    "id": "anthos-auth",
2022-05-15 22:27:08,364 INFO     ___FILE_ONLY___ 
    "is_configuration": false,
2022-05-15 22:27:08,364 INFO     ___FILE_ONLY___ 
    "is_hidden": false,
2022-05-15 22:27:08,364 INFO     ___FILE_ONLY___ 
    "latest_version_string": "1.4.0",
2022-05-15 22:27:08,364 INFO     ___FILE_ONLY___ 
    "name": "anthos-auth",
2022-05-15 22:27:08,364 INFO     ___FILE_ONLY___ 
    "platform": {
2022-05-15 22:27:08,364 INFO     ___FILE_ONLY___ 
      "architecture": {
2022-05-15 22:27:08,364 INFO     ___FILE_ONLY___ 
        "file_name": "arm",
2022-05-15 22:27:08,364 INFO     ___FILE_ONLY___ 
        "id": "arm",
2022-05-15 22:27:08,364 INFO     ___FILE_ONLY___ 
        "name": "arm"
2022-05-15 22:27:08,364 INFO     ___FILE_ONLY___ 
      },
2022-05-15 22:27:08,365 INFO     ___FILE_ONLY___ 
      "operating_system": {
2022-05-15 22:27:08,365 INFO     ___FILE_ONLY___ 
        "file_name": "darwin",
2022-05-15 22:27:08,365 INFO     ___FILE_ONLY___ 
        "id": "MACOSX",
2022-05-15 22:27:08,365 INFO     ___FILE_ONLY___ 
        "name": "Mac OS X"
2022-05-15 22:27:08,365 INFO     ___FILE_ONLY___ 
      }
2022-05-15 22:27:08,365 INFO     ___FILE_ONLY___ 
    },
2022-05-15 22:27:08,365 INFO     ___FILE_ONLY___ 
    "platform_required": false,
2022-05-15 22:27:08,365 INFO     ___FILE_ONLY___ 
    "size": 18558330,
2022-05-15 22:27:08,365 INFO     ___FILE_ONLY___ 
    "state": {
2022-05-15 22:27:08,365 INFO     ___FILE_ONLY___ 
      "name": "Not Installed"
2022-05-15 22:27:08,365 INFO     ___FILE_ONLY___ 
    }
2022-05-15 22:27:08,365 INFO     ___FILE_ONLY___ 
  }
2022-05-15 22:27:08,365 INFO     ___FILE_ONLY___ ,
  {
2022-05-15 22:27:08,365 INFO     ___FILE_ONLY___ 
    "current_version_string": null,
2022-05-15 22:27:08,365 INFO     ___FILE_ONLY___ 
    "id": "config-connector",
2022-05-15 22:27:08,365 INFO     ___FILE_ONLY___ 
    "is_configuration": false,
2022-05-15 22:27:08,365 INFO     ___FILE_ONLY___ 
    "is_hidden": false,
2022-05-15 22:27:08,365 INFO     ___FILE_ONLY___ 
    "latest_version_string": "1.83.0",
2022-05-15 22:27:08,365 INFO     ___FILE_ONLY___ 
    "name": "config-connector",
2022-05-15 22:27:08,365 INFO     ___FILE_ONLY___ 
    "platform": {
2022-05-15 22:27:08,365 INFO     ___FILE_ONLY___ 
      "architecture": {
2022-05-15 22:27:08,365 INFO     ___FILE_ONLY___ 
        "file_name": "arm",
2022-05-15 22:27:08,365 INFO     ___FILE_ONLY___ 
        "id": "arm",
2022-05-15 22:27:08,365 INFO     ___FILE_ONLY___ 
        "name": "arm"
2022-05-15 22:27:08,365 INFO     ___FILE_ONLY___ 
      },
2022-05-15 22:27:08,365 INFO     ___FILE_ONLY___ 
      "operating_system": {
2022-05-15 22:27:08,365 INFO     ___FILE_ONLY___ 
        "file_name": "darwin",
2022-05-15 22:27:08,365 INFO     ___FILE_ONLY___ 
        "id": "MACOSX",
2022-05-15 22:27:08,365 INFO     ___FILE_ONLY___ 
        "name": "Mac OS X"
2022-05-15 22:27:08,365 INFO     ___FILE_ONLY___ 
      }
2022-05-15 22:27:08,365 INFO     ___FILE_ONLY___ 
    },
2022-05-15 22:27:08,365 INFO     ___FILE_ONLY___ 
    "platform_required": false,
2022-05-15 22:27:08,365 INFO     ___FILE_ONLY___ 
    "size": 53232156,
2022-05-15 22:27:08,365 INFO     ___FILE_ONLY___ 
    "state": {
2022-05-15 22:27:08,365 INFO     ___FILE_ONLY___ 
      "name": "Not Installed"
2022-05-15 22:27:08,365 INFO     ___FILE_ONLY___ 
    }
2022-05-15 22:27:08,365 INFO     ___FILE_ONLY___ 
  }
2022-05-15 22:27:08,365 INFO     ___FILE_ONLY___ ,
  {
2022-05-15 22:27:08,366 INFO     ___FILE_ONLY___ 
    "current_version_string": null,
2022-05-15 22:27:08,366 INFO     ___FILE_ONLY___ 
    "id": "alpha",
2022-05-15 22:27:08,366 INFO     ___FILE_ONLY___ 
    "is_configuration": false,
2022-05-15 22:27:08,366 INFO     ___FILE_ONLY___ 
    "is_hidden": false,
2022-05-15 22:27:08,366 INFO     ___FILE_ONLY___ 
    "latest_version_string": "2022.05.06",
2022-05-15 22:27:08,366 INFO     ___FILE_ONLY___ 
    "name": "gcloud Alpha Commands",
2022-05-15 22:27:08,366 INFO     ___FILE_ONLY___ 
    "platform": {
2022-05-15 22:27:08,366 INFO     ___FILE_ONLY___ 
      "architecture": {
2022-05-15 22:27:08,366 INFO     ___FILE_ONLY___ 
        "file_name": "arm",
2022-05-15 22:27:08,366 INFO     ___FILE_ONLY___ 
        "id": "arm",
2022-05-15 22:27:08,366 INFO     ___FILE_ONLY___ 
        "name": "arm"
2022-05-15 22:27:08,366 INFO     ___FILE_ONLY___ 
      },
2022-05-15 22:27:08,366 INFO     ___FILE_ONLY___ 
      "operating_system": {
2022-05-15 22:27:08,366 INFO     ___FILE_ONLY___ 
        "file_name": "darwin",
2022-05-15 22:27:08,366 INFO     ___FILE_ONLY___ 
        "id": "MACOSX",
2022-05-15 22:27:08,366 INFO     ___FILE_ONLY___ 
        "name": "Mac OS X"
2022-05-15 22:27:08,366 INFO     ___FILE_ONLY___ 
      }
2022-05-15 22:27:08,366 INFO     ___FILE_ONLY___ 
    },
2022-05-15 22:27:08,366 INFO     ___FILE_ONLY___ 
    "platform_required": false,
2022-05-15 22:27:08,366 INFO     ___FILE_ONLY___ 
    "size": 800,
2022-05-15 22:27:08,366 INFO     ___FILE_ONLY___ 
    "state": {
2022-05-15 22:27:08,366 INFO     ___FILE_ONLY___ 
      "name": "Not Installed"
2022-05-15 22:27:08,366 INFO     ___FILE_ONLY___ 
    }
2022-05-15 22:27:08,366 INFO     ___FILE_ONLY___ 
  }
2022-05-15 22:27:08,366 INFO     ___FILE_ONLY___ ,
  {
2022-05-15 22:27:08,366 INFO     ___FILE_ONLY___ 
    "current_version_string": null,
2022-05-15 22:27:08,366 INFO     ___FILE_ONLY___ 
    "id": "beta",
2022-05-15 22:27:08,366 INFO     ___FILE_ONLY___ 
    "is_configuration": false,
2022-05-15 22:27:08,366 INFO     ___FILE_ONLY___ 
    "is_hidden": false,
2022-05-15 22:27:08,366 INFO     ___FILE_ONLY___ 
    "latest_version_string": "2022.05.06",
2022-05-15 22:27:08,366 INFO     ___FILE_ONLY___ 
    "name": "gcloud Beta Commands",
2022-05-15 22:27:08,366 INFO     ___FILE_ONLY___ 
    "platform": {
2022-05-15 22:27:08,366 INFO     ___FILE_ONLY___ 
      "architecture": {
2022-05-15 22:27:08,366 INFO     ___FILE_ONLY___ 
        "file_name": "arm",
2022-05-15 22:27:08,366 INFO     ___FILE_ONLY___ 
        "id": "arm",
2022-05-15 22:27:08,366 INFO     ___FILE_ONLY___ 
        "name": "arm"
2022-05-15 22:27:08,366 INFO     ___FILE_ONLY___ 
      },
2022-05-15 22:27:08,366 INFO     ___FILE_ONLY___ 
      "operating_system": {
2022-05-15 22:27:08,366 INFO     ___FILE_ONLY___ 
        "file_name": "darwin",
2022-05-15 22:27:08,366 INFO     ___FILE_ONLY___ 
        "id": "MACOSX",
2022-05-15 22:27:08,366 INFO     ___FILE_ONLY___ 
        "name": "Mac OS X"
2022-05-15 22:27:08,366 INFO     ___FILE_ONLY___ 
      }
2022-05-15 22:27:08,366 INFO     ___FILE_ONLY___ 
    },
2022-05-15 22:27:08,366 INFO     ___FILE_ONLY___ 
    "platform_required": false,
2022-05-15 22:27:08,367 INFO     ___FILE_ONLY___ 
    "size": 797,
2022-05-15 22:27:08,367 INFO     ___FILE_ONLY___ 
    "state": {
2022-05-15 22:27:08,367 INFO     ___FILE_ONLY___ 
      "name": "Not Installed"
2022-05-15 22:27:08,367 INFO     ___FILE_ONLY___ 
    }
2022-05-15 22:27:08,367 INFO     ___FILE_ONLY___ 
  }
2022-05-15 22:27:08,367 INFO     ___FILE_ONLY___ ,
  {
2022-05-15 22:27:08,367 INFO     ___FILE_ONLY___ 
    "current_version_string": null,
2022-05-15 22:27:08,367 INFO     ___FILE_ONLY___ 
    "id": "app-engine-java",
2022-05-15 22:27:08,367 INFO     ___FILE_ONLY___ 
    "is_configuration": false,
2022-05-15 22:27:08,367 INFO     ___FILE_ONLY___ 
    "is_hidden": false,
2022-05-15 22:27:08,367 INFO     ___FILE_ONLY___ 
    "latest_version_string": "1.9.96",
2022-05-15 22:27:08,367 INFO     ___FILE_ONLY___ 
    "name": "gcloud app Java Extensions",
2022-05-15 22:27:08,367 INFO     ___FILE_ONLY___ 
    "platform": {
2022-05-15 22:27:08,367 INFO     ___FILE_ONLY___ 
      "architecture": {
2022-05-15 22:27:08,367 INFO     ___FILE_ONLY___ 
        "file_name": "arm",
2022-05-15 22:27:08,367 INFO     ___FILE_ONLY___ 
        "id": "arm",
2022-05-15 22:27:08,367 INFO     ___FILE_ONLY___ 
        "name": "arm"
2022-05-15 22:27:08,367 INFO     ___FILE_ONLY___ 
      },
2022-05-15 22:27:08,367 INFO     ___FILE_ONLY___ 
      "operating_system": {
2022-05-15 22:27:08,367 INFO     ___FILE_ONLY___ 
        "file_name": "darwin",
2022-05-15 22:27:08,367 INFO     ___FILE_ONLY___ 
        "id": "MACOSX",
2022-05-15 22:27:08,367 INFO     ___FILE_ONLY___ 
        "name": "Mac OS X"
2022-05-15 22:27:08,367 INFO     ___FILE_ONLY___ 
      }
2022-05-15 22:27:08,367 INFO     ___FILE_ONLY___ 
    },
2022-05-15 22:27:08,367 INFO     ___FILE_ONLY___ 
    "platform_required": false,
2022-05-15 22:27:08,367 INFO     ___FILE_ONLY___ 
    "size": 54425968,
2022-05-15 22:27:08,367 INFO     ___FILE_ONLY___ 
    "state": {
2022-05-15 22:27:08,367 INFO     ___FILE_ONLY___ 
      "name": "Not Installed"
2022-05-15 22:27:08,367 INFO     ___FILE_ONLY___ 
    }
2022-05-15 22:27:08,367 INFO     ___FILE_ONLY___ 
  }
2022-05-15 22:27:08,367 INFO     ___FILE_ONLY___ ,
  {
2022-05-15 22:27:08,367 INFO     ___FILE_ONLY___ 
    "current_version_string": null,
2022-05-15 22:27:08,367 INFO     ___FILE_ONLY___ 
    "id": "app-engine-php",
2022-05-15 22:27:08,367 INFO     ___FILE_ONLY___ 
    "is_configuration": false,
2022-05-15 22:27:08,367 INFO     ___FILE_ONLY___ 
    "is_hidden": false,
2022-05-15 22:27:08,367 INFO     ___FILE_ONLY___ 
    "latest_version_string": "",
2022-05-15 22:27:08,368 INFO     ___FILE_ONLY___ 
    "name": "gcloud app PHP Extensions",
2022-05-15 22:27:08,368 INFO     ___FILE_ONLY___ 
    "platform": {
2022-05-15 22:27:08,368 INFO     ___FILE_ONLY___ 
      "architecture": {
2022-05-15 22:27:08,368 INFO     ___FILE_ONLY___ 
        "file_name": "arm",
2022-05-15 22:27:08,368 INFO     ___FILE_ONLY___ 
        "id": "arm",
2022-05-15 22:27:08,368 INFO     ___FILE_ONLY___ 
        "name": "arm"
2022-05-15 22:27:08,368 INFO     ___FILE_ONLY___ 
      },
2022-05-15 22:27:08,368 INFO     ___FILE_ONLY___ 
      "operating_system": {
2022-05-15 22:27:08,368 INFO     ___FILE_ONLY___ 
        "file_name": "darwin",
2022-05-15 22:27:08,368 INFO     ___FILE_ONLY___ 
        "id": "MACOSX",
2022-05-15 22:27:08,368 INFO     ___FILE_ONLY___ 
        "name": "Mac OS X"
2022-05-15 22:27:08,368 INFO     ___FILE_ONLY___ 
      }
2022-05-15 22:27:08,368 INFO     ___FILE_ONLY___ 
    },
2022-05-15 22:27:08,368 INFO     ___FILE_ONLY___ 
    "platform_required": false,
2022-05-15 22:27:08,368 INFO     ___FILE_ONLY___ 
    "size": 22985548,
2022-05-15 22:27:08,368 INFO     ___FILE_ONLY___ 
    "state": {
2022-05-15 22:27:08,368 INFO     ___FILE_ONLY___ 
      "name": "Not Installed"
2022-05-15 22:27:08,368 INFO     ___FILE_ONLY___ 
    }
2022-05-15 22:27:08,368 INFO     ___FILE_ONLY___ 
  }
2022-05-15 22:27:08,368 INFO     ___FILE_ONLY___ ,
  {
2022-05-15 22:27:08,368 INFO     ___FILE_ONLY___ 
    "current_version_string": null,
2022-05-15 22:27:08,368 INFO     ___FILE_ONLY___ 
    "id": "app-engine-python",
2022-05-15 22:27:08,368 INFO     ___FILE_ONLY___ 
    "is_configuration": false,
2022-05-15 22:27:08,368 INFO     ___FILE_ONLY___ 
    "is_hidden": false,
2022-05-15 22:27:08,368 INFO     ___FILE_ONLY___ 
    "latest_version_string": "1.9.100",
2022-05-15 22:27:08,368 INFO     ___FILE_ONLY___ 
    "name": "gcloud app Python Extensions",
2022-05-15 22:27:08,368 INFO     ___FILE_ONLY___ 
    "platform": {
2022-05-15 22:27:08,368 INFO     ___FILE_ONLY___ 
      "architecture": {
2022-05-15 22:27:08,368 INFO     ___FILE_ONLY___ 
        "file_name": "arm",
2022-05-15 22:27:08,368 INFO     ___FILE_ONLY___ 
        "id": "arm",
2022-05-15 22:27:08,368 INFO     ___FILE_ONLY___ 
        "name": "arm"
2022-05-15 22:27:08,368 INFO     ___FILE_ONLY___ 
      },
2022-05-15 22:27:08,368 INFO     ___FILE_ONLY___ 
      "operating_system": {
2022-05-15 22:27:08,368 INFO     ___FILE_ONLY___ 
        "file_name": "darwin",
2022-05-15 22:27:08,368 INFO     ___FILE_ONLY___ 
        "id": "MACOSX",
2022-05-15 22:27:08,368 INFO     ___FILE_ONLY___ 
        "name": "Mac OS X"
2022-05-15 22:27:08,368 INFO     ___FILE_ONLY___ 
      }
2022-05-15 22:27:08,368 INFO     ___FILE_ONLY___ 
    },
2022-05-15 22:27:08,368 INFO     ___FILE_ONLY___ 
    "platform_required": false,
2022-05-15 22:27:08,368 INFO     ___FILE_ONLY___ 
    "size": 8153872,
2022-05-15 22:27:08,368 INFO     ___FILE_ONLY___ 
    "state": {
2022-05-15 22:27:08,368 INFO     ___FILE_ONLY___ 
      "name": "Not Installed"
2022-05-15 22:27:08,368 INFO     ___FILE_ONLY___ 
    }
2022-05-15 22:27:08,368 INFO     ___FILE_ONLY___ 
  }
2022-05-15 22:27:08,369 INFO     ___FILE_ONLY___ ,
  {
2022-05-15 22:27:08,369 INFO     ___FILE_ONLY___ 
    "current_version_string": null,
2022-05-15 22:27:08,369 INFO     ___FILE_ONLY___ 
    "id": "app-engine-python-extras",
2022-05-15 22:27:08,369 INFO     ___FILE_ONLY___ 
    "is_configuration": false,
2022-05-15 22:27:08,369 INFO     ___FILE_ONLY___ 
    "is_hidden": false,
2022-05-15 22:27:08,369 INFO     ___FILE_ONLY___ 
    "latest_version_string": "1.9.96",
2022-05-15 22:27:08,369 INFO     ___FILE_ONLY___ 
    "name": "gcloud app Python Extensions (Extra Libraries)",
2022-05-15 22:27:08,369 INFO     ___FILE_ONLY___ 
    "platform": {
2022-05-15 22:27:08,369 INFO     ___FILE_ONLY___ 
      "architecture": {
2022-05-15 22:27:08,369 INFO     ___FILE_ONLY___ 
        "file_name": "arm",
2022-05-15 22:27:08,369 INFO     ___FILE_ONLY___ 
        "id": "arm",
2022-05-15 22:27:08,369 INFO     ___FILE_ONLY___ 
        "name": "arm"
2022-05-15 22:27:08,369 INFO     ___FILE_ONLY___ 
      },
2022-05-15 22:27:08,369 INFO     ___FILE_ONLY___ 
      "operating_system": {
2022-05-15 22:27:08,369 INFO     ___FILE_ONLY___ 
        "file_name": "darwin",
2022-05-15 22:27:08,369 INFO     ___FILE_ONLY___ 
        "id": "MACOSX",
2022-05-15 22:27:08,369 INFO     ___FILE_ONLY___ 
        "name": "Mac OS X"
2022-05-15 22:27:08,369 INFO     ___FILE_ONLY___ 
      }
2022-05-15 22:27:08,369 INFO     ___FILE_ONLY___ 
    },
2022-05-15 22:27:08,369 INFO     ___FILE_ONLY___ 
    "platform_required": false,
2022-05-15 22:27:08,369 INFO     ___FILE_ONLY___ 
    "size": 27709995,
2022-05-15 22:27:08,369 INFO     ___FILE_ONLY___ 
    "state": {
2022-05-15 22:27:08,369 INFO     ___FILE_ONLY___ 
      "name": "Not Installed"
2022-05-15 22:27:08,369 INFO     ___FILE_ONLY___ 
    }
2022-05-15 22:27:08,369 INFO     ___FILE_ONLY___ 
  }
2022-05-15 22:27:08,369 INFO     ___FILE_ONLY___ ,
  {
2022-05-15 22:27:08,369 INFO     ___FILE_ONLY___ 
    "current_version_string": null,
2022-05-15 22:27:08,369 INFO     ___FILE_ONLY___ 
    "id": "kpt",
2022-05-15 22:27:08,369 INFO     ___FILE_ONLY___ 
    "is_configuration": false,
2022-05-15 22:27:08,369 INFO     ___FILE_ONLY___ 
    "is_hidden": false,
2022-05-15 22:27:08,369 INFO     ___FILE_ONLY___ 
    "latest_version_string": "1.0.0-beta.13",
2022-05-15 22:27:08,369 INFO     ___FILE_ONLY___ 
    "name": "kpt",
2022-05-15 22:27:08,369 INFO     ___FILE_ONLY___ 
    "platform": {
2022-05-15 22:27:08,369 INFO     ___FILE_ONLY___ 
      "architecture": {
2022-05-15 22:27:08,369 INFO     ___FILE_ONLY___ 
        "file_name": "arm",
2022-05-15 22:27:08,369 INFO     ___FILE_ONLY___ 
        "id": "arm",
2022-05-15 22:27:08,369 INFO     ___FILE_ONLY___ 
        "name": "arm"
2022-05-15 22:27:08,370 INFO     ___FILE_ONLY___ 
      },
2022-05-15 22:27:08,370 INFO     ___FILE_ONLY___ 
      "operating_system": {
2022-05-15 22:27:08,370 INFO     ___FILE_ONLY___ 
        "file_name": "darwin",
2022-05-15 22:27:08,370 INFO     ___FILE_ONLY___ 
        "id": "MACOSX",
2022-05-15 22:27:08,370 INFO     ___FILE_ONLY___ 
        "name": "Mac OS X"
2022-05-15 22:27:08,370 INFO     ___FILE_ONLY___ 
      }
2022-05-15 22:27:08,370 INFO     ___FILE_ONLY___ 
    },
2022-05-15 22:27:08,370 INFO     ___FILE_ONLY___ 
    "platform_required": false,
2022-05-15 22:27:08,370 INFO     ___FILE_ONLY___ 
    "size": 12283264,
2022-05-15 22:27:08,370 INFO     ___FILE_ONLY___ 
    "state": {
2022-05-15 22:27:08,370 INFO     ___FILE_ONLY___ 
      "name": "Not Installed"
2022-05-15 22:27:08,370 INFO     ___FILE_ONLY___ 
    }
2022-05-15 22:27:08,370 INFO     ___FILE_ONLY___ 
  }
2022-05-15 22:27:08,370 INFO     ___FILE_ONLY___ ,
  {
2022-05-15 22:27:08,370 INFO     ___FILE_ONLY___ 
    "current_version_string": null,
2022-05-15 22:27:08,370 INFO     ___FILE_ONLY___ 
    "id": "kubectl",
2022-05-15 22:27:08,370 INFO     ___FILE_ONLY___ 
    "is_configuration": false,
2022-05-15 22:27:08,370 INFO     ___FILE_ONLY___ 
    "is_hidden": false,
2022-05-15 22:27:08,370 INFO     ___FILE_ONLY___ 
    "latest_version_string": "1.21.9",
2022-05-15 22:27:08,370 INFO     ___FILE_ONLY___ 
    "name": "kubectl",
2022-05-15 22:27:08,370 INFO     ___FILE_ONLY___ 
    "platform": {
2022-05-15 22:27:08,370 INFO     ___FILE_ONLY___ 
      "architecture": {
2022-05-15 22:27:08,370 INFO     ___FILE_ONLY___ 
        "file_name": "arm",
2022-05-15 22:27:08,370 INFO     ___FILE_ONLY___ 
        "id": "arm",
2022-05-15 22:27:08,370 INFO     ___FILE_ONLY___ 
        "name": "arm"
2022-05-15 22:27:08,370 INFO     ___FILE_ONLY___ 
      },
2022-05-15 22:27:08,370 INFO     ___FILE_ONLY___ 
      "operating_system": {
2022-05-15 22:27:08,370 INFO     ___FILE_ONLY___ 
        "file_name": "darwin",
2022-05-15 22:27:08,370 INFO     ___FILE_ONLY___ 
        "id": "MACOSX",
2022-05-15 22:27:08,370 INFO     ___FILE_ONLY___ 
        "name": "Mac OS X"
2022-05-15 22:27:08,370 INFO     ___FILE_ONLY___ 
      }
2022-05-15 22:27:08,370 INFO     ___FILE_ONLY___ 
    },
2022-05-15 22:27:08,370 INFO     ___FILE_ONLY___ 
    "platform_required": true,
2022-05-15 22:27:08,370 INFO     ___FILE_ONLY___ 
    "size": 48444,
2022-05-15 22:27:08,370 INFO     ___FILE_ONLY___ 
    "state": {
2022-05-15 22:27:08,370 INFO     ___FILE_ONLY___ 
      "name": "Not Installed"
2022-05-15 22:27:08,370 INFO     ___FILE_ONLY___ 
    }
2022-05-15 22:27:08,370 INFO     ___FILE_ONLY___ 
  }
2022-05-15 22:27:08,371 INFO     ___FILE_ONLY___ ,
  {
2022-05-15 22:27:08,371 INFO     ___FILE_ONLY___ 
    "current_version_string": null,
2022-05-15 22:27:08,371 INFO     ___FILE_ONLY___ 
    "id": "kubectl-oidc",
2022-05-15 22:27:08,371 INFO     ___FILE_ONLY___ 
    "is_configuration": false,
2022-05-15 22:27:08,371 INFO     ___FILE_ONLY___ 
    "is_hidden": false,
2022-05-15 22:27:08,371 INFO     ___FILE_ONLY___ 
    "latest_version_string": "1.4.0",
2022-05-15 22:27:08,371 INFO     ___FILE_ONLY___ 
    "name": "kubectl-oidc",
2022-05-15 22:27:08,371 INFO     ___FILE_ONLY___ 
    "platform": {
2022-05-15 22:27:08,371 INFO     ___FILE_ONLY___ 
      "architecture": {
2022-05-15 22:27:08,371 INFO     ___FILE_ONLY___ 
        "file_name": "arm",
2022-05-15 22:27:08,371 INFO     ___FILE_ONLY___ 
        "id": "arm",
2022-05-15 22:27:08,371 INFO     ___FILE_ONLY___ 
        "name": "arm"
2022-05-15 22:27:08,371 INFO     ___FILE_ONLY___ 
      },
2022-05-15 22:27:08,371 INFO     ___FILE_ONLY___ 
      "operating_system": {
2022-05-15 22:27:08,371 INFO     ___FILE_ONLY___ 
        "file_name": "darwin",
2022-05-15 22:27:08,371 INFO     ___FILE_ONLY___ 
        "id": "MACOSX",
2022-05-15 22:27:08,371 INFO     ___FILE_ONLY___ 
        "name": "Mac OS X"
2022-05-15 22:27:08,371 INFO     ___FILE_ONLY___ 
      }
2022-05-15 22:27:08,371 INFO     ___FILE_ONLY___ 
    },
2022-05-15 22:27:08,371 INFO     ___FILE_ONLY___ 
    "platform_required": false,
2022-05-15 22:27:08,371 INFO     ___FILE_ONLY___ 
    "size": 18558341,
2022-05-15 22:27:08,371 INFO     ___FILE_ONLY___ 
    "state": {
2022-05-15 22:27:08,371 INFO     ___FILE_ONLY___ 
      "name": "Not Installed"
2022-05-15 22:27:08,371 INFO     ___FILE_ONLY___ 
    }
2022-05-15 22:27:08,371 INFO     ___FILE_ONLY___ 
  }
2022-05-15 22:27:08,371 INFO     ___FILE_ONLY___ ,
  {
2022-05-15 22:27:08,371 INFO     ___FILE_ONLY___ 
    "current_version_string": null,
2022-05-15 22:27:08,371 INFO     ___FILE_ONLY___ 
    "id": "pkg",
2022-05-15 22:27:08,371 INFO     ___FILE_ONLY___ 
    "is_configuration": false,
2022-05-15 22:27:08,371 INFO     ___FILE_ONLY___ 
    "is_hidden": false,
2022-05-15 22:27:08,371 INFO     ___FILE_ONLY___ 
    "latest_version_string": "",
2022-05-15 22:27:08,371 INFO     ___FILE_ONLY___ 
    "name": "pkg",
2022-05-15 22:27:08,371 INFO     ___FILE_ONLY___ 
    "platform": {
2022-05-15 22:27:08,371 INFO     ___FILE_ONLY___ 
      "architecture": {
2022-05-15 22:27:08,371 INFO     ___FILE_ONLY___ 
        "file_name": "arm",
2022-05-15 22:27:08,371 INFO     ___FILE_ONLY___ 
        "id": "arm",
2022-05-15 22:27:08,371 INFO     ___FILE_ONLY___ 
        "name": "arm"
2022-05-15 22:27:08,371 INFO     ___FILE_ONLY___ 
      },
2022-05-15 22:27:08,371 INFO     ___FILE_ONLY___ 
      "operating_system": {
2022-05-15 22:27:08,371 INFO     ___FILE_ONLY___ 
        "file_name": "darwin",
2022-05-15 22:27:08,371 INFO     ___FILE_ONLY___ 
        "id": "MACOSX",
2022-05-15 22:27:08,371 INFO     ___FILE_ONLY___ 
        "name": "Mac OS X"
2022-05-15 22:27:08,372 INFO     ___FILE_ONLY___ 
      }
2022-05-15 22:27:08,372 INFO     ___FILE_ONLY___ 
    },
2022-05-15 22:27:08,372 INFO     ___FILE_ONLY___ 
    "platform_required": false,
2022-05-15 22:27:08,372 INFO     ___FILE_ONLY___ 
    "size": 0,
2022-05-15 22:27:08,372 INFO     ___FILE_ONLY___ 
    "state": {
2022-05-15 22:27:08,372 INFO     ___FILE_ONLY___ 
      "name": "Not Installed"
2022-05-15 22:27:08,372 INFO     ___FILE_ONLY___ 
    }
2022-05-15 22:27:08,372 INFO     ___FILE_ONLY___ 
  }
2022-05-15 22:27:08,372 INFO     ___FILE_ONLY___ ,
  {
2022-05-15 22:27:08,372 INFO     ___FILE_ONLY___ 
    "current_version_string": "2.0.74",
2022-05-15 22:27:08,372 INFO     ___FILE_ONLY___ 
    "id": "bq",
2022-05-15 22:27:08,372 INFO     ___FILE_ONLY___ 
    "is_configuration": false,
2022-05-15 22:27:08,372 INFO     ___FILE_ONLY___ 
    "is_hidden": false,
2022-05-15 22:27:08,372 INFO     ___FILE_ONLY___ 
    "latest_version_string": "2.0.74",
2022-05-15 22:27:08,372 INFO     ___FILE_ONLY___ 
    "name": "BigQuery Command Line Tool",
2022-05-15 22:27:08,372 INFO     ___FILE_ONLY___ 
    "platform": {
2022-05-15 22:27:08,372 INFO     ___FILE_ONLY___ 
      "architecture": {
2022-05-15 22:27:08,372 INFO     ___FILE_ONLY___ 
        "file_name": "arm",
2022-05-15 22:27:08,372 INFO     ___FILE_ONLY___ 
        "id": "arm",
2022-05-15 22:27:08,372 INFO     ___FILE_ONLY___ 
        "name": "arm"
2022-05-15 22:27:08,372 INFO     ___FILE_ONLY___ 
      },
2022-05-15 22:27:08,372 INFO     ___FILE_ONLY___ 
      "operating_system": {
2022-05-15 22:27:08,372 INFO     ___FILE_ONLY___ 
        "file_name": "darwin",
2022-05-15 22:27:08,372 INFO     ___FILE_ONLY___ 
        "id": "MACOSX",
2022-05-15 22:27:08,372 INFO     ___FILE_ONLY___ 
        "name": "Mac OS X"
2022-05-15 22:27:08,372 INFO     ___FILE_ONLY___ 
      }
2022-05-15 22:27:08,372 INFO     ___FILE_ONLY___ 
    },
2022-05-15 22:27:08,372 INFO     ___FILE_ONLY___ 
    "platform_required": false,
2022-05-15 22:27:08,372 INFO     ___FILE_ONLY___ 
    "size": 1085920,
2022-05-15 22:27:08,372 INFO     ___FILE_ONLY___ 
    "state": {
2022-05-15 22:27:08,372 INFO     ___FILE_ONLY___ 
      "name": "Installed"
2022-05-15 22:27:08,372 INFO     ___FILE_ONLY___ 
    }
2022-05-15 22:27:08,372 INFO     ___FILE_ONLY___ 
  }
2022-05-15 22:27:08,373 INFO     ___FILE_ONLY___ ,
  {
2022-05-15 22:27:08,373 INFO     ___FILE_ONLY___ 
    "current_version_string": "5.10",
2022-05-15 22:27:08,373 INFO     ___FILE_ONLY___ 
    "id": "gsutil",
2022-05-15 22:27:08,373 INFO     ___FILE_ONLY___ 
    "is_configuration": false,
2022-05-15 22:27:08,373 INFO     ___FILE_ONLY___ 
    "is_hidden": false,
2022-05-15 22:27:08,373 INFO     ___FILE_ONLY___ 
    "latest_version_string": "5.10",
2022-05-15 22:27:08,373 INFO     ___FILE_ONLY___ 
    "name": "Cloud Storage Command Line Tool",
2022-05-15 22:27:08,373 INFO     ___FILE_ONLY___ 
    "platform": {
2022-05-15 22:27:08,373 INFO     ___FILE_ONLY___ 
      "architecture": {
2022-05-15 22:27:08,373 INFO     ___FILE_ONLY___ 
        "file_name": "arm",
2022-05-15 22:27:08,373 INFO     ___FILE_ONLY___ 
        "id": "arm",
2022-05-15 22:27:08,373 INFO     ___FILE_ONLY___ 
        "name": "arm"
2022-05-15 22:27:08,373 INFO     ___FILE_ONLY___ 
      },
2022-05-15 22:27:08,373 INFO     ___FILE_ONLY___ 
      "operating_system": {
2022-05-15 22:27:08,373 INFO     ___FILE_ONLY___ 
        "file_name": "darwin",
2022-05-15 22:27:08,373 INFO     ___FILE_ONLY___ 
        "id": "MACOSX",
2022-05-15 22:27:08,373 INFO     ___FILE_ONLY___ 
        "name": "Mac OS X"
2022-05-15 22:27:08,373 INFO     ___FILE_ONLY___ 
      }
2022-05-15 22:27:08,373 INFO     ___FILE_ONLY___ 
    },
2022-05-15 22:27:08,373 INFO     ___FILE_ONLY___ 
    "platform_required": false,
2022-05-15 22:27:08,373 INFO     ___FILE_ONLY___ 
    "size": 16215233,
2022-05-15 22:27:08,373 INFO     ___FILE_ONLY___ 
    "state": {
2022-05-15 22:27:08,373 INFO     ___FILE_ONLY___ 
      "name": "Installed"
2022-05-15 22:27:08,373 INFO     ___FILE_ONLY___ 
    }
2022-05-15 22:27:08,373 INFO     ___FILE_ONLY___ 
  }
2022-05-15 22:27:08,373 INFO     ___FILE_ONLY___ ,
  {
2022-05-15 22:27:08,373 INFO     ___FILE_ONLY___ 
    "current_version_string": "2022.05.06",
2022-05-15 22:27:08,373 INFO     ___FILE_ONLY___ 
    "id": "core",
2022-05-15 22:27:08,373 INFO     ___FILE_ONLY___ 
    "is_configuration": false,
2022-05-15 22:27:08,373 INFO     ___FILE_ONLY___ 
    "is_hidden": false,
2022-05-15 22:27:08,373 INFO     ___FILE_ONLY___ 
    "latest_version_string": "2022.05.06",
2022-05-15 22:27:08,373 INFO     ___FILE_ONLY___ 
    "name": "Google Cloud CLI Core Libraries",
2022-05-15 22:27:08,373 INFO     ___FILE_ONLY___ 
    "platform": {
2022-05-15 22:27:08,373 INFO     ___FILE_ONLY___ 
      "architecture": {
2022-05-15 22:27:08,373 INFO     ___FILE_ONLY___ 
        "file_name": "arm",
2022-05-15 22:27:08,373 INFO     ___FILE_ONLY___ 
        "id": "arm",
2022-05-15 22:27:08,373 INFO     ___FILE_ONLY___ 
        "name": "arm"
2022-05-15 22:27:08,373 INFO     ___FILE_ONLY___ 
      },
2022-05-15 22:27:08,373 INFO     ___FILE_ONLY___ 
      "operating_system": {
2022-05-15 22:27:08,373 INFO     ___FILE_ONLY___ 
        "file_name": "darwin",
2022-05-15 22:27:08,373 INFO     ___FILE_ONLY___ 
        "id": "MACOSX",
2022-05-15 22:27:08,374 INFO     ___FILE_ONLY___ 
        "name": "Mac OS X"
2022-05-15 22:27:08,374 INFO     ___FILE_ONLY___ 
      }
2022-05-15 22:27:08,374 INFO     ___FILE_ONLY___ 
    },
2022-05-15 22:27:08,374 INFO     ___FILE_ONLY___ 
    "platform_required": false,
2022-05-15 22:27:08,374 INFO     ___FILE_ONLY___ 
    "size": 24304117,
2022-05-15 22:27:08,374 INFO     ___FILE_ONLY___ 
    "state": {
2022-05-15 22:27:08,374 INFO     ___FILE_ONLY___ 
      "name": "Installed"
2022-05-15 22:27:08,374 INFO     ___FILE_ONLY___ 
    }
2022-05-15 22:27:08,374 INFO     ___FILE_ONLY___ 
  }
2022-05-15 22:27:08,374 INFO     ___FILE_ONLY___ 
]

