2022-05-07 10:00:45,962 DEBUG    root            Loaded Command Group: ['gcloud', 'components']
2022-05-07 10:00:45,964 DEBUG    root            Loaded Command Group: ['gcloud', 'components', 'install']
2022-05-07 10:00:45,966 DEBUG    root            Running [gcloud.components.install] with arguments: [--quiet: "True", COMPONENT-IDS:5: "['beta', 'kubectl', 'skaffold', 'minikube', 'gsutil']"]
2022-05-07 10:00:45,973 DEBUG    urllib3.connectionpool Starting new HTTPS connection (1): dl.google.com:443
2022-05-07 10:00:46,191 DEBUG    urllib3.connectionpool https://dl.google.com:443 "GET /dl/cloudsdk/channels/rapid/components-v384.0.1.json HTTP/1.1" 200 187079
2022-05-07 10:00:46,351 INFO     ___FILE_ONLY___ 

2022-05-07 10:00:46,352 INFO     ___FILE_ONLY___ 
Your current Google Cloud CLI version is: 384.0.1

2022-05-07 10:00:46,352 INFO     ___FILE_ONLY___ Installing components from version: 384.0.1

2022-05-07 10:00:46,352 INFO     ___FILE_ONLY___ 

2022-05-07 10:00:46,355 INFO     ___FILE_ONLY___ ┌─────────────────────────────────────────────────┐
2022-05-07 10:00:46,355 INFO     ___FILE_ONLY___ 

2022-05-07 10:00:46,355 INFO     ___FILE_ONLY___ │       These components will be installed.       │
2022-05-07 10:00:46,355 INFO     ___FILE_ONLY___ 

2022-05-07 10:00:46,355 INFO     ___FILE_ONLY___ ├─────────────────────────┬────────────┬──────────┤
2022-05-07 10:00:46,356 INFO     ___FILE_ONLY___ 

2022-05-07 10:00:46,356 INFO     ___FILE_ONLY___ │           Name          │  Version   │   Size   │
2022-05-07 10:00:46,356 INFO     ___FILE_ONLY___ 

2022-05-07 10:00:46,356 INFO     ___FILE_ONLY___ ├─────────────────────────┼────────────┼──────────┤
2022-05-07 10:00:46,356 INFO     ___FILE_ONLY___ 

2022-05-07 10:00:46,356 INFO     ___FILE_ONLY___ │ 
2022-05-07 10:00:46,356 INFO     ___FILE_ONLY___ Minikube               
2022-05-07 10:00:46,356 INFO     ___FILE_ONLY___  
2022-05-07 10:00:46,356 INFO     ___FILE_ONLY___ │ 
2022-05-07 10:00:46,356 INFO     ___FILE_ONLY___     1.25.2
2022-05-07 10:00:46,356 INFO     ___FILE_ONLY___  
2022-05-07 10:00:46,356 INFO     ___FILE_ONLY___ │ 
2022-05-07 10:00:46,356 INFO     ___FILE_ONLY___ 27.1 MiB
2022-05-07 10:00:46,356 INFO     ___FILE_ONLY___  
2022-05-07 10:00:46,356 INFO     ___FILE_ONLY___ │
2022-05-07 10:00:46,356 INFO     ___FILE_ONLY___ 

2022-05-07 10:00:46,356 INFO     ___FILE_ONLY___ │ 
2022-05-07 10:00:46,356 INFO     ___FILE_ONLY___ Skaffold               
2022-05-07 10:00:46,356 INFO     ___FILE_ONLY___  
2022-05-07 10:00:46,356 INFO     ___FILE_ONLY___ │ 
2022-05-07 10:00:46,356 INFO     ___FILE_ONLY___     1.38.0
2022-05-07 10:00:46,356 INFO     ___FILE_ONLY___  
2022-05-07 10:00:46,356 INFO     ___FILE_ONLY___ │ 
2022-05-07 10:00:46,356 INFO     ___FILE_ONLY___ 19.2 MiB
2022-05-07 10:00:46,356 INFO     ___FILE_ONLY___  
2022-05-07 10:00:46,357 INFO     ___FILE_ONLY___ │
2022-05-07 10:00:46,357 INFO     ___FILE_ONLY___ 

2022-05-07 10:00:46,357 INFO     ___FILE_ONLY___ │ 
2022-05-07 10:00:46,357 INFO     ___FILE_ONLY___ gcloud Beta Commands   
2022-05-07 10:00:46,357 INFO     ___FILE_ONLY___  
2022-05-07 10:00:46,357 INFO     ___FILE_ONLY___ │ 
2022-05-07 10:00:46,357 INFO     ___FILE_ONLY___ 2022.05.04
2022-05-07 10:00:46,357 INFO     ___FILE_ONLY___  
2022-05-07 10:00:46,357 INFO     ___FILE_ONLY___ │ 
2022-05-07 10:00:46,357 INFO     ___FILE_ONLY___  < 1 MiB
2022-05-07 10:00:46,357 INFO     ___FILE_ONLY___  
2022-05-07 10:00:46,357 INFO     ___FILE_ONLY___ │
2022-05-07 10:00:46,357 INFO     ___FILE_ONLY___ 

2022-05-07 10:00:46,357 INFO     ___FILE_ONLY___ │ 
2022-05-07 10:00:46,357 INFO     ___FILE_ONLY___ gcloud cli dependencies
2022-05-07 10:00:46,357 INFO     ___FILE_ONLY___  
2022-05-07 10:00:46,357 INFO     ___FILE_ONLY___ │ 
2022-05-07 10:00:46,357 INFO     ___FILE_ONLY___ 2021.04.16
2022-05-07 10:00:46,357 INFO     ___FILE_ONLY___  
2022-05-07 10:00:46,357 INFO     ___FILE_ONLY___ │ 
2022-05-07 10:00:46,357 INFO     ___FILE_ONLY___  < 1 MiB
2022-05-07 10:00:46,357 INFO     ___FILE_ONLY___  
2022-05-07 10:00:46,357 INFO     ___FILE_ONLY___ │
2022-05-07 10:00:46,357 INFO     ___FILE_ONLY___ 

2022-05-07 10:00:46,357 INFO     ___FILE_ONLY___ │ 
2022-05-07 10:00:46,357 INFO     ___FILE_ONLY___ gke-gcloud-auth-plugin 
2022-05-07 10:00:46,357 INFO     ___FILE_ONLY___  
2022-05-07 10:00:46,358 INFO     ___FILE_ONLY___ │ 
2022-05-07 10:00:46,358 INFO     ___FILE_ONLY___      0.2.0
2022-05-07 10:00:46,358 INFO     ___FILE_ONLY___  
2022-05-07 10:00:46,358 INFO     ___FILE_ONLY___ │ 
2022-05-07 10:00:46,358 INFO     ___FILE_ONLY___  3.7 MiB
2022-05-07 10:00:46,358 INFO     ___FILE_ONLY___  
2022-05-07 10:00:46,358 INFO     ___FILE_ONLY___ │
2022-05-07 10:00:46,358 INFO     ___FILE_ONLY___ 

2022-05-07 10:00:46,358 INFO     ___FILE_ONLY___ │ 
2022-05-07 10:00:46,358 INFO     ___FILE_ONLY___ kubectl                
2022-05-07 10:00:46,358 INFO     ___FILE_ONLY___  
2022-05-07 10:00:46,358 INFO     ___FILE_ONLY___ │ 
2022-05-07 10:00:46,358 INFO     ___FILE_ONLY___     1.21.9
2022-05-07 10:00:46,358 INFO     ___FILE_ONLY___  
2022-05-07 10:00:46,358 INFO     ___FILE_ONLY___ │ 
2022-05-07 10:00:46,358 INFO     ___FILE_ONLY___  < 1 MiB
2022-05-07 10:00:46,358 INFO     ___FILE_ONLY___  
2022-05-07 10:00:46,358 INFO     ___FILE_ONLY___ │
2022-05-07 10:00:46,358 INFO     ___FILE_ONLY___ 

2022-05-07 10:00:46,358 INFO     ___FILE_ONLY___ │ 
2022-05-07 10:00:46,358 INFO     ___FILE_ONLY___ kubectl                
2022-05-07 10:00:46,358 INFO     ___FILE_ONLY___  
2022-05-07 10:00:46,358 INFO     ___FILE_ONLY___ │ 
2022-05-07 10:00:46,358 INFO     ___FILE_ONLY___     1.21.9
2022-05-07 10:00:46,358 INFO     ___FILE_ONLY___  
2022-05-07 10:00:46,358 INFO     ___FILE_ONLY___ │ 
2022-05-07 10:00:46,358 INFO     ___FILE_ONLY___ 52.0 MiB
2022-05-07 10:00:46,358 INFO     ___FILE_ONLY___  
2022-05-07 10:00:46,358 INFO     ___FILE_ONLY___ │
2022-05-07 10:00:46,359 INFO     ___FILE_ONLY___ 

2022-05-07 10:00:46,359 INFO     ___FILE_ONLY___ └─────────────────────────┴────────────┴──────────┘
2022-05-07 10:00:46,359 INFO     ___FILE_ONLY___ 

2022-05-07 10:00:46,359 INFO     ___FILE_ONLY___ 

2022-05-07 10:00:46,361 DEBUG    urllib3.connectionpool Starting new HTTPS connection (1): dl.google.com:443
2022-05-07 10:00:46,589 DEBUG    urllib3.connectionpool https://dl.google.com:443 "GET /dl/cloudsdk/channels/rapid/RELEASE_NOTES HTTP/1.1" 200 799223
2022-05-07 10:00:46,890 INFO     ___FILE_ONLY___ For the latest full release notes, please visit:
  https://cloud.google.com/sdk/release_notes


2022-05-07 10:00:46,895 INFO     ___FILE_ONLY___ ╔════════════════════════════════════════════════════════════╗

2022-05-07 10:00:46,895 INFO     ___FILE_ONLY___ ╠═ Creating update staging area                             ═╣

2022-05-07 10:00:46,895 INFO     ___FILE_ONLY___ ╚
2022-05-07 10:00:46,896 INFO     ___FILE_ONLY___ ══════
2022-05-07 10:00:46,896 INFO     ___FILE_ONLY___ ══════
2022-05-07 10:00:46,896 INFO     ___FILE_ONLY___ ══════
2022-05-07 10:00:47,346 INFO     ___FILE_ONLY___ ═
2022-05-07 10:00:47,461 INFO     ___FILE_ONLY___ ═
2022-05-07 10:00:47,724 INFO     ___FILE_ONLY___ ═
2022-05-07 10:00:47,950 INFO     ___FILE_ONLY___ ═
2022-05-07 10:00:48,121 INFO     ___FILE_ONLY___ ═
2022-05-07 10:00:48,379 INFO     ___FILE_ONLY___ ═
2022-05-07 10:00:48,598 INFO     ___FILE_ONLY___ ═
2022-05-07 10:00:48,724 INFO     ___FILE_ONLY___ ═
2022-05-07 10:00:48,921 INFO     ___FILE_ONLY___ ═
2022-05-07 10:00:49,071 INFO     ___FILE_ONLY___ ═
2022-05-07 10:00:49,277 INFO     ___FILE_ONLY___ ═
2022-05-07 10:00:49,526 INFO     ___FILE_ONLY___ ═
2022-05-07 10:00:49,669 INFO     ___FILE_ONLY___ ═
2022-05-07 10:00:49,753 INFO     ___FILE_ONLY___ ═
2022-05-07 10:00:49,868 INFO     ___FILE_ONLY___ ═
2022-05-07 10:00:49,995 INFO     ___FILE_ONLY___ ═
2022-05-07 10:00:50,151 INFO     ___FILE_ONLY___ ═
2022-05-07 10:00:50,302 INFO     ___FILE_ONLY___ ═
2022-05-07 10:00:50,470 INFO     ___FILE_ONLY___ ═
2022-05-07 10:00:50,667 INFO     ___FILE_ONLY___ ═
2022-05-07 10:00:50,811 INFO     ___FILE_ONLY___ ═
2022-05-07 10:00:51,016 INFO     ___FILE_ONLY___ ═
2022-05-07 10:00:51,214 INFO     ___FILE_ONLY___ ═
2022-05-07 10:00:51,405 INFO     ___FILE_ONLY___ ═
2022-05-07 10:00:51,592 INFO     ___FILE_ONLY___ ═
2022-05-07 10:00:51,790 INFO     ___FILE_ONLY___ ═
2022-05-07 10:00:51,972 INFO     ___FILE_ONLY___ ═
2022-05-07 10:00:52,157 INFO     ___FILE_ONLY___ ═
2022-05-07 10:00:52,311 INFO     ___FILE_ONLY___ ═
2022-05-07 10:00:52,490 INFO     ___FILE_ONLY___ ═
2022-05-07 10:00:52,648 INFO     ___FILE_ONLY___ ═
2022-05-07 10:00:52,783 INFO     ___FILE_ONLY___ ═
2022-05-07 10:00:52,962 INFO     ___FILE_ONLY___ ═
2022-05-07 10:00:53,101 INFO     ___FILE_ONLY___ ═
2022-05-07 10:00:53,379 INFO     ___FILE_ONLY___ ═
2022-05-07 10:00:53,547 INFO     ___FILE_ONLY___ ═
2022-05-07 10:00:53,880 INFO     ___FILE_ONLY___ ═
2022-05-07 10:00:53,951 INFO     ___FILE_ONLY___ ═
2022-05-07 10:00:54,025 INFO     ___FILE_ONLY___ ═
2022-05-07 10:00:54,089 INFO     ___FILE_ONLY___ ═
2022-05-07 10:00:54,157 INFO     ___FILE_ONLY___ ═
2022-05-07 10:00:54,260 INFO     ___FILE_ONLY___ ═
2022-05-07 10:00:54,260 INFO     ___FILE_ONLY___ ╝

2022-05-07 10:00:54,850 INFO     ___FILE_ONLY___ ╔════════════════════════════════════════════════════════════╗

2022-05-07 10:00:54,851 INFO     ___FILE_ONLY___ ╠═ Installing: Minikube                                     ═╣

2022-05-07 10:00:54,851 INFO     ___FILE_ONLY___ ╚
2022-05-07 10:00:54,854 INFO     ___FILE_ONLY___ ════════════════════════════════════════════════════════════
2022-05-07 10:00:54,854 INFO     ___FILE_ONLY___ ╝

2022-05-07 10:00:54,858 INFO     ___FILE_ONLY___ ╔════════════════════════════════════════════════════════════╗

2022-05-07 10:00:54,858 INFO     ___FILE_ONLY___ ╠═ Installing: Minikube                                     ═╣

2022-05-07 10:00:54,858 INFO     ___FILE_ONLY___ ╚
2022-05-07 10:00:54,861 DEBUG    urllib3.connectionpool Starting new HTTPS connection (1): dl.google.com:443
2022-05-07 10:00:55,335 DEBUG    urllib3.connectionpool https://dl.google.com:443 "GET /dl/cloudsdk/channels/rapid/components/google-cloud-sdk-minikube-darwin-arm-20220304175209.tar.gz HTTP/1.1" 200 28454360
2022-05-07 10:01:00,062 INFO     ___FILE_ONLY___ ═
2022-05-07 10:01:00,062 INFO     ___FILE_ONLY___ ═
2022-05-07 10:01:00,063 INFO     ___FILE_ONLY___ ═
2022-05-07 10:01:00,064 INFO     ___FILE_ONLY___ ═
2022-05-07 10:01:00,065 INFO     ___FILE_ONLY___ ═
2022-05-07 10:01:00,066 INFO     ___FILE_ONLY___ ═
2022-05-07 10:01:00,066 INFO     ___FILE_ONLY___ ═
2022-05-07 10:01:00,067 INFO     ___FILE_ONLY___ ═
2022-05-07 10:01:00,069 INFO     ___FILE_ONLY___ ═
2022-05-07 10:01:00,070 INFO     ___FILE_ONLY___ ═
2022-05-07 10:01:00,070 INFO     ___FILE_ONLY___ ═
2022-05-07 10:01:00,071 INFO     ___FILE_ONLY___ ═
2022-05-07 10:01:00,072 INFO     ___FILE_ONLY___ ═
2022-05-07 10:01:00,073 INFO     ___FILE_ONLY___ ═
2022-05-07 10:01:00,074 INFO     ___FILE_ONLY___ ═
2022-05-07 10:01:00,074 INFO     ___FILE_ONLY___ ═
2022-05-07 10:01:00,075 INFO     ___FILE_ONLY___ ═
2022-05-07 10:01:00,077 INFO     ___FILE_ONLY___ ═
2022-05-07 10:01:00,077 INFO     ___FILE_ONLY___ ═
2022-05-07 10:01:00,079 INFO     ___FILE_ONLY___ ═
2022-05-07 10:01:00,080 INFO     ___FILE_ONLY___ ═
2022-05-07 10:01:00,080 INFO     ___FILE_ONLY___ ═
2022-05-07 10:01:00,081 INFO     ___FILE_ONLY___ ═
2022-05-07 10:01:00,082 INFO     ___FILE_ONLY___ ═
2022-05-07 10:01:00,083 INFO     ___FILE_ONLY___ ═
2022-05-07 10:01:00,084 INFO     ___FILE_ONLY___ ═
2022-05-07 10:01:00,085 INFO     ___FILE_ONLY___ ═
2022-05-07 10:01:00,086 INFO     ___FILE_ONLY___ ═
2022-05-07 10:01:00,087 INFO     ___FILE_ONLY___ ═
2022-05-07 10:01:00,087 INFO     ___FILE_ONLY___ ═
2022-05-07 10:01:00,983 INFO     ___FILE_ONLY___ ══════════════════════════════
2022-05-07 10:01:00,985 INFO     ___FILE_ONLY___ ╝

2022-05-07 10:01:00,994 INFO     ___FILE_ONLY___ ╔════════════════════════════════════════════════════════════╗

2022-05-07 10:01:00,995 INFO     ___FILE_ONLY___ ╠═ Installing: Skaffold                                     ═╣

2022-05-07 10:01:00,995 INFO     ___FILE_ONLY___ ╚
2022-05-07 10:01:00,998 DEBUG    urllib3.connectionpool Starting new HTTPS connection (1): dl.google.com:443
2022-05-07 10:01:01,229 DEBUG    urllib3.connectionpool https://dl.google.com:443 "GET /dl/cloudsdk/channels/rapid/components/google-cloud-sdk-skaffold-darwin-arm-20220415194303.tar.gz HTTP/1.1" 200 20183129
2022-05-07 10:01:04,603 INFO     ___FILE_ONLY___ ═
2022-05-07 10:01:04,604 INFO     ___FILE_ONLY___ ═
2022-05-07 10:01:04,604 INFO     ___FILE_ONLY___ ═
2022-05-07 10:01:04,605 INFO     ___FILE_ONLY___ ═
2022-05-07 10:01:04,606 INFO     ___FILE_ONLY___ ═
2022-05-07 10:01:04,606 INFO     ___FILE_ONLY___ ═
2022-05-07 10:01:04,607 INFO     ___FILE_ONLY___ ═
2022-05-07 10:01:04,607 INFO     ___FILE_ONLY___ ═
2022-05-07 10:01:04,608 INFO     ___FILE_ONLY___ ═
2022-05-07 10:01:04,608 INFO     ___FILE_ONLY___ ═
2022-05-07 10:01:04,609 INFO     ___FILE_ONLY___ ═
2022-05-07 10:01:04,610 INFO     ___FILE_ONLY___ ═
2022-05-07 10:01:04,611 INFO     ___FILE_ONLY___ ═
2022-05-07 10:01:04,611 INFO     ___FILE_ONLY___ ═
2022-05-07 10:01:04,612 INFO     ___FILE_ONLY___ ═
2022-05-07 10:01:04,613 INFO     ___FILE_ONLY___ ═
2022-05-07 10:01:04,613 INFO     ___FILE_ONLY___ ═
2022-05-07 10:01:04,614 INFO     ___FILE_ONLY___ ═
2022-05-07 10:01:04,614 INFO     ___FILE_ONLY___ ═
2022-05-07 10:01:04,615 INFO     ___FILE_ONLY___ ═
2022-05-07 10:01:04,616 INFO     ___FILE_ONLY___ ═
2022-05-07 10:01:04,616 INFO     ___FILE_ONLY___ ═
2022-05-07 10:01:04,617 INFO     ___FILE_ONLY___ ═
2022-05-07 10:01:04,617 INFO     ___FILE_ONLY___ ═
2022-05-07 10:01:04,618 INFO     ___FILE_ONLY___ ═
2022-05-07 10:01:04,619 INFO     ___FILE_ONLY___ ═
2022-05-07 10:01:04,619 INFO     ___FILE_ONLY___ ═
2022-05-07 10:01:04,620 INFO     ___FILE_ONLY___ ═
2022-05-07 10:01:04,620 INFO     ___FILE_ONLY___ ═
2022-05-07 10:01:04,621 INFO     ___FILE_ONLY___ ═
2022-05-07 10:01:05,512 INFO     ___FILE_ONLY___ ══════════════════════════════
2022-05-07 10:01:05,512 INFO     ___FILE_ONLY___ ╝

2022-05-07 10:01:05,521 INFO     ___FILE_ONLY___ ╔════════════════════════════════════════════════════════════╗

2022-05-07 10:01:05,521 INFO     ___FILE_ONLY___ ╠═ Installing: Skaffold                                     ═╣

2022-05-07 10:01:05,521 INFO     ___FILE_ONLY___ ╚
2022-05-07 10:01:05,524 INFO     ___FILE_ONLY___ ════════════════════════════════════════════════════════════
2022-05-07 10:01:05,524 INFO     ___FILE_ONLY___ ╝

2022-05-07 10:01:05,528 INFO     ___FILE_ONLY___ ╔════════════════════════════════════════════════════════════╗

2022-05-07 10:01:05,528 INFO     ___FILE_ONLY___ ╠═ Installing: gcloud Beta Commands                         ═╣

2022-05-07 10:01:05,528 INFO     ___FILE_ONLY___ ╚
2022-05-07 10:01:05,531 DEBUG    urllib3.connectionpool Starting new HTTPS connection (1): dl.google.com:443
2022-05-07 10:01:05,756 DEBUG    urllib3.connectionpool https://dl.google.com:443 "GET /dl/cloudsdk/channels/rapid/components/google-cloud-sdk-beta-20220504215042.tar.gz HTTP/1.1" 200 797
2022-05-07 10:01:05,757 INFO     ___FILE_ONLY___ ══════════════════════════════
2022-05-07 10:01:05,758 INFO     ___FILE_ONLY___ ══════════════════════════════
2022-05-07 10:01:05,758 INFO     ___FILE_ONLY___ ╝

2022-05-07 10:01:05,766 INFO     ___FILE_ONLY___ ╔════════════════════════════════════════════════════════════╗

2022-05-07 10:01:05,766 INFO     ___FILE_ONLY___ ╠═ Installing: gcloud cli dependencies                      ═╣

2022-05-07 10:01:05,766 INFO     ___FILE_ONLY___ ╚
2022-05-07 10:01:05,769 DEBUG    urllib3.connectionpool Starting new HTTPS connection (1): dl.google.com:443
2022-05-07 10:01:05,993 DEBUG    urllib3.connectionpool https://dl.google.com:443 "GET /dl/cloudsdk/channels/rapid/components/google-cloud-sdk-gcloud-deps-darwin-x86_64-20210416153011.tar.gz HTTP/1.1" 200 105
2022-05-07 10:01:05,993 INFO     ___FILE_ONLY___ ══════════════════════════════
2022-05-07 10:01:05,994 INFO     ___FILE_ONLY___ ══════════════════════════════
2022-05-07 10:01:05,994 INFO     ___FILE_ONLY___ ╝

2022-05-07 10:01:06,001 INFO     ___FILE_ONLY___ ╔════════════════════════════════════════════════════════════╗

2022-05-07 10:01:06,002 INFO     ___FILE_ONLY___ ╠═ Installing: gke-gcloud-auth-plugin                       ═╣

2022-05-07 10:01:06,002 INFO     ___FILE_ONLY___ ╚
2022-05-07 10:01:06,005 DEBUG    urllib3.connectionpool Starting new HTTPS connection (1): dl.google.com:443
2022-05-07 10:01:06,266 DEBUG    urllib3.connectionpool https://dl.google.com:443 "GET /dl/cloudsdk/channels/rapid/components/google-cloud-sdk-gke-gcloud-auth-plugin-darwin-arm-20220415194303.tar.gz HTTP/1.1" 200 3926436
2022-05-07 10:01:06,922 INFO     ___FILE_ONLY___ ═
2022-05-07 10:01:06,922 INFO     ___FILE_ONLY___ ═
2022-05-07 10:01:06,922 INFO     ___FILE_ONLY___ ═
2022-05-07 10:01:06,922 INFO     ___FILE_ONLY___ ═
2022-05-07 10:01:06,922 INFO     ___FILE_ONLY___ ═
2022-05-07 10:01:06,922 INFO     ___FILE_ONLY___ ═
2022-05-07 10:01:06,922 INFO     ___FILE_ONLY___ ═
2022-05-07 10:01:06,923 INFO     ___FILE_ONLY___ ═
2022-05-07 10:01:06,923 INFO     ___FILE_ONLY___ ═
2022-05-07 10:01:06,923 INFO     ___FILE_ONLY___ ═
2022-05-07 10:01:06,923 INFO     ___FILE_ONLY___ ═
2022-05-07 10:01:06,923 INFO     ___FILE_ONLY___ ═
2022-05-07 10:01:06,923 INFO     ___FILE_ONLY___ ═
2022-05-07 10:01:06,923 INFO     ___FILE_ONLY___ ═
2022-05-07 10:01:06,923 INFO     ___FILE_ONLY___ ═
2022-05-07 10:01:06,924 INFO     ___FILE_ONLY___ ═
2022-05-07 10:01:06,924 INFO     ___FILE_ONLY___ ═
2022-05-07 10:01:06,924 INFO     ___FILE_ONLY___ ═
2022-05-07 10:01:06,924 INFO     ___FILE_ONLY___ ═
2022-05-07 10:01:06,924 INFO     ___FILE_ONLY___ ═
2022-05-07 10:01:06,924 INFO     ___FILE_ONLY___ ═
2022-05-07 10:01:06,924 INFO     ___FILE_ONLY___ ═
2022-05-07 10:01:06,925 INFO     ___FILE_ONLY___ ═
2022-05-07 10:01:06,925 INFO     ___FILE_ONLY___ ═
2022-05-07 10:01:06,925 INFO     ___FILE_ONLY___ ═
2022-05-07 10:01:06,925 INFO     ___FILE_ONLY___ ═
2022-05-07 10:01:06,925 INFO     ___FILE_ONLY___ ═
2022-05-07 10:01:06,925 INFO     ___FILE_ONLY___ ═
2022-05-07 10:01:06,925 INFO     ___FILE_ONLY___ ═
2022-05-07 10:01:06,925 INFO     ___FILE_ONLY___ ═
2022-05-07 10:01:07,093 INFO     ___FILE_ONLY___ ══════════════════════════════
2022-05-07 10:01:07,093 INFO     ___FILE_ONLY___ ╝

2022-05-07 10:01:07,101 INFO     ___FILE_ONLY___ ╔════════════════════════════════════════════════════════════╗

2022-05-07 10:01:07,102 INFO     ___FILE_ONLY___ ╠═ Installing: gke-gcloud-auth-plugin                       ═╣

2022-05-07 10:01:07,102 INFO     ___FILE_ONLY___ ╚
2022-05-07 10:01:07,105 INFO     ___FILE_ONLY___ ════════════════════════════════════════════════════════════
2022-05-07 10:01:07,105 INFO     ___FILE_ONLY___ ╝

2022-05-07 10:01:07,109 INFO     ___FILE_ONLY___ ╔════════════════════════════════════════════════════════════╗

2022-05-07 10:01:07,109 INFO     ___FILE_ONLY___ ╠═ Installing: kubectl                                      ═╣

2022-05-07 10:01:07,109 INFO     ___FILE_ONLY___ ╚
2022-05-07 10:01:07,112 DEBUG    urllib3.connectionpool Starting new HTTPS connection (1): dl.google.com:443
2022-05-07 10:01:07,369 DEBUG    urllib3.connectionpool https://dl.google.com:443 "GET /dl/cloudsdk/channels/rapid/components/google-cloud-sdk-kubectl-20220128152443.tar.gz HTTP/1.1" 200 48444
2022-05-07 10:01:07,451 INFO     ___FILE_ONLY___ ══════════
2022-05-07 10:01:07,452 INFO     ___FILE_ONLY___ ══════════
2022-05-07 10:01:07,452 INFO     ___FILE_ONLY___ ══════════
2022-05-07 10:01:07,456 INFO     ___FILE_ONLY___ ══════════════════════════════
2022-05-07 10:01:07,456 INFO     ___FILE_ONLY___ ╝

2022-05-07 10:01:07,464 INFO     ___FILE_ONLY___ ╔════════════════════════════════════════════════════════════╗

2022-05-07 10:01:07,465 INFO     ___FILE_ONLY___ ╠═ Installing: kubectl                                      ═╣

2022-05-07 10:01:07,465 INFO     ___FILE_ONLY___ ╚
2022-05-07 10:01:07,468 DEBUG    urllib3.connectionpool Starting new HTTPS connection (1): dl.google.com:443
2022-05-07 10:01:07,734 DEBUG    urllib3.connectionpool https://dl.google.com:443 "GET /dl/cloudsdk/channels/rapid/components/google-cloud-sdk-kubectl-darwin-arm-20220211145702.tar.gz HTTP/1.1" 200 54523977
2022-05-07 10:01:16,843 INFO     ___FILE_ONLY___ ═
2022-05-07 10:01:16,845 INFO     ___FILE_ONLY___ ═
2022-05-07 10:01:16,846 INFO     ___FILE_ONLY___ ═
2022-05-07 10:01:16,848 INFO     ___FILE_ONLY___ ═
2022-05-07 10:01:16,850 INFO     ___FILE_ONLY___ ═
2022-05-07 10:01:16,852 INFO     ___FILE_ONLY___ ═
2022-05-07 10:01:16,853 INFO     ___FILE_ONLY___ ═
2022-05-07 10:01:16,855 INFO     ___FILE_ONLY___ ═
2022-05-07 10:01:16,856 INFO     ___FILE_ONLY___ ═
2022-05-07 10:01:16,858 INFO     ___FILE_ONLY___ ═
2022-05-07 10:01:16,860 INFO     ___FILE_ONLY___ ═
2022-05-07 10:01:16,861 INFO     ___FILE_ONLY___ ═
2022-05-07 10:01:16,863 INFO     ___FILE_ONLY___ ═
2022-05-07 10:01:16,865 INFO     ___FILE_ONLY___ ═
2022-05-07 10:01:16,866 INFO     ___FILE_ONLY___ ═
2022-05-07 10:01:16,868 INFO     ___FILE_ONLY___ ═
2022-05-07 10:01:16,870 INFO     ___FILE_ONLY___ ═
2022-05-07 10:01:16,871 INFO     ___FILE_ONLY___ ═
2022-05-07 10:01:16,873 INFO     ___FILE_ONLY___ ═
2022-05-07 10:01:16,875 INFO     ___FILE_ONLY___ ═
2022-05-07 10:01:16,876 INFO     ___FILE_ONLY___ ═
2022-05-07 10:01:16,878 INFO     ___FILE_ONLY___ ═
2022-05-07 10:01:16,879 INFO     ___FILE_ONLY___ ═
2022-05-07 10:01:16,881 INFO     ___FILE_ONLY___ ═
2022-05-07 10:01:16,883 INFO     ___FILE_ONLY___ ═
2022-05-07 10:01:16,884 INFO     ___FILE_ONLY___ ═
2022-05-07 10:01:16,886 INFO     ___FILE_ONLY___ ═
2022-05-07 10:01:16,889 INFO     ___FILE_ONLY___ ═
2022-05-07 10:01:16,890 INFO     ___FILE_ONLY___ ═
2022-05-07 10:01:16,892 INFO     ___FILE_ONLY___ ═
2022-05-07 10:01:18,344 INFO     ___FILE_ONLY___ ═══════
2022-05-07 10:01:18,680 INFO     ___FILE_ONLY___ ════════
2022-05-07 10:01:19,020 INFO     ___FILE_ONLY___ ═══════
2022-05-07 10:01:19,363 INFO     ___FILE_ONLY___ ════════
2022-05-07 10:01:19,365 INFO     ___FILE_ONLY___ ╝

2022-05-07 10:01:19,378 INFO     ___FILE_ONLY___ ╔════════════════════════════════════════════════════════════╗

2022-05-07 10:01:19,379 INFO     ___FILE_ONLY___ ╠═ Creating backup and activating new installation          ═╣

2022-05-07 10:01:19,379 INFO     ___FILE_ONLY___ ╚
2022-05-07 10:01:19,379 DEBUG    root            Attempting to move directory [/Users/yashsharma/Library/Application Support/cloud-code/installer/google-cloud-sdk] to [/Users/yashsharma/Library/Application Support/cloud-code/installer/google-cloud-sdk.staging/.install/.backup]
2022-05-07 10:01:19,379 INFO     ___FILE_ONLY___ ══════════════════════════════
2022-05-07 10:01:19,379 DEBUG    root            Attempting to move directory [/Users/yashsharma/Library/Application Support/cloud-code/installer/google-cloud-sdk.staging] to [/Users/yashsharma/Library/Application Support/cloud-code/installer/google-cloud-sdk]
2022-05-07 10:01:19,379 INFO     ___FILE_ONLY___ ══════════════════════════════
2022-05-07 10:01:19,380 INFO     ___FILE_ONLY___ ╝

2022-05-07 10:01:19,385 DEBUG    root            Updating notification cache...
2022-05-07 10:01:19,386 INFO     ___FILE_ONLY___ 

2022-05-07 10:01:19,391 INFO     ___FILE_ONLY___ Performing post processing steps...
2022-05-07 10:01:19,391 DEBUG    root            Executing command: ['/Users/yashsharma/miniforge3/bin/python3', '-S', '/Users/yashsharma/Library/Application Support/cloud-code/installer/google-cloud-sdk/lib/gcloud.py', 'components', 'post-process']
2022-05-07 10:01:19,402 DEBUG    urllib3.connectionpool Starting new HTTPS connection (1): www.gstatic.com:443
2022-05-07 10:01:19,584 DEBUG    urllib3.connectionpool https://www.gstatic.com:443 "GET /cloudsdk/feature_flag_config_file.yaml HTTP/1.1" 200 101
2022-05-07 10:20:01,569 DEBUG    ___FILE_ONLY___ 
2022-05-07 10:20:01,573 DEBUG    ___FILE_ONLY___ 
2022-05-07 10:20:01,648 INFO     ___FILE_ONLY___ 
Update done!


2022-05-07 10:20:01,669 INFO     root            Display format: "none"
