2022-05-08 22:32:16,509 DEBUG    root            Loaded Command Group: ['gcloud', 'components']
2022-05-08 22:32:16,513 DEBUG    root            Loaded Command Group: ['gcloud', 'components', 'install']
2022-05-08 22:32:16,516 DEBUG    root            Running [gcloud.components.install] with arguments: [--quiet: "True", COMPONENT-IDS:5: "['beta', 'kubectl', 'skaffold', 'minikube', 'gsutil']"]
2022-05-08 22:32:16,532 DEBUG    urllib3.connectionpool Starting new HTTPS connection (1): dl.google.com:443
2022-05-08 22:32:16,722 DEBUG    urllib3.connectionpool https://dl.google.com:443 "GET /dl/cloudsdk/channels/rapid/components-v384.0.1.json HTTP/1.1" 200 187079
2022-05-08 22:32:16,777 INFO     ___FILE_ONLY___ 

2022-05-08 22:32:16,778 INFO     ___FILE_ONLY___ 
Your current Google Cloud CLI version is: 384.0.1

2022-05-08 22:32:16,778 INFO     ___FILE_ONLY___ Installing components from version: 384.0.1

2022-05-08 22:32:16,778 INFO     ___FILE_ONLY___ 

2022-05-08 22:32:16,785 INFO     ___FILE_ONLY___ ┌─────────────────────────────────────────────────┐
2022-05-08 22:32:16,786 INFO     ___FILE_ONLY___ 

2022-05-08 22:32:16,786 INFO     ___FILE_ONLY___ │       These components will be installed.       │
2022-05-08 22:32:16,786 INFO     ___FILE_ONLY___ 

2022-05-08 22:32:16,786 INFO     ___FILE_ONLY___ ├─────────────────────────┬────────────┬──────────┤
2022-05-08 22:32:16,786 INFO     ___FILE_ONLY___ 

2022-05-08 22:32:16,786 INFO     ___FILE_ONLY___ │           Name          │  Version   │   Size   │
2022-05-08 22:32:16,786 INFO     ___FILE_ONLY___ 

2022-05-08 22:32:16,786 INFO     ___FILE_ONLY___ ├─────────────────────────┼────────────┼──────────┤
2022-05-08 22:32:16,786 INFO     ___FILE_ONLY___ 

2022-05-08 22:32:16,787 INFO     ___FILE_ONLY___ │ 
2022-05-08 22:32:16,787 INFO     ___FILE_ONLY___ Minikube               
2022-05-08 22:32:16,787 INFO     ___FILE_ONLY___  
2022-05-08 22:32:16,787 INFO     ___FILE_ONLY___ │ 
2022-05-08 22:32:16,787 INFO     ___FILE_ONLY___     1.25.2
2022-05-08 22:32:16,787 INFO     ___FILE_ONLY___  
2022-05-08 22:32:16,787 INFO     ___FILE_ONLY___ │ 
2022-05-08 22:32:16,788 INFO     ___FILE_ONLY___ 27.1 MiB
2022-05-08 22:32:16,788 INFO     ___FILE_ONLY___  
2022-05-08 22:32:16,788 INFO     ___FILE_ONLY___ │
2022-05-08 22:32:16,788 INFO     ___FILE_ONLY___ 

2022-05-08 22:32:16,788 INFO     ___FILE_ONLY___ │ 
2022-05-08 22:32:16,788 INFO     ___FILE_ONLY___ Skaffold               
2022-05-08 22:32:16,788 INFO     ___FILE_ONLY___  
2022-05-08 22:32:16,788 INFO     ___FILE_ONLY___ │ 
2022-05-08 22:32:16,789 INFO     ___FILE_ONLY___     1.38.0
2022-05-08 22:32:16,789 INFO     ___FILE_ONLY___  
2022-05-08 22:32:16,789 INFO     ___FILE_ONLY___ │ 
2022-05-08 22:32:16,789 INFO     ___FILE_ONLY___ 19.2 MiB
2022-05-08 22:32:16,789 INFO     ___FILE_ONLY___  
2022-05-08 22:32:16,789 INFO     ___FILE_ONLY___ │
2022-05-08 22:32:16,789 INFO     ___FILE_ONLY___ 

2022-05-08 22:32:16,789 INFO     ___FILE_ONLY___ │ 
2022-05-08 22:32:16,789 INFO     ___FILE_ONLY___ gcloud Beta Commands   
2022-05-08 22:32:16,789 INFO     ___FILE_ONLY___  
2022-05-08 22:32:16,789 INFO     ___FILE_ONLY___ │ 
2022-05-08 22:32:16,790 INFO     ___FILE_ONLY___ 2022.05.04
2022-05-08 22:32:16,790 INFO     ___FILE_ONLY___  
2022-05-08 22:32:16,790 INFO     ___FILE_ONLY___ │ 
2022-05-08 22:32:16,790 INFO     ___FILE_ONLY___  < 1 MiB
2022-05-08 22:32:16,790 INFO     ___FILE_ONLY___  
2022-05-08 22:32:16,790 INFO     ___FILE_ONLY___ │
2022-05-08 22:32:16,790 INFO     ___FILE_ONLY___ 

2022-05-08 22:32:16,790 INFO     ___FILE_ONLY___ │ 
2022-05-08 22:32:16,790 INFO     ___FILE_ONLY___ gcloud cli dependencies
2022-05-08 22:32:16,790 INFO     ___FILE_ONLY___  
2022-05-08 22:32:16,790 INFO     ___FILE_ONLY___ │ 
2022-05-08 22:32:16,791 INFO     ___FILE_ONLY___ 2021.04.16
2022-05-08 22:32:16,791 INFO     ___FILE_ONLY___  
2022-05-08 22:32:16,791 INFO     ___FILE_ONLY___ │ 
2022-05-08 22:32:16,791 INFO     ___FILE_ONLY___  < 1 MiB
2022-05-08 22:32:16,791 INFO     ___FILE_ONLY___  
2022-05-08 22:32:16,791 INFO     ___FILE_ONLY___ │
2022-05-08 22:32:16,791 INFO     ___FILE_ONLY___ 

2022-05-08 22:32:16,791 INFO     ___FILE_ONLY___ │ 
2022-05-08 22:32:16,791 INFO     ___FILE_ONLY___ gke-gcloud-auth-plugin 
2022-05-08 22:32:16,791 INFO     ___FILE_ONLY___  
2022-05-08 22:32:16,791 INFO     ___FILE_ONLY___ │ 
2022-05-08 22:32:16,791 INFO     ___FILE_ONLY___      0.2.0
2022-05-08 22:32:16,792 INFO     ___FILE_ONLY___  
2022-05-08 22:32:16,792 INFO     ___FILE_ONLY___ │ 
2022-05-08 22:32:16,792 INFO     ___FILE_ONLY___  3.7 MiB
2022-05-08 22:32:16,792 INFO     ___FILE_ONLY___  
2022-05-08 22:32:16,792 INFO     ___FILE_ONLY___ │
2022-05-08 22:32:16,792 INFO     ___FILE_ONLY___ 

2022-05-08 22:32:16,792 INFO     ___FILE_ONLY___ │ 
2022-05-08 22:32:16,792 INFO     ___FILE_ONLY___ kubectl                
2022-05-08 22:32:16,792 INFO     ___FILE_ONLY___  
2022-05-08 22:32:16,792 INFO     ___FILE_ONLY___ │ 
2022-05-08 22:32:16,792 INFO     ___FILE_ONLY___     1.21.9
2022-05-08 22:32:16,792 INFO     ___FILE_ONLY___  
2022-05-08 22:32:16,793 INFO     ___FILE_ONLY___ │ 
2022-05-08 22:32:16,793 INFO     ___FILE_ONLY___ 52.0 MiB
2022-05-08 22:32:16,793 INFO     ___FILE_ONLY___  
2022-05-08 22:32:16,793 INFO     ___FILE_ONLY___ │
2022-05-08 22:32:16,793 INFO     ___FILE_ONLY___ 

2022-05-08 22:32:16,793 INFO     ___FILE_ONLY___ │ 
2022-05-08 22:32:16,793 INFO     ___FILE_ONLY___ kubectl                
2022-05-08 22:32:16,793 INFO     ___FILE_ONLY___  
2022-05-08 22:32:16,793 INFO     ___FILE_ONLY___ │ 
2022-05-08 22:32:16,793 INFO     ___FILE_ONLY___     1.21.9
2022-05-08 22:32:16,793 INFO     ___FILE_ONLY___  
2022-05-08 22:32:16,793 INFO     ___FILE_ONLY___ │ 
2022-05-08 22:32:16,794 INFO     ___FILE_ONLY___  < 1 MiB
2022-05-08 22:32:16,794 INFO     ___FILE_ONLY___  
2022-05-08 22:32:16,794 INFO     ___FILE_ONLY___ │
2022-05-08 22:32:16,794 INFO     ___FILE_ONLY___ 

2022-05-08 22:32:16,794 INFO     ___FILE_ONLY___ └─────────────────────────┴────────────┴──────────┘
2022-05-08 22:32:16,794 INFO     ___FILE_ONLY___ 

2022-05-08 22:32:16,794 INFO     ___FILE_ONLY___ 

2022-05-08 22:32:16,798 DEBUG    urllib3.connectionpool Starting new HTTPS connection (1): dl.google.com:443
2022-05-08 22:32:17,004 DEBUG    urllib3.connectionpool https://dl.google.com:443 "GET /dl/cloudsdk/channels/rapid/RELEASE_NOTES HTTP/1.1" 200 799223
2022-05-08 22:32:17,087 INFO     ___FILE_ONLY___ For the latest full release notes, please visit:
  https://cloud.google.com/sdk/release_notes


2022-05-08 22:32:17,102 INFO     ___FILE_ONLY___ ╔════════════════════════════════════════════════════════════╗

2022-05-08 22:32:17,103 INFO     ___FILE_ONLY___ ╠═ Creating update staging area                             ═╣

2022-05-08 22:32:17,103 INFO     ___FILE_ONLY___ ╚
2022-05-08 22:32:20,721 INFO     ___FILE_ONLY___ ══════
2022-05-08 22:32:20,721 INFO     ___FILE_ONLY___ ══════
2022-05-08 22:32:20,721 INFO     ___FILE_ONLY___ ══════
2022-05-08 22:32:21,341 INFO     ___FILE_ONLY___ ═
2022-05-08 22:32:21,505 INFO     ___FILE_ONLY___ ═
2022-05-08 22:32:21,866 INFO     ___FILE_ONLY___ ═
2022-05-08 22:32:22,107 INFO     ___FILE_ONLY___ ═
2022-05-08 22:32:22,286 INFO     ___FILE_ONLY___ ═
2022-05-08 22:32:22,523 INFO     ___FILE_ONLY___ ═
2022-05-08 22:32:22,751 INFO     ___FILE_ONLY___ ═
2022-05-08 22:32:22,893 INFO     ___FILE_ONLY___ ═
2022-05-08 22:32:23,091 INFO     ___FILE_ONLY___ ═
2022-05-08 22:32:23,244 INFO     ___FILE_ONLY___ ═
2022-05-08 22:32:23,467 INFO     ___FILE_ONLY___ ═
2022-05-08 22:32:23,709 INFO     ___FILE_ONLY___ ═
2022-05-08 22:32:23,859 INFO     ___FILE_ONLY___ ═
2022-05-08 22:32:23,985 INFO     ___FILE_ONLY___ ═
2022-05-08 22:32:24,103 INFO     ___FILE_ONLY___ ═
2022-05-08 22:32:24,233 INFO     ___FILE_ONLY___ ═
2022-05-08 22:32:24,390 INFO     ___FILE_ONLY___ ═
2022-05-08 22:32:24,535 INFO     ___FILE_ONLY___ ═
2022-05-08 22:32:24,702 INFO     ___FILE_ONLY___ ═
2022-05-08 22:32:24,876 INFO     ___FILE_ONLY___ ═
2022-05-08 22:32:25,010 INFO     ___FILE_ONLY___ ═
2022-05-08 22:32:25,159 INFO     ___FILE_ONLY___ ═
2022-05-08 22:32:25,304 INFO     ___FILE_ONLY___ ═
2022-05-08 22:32:25,452 INFO     ___FILE_ONLY___ ═
2022-05-08 22:32:25,600 INFO     ___FILE_ONLY___ ═
2022-05-08 22:32:25,754 INFO     ___FILE_ONLY___ ═
2022-05-08 22:32:25,895 INFO     ___FILE_ONLY___ ═
2022-05-08 22:32:26,056 INFO     ___FILE_ONLY___ ═
2022-05-08 22:32:26,200 INFO     ___FILE_ONLY___ ═
2022-05-08 22:32:26,386 INFO     ___FILE_ONLY___ ═
2022-05-08 22:32:26,546 INFO     ___FILE_ONLY___ ═
2022-05-08 22:32:26,687 INFO     ___FILE_ONLY___ ═
2022-05-08 22:32:26,854 INFO     ___FILE_ONLY___ ═
2022-05-08 22:32:26,991 INFO     ___FILE_ONLY___ ═
2022-05-08 22:32:27,229 INFO     ___FILE_ONLY___ ═
2022-05-08 22:32:27,394 INFO     ___FILE_ONLY___ ═
2022-05-08 22:32:27,697 INFO     ___FILE_ONLY___ ═
2022-05-08 22:32:27,766 INFO     ___FILE_ONLY___ ═
2022-05-08 22:32:27,838 INFO     ___FILE_ONLY___ ═
2022-05-08 22:32:27,903 INFO     ___FILE_ONLY___ ═
2022-05-08 22:32:27,964 INFO     ___FILE_ONLY___ ═
2022-05-08 22:32:28,059 INFO     ___FILE_ONLY___ ═
2022-05-08 22:32:28,059 INFO     ___FILE_ONLY___ ╝

2022-05-08 22:32:28,635 INFO     ___FILE_ONLY___ ╔════════════════════════════════════════════════════════════╗

2022-05-08 22:32:28,636 INFO     ___FILE_ONLY___ ╠═ Installing: Minikube                                     ═╣

2022-05-08 22:32:28,636 INFO     ___FILE_ONLY___ ╚
2022-05-08 22:32:28,639 INFO     ___FILE_ONLY___ ════════════════════════════════════════════════════════════
2022-05-08 22:32:28,639 INFO     ___FILE_ONLY___ ╝

2022-05-08 22:32:28,644 INFO     ___FILE_ONLY___ ╔════════════════════════════════════════════════════════════╗

2022-05-08 22:32:28,644 INFO     ___FILE_ONLY___ ╠═ Installing: Minikube                                     ═╣

2022-05-08 22:32:28,644 INFO     ___FILE_ONLY___ ╚
2022-05-08 22:32:28,647 DEBUG    urllib3.connectionpool Starting new HTTPS connection (1): dl.google.com:443
2022-05-08 22:32:28,824 DEBUG    urllib3.connectionpool https://dl.google.com:443 "GET /dl/cloudsdk/channels/rapid/components/google-cloud-sdk-minikube-darwin-arm-20220304175209.tar.gz HTTP/1.1" 200 28454360
2022-05-08 22:32:33,444 INFO     ___FILE_ONLY___ ═
2022-05-08 22:32:33,445 INFO     ___FILE_ONLY___ ═
2022-05-08 22:32:33,446 INFO     ___FILE_ONLY___ ═
2022-05-08 22:32:33,447 INFO     ___FILE_ONLY___ ═
2022-05-08 22:32:33,448 INFO     ___FILE_ONLY___ ═
2022-05-08 22:32:33,449 INFO     ___FILE_ONLY___ ═
2022-05-08 22:32:33,450 INFO     ___FILE_ONLY___ ═
2022-05-08 22:32:33,451 INFO     ___FILE_ONLY___ ═
2022-05-08 22:32:33,452 INFO     ___FILE_ONLY___ ═
2022-05-08 22:32:33,453 INFO     ___FILE_ONLY___ ═
2022-05-08 22:32:33,454 INFO     ___FILE_ONLY___ ═
2022-05-08 22:32:33,455 INFO     ___FILE_ONLY___ ═
2022-05-08 22:32:33,456 INFO     ___FILE_ONLY___ ═
2022-05-08 22:32:33,457 INFO     ___FILE_ONLY___ ═
2022-05-08 22:32:33,458 INFO     ___FILE_ONLY___ ═
2022-05-08 22:32:33,459 INFO     ___FILE_ONLY___ ═
2022-05-08 22:32:33,460 INFO     ___FILE_ONLY___ ═
2022-05-08 22:32:33,461 INFO     ___FILE_ONLY___ ═
2022-05-08 22:32:33,462 INFO     ___FILE_ONLY___ ═
2022-05-08 22:32:33,463 INFO     ___FILE_ONLY___ ═
2022-05-08 22:32:33,463 INFO     ___FILE_ONLY___ ═
2022-05-08 22:32:33,465 INFO     ___FILE_ONLY___ ═
2022-05-08 22:32:33,466 INFO     ___FILE_ONLY___ ═
2022-05-08 22:32:33,466 INFO     ___FILE_ONLY___ ═
2022-05-08 22:32:33,467 INFO     ___FILE_ONLY___ ═
2022-05-08 22:32:33,468 INFO     ___FILE_ONLY___ ═
2022-05-08 22:32:33,469 INFO     ___FILE_ONLY___ ═
2022-05-08 22:32:33,470 INFO     ___FILE_ONLY___ ═
2022-05-08 22:32:33,471 INFO     ___FILE_ONLY___ ═
2022-05-08 22:32:33,472 INFO     ___FILE_ONLY___ ═
2022-05-08 22:32:34,361 INFO     ___FILE_ONLY___ ══════════════════════════════
2022-05-08 22:32:34,362 INFO     ___FILE_ONLY___ ╝

2022-05-08 22:32:34,371 INFO     ___FILE_ONLY___ ╔════════════════════════════════════════════════════════════╗

2022-05-08 22:32:34,371 INFO     ___FILE_ONLY___ ╠═ Installing: Skaffold                                     ═╣

2022-05-08 22:32:34,371 INFO     ___FILE_ONLY___ ╚
2022-05-08 22:32:34,374 DEBUG    urllib3.connectionpool Starting new HTTPS connection (1): dl.google.com:443
2022-05-08 22:32:35,028 DEBUG    urllib3.connectionpool https://dl.google.com:443 "GET /dl/cloudsdk/channels/rapid/components/google-cloud-sdk-skaffold-darwin-arm-20220415194303.tar.gz HTTP/1.1" 200 20183129
2022-05-08 22:32:38,535 INFO     ___FILE_ONLY___ ═
2022-05-08 22:32:38,537 INFO     ___FILE_ONLY___ ═
2022-05-08 22:32:38,538 INFO     ___FILE_ONLY___ ═
2022-05-08 22:32:38,539 INFO     ___FILE_ONLY___ ═
2022-05-08 22:32:38,540 INFO     ___FILE_ONLY___ ═
2022-05-08 22:32:38,541 INFO     ___FILE_ONLY___ ═
2022-05-08 22:32:38,542 INFO     ___FILE_ONLY___ ═
2022-05-08 22:32:38,543 INFO     ___FILE_ONLY___ ═
2022-05-08 22:32:38,545 INFO     ___FILE_ONLY___ ═
2022-05-08 22:32:38,545 INFO     ___FILE_ONLY___ ═
2022-05-08 22:32:38,546 INFO     ___FILE_ONLY___ ═
2022-05-08 22:32:38,547 INFO     ___FILE_ONLY___ ═
2022-05-08 22:32:38,549 INFO     ___FILE_ONLY___ ═
2022-05-08 22:32:38,549 INFO     ___FILE_ONLY___ ═
2022-05-08 22:32:38,550 INFO     ___FILE_ONLY___ ═
2022-05-08 22:32:38,551 INFO     ___FILE_ONLY___ ═
2022-05-08 22:32:38,552 INFO     ___FILE_ONLY___ ═
2022-05-08 22:32:38,553 INFO     ___FILE_ONLY___ ═
2022-05-08 22:32:38,554 INFO     ___FILE_ONLY___ ═
2022-05-08 22:32:38,554 INFO     ___FILE_ONLY___ ═
2022-05-08 22:32:38,555 INFO     ___FILE_ONLY___ ═
2022-05-08 22:32:38,556 INFO     ___FILE_ONLY___ ═
2022-05-08 22:32:38,557 INFO     ___FILE_ONLY___ ═
2022-05-08 22:32:38,558 INFO     ___FILE_ONLY___ ═
2022-05-08 22:32:38,559 INFO     ___FILE_ONLY___ ═
2022-05-08 22:32:38,560 INFO     ___FILE_ONLY___ ═
2022-05-08 22:32:38,560 INFO     ___FILE_ONLY___ ═
2022-05-08 22:32:38,561 INFO     ___FILE_ONLY___ ═
2022-05-08 22:32:38,562 INFO     ___FILE_ONLY___ ═
2022-05-08 22:32:38,562 INFO     ___FILE_ONLY___ ═
2022-05-08 22:32:39,454 INFO     ___FILE_ONLY___ ══════════════════════════════
2022-05-08 22:32:39,454 INFO     ___FILE_ONLY___ ╝

2022-05-08 22:32:39,464 INFO     ___FILE_ONLY___ ╔════════════════════════════════════════════════════════════╗

2022-05-08 22:32:39,464 INFO     ___FILE_ONLY___ ╠═ Installing: Skaffold                                     ═╣

2022-05-08 22:32:39,464 INFO     ___FILE_ONLY___ ╚
2022-05-08 22:32:39,467 INFO     ___FILE_ONLY___ ════════════════════════════════════════════════════════════
2022-05-08 22:32:39,467 INFO     ___FILE_ONLY___ ╝

2022-05-08 22:32:39,472 INFO     ___FILE_ONLY___ ╔════════════════════════════════════════════════════════════╗

2022-05-08 22:32:39,472 INFO     ___FILE_ONLY___ ╠═ Installing: gcloud Beta Commands                         ═╣

2022-05-08 22:32:39,472 INFO     ___FILE_ONLY___ ╚
2022-05-08 22:32:39,475 DEBUG    urllib3.connectionpool Starting new HTTPS connection (1): dl.google.com:443
2022-05-08 22:32:39,654 DEBUG    urllib3.connectionpool https://dl.google.com:443 "GET /dl/cloudsdk/channels/rapid/components/google-cloud-sdk-beta-20220504215042.tar.gz HTTP/1.1" 200 797
2022-05-08 22:32:39,655 INFO     ___FILE_ONLY___ ══════════════════════════════
2022-05-08 22:32:39,656 INFO     ___FILE_ONLY___ ══════════════════════════════
2022-05-08 22:32:39,656 INFO     ___FILE_ONLY___ ╝

2022-05-08 22:32:39,668 INFO     ___FILE_ONLY___ ╔════════════════════════════════════════════════════════════╗

2022-05-08 22:32:39,669 INFO     ___FILE_ONLY___ ╠═ Installing: gcloud cli dependencies                      ═╣

2022-05-08 22:32:39,669 INFO     ___FILE_ONLY___ ╚
2022-05-08 22:32:39,673 DEBUG    urllib3.connectionpool Starting new HTTPS connection (1): dl.google.com:443
2022-05-08 22:32:40,147 DEBUG    urllib3.connectionpool https://dl.google.com:443 "GET /dl/cloudsdk/channels/rapid/components/google-cloud-sdk-gcloud-deps-darwin-x86_64-20210416153011.tar.gz HTTP/1.1" 200 105
2022-05-08 22:32:40,148 INFO     ___FILE_ONLY___ ══════════════════════════════
2022-05-08 22:32:40,149 INFO     ___FILE_ONLY___ ══════════════════════════════
2022-05-08 22:32:40,149 INFO     ___FILE_ONLY___ ╝

2022-05-08 22:32:40,165 INFO     ___FILE_ONLY___ ╔════════════════════════════════════════════════════════════╗

2022-05-08 22:32:40,166 INFO     ___FILE_ONLY___ ╠═ Installing: gke-gcloud-auth-plugin                       ═╣

2022-05-08 22:32:40,166 INFO     ___FILE_ONLY___ ╚
2022-05-08 22:32:40,171 DEBUG    urllib3.connectionpool Starting new HTTPS connection (1): dl.google.com:443
2022-05-08 22:32:40,372 DEBUG    urllib3.connectionpool https://dl.google.com:443 "GET /dl/cloudsdk/channels/rapid/components/google-cloud-sdk-gke-gcloud-auth-plugin-darwin-arm-20220415194303.tar.gz HTTP/1.1" 200 3926436
2022-05-08 22:32:41,157 INFO     ___FILE_ONLY___ ═
2022-05-08 22:32:41,157 INFO     ___FILE_ONLY___ ═
2022-05-08 22:32:41,158 INFO     ___FILE_ONLY___ ═
2022-05-08 22:32:41,158 INFO     ___FILE_ONLY___ ═
2022-05-08 22:32:41,159 INFO     ___FILE_ONLY___ ═
2022-05-08 22:32:41,159 INFO     ___FILE_ONLY___ ═
2022-05-08 22:32:41,159 INFO     ___FILE_ONLY___ ═
2022-05-08 22:32:41,160 INFO     ___FILE_ONLY___ ═
2022-05-08 22:32:41,160 INFO     ___FILE_ONLY___ ═
2022-05-08 22:32:41,161 INFO     ___FILE_ONLY___ ═
2022-05-08 22:32:41,161 INFO     ___FILE_ONLY___ ═
2022-05-08 22:32:41,161 INFO     ___FILE_ONLY___ ═
2022-05-08 22:32:41,162 INFO     ___FILE_ONLY___ ═
2022-05-08 22:32:41,162 INFO     ___FILE_ONLY___ ═
2022-05-08 22:32:41,163 INFO     ___FILE_ONLY___ ═
2022-05-08 22:32:41,163 INFO     ___FILE_ONLY___ ═
2022-05-08 22:32:41,163 INFO     ___FILE_ONLY___ ═
2022-05-08 22:32:41,163 INFO     ___FILE_ONLY___ ═
2022-05-08 22:32:41,164 INFO     ___FILE_ONLY___ ═
2022-05-08 22:32:41,164 INFO     ___FILE_ONLY___ ═
2022-05-08 22:32:41,164 INFO     ___FILE_ONLY___ ═
2022-05-08 22:32:41,164 INFO     ___FILE_ONLY___ ═
2022-05-08 22:32:41,165 INFO     ___FILE_ONLY___ ═
2022-05-08 22:32:41,165 INFO     ___FILE_ONLY___ ═
2022-05-08 22:32:41,165 INFO     ___FILE_ONLY___ ═
2022-05-08 22:32:41,166 INFO     ___FILE_ONLY___ ═
2022-05-08 22:32:41,166 INFO     ___FILE_ONLY___ ═
2022-05-08 22:32:41,166 INFO     ___FILE_ONLY___ ═
2022-05-08 22:32:41,166 INFO     ___FILE_ONLY___ ═
2022-05-08 22:32:41,167 INFO     ___FILE_ONLY___ ═
2022-05-08 22:32:41,346 INFO     ___FILE_ONLY___ ══════════════════════════════
2022-05-08 22:32:41,346 INFO     ___FILE_ONLY___ ╝

2022-05-08 22:32:41,355 INFO     ___FILE_ONLY___ ╔════════════════════════════════════════════════════════════╗

2022-05-08 22:32:41,355 INFO     ___FILE_ONLY___ ╠═ Installing: gke-gcloud-auth-plugin                       ═╣

2022-05-08 22:32:41,355 INFO     ___FILE_ONLY___ ╚
2022-05-08 22:32:41,358 INFO     ___FILE_ONLY___ ════════════════════════════════════════════════════════════
2022-05-08 22:32:41,358 INFO     ___FILE_ONLY___ ╝

2022-05-08 22:32:41,362 INFO     ___FILE_ONLY___ ╔════════════════════════════════════════════════════════════╗

2022-05-08 22:32:41,363 INFO     ___FILE_ONLY___ ╠═ Installing: kubectl                                      ═╣

2022-05-08 22:32:41,363 INFO     ___FILE_ONLY___ ╚
2022-05-08 22:32:41,366 DEBUG    urllib3.connectionpool Starting new HTTPS connection (1): dl.google.com:443
2022-05-08 22:32:41,543 DEBUG    urllib3.connectionpool https://dl.google.com:443 "GET /dl/cloudsdk/channels/rapid/components/google-cloud-sdk-kubectl-darwin-arm-20220211145702.tar.gz HTTP/1.1" 200 54523977
2022-05-08 22:32:50,462 INFO     ___FILE_ONLY___ ═
2022-05-08 22:32:50,464 INFO     ___FILE_ONLY___ ═
2022-05-08 22:32:50,467 INFO     ___FILE_ONLY___ ═
2022-05-08 22:32:50,469 INFO     ___FILE_ONLY___ ═
2022-05-08 22:32:50,471 INFO     ___FILE_ONLY___ ═
2022-05-08 22:32:50,473 INFO     ___FILE_ONLY___ ═
2022-05-08 22:32:50,475 INFO     ___FILE_ONLY___ ═
2022-05-08 22:32:50,477 INFO     ___FILE_ONLY___ ═
2022-05-08 22:32:50,479 INFO     ___FILE_ONLY___ ═
2022-05-08 22:32:50,480 INFO     ___FILE_ONLY___ ═
2022-05-08 22:32:50,482 INFO     ___FILE_ONLY___ ═
2022-05-08 22:32:50,484 INFO     ___FILE_ONLY___ ═
2022-05-08 22:32:50,485 INFO     ___FILE_ONLY___ ═
2022-05-08 22:32:50,487 INFO     ___FILE_ONLY___ ═
2022-05-08 22:32:50,489 INFO     ___FILE_ONLY___ ═
2022-05-08 22:32:50,490 INFO     ___FILE_ONLY___ ═
2022-05-08 22:32:50,492 INFO     ___FILE_ONLY___ ═
2022-05-08 22:32:50,493 INFO     ___FILE_ONLY___ ═
2022-05-08 22:32:50,495 INFO     ___FILE_ONLY___ ═
2022-05-08 22:32:50,496 INFO     ___FILE_ONLY___ ═
2022-05-08 22:32:50,498 INFO     ___FILE_ONLY___ ═
2022-05-08 22:32:50,499 INFO     ___FILE_ONLY___ ═
2022-05-08 22:32:50,501 INFO     ___FILE_ONLY___ ═
2022-05-08 22:32:50,502 INFO     ___FILE_ONLY___ ═
2022-05-08 22:32:50,504 INFO     ___FILE_ONLY___ ═
2022-05-08 22:32:50,505 INFO     ___FILE_ONLY___ ═
2022-05-08 22:32:50,507 INFO     ___FILE_ONLY___ ═
2022-05-08 22:32:50,509 INFO     ___FILE_ONLY___ ═
2022-05-08 22:32:50,510 INFO     ___FILE_ONLY___ ═
2022-05-08 22:32:50,512 INFO     ___FILE_ONLY___ ═
2022-05-08 22:32:51,970 INFO     ___FILE_ONLY___ ═══════
2022-05-08 22:32:52,318 INFO     ___FILE_ONLY___ ════════
2022-05-08 22:32:52,653 INFO     ___FILE_ONLY___ ═══════
2022-05-08 22:32:53,002 INFO     ___FILE_ONLY___ ════════
2022-05-08 22:32:53,002 INFO     ___FILE_ONLY___ ╝

2022-05-08 22:32:53,015 INFO     ___FILE_ONLY___ ╔════════════════════════════════════════════════════════════╗

2022-05-08 22:32:53,016 INFO     ___FILE_ONLY___ ╠═ Installing: kubectl                                      ═╣

2022-05-08 22:32:53,016 INFO     ___FILE_ONLY___ ╚
2022-05-08 22:32:53,019 DEBUG    urllib3.connectionpool Starting new HTTPS connection (1): dl.google.com:443
2022-05-08 22:32:53,208 DEBUG    urllib3.connectionpool https://dl.google.com:443 "GET /dl/cloudsdk/channels/rapid/components/google-cloud-sdk-kubectl-20220128152443.tar.gz HTTP/1.1" 200 48444
2022-05-08 22:32:53,221 INFO     ___FILE_ONLY___ ══════════
2022-05-08 22:32:53,221 INFO     ___FILE_ONLY___ ══════════
2022-05-08 22:32:53,221 INFO     ___FILE_ONLY___ ══════════
2022-05-08 22:32:53,230 INFO     ___FILE_ONLY___ ══════════════════════════════
2022-05-08 22:32:53,230 INFO     ___FILE_ONLY___ ╝

2022-05-08 22:32:53,242 INFO     ___FILE_ONLY___ ╔════════════════════════════════════════════════════════════╗

2022-05-08 22:32:53,243 INFO     ___FILE_ONLY___ ╠═ Creating backup and activating new installation          ═╣

2022-05-08 22:32:53,243 INFO     ___FILE_ONLY___ ╚
2022-05-08 22:32:53,243 DEBUG    root            Attempting to move directory [/Users/yashsharma/Library/Application Support/cloud-code/installer/google-cloud-sdk] to [/Users/yashsharma/Library/Application Support/cloud-code/installer/google-cloud-sdk.staging/.install/.backup]
2022-05-08 22:32:53,244 INFO     ___FILE_ONLY___ ══════════════════════════════
2022-05-08 22:32:53,244 DEBUG    root            Attempting to move directory [/Users/yashsharma/Library/Application Support/cloud-code/installer/google-cloud-sdk.staging] to [/Users/yashsharma/Library/Application Support/cloud-code/installer/google-cloud-sdk]
2022-05-08 22:32:53,244 INFO     ___FILE_ONLY___ ══════════════════════════════
2022-05-08 22:32:53,244 INFO     ___FILE_ONLY___ ╝

2022-05-08 22:32:53,251 DEBUG    root            Updating notification cache...
2022-05-08 22:32:53,251 INFO     ___FILE_ONLY___ 

2022-05-08 22:32:53,257 INFO     ___FILE_ONLY___ Performing post processing steps...
2022-05-08 22:32:53,258 DEBUG    root            Executing command: ['/Users/yashsharma/miniforge3/bin/python3', '-S', '/Users/yashsharma/Library/Application Support/cloud-code/installer/google-cloud-sdk/lib/gcloud.py', 'components', 'post-process']
2022-05-08 22:32:53,275 DEBUG    urllib3.connectionpool Starting new HTTPS connection (1): www.gstatic.com:443
2022-05-08 22:32:53,377 DEBUG    urllib3.connectionpool https://www.gstatic.com:443 "GET /cloudsdk/feature_flag_config_file.yaml HTTP/1.1" 200 101
2022-05-08 22:33:09,861 DEBUG    ___FILE_ONLY___ 
2022-05-08 22:33:09,862 DEBUG    ___FILE_ONLY___ 
2022-05-08 22:33:10,053 INFO     ___FILE_ONLY___ 
Update done!


2022-05-08 22:33:10,076 INFO     root            Display format: "none"
