2022-05-20 13:44:24,060 DEBUG    root            Loaded Command Group: ['gcloud', 'components']
2022-05-20 13:44:24,063 DEBUG    root            Loaded Command Group: ['gcloud', 'components', 'update']
2022-05-20 13:44:24,064 DEBUG    root            Running [gcloud.components.update] with arguments: [--quiet: "True"]
2022-05-20 13:44:24,065 INFO     ___FILE_ONLY___ Beginning update. This process may take several minutes.

2022-05-20 13:44:24,077 DEBUG    urllib3.connectionpool Starting new HTTPS connection (1): dl.google.com:443
2022-05-20 13:44:24,261 DEBUG    urllib3.connectionpool https://dl.google.com:443 "GET /dl/cloudsdk/channels/rapid/components-2.json HTTP/1.1" 200 187088
2022-05-20 13:44:24,302 INFO     ___FILE_ONLY___ 

2022-05-20 13:44:24,302 INFO     ___FILE_ONLY___ 
Your current Google Cloud CLI version is: 385.0.0

2022-05-20 13:44:24,302 INFO     ___FILE_ONLY___ You will be upgraded to version: 386.0.0

2022-05-20 13:44:24,302 INFO     ___FILE_ONLY___ 

2022-05-20 13:44:24,303 INFO     ___FILE_ONLY___ ┌─────────────────────────────────────────────────────────┐
2022-05-20 13:44:24,303 INFO     ___FILE_ONLY___ 

2022-05-20 13:44:24,303 INFO     ___FILE_ONLY___ │            These components will be updated.            │
2022-05-20 13:44:24,303 INFO     ___FILE_ONLY___ 

2022-05-20 13:44:24,303 INFO     ___FILE_ONLY___ ├─────────────────────────────────┬────────────┬──────────┤
2022-05-20 13:44:24,303 INFO     ___FILE_ONLY___ 

2022-05-20 13:44:24,303 INFO     ___FILE_ONLY___ │               Name              │  Version   │   Size   │
2022-05-20 13:44:24,303 INFO     ___FILE_ONLY___ 

2022-05-20 13:44:24,303 INFO     ___FILE_ONLY___ ├─────────────────────────────────┼────────────┼──────────┤
2022-05-20 13:44:24,304 INFO     ___FILE_ONLY___ 

2022-05-20 13:44:24,304 INFO     ___FILE_ONLY___ │ 
2022-05-20 13:44:24,304 INFO     ___FILE_ONLY___ Google Cloud CLI Core Libraries
2022-05-20 13:44:24,304 INFO     ___FILE_ONLY___  
2022-05-20 13:44:24,304 INFO     ___FILE_ONLY___ │ 
2022-05-20 13:44:24,304 INFO     ___FILE_ONLY___ 2022.05.13
2022-05-20 13:44:24,304 INFO     ___FILE_ONLY___  
2022-05-20 13:44:24,304 INFO     ___FILE_ONLY___ │ 
2022-05-20 13:44:24,304 INFO     ___FILE_ONLY___ 23.2 MiB
2022-05-20 13:44:24,304 INFO     ___FILE_ONLY___  
2022-05-20 13:44:24,304 INFO     ___FILE_ONLY___ │
2022-05-20 13:44:24,304 INFO     ___FILE_ONLY___ 

2022-05-20 13:44:24,304 INFO     ___FILE_ONLY___ │ 
2022-05-20 13:44:24,304 INFO     ___FILE_ONLY___ gcloud Beta Commands           
2022-05-20 13:44:24,304 INFO     ___FILE_ONLY___  
2022-05-20 13:44:24,304 INFO     ___FILE_ONLY___ │ 
2022-05-20 13:44:24,304 INFO     ___FILE_ONLY___ 2022.05.13
2022-05-20 13:44:24,304 INFO     ___FILE_ONLY___  
2022-05-20 13:44:24,304 INFO     ___FILE_ONLY___ │ 
2022-05-20 13:44:24,304 INFO     ___FILE_ONLY___  < 1 MiB
2022-05-20 13:44:24,304 INFO     ___FILE_ONLY___  
2022-05-20 13:44:24,304 INFO     ___FILE_ONLY___ │
2022-05-20 13:44:24,304 INFO     ___FILE_ONLY___ 

2022-05-20 13:44:24,304 INFO     ___FILE_ONLY___ └─────────────────────────────────┴────────────┴──────────┘
2022-05-20 13:44:24,304 INFO     ___FILE_ONLY___ 

2022-05-20 13:44:24,305 INFO     ___FILE_ONLY___ 

2022-05-20 13:44:24,306 DEBUG    urllib3.connectionpool Starting new HTTPS connection (1): dl.google.com:443
2022-05-20 13:44:24,482 DEBUG    urllib3.connectionpool https://dl.google.com:443 "GET /dl/cloudsdk/channels/rapid/RELEASE_NOTES HTTP/1.1" 200 804997
2022-05-20 13:44:24,547 INFO     ___FILE_ONLY___ The following release notes are new in this upgrade.
Please read carefully for information about new features, breaking changes,
and bugs fixed.  The latest full release notes can be viewed at:
  https://cloud.google.com/sdk/release_notes


2022-05-20 13:44:24,547 INFO     ___FILE_ONLY___ 
2022-05-20 13:44:24,547 INFO     ___FILE_ONLY___ 386.0.0 (2022-05-17)

2022-05-20 13:44:24,547 INFO     ___FILE_ONLY___ 
2022-05-20 13:44:24,547 INFO     ___FILE_ONLY___   
2022-05-20 13:44:24,547 INFO     ___FILE_ONLY___ Google Cloud CLI

2022-05-20 13:44:24,547 INFO     ___FILE_ONLY___       ▪
2022-05-20 13:44:24,547 INFO     ___FILE_ONLY___  
2022-05-20 13:44:24,547 INFO     ___FILE_ONLY___ Added
2022-05-20 13:44:24,547 INFO     ___FILE_ONLY___  
2022-05-20 13:44:24,547 INFO     ___FILE_ONLY___ Cloud
2022-05-20 13:44:24,547 INFO     ___FILE_ONLY___  
2022-05-20 13:44:24,547 INFO     ___FILE_ONLY___ SQL
2022-05-20 13:44:24,547 INFO     ___FILE_ONLY___  
2022-05-20 13:44:24,547 INFO     ___FILE_ONLY___ OAuth
2022-05-20 13:44:24,547 INFO     ___FILE_ONLY___  
2022-05-20 13:44:24,547 INFO     ___FILE_ONLY___ scope
2022-05-20 13:44:24,547 INFO     ___FILE_ONLY___  
2022-05-20 13:44:24,547 INFO     ___FILE_ONLY___ to
2022-05-20 13:44:24,547 INFO     ___FILE_ONLY___  
2022-05-20 13:44:24,547 INFO     ___FILE_ONLY___ gcloud
2022-05-20 13:44:24,547 INFO     ___FILE_ONLY___  
2022-05-20 13:44:24,547 INFO     ___FILE_ONLY___ auth
2022-05-20 13:44:24,547 INFO     ___FILE_ONLY___  
2022-05-20 13:44:24,547 INFO     ___FILE_ONLY___ login.
2022-05-20 13:44:24,547 INFO     ___FILE_ONLY___ 

2022-05-20 13:44:24,547 INFO     ___FILE_ONLY___ 

2022-05-20 13:44:24,548 INFO     ___FILE_ONLY___ 
2022-05-20 13:44:24,548 INFO     ___FILE_ONLY___   
2022-05-20 13:44:24,548 INFO     ___FILE_ONLY___ Anthos Identity Service

2022-05-20 13:44:24,548 INFO     ___FILE_ONLY___       ▪
2022-05-20 13:44:24,548 INFO     ___FILE_ONLY___  
2022-05-20 13:44:24,548 INFO     ___FILE_ONLY___ Promoted
2022-05-20 13:44:24,548 INFO     ___FILE_ONLY___  
2022-05-20 13:44:24,548 INFO     ___FILE_ONLY___ gcloud
2022-05-20 13:44:24,548 INFO     ___FILE_ONLY___  
2022-05-20 13:44:24,548 INFO     ___FILE_ONLY___ container
2022-05-20 13:44:24,548 INFO     ___FILE_ONLY___  
2022-05-20 13:44:24,548 INFO     ___FILE_ONLY___ hub
2022-05-20 13:44:24,548 INFO     ___FILE_ONLY___  
2022-05-20 13:44:24,548 INFO     ___FILE_ONLY___ identity-service
2022-05-20 13:44:24,548 INFO     ___FILE_ONLY___  
2022-05-20 13:44:24,548 INFO     ___FILE_ONLY___ to
2022-05-20 13:44:24,548 INFO     ___FILE_ONLY___  
2022-05-20 13:44:24,548 INFO     ___FILE_ONLY___ GA.
2022-05-20 13:44:24,548 INFO     ___FILE_ONLY___ 

2022-05-20 13:44:24,548 INFO     ___FILE_ONLY___       ▪
2022-05-20 13:44:24,548 INFO     ___FILE_ONLY___  
2022-05-20 13:44:24,548 INFO     ___FILE_ONLY___ Promoted
2022-05-20 13:44:24,548 INFO     ___FILE_ONLY___  
2022-05-20 13:44:24,548 INFO     ___FILE_ONLY___ gcloud
2022-05-20 13:44:24,548 INFO     ___FILE_ONLY___  
2022-05-20 13:44:24,548 INFO     ___FILE_ONLY___ container
2022-05-20 13:44:24,548 INFO     ___FILE_ONLY___  
2022-05-20 13:44:24,548 INFO     ___FILE_ONLY___ fleet
2022-05-20 13:44:24,548 INFO     ___FILE_ONLY___  
2022-05-20 13:44:24,548 INFO     ___FILE_ONLY___ identity-service
2022-05-20 13:44:24,548 INFO     ___FILE_ONLY___  
2022-05-20 13:44:24,548 INFO     ___FILE_ONLY___ to
2022-05-20 13:44:24,548 INFO     ___FILE_ONLY___  
2022-05-20 13:44:24,548 INFO     ___FILE_ONLY___ GA.
2022-05-20 13:44:24,548 INFO     ___FILE_ONLY___ 

2022-05-20 13:44:24,548 INFO     ___FILE_ONLY___ 

2022-05-20 13:44:24,548 INFO     ___FILE_ONLY___ 
2022-05-20 13:44:24,548 INFO     ___FILE_ONLY___   
2022-05-20 13:44:24,548 INFO     ___FILE_ONLY___ App Engine

2022-05-20 13:44:24,549 INFO     ___FILE_ONLY___       ▪
2022-05-20 13:44:24,549 INFO     ___FILE_ONLY___  
2022-05-20 13:44:24,549 INFO     ___FILE_ONLY___ Promoted
2022-05-20 13:44:24,549 INFO     ___FILE_ONLY___  
2022-05-20 13:44:24,549 INFO     ___FILE_ONLY___ --service-account
2022-05-20 13:44:24,549 INFO     ___FILE_ONLY___  
2022-05-20 13:44:24,549 INFO     ___FILE_ONLY___ flag
2022-05-20 13:44:24,549 INFO     ___FILE_ONLY___  
2022-05-20 13:44:24,549 INFO     ___FILE_ONLY___ of
2022-05-20 13:44:24,549 INFO     ___FILE_ONLY___  
2022-05-20 13:44:24,549 INFO     ___FILE_ONLY___ gcloud
2022-05-20 13:44:24,549 INFO     ___FILE_ONLY___  
2022-05-20 13:44:24,549 INFO     ___FILE_ONLY___ app
2022-05-20 13:44:24,549 INFO     ___FILE_ONLY___  
2022-05-20 13:44:24,549 INFO     ___FILE_ONLY___ deploy
2022-05-20 13:44:24,549 INFO     ___FILE_ONLY___  
2022-05-20 13:44:24,549 INFO     ___FILE_ONLY___ to
2022-05-20 13:44:24,549 INFO     ___FILE_ONLY___  
2022-05-20 13:44:24,549 INFO     ___FILE_ONLY___ GA.
2022-05-20 13:44:24,549 INFO     ___FILE_ONLY___ 

2022-05-20 13:44:24,549 INFO     ___FILE_ONLY___ 

2022-05-20 13:44:24,549 INFO     ___FILE_ONLY___ 
2022-05-20 13:44:24,549 INFO     ___FILE_ONLY___   
2022-05-20 13:44:24,549 INFO     ___FILE_ONLY___ App Engine Flexible Environment

2022-05-20 13:44:24,549 INFO     ___FILE_ONLY___       ▪
2022-05-20 13:44:24,549 INFO     ___FILE_ONLY___  
2022-05-20 13:44:24,549 INFO     ___FILE_ONLY___ Promoted
2022-05-20 13:44:24,549 INFO     ___FILE_ONLY___  
2022-05-20 13:44:24,549 INFO     ___FILE_ONLY___ --service-account
2022-05-20 13:44:24,549 INFO     ___FILE_ONLY___  
2022-05-20 13:44:24,549 INFO     ___FILE_ONLY___ flag
2022-05-20 13:44:24,549 INFO     ___FILE_ONLY___  
2022-05-20 13:44:24,549 INFO     ___FILE_ONLY___ of
2022-05-20 13:44:24,549 INFO     ___FILE_ONLY___  
2022-05-20 13:44:24,549 INFO     ___FILE_ONLY___ gcloud
2022-05-20 13:44:24,549 INFO     ___FILE_ONLY___  
2022-05-20 13:44:24,549 INFO     ___FILE_ONLY___ app
2022-05-20 13:44:24,549 INFO     ___FILE_ONLY___  
2022-05-20 13:44:24,549 INFO     ___FILE_ONLY___ deploy
2022-05-20 13:44:24,549 INFO     ___FILE_ONLY___  
2022-05-20 13:44:24,550 INFO     ___FILE_ONLY___ to
2022-05-20 13:44:24,550 INFO     ___FILE_ONLY___  
2022-05-20 13:44:24,550 INFO     ___FILE_ONLY___ GA.
2022-05-20 13:44:24,550 INFO     ___FILE_ONLY___ 

2022-05-20 13:44:24,550 INFO     ___FILE_ONLY___ 

2022-05-20 13:44:24,550 INFO     ___FILE_ONLY___ 
2022-05-20 13:44:24,550 INFO     ___FILE_ONLY___   
2022-05-20 13:44:24,550 INFO     ___FILE_ONLY___ Cloud Build

2022-05-20 13:44:24,550 INFO     ___FILE_ONLY___       ▪
2022-05-20 13:44:24,550 INFO     ___FILE_ONLY___  
2022-05-20 13:44:24,550 INFO     ___FILE_ONLY___ Add
2022-05-20 13:44:24,550 INFO     ___FILE_ONLY___  
2022-05-20 13:44:24,550 INFO     ___FILE_ONLY___ --include-logs-with-status
2022-05-20 13:44:24,550 INFO     ___FILE_ONLY___  
2022-05-20 13:44:24,550 INFO     ___FILE_ONLY___ flag
2022-05-20 13:44:24,550 INFO     ___FILE_ONLY___  
2022-05-20 13:44:24,550 INFO     ___FILE_ONLY___ to
2022-05-20 13:44:24,550 INFO     ___FILE_ONLY___  
2022-05-20 13:44:24,550 INFO     ___FILE_ONLY___ gcloud
2022-05-20 13:44:24,550 INFO     ___FILE_ONLY___  
2022-05-20 13:44:24,550 INFO     ___FILE_ONLY___ triggers
2022-05-20 13:44:24,550 INFO     ___FILE_ONLY___  
2022-05-20 13:44:24,550 INFO     ___FILE_ONLY___ create.
2022-05-20 13:44:24,550 INFO     ___FILE_ONLY___ 

2022-05-20 13:44:24,550 INFO     ___FILE_ONLY___ 

2022-05-20 13:44:24,550 INFO     ___FILE_ONLY___ 
2022-05-20 13:44:24,550 INFO     ___FILE_ONLY___   
2022-05-20 13:44:24,550 INFO     ___FILE_ONLY___ Cloud Composer

2022-05-20 13:44:24,550 INFO     ___FILE_ONLY___       ▪
2022-05-20 13:44:24,550 INFO     ___FILE_ONLY___  
2022-05-20 13:44:24,550 INFO     ___FILE_ONLY___ Improve
2022-05-20 13:44:24,550 INFO     ___FILE_ONLY___  
2022-05-20 13:44:24,550 INFO     ___FILE_ONLY___ error
2022-05-20 13:44:24,550 INFO     ___FILE_ONLY___  
2022-05-20 13:44:24,550 INFO     ___FILE_ONLY___ message
2022-05-20 13:44:24,550 INFO     ___FILE_ONLY___  
2022-05-20 13:44:24,550 INFO     ___FILE_ONLY___ in
2022-05-20 13:44:24,550 INFO     ___FILE_ONLY___  
2022-05-20 13:44:24,551 INFO     ___FILE_ONLY___ case
2022-05-20 13:44:24,551 INFO     ___FILE_ONLY___  
2022-05-20 13:44:24,551 INFO     ___FILE_ONLY___ of
2022-05-20 13:44:24,551 INFO     ___FILE_ONLY___  
2022-05-20 13:44:24,551 INFO     ___FILE_ONLY___ lacking
2022-05-20 13:44:24,551 INFO     ___FILE_ONLY___  
2022-05-20 13:44:24,551 INFO     ___FILE_ONLY___ permissions
2022-05-20 13:44:24,551 INFO     ___FILE_ONLY___  
2022-05-20 13:44:24,551 INFO     ___FILE_ONLY___ in
2022-05-20 13:44:24,551 INFO     ___FILE_ONLY___  
2022-05-20 13:44:24,551 INFO     ___FILE_ONLY___ gcloud
2022-05-20 13:44:24,551 INFO     ___FILE_ONLY___ 

2022-05-20 13:44:24,551 INFO     ___FILE_ONLY___         
2022-05-20 13:44:24,551 INFO     ___FILE_ONLY___ composer
2022-05-20 13:44:24,551 INFO     ___FILE_ONLY___  
2022-05-20 13:44:24,551 INFO     ___FILE_ONLY___ environments
2022-05-20 13:44:24,551 INFO     ___FILE_ONLY___  
2022-05-20 13:44:24,551 INFO     ___FILE_ONLY___ storage
2022-05-20 13:44:24,551 INFO     ___FILE_ONLY___  
2022-05-20 13:44:24,551 INFO     ___FILE_ONLY___ *
2022-05-20 13:44:24,551 INFO     ___FILE_ONLY___  
2022-05-20 13:44:24,551 INFO     ___FILE_ONLY___ delete
2022-05-20 13:44:24,551 INFO     ___FILE_ONLY___  
2022-05-20 13:44:24,551 INFO     ___FILE_ONLY___ commands.
2022-05-20 13:44:24,551 INFO     ___FILE_ONLY___ 

2022-05-20 13:44:24,551 INFO     ___FILE_ONLY___ 

2022-05-20 13:44:24,551 INFO     ___FILE_ONLY___ 
2022-05-20 13:44:24,551 INFO     ___FILE_ONLY___   
2022-05-20 13:44:24,551 INFO     ___FILE_ONLY___ Cloud IAM

2022-05-20 13:44:24,551 INFO     ___FILE_ONLY___       ▪
2022-05-20 13:44:24,551 INFO     ___FILE_ONLY___  
2022-05-20 13:44:24,551 INFO     ___FILE_ONLY___ Added
2022-05-20 13:44:24,551 INFO     ___FILE_ONLY___  
2022-05-20 13:44:24,551 INFO     ___FILE_ONLY___ gcloud
2022-05-20 13:44:24,551 INFO     ___FILE_ONLY___  
2022-05-20 13:44:24,552 INFO     ___FILE_ONLY___ iam
2022-05-20 13:44:24,552 INFO     ___FILE_ONLY___  
2022-05-20 13:44:24,552 INFO     ___FILE_ONLY___ workload-identity-pools
2022-05-20 13:44:24,552 INFO     ___FILE_ONLY___  
2022-05-20 13:44:24,552 INFO     ___FILE_ONLY___ create-saml
2022-05-20 13:44:24,552 INFO     ___FILE_ONLY___  
2022-05-20 13:44:24,552 INFO     ___FILE_ONLY___ and
2022-05-20 13:44:24,552 INFO     ___FILE_ONLY___  
2022-05-20 13:44:24,552 INFO     ___FILE_ONLY___ gcloud
2022-05-20 13:44:24,552 INFO     ___FILE_ONLY___  
2022-05-20 13:44:24,552 INFO     ___FILE_ONLY___ iam
2022-05-20 13:44:24,552 INFO     ___FILE_ONLY___ 

2022-05-20 13:44:24,552 INFO     ___FILE_ONLY___         
2022-05-20 13:44:24,552 INFO     ___FILE_ONLY___ workload-identity-pools
2022-05-20 13:44:24,552 INFO     ___FILE_ONLY___  
2022-05-20 13:44:24,552 INFO     ___FILE_ONLY___ update-saml
2022-05-20 13:44:24,552 INFO     ___FILE_ONLY___  
2022-05-20 13:44:24,552 INFO     ___FILE_ONLY___ commands
2022-05-20 13:44:24,552 INFO     ___FILE_ONLY___  
2022-05-20 13:44:24,552 INFO     ___FILE_ONLY___ to
2022-05-20 13:44:24,552 INFO     ___FILE_ONLY___  
2022-05-20 13:44:24,552 INFO     ___FILE_ONLY___ manage
2022-05-20 13:44:24,552 INFO     ___FILE_ONLY___  
2022-05-20 13:44:24,552 INFO     ___FILE_ONLY___ SAML
2022-05-20 13:44:24,552 INFO     ___FILE_ONLY___  
2022-05-20 13:44:24,552 INFO     ___FILE_ONLY___ workload
2022-05-20 13:44:24,552 INFO     ___FILE_ONLY___ 

2022-05-20 13:44:24,552 INFO     ___FILE_ONLY___         
2022-05-20 13:44:24,552 INFO     ___FILE_ONLY___ identity
2022-05-20 13:44:24,552 INFO     ___FILE_ONLY___  
2022-05-20 13:44:24,552 INFO     ___FILE_ONLY___ pool
2022-05-20 13:44:24,552 INFO     ___FILE_ONLY___  
2022-05-20 13:44:24,552 INFO     ___FILE_ONLY___ providers.
2022-05-20 13:44:24,552 INFO     ___FILE_ONLY___ 

2022-05-20 13:44:24,552 INFO     ___FILE_ONLY___ 

2022-05-20 13:44:24,553 INFO     ___FILE_ONLY___ 
2022-05-20 13:44:24,553 INFO     ___FILE_ONLY___   
2022-05-20 13:44:24,553 INFO     ___FILE_ONLY___ Cloud Memorystore

2022-05-20 13:44:24,553 INFO     ___FILE_ONLY___       ▪
2022-05-20 13:44:24,553 INFO     ___FILE_ONLY___  
2022-05-20 13:44:24,553 INFO     ___FILE_ONLY___ Promoted
2022-05-20 13:44:24,553 INFO     ___FILE_ONLY___  
2022-05-20 13:44:24,553 INFO     ___FILE_ONLY___ support
2022-05-20 13:44:24,553 INFO     ___FILE_ONLY___  
2022-05-20 13:44:24,553 INFO     ___FILE_ONLY___ for
2022-05-20 13:44:24,553 INFO     ___FILE_ONLY___  
2022-05-20 13:44:24,553 INFO     ___FILE_ONLY___ maintenance
2022-05-20 13:44:24,553 INFO     ___FILE_ONLY___  
2022-05-20 13:44:24,553 INFO     ___FILE_ONLY___ windows
2022-05-20 13:44:24,553 INFO     ___FILE_ONLY___  
2022-05-20 13:44:24,553 INFO     ___FILE_ONLY___ in
2022-05-20 13:44:24,553 INFO     ___FILE_ONLY___  
2022-05-20 13:44:24,553 INFO     ___FILE_ONLY___ gcloud
2022-05-20 13:44:24,553 INFO     ___FILE_ONLY___  
2022-05-20 13:44:24,553 INFO     ___FILE_ONLY___ memcache
2022-05-20 13:44:24,553 INFO     ___FILE_ONLY___  
2022-05-20 13:44:24,553 INFO     ___FILE_ONLY___ to
2022-05-20 13:44:24,553 INFO     ___FILE_ONLY___  
2022-05-20 13:44:24,553 INFO     ___FILE_ONLY___ GA.
2022-05-20 13:44:24,553 INFO     ___FILE_ONLY___ 

2022-05-20 13:44:24,553 INFO     ___FILE_ONLY___       ▪
2022-05-20 13:44:24,553 INFO     ___FILE_ONLY___  
2022-05-20 13:44:24,553 INFO     ___FILE_ONLY___ Promoted
2022-05-20 13:44:24,553 INFO     ___FILE_ONLY___  
2022-05-20 13:44:24,553 INFO     ___FILE_ONLY___ the
2022-05-20 13:44:24,553 INFO     ___FILE_ONLY___  
2022-05-20 13:44:24,553 INFO     ___FILE_ONLY___ command
2022-05-20 13:44:24,553 INFO     ___FILE_ONLY___  
2022-05-20 13:44:24,553 INFO     ___FILE_ONLY___ gcloud
2022-05-20 13:44:24,553 INFO     ___FILE_ONLY___  
2022-05-20 13:44:24,553 INFO     ___FILE_ONLY___ memcache
2022-05-20 13:44:24,553 INFO     ___FILE_ONLY___  
2022-05-20 13:44:24,553 INFO     ___FILE_ONLY___ reschedule-maintenance
2022-05-20 13:44:24,554 INFO     ___FILE_ONLY___  
2022-05-20 13:44:24,554 INFO     ___FILE_ONLY___ to
2022-05-20 13:44:24,554 INFO     ___FILE_ONLY___  
2022-05-20 13:44:24,554 INFO     ___FILE_ONLY___ GA.
2022-05-20 13:44:24,554 INFO     ___FILE_ONLY___ 

2022-05-20 13:44:24,554 INFO     ___FILE_ONLY___ 

2022-05-20 13:44:24,554 INFO     ___FILE_ONLY___ 
2022-05-20 13:44:24,554 INFO     ___FILE_ONLY___   
2022-05-20 13:44:24,554 INFO     ___FILE_ONLY___ Cloud Run

2022-05-20 13:44:24,554 INFO     ___FILE_ONLY___       ▪
2022-05-20 13:44:24,554 INFO     ___FILE_ONLY___  
2022-05-20 13:44:24,554 INFO     ___FILE_ONLY___ Modified
2022-05-20 13:44:24,554 INFO     ___FILE_ONLY___  
2022-05-20 13:44:24,554 INFO     ___FILE_ONLY___ gcloud
2022-05-20 13:44:24,554 INFO     ___FILE_ONLY___  
2022-05-20 13:44:24,554 INFO     ___FILE_ONLY___ run
2022-05-20 13:44:24,554 INFO     ___FILE_ONLY___  
2022-05-20 13:44:24,554 INFO     ___FILE_ONLY___ services
2022-05-20 13:44:24,554 INFO     ___FILE_ONLY___  
2022-05-20 13:44:24,554 INFO     ___FILE_ONLY___ describe
2022-05-20 13:44:24,554 INFO     ___FILE_ONLY___  
2022-05-20 13:44:24,554 INFO     ___FILE_ONLY___ to
2022-05-20 13:44:24,554 INFO     ___FILE_ONLY___  
2022-05-20 13:44:24,554 INFO     ___FILE_ONLY___ include
2022-05-20 13:44:24,554 INFO     ___FILE_ONLY___  
2022-05-20 13:44:24,554 INFO     ___FILE_ONLY___ session
2022-05-20 13:44:24,554 INFO     ___FILE_ONLY___  
2022-05-20 13:44:24,554 INFO     ___FILE_ONLY___ affinity
2022-05-20 13:44:24,554 INFO     ___FILE_ONLY___ 

2022-05-20 13:44:24,554 INFO     ___FILE_ONLY___         
2022-05-20 13:44:24,554 INFO     ___FILE_ONLY___ configuration.
2022-05-20 13:44:24,554 INFO     ___FILE_ONLY___ 

2022-05-20 13:44:24,554 INFO     ___FILE_ONLY___ 

2022-05-20 13:44:24,554 INFO     ___FILE_ONLY___ 
2022-05-20 13:44:24,554 INFO     ___FILE_ONLY___   
2022-05-20 13:44:24,554 INFO     ___FILE_ONLY___ Cloud SQL

2022-05-20 13:44:24,554 INFO     ___FILE_ONLY___       ▪
2022-05-20 13:44:24,554 INFO     ___FILE_ONLY___  
2022-05-20 13:44:24,555 INFO     ___FILE_ONLY___ Changed
2022-05-20 13:44:24,555 INFO     ___FILE_ONLY___  
2022-05-20 13:44:24,555 INFO     ___FILE_ONLY___ the
2022-05-20 13:44:24,555 INFO     ___FILE_ONLY___  
2022-05-20 13:44:24,555 INFO     ___FILE_ONLY___ prompt
2022-05-20 13:44:24,555 INFO     ___FILE_ONLY___  
2022-05-20 13:44:24,555 INFO     ___FILE_ONLY___ generated
2022-05-20 13:44:24,555 INFO     ___FILE_ONLY___  
2022-05-20 13:44:24,555 INFO     ___FILE_ONLY___ by
2022-05-20 13:44:24,555 INFO     ___FILE_ONLY___  
2022-05-20 13:44:24,555 INFO     ___FILE_ONLY___ --prompt-for-password
2022-05-20 13:44:24,555 INFO     ___FILE_ONLY___  
2022-05-20 13:44:24,555 INFO     ___FILE_ONLY___ for
2022-05-20 13:44:24,555 INFO     ___FILE_ONLY___  
2022-05-20 13:44:24,555 INFO     ___FILE_ONLY___ gcloud
2022-05-20 13:44:24,555 INFO     ___FILE_ONLY___  
2022-05-20 13:44:24,555 INFO     ___FILE_ONLY___ sql
2022-05-20 13:44:24,555 INFO     ___FILE_ONLY___ 

2022-05-20 13:44:24,555 INFO     ___FILE_ONLY___         
2022-05-20 13:44:24,555 INFO     ___FILE_ONLY___ users
2022-05-20 13:44:24,555 INFO     ___FILE_ONLY___  
2022-05-20 13:44:24,555 INFO     ___FILE_ONLY___ set-password
2022-05-20 13:44:24,555 INFO     ___FILE_ONLY___  
2022-05-20 13:44:24,555 INFO     ___FILE_ONLY___ from
2022-05-20 13:44:24,555 INFO     ___FILE_ONLY___  
2022-05-20 13:44:24,555 INFO     ___FILE_ONLY___ Instance
2022-05-20 13:44:24,555 INFO     ___FILE_ONLY___  
2022-05-20 13:44:24,555 INFO     ___FILE_ONLY___ Password:
2022-05-20 13:44:24,555 INFO     ___FILE_ONLY___  
2022-05-20 13:44:24,555 INFO     ___FILE_ONLY___ to
2022-05-20 13:44:24,555 INFO     ___FILE_ONLY___  
2022-05-20 13:44:24,555 INFO     ___FILE_ONLY___ New
2022-05-20 13:44:24,555 INFO     ___FILE_ONLY___  
2022-05-20 13:44:24,555 INFO     ___FILE_ONLY___ Password:,
2022-05-20 13:44:24,555 INFO     ___FILE_ONLY___  
2022-05-20 13:44:24,555 INFO     ___FILE_ONLY___ since
2022-05-20 13:44:24,555 INFO     ___FILE_ONLY___ 

2022-05-20 13:44:24,555 INFO     ___FILE_ONLY___         
2022-05-20 13:44:24,555 INFO     ___FILE_ONLY___ set-password
2022-05-20 13:44:24,555 INFO     ___FILE_ONLY___  
2022-05-20 13:44:24,555 INFO     ___FILE_ONLY___ command
2022-05-20 13:44:24,556 INFO     ___FILE_ONLY___  
2022-05-20 13:44:24,556 INFO     ___FILE_ONLY___ changes
2022-05-20 13:44:24,556 INFO     ___FILE_ONLY___  
2022-05-20 13:44:24,556 INFO     ___FILE_ONLY___ a
2022-05-20 13:44:24,556 INFO     ___FILE_ONLY___  
2022-05-20 13:44:24,556 INFO     ___FILE_ONLY___ database
2022-05-20 13:44:24,556 INFO     ___FILE_ONLY___  
2022-05-20 13:44:24,556 INFO     ___FILE_ONLY___ user's
2022-05-20 13:44:24,556 INFO     ___FILE_ONLY___  
2022-05-20 13:44:24,556 INFO     ___FILE_ONLY___ password,
2022-05-20 13:44:24,556 INFO     ___FILE_ONLY___  
2022-05-20 13:44:24,556 INFO     ___FILE_ONLY___ not
2022-05-20 13:44:24,556 INFO     ___FILE_ONLY___  
2022-05-20 13:44:24,556 INFO     ___FILE_ONLY___ the
2022-05-20 13:44:24,556 INFO     ___FILE_ONLY___ 

2022-05-20 13:44:24,556 INFO     ___FILE_ONLY___         
2022-05-20 13:44:24,556 INFO     ___FILE_ONLY___ instance's
2022-05-20 13:44:24,556 INFO     ___FILE_ONLY___  
2022-05-20 13:44:24,556 INFO     ___FILE_ONLY___ password.
2022-05-20 13:44:24,556 INFO     ___FILE_ONLY___ 

2022-05-20 13:44:24,556 INFO     ___FILE_ONLY___       ▪
2022-05-20 13:44:24,556 INFO     ___FILE_ONLY___  
2022-05-20 13:44:24,556 INFO     ___FILE_ONLY___ Setting
2022-05-20 13:44:24,556 INFO     ___FILE_ONLY___  
2022-05-20 13:44:24,556 INFO     ___FILE_ONLY___ max-login-attempts
2022-05-20 13:44:24,556 INFO     ___FILE_ONLY___  
2022-05-20 13:44:24,556 INFO     ___FILE_ONLY___ will
2022-05-20 13:44:24,556 INFO     ___FILE_ONLY___  
2022-05-20 13:44:24,556 INFO     ___FILE_ONLY___ also
2022-05-20 13:44:24,556 INFO     ___FILE_ONLY___  
2022-05-20 13:44:24,556 INFO     ___FILE_ONLY___ set
2022-05-20 13:44:24,556 INFO     ___FILE_ONLY___  
2022-05-20 13:44:24,556 INFO     ___FILE_ONLY___ enable-password-verification
2022-05-20 13:44:24,556 INFO     ___FILE_ONLY___ 

2022-05-20 13:44:24,556 INFO     ___FILE_ONLY___         
2022-05-20 13:44:24,556 INFO     ___FILE_ONLY___ to
2022-05-20 13:44:24,556 INFO     ___FILE_ONLY___  
2022-05-20 13:44:24,556 INFO     ___FILE_ONLY___ true.
2022-05-20 13:44:24,556 INFO     ___FILE_ONLY___ 

2022-05-20 13:44:24,556 INFO     ___FILE_ONLY___ 

2022-05-20 13:44:24,556 INFO     ___FILE_ONLY___ 
2022-05-20 13:44:24,557 INFO     ___FILE_ONLY___   
2022-05-20 13:44:24,557 INFO     ___FILE_ONLY___ Compute Engine

2022-05-20 13:44:24,557 INFO     ___FILE_ONLY___       ▪
2022-05-20 13:44:24,557 INFO     ___FILE_ONLY___  
2022-05-20 13:44:24,557 INFO     ___FILE_ONLY___ Promoted
2022-05-20 13:44:24,557 INFO     ___FILE_ONLY___  
2022-05-20 13:44:24,557 INFO     ___FILE_ONLY___ --service-bindings
2022-05-20 13:44:24,557 INFO     ___FILE_ONLY___  
2022-05-20 13:44:24,557 INFO     ___FILE_ONLY___ flag
2022-05-20 13:44:24,557 INFO     ___FILE_ONLY___  
2022-05-20 13:44:24,557 INFO     ___FILE_ONLY___ of
2022-05-20 13:44:24,557 INFO     ___FILE_ONLY___  
2022-05-20 13:44:24,557 INFO     ___FILE_ONLY___ gcloud
2022-05-20 13:44:24,557 INFO     ___FILE_ONLY___  
2022-05-20 13:44:24,557 INFO     ___FILE_ONLY___ compute
2022-05-20 13:44:24,557 INFO     ___FILE_ONLY___  
2022-05-20 13:44:24,557 INFO     ___FILE_ONLY___ backend-services
2022-05-20 13:44:24,557 INFO     ___FILE_ONLY___ 

2022-05-20 13:44:24,557 INFO     ___FILE_ONLY___         
2022-05-20 13:44:24,557 INFO     ___FILE_ONLY___ create|update
2022-05-20 13:44:24,557 INFO     ___FILE_ONLY___  
2022-05-20 13:44:24,557 INFO     ___FILE_ONLY___ commands
2022-05-20 13:44:24,557 INFO     ___FILE_ONLY___  
2022-05-20 13:44:24,557 INFO     ___FILE_ONLY___ to
2022-05-20 13:44:24,557 INFO     ___FILE_ONLY___  
2022-05-20 13:44:24,557 INFO     ___FILE_ONLY___ GA.
2022-05-20 13:44:24,557 INFO     ___FILE_ONLY___ 

2022-05-20 13:44:24,557 INFO     ___FILE_ONLY___       ▪
2022-05-20 13:44:24,557 INFO     ___FILE_ONLY___  
2022-05-20 13:44:24,557 INFO     ___FILE_ONLY___ Promoted
2022-05-20 13:44:24,557 INFO     ___FILE_ONLY___  
2022-05-20 13:44:24,557 INFO     ___FILE_ONLY___ gcloud
2022-05-20 13:44:24,557 INFO     ___FILE_ONLY___  
2022-05-20 13:44:24,557 INFO     ___FILE_ONLY___ compute
2022-05-20 13:44:24,557 INFO     ___FILE_ONLY___  
2022-05-20 13:44:24,557 INFO     ___FILE_ONLY___ backend-services
2022-05-20 13:44:24,557 INFO     ___FILE_ONLY___  
2022-05-20 13:44:24,557 INFO     ___FILE_ONLY___ add-service-bindings
2022-05-20 13:44:24,558 INFO     ___FILE_ONLY___  
2022-05-20 13:44:24,558 INFO     ___FILE_ONLY___ and
2022-05-20 13:44:24,558 INFO     ___FILE_ONLY___ 

2022-05-20 13:44:24,558 INFO     ___FILE_ONLY___         
2022-05-20 13:44:24,558 INFO     ___FILE_ONLY___ gcloud
2022-05-20 13:44:24,558 INFO     ___FILE_ONLY___  
2022-05-20 13:44:24,558 INFO     ___FILE_ONLY___ compute
2022-05-20 13:44:24,558 INFO     ___FILE_ONLY___  
2022-05-20 13:44:24,558 INFO     ___FILE_ONLY___ backend-services
2022-05-20 13:44:24,558 INFO     ___FILE_ONLY___  
2022-05-20 13:44:24,558 INFO     ___FILE_ONLY___ remove-service-bindings
2022-05-20 13:44:24,558 INFO     ___FILE_ONLY___  
2022-05-20 13:44:24,558 INFO     ___FILE_ONLY___ commands
2022-05-20 13:44:24,558 INFO     ___FILE_ONLY___  
2022-05-20 13:44:24,558 INFO     ___FILE_ONLY___ to
2022-05-20 13:44:24,558 INFO     ___FILE_ONLY___  
2022-05-20 13:44:24,558 INFO     ___FILE_ONLY___ GA.
2022-05-20 13:44:24,558 INFO     ___FILE_ONLY___ 

2022-05-20 13:44:24,558 INFO     ___FILE_ONLY___       ▪
2022-05-20 13:44:24,558 INFO     ___FILE_ONLY___  
2022-05-20 13:44:24,558 INFO     ___FILE_ONLY___ Promoted
2022-05-20 13:44:24,558 INFO     ___FILE_ONLY___  
2022-05-20 13:44:24,558 INFO     ___FILE_ONLY___ --provisioning-model
2022-05-20 13:44:24,558 INFO     ___FILE_ONLY___  
2022-05-20 13:44:24,558 INFO     ___FILE_ONLY___ and
2022-05-20 13:44:24,558 INFO     ___FILE_ONLY___  
2022-05-20 13:44:24,558 INFO     ___FILE_ONLY___ --instance-termination-action
2022-05-20 13:44:24,558 INFO     ___FILE_ONLY___  
2022-05-20 13:44:24,558 INFO     ___FILE_ONLY___ flags
2022-05-20 13:44:24,558 INFO     ___FILE_ONLY___ 

2022-05-20 13:44:24,558 INFO     ___FILE_ONLY___         
2022-05-20 13:44:24,558 INFO     ___FILE_ONLY___ of
2022-05-20 13:44:24,558 INFO     ___FILE_ONLY___  
2022-05-20 13:44:24,558 INFO     ___FILE_ONLY___ gcloud
2022-05-20 13:44:24,558 INFO     ___FILE_ONLY___  
2022-05-20 13:44:24,558 INFO     ___FILE_ONLY___ compute
2022-05-20 13:44:24,558 INFO     ___FILE_ONLY___  
2022-05-20 13:44:24,558 INFO     ___FILE_ONLY___ instances
2022-05-20 13:44:24,558 INFO     ___FILE_ONLY___  
2022-05-20 13:44:24,558 INFO     ___FILE_ONLY___ set-scheduling
2022-05-20 13:44:24,558 INFO     ___FILE_ONLY___  
2022-05-20 13:44:24,559 INFO     ___FILE_ONLY___ to
2022-05-20 13:44:24,559 INFO     ___FILE_ONLY___  
2022-05-20 13:44:24,559 INFO     ___FILE_ONLY___ GA.
2022-05-20 13:44:24,559 INFO     ___FILE_ONLY___ 

2022-05-20 13:44:24,559 INFO     ___FILE_ONLY___       ▪
2022-05-20 13:44:24,559 INFO     ___FILE_ONLY___  
2022-05-20 13:44:24,559 INFO     ___FILE_ONLY___ Promoted
2022-05-20 13:44:24,559 INFO     ___FILE_ONLY___  
2022-05-20 13:44:24,559 INFO     ___FILE_ONLY___ sole
2022-05-20 13:44:24,559 INFO     ___FILE_ONLY___  
2022-05-20 13:44:24,559 INFO     ___FILE_ONLY___ tenancy
2022-05-20 13:44:24,559 INFO     ___FILE_ONLY___  
2022-05-20 13:44:24,559 INFO     ___FILE_ONLY___ flags
2022-05-20 13:44:24,559 INFO     ___FILE_ONLY___  
2022-05-20 13:44:24,559 INFO     ___FILE_ONLY___ of
2022-05-20 13:44:24,559 INFO     ___FILE_ONLY___  
2022-05-20 13:44:24,559 INFO     ___FILE_ONLY___ gcloud
2022-05-20 13:44:24,559 INFO     ___FILE_ONLY___  
2022-05-20 13:44:24,559 INFO     ___FILE_ONLY___ compute
2022-05-20 13:44:24,559 INFO     ___FILE_ONLY___  
2022-05-20 13:44:24,559 INFO     ___FILE_ONLY___ instances
2022-05-20 13:44:24,559 INFO     ___FILE_ONLY___  
2022-05-20 13:44:24,559 INFO     ___FILE_ONLY___ update
2022-05-20 13:44:24,559 INFO     ___FILE_ONLY___  
2022-05-20 13:44:24,559 INFO     ___FILE_ONLY___ to
2022-05-20 13:44:24,559 INFO     ___FILE_ONLY___  
2022-05-20 13:44:24,559 INFO     ___FILE_ONLY___ GA.
2022-05-20 13:44:24,559 INFO     ___FILE_ONLY___ 

2022-05-20 13:44:24,559 INFO     ___FILE_ONLY___       ▪
2022-05-20 13:44:24,559 INFO     ___FILE_ONLY___  
2022-05-20 13:44:24,559 INFO     ___FILE_ONLY___ Added
2022-05-20 13:44:24,559 INFO     ___FILE_ONLY___  
2022-05-20 13:44:24,559 INFO     ___FILE_ONLY___ --network-performance-configs
2022-05-20 13:44:24,559 INFO     ___FILE_ONLY___  
2022-05-20 13:44:24,559 INFO     ___FILE_ONLY___ flag
2022-05-20 13:44:24,559 INFO     ___FILE_ONLY___  
2022-05-20 13:44:24,559 INFO     ___FILE_ONLY___ to
2022-05-20 13:44:24,559 INFO     ___FILE_ONLY___  
2022-05-20 13:44:24,559 INFO     ___FILE_ONLY___ gcloud
2022-05-20 13:44:24,559 INFO     ___FILE_ONLY___  
2022-05-20 13:44:24,559 INFO     ___FILE_ONLY___ compute
2022-05-20 13:44:24,560 INFO     ___FILE_ONLY___  
2022-05-20 13:44:24,560 INFO     ___FILE_ONLY___ instances
2022-05-20 13:44:24,560 INFO     ___FILE_ONLY___ 

2022-05-20 13:44:24,560 INFO     ___FILE_ONLY___         
2022-05-20 13:44:24,560 INFO     ___FILE_ONLY___ bulk
2022-05-20 13:44:24,560 INFO     ___FILE_ONLY___  
2022-05-20 13:44:24,560 INFO     ___FILE_ONLY___ create.
2022-05-20 13:44:24,560 INFO     ___FILE_ONLY___ 

2022-05-20 13:44:24,560 INFO     ___FILE_ONLY___       ▪
2022-05-20 13:44:24,560 INFO     ___FILE_ONLY___  
2022-05-20 13:44:24,560 INFO     ___FILE_ONLY___ Promoted
2022-05-20 13:44:24,560 INFO     ___FILE_ONLY___  
2022-05-20 13:44:24,560 INFO     ___FILE_ONLY___ --disable-automate-dns-zone
2022-05-20 13:44:24,560 INFO     ___FILE_ONLY___  
2022-05-20 13:44:24,560 INFO     ___FILE_ONLY___ flag
2022-05-20 13:44:24,560 INFO     ___FILE_ONLY___  
2022-05-20 13:44:24,560 INFO     ___FILE_ONLY___ of
2022-05-20 13:44:24,560 INFO     ___FILE_ONLY___  
2022-05-20 13:44:24,560 INFO     ___FILE_ONLY___ gcloud
2022-05-20 13:44:24,560 INFO     ___FILE_ONLY___  
2022-05-20 13:44:24,560 INFO     ___FILE_ONLY___ compute
2022-05-20 13:44:24,560 INFO     ___FILE_ONLY___ 

2022-05-20 13:44:24,560 INFO     ___FILE_ONLY___         
2022-05-20 13:44:24,560 INFO     ___FILE_ONLY___ forwarding-rules
2022-05-20 13:44:24,560 INFO     ___FILE_ONLY___  
2022-05-20 13:44:24,560 INFO     ___FILE_ONLY___ create
2022-05-20 13:44:24,560 INFO     ___FILE_ONLY___  
2022-05-20 13:44:24,560 INFO     ___FILE_ONLY___ to
2022-05-20 13:44:24,560 INFO     ___FILE_ONLY___  
2022-05-20 13:44:24,560 INFO     ___FILE_ONLY___ GA.
2022-05-20 13:44:24,560 INFO     ___FILE_ONLY___ 

2022-05-20 13:44:24,560 INFO     ___FILE_ONLY___       ▪
2022-05-20 13:44:24,560 INFO     ___FILE_ONLY___  
2022-05-20 13:44:24,560 INFO     ___FILE_ONLY___ Promoted
2022-05-20 13:44:24,560 INFO     ___FILE_ONLY___  
2022-05-20 13:44:24,560 INFO     ___FILE_ONLY___ --stack-type
2022-05-20 13:44:24,560 INFO     ___FILE_ONLY___  
2022-05-20 13:44:24,560 INFO     ___FILE_ONLY___ flag
2022-05-20 13:44:24,560 INFO     ___FILE_ONLY___  
2022-05-20 13:44:24,560 INFO     ___FILE_ONLY___ to
2022-05-20 13:44:24,561 INFO     ___FILE_ONLY___  
2022-05-20 13:44:24,561 INFO     ___FILE_ONLY___ GA
2022-05-20 13:44:24,561 INFO     ___FILE_ONLY___  
2022-05-20 13:44:24,561 INFO     ___FILE_ONLY___ for
2022-05-20 13:44:24,561 INFO     ___FILE_ONLY___  
2022-05-20 13:44:24,561 INFO     ___FILE_ONLY___ gcloud
2022-05-20 13:44:24,561 INFO     ___FILE_ONLY___  
2022-05-20 13:44:24,561 INFO     ___FILE_ONLY___ compute
2022-05-20 13:44:24,561 INFO     ___FILE_ONLY___  
2022-05-20 13:44:24,561 INFO     ___FILE_ONLY___ networks
2022-05-20 13:44:24,561 INFO     ___FILE_ONLY___ 

2022-05-20 13:44:24,561 INFO     ___FILE_ONLY___         
2022-05-20 13:44:24,561 INFO     ___FILE_ONLY___ peeerings
2022-05-20 13:44:24,561 INFO     ___FILE_ONLY___  
2022-05-20 13:44:24,561 INFO     ___FILE_ONLY___ <create|update>.
2022-05-20 13:44:24,561 INFO     ___FILE_ONLY___ 

2022-05-20 13:44:24,561 INFO     ___FILE_ONLY___       ▪
2022-05-20 13:44:24,561 INFO     ___FILE_ONLY___  
2022-05-20 13:44:24,561 INFO     ___FILE_ONLY___ Added
2022-05-20 13:44:24,561 INFO     ___FILE_ONLY___  
2022-05-20 13:44:24,561 INFO     ___FILE_ONLY___ windows-2022
2022-05-20 13:44:24,561 INFO     ___FILE_ONLY___  
2022-05-20 13:44:24,561 INFO     ___FILE_ONLY___ &
2022-05-20 13:44:24,561 INFO     ___FILE_ONLY___  
2022-05-20 13:44:24,561 INFO     ___FILE_ONLY___ windows-2022-byol
2022-05-20 13:44:24,561 INFO     ___FILE_ONLY___  
2022-05-20 13:44:24,561 INFO     ___FILE_ONLY___ options
2022-05-20 13:44:24,561 INFO     ___FILE_ONLY___  
2022-05-20 13:44:24,561 INFO     ___FILE_ONLY___ to
2022-05-20 13:44:24,561 INFO     ___FILE_ONLY___  
2022-05-20 13:44:24,561 INFO     ___FILE_ONLY___ --os
2022-05-20 13:44:24,561 INFO     ___FILE_ONLY___  
2022-05-20 13:44:24,561 INFO     ___FILE_ONLY___ flag
2022-05-20 13:44:24,561 INFO     ___FILE_ONLY___  
2022-05-20 13:44:24,561 INFO     ___FILE_ONLY___ for:
2022-05-20 13:44:24,561 INFO     ___FILE_ONLY___ 

2022-05-20 13:44:24,561 INFO     ___FILE_ONLY___         ◆
2022-05-20 13:44:24,561 INFO     ___FILE_ONLY___  
2022-05-20 13:44:24,561 INFO     ___FILE_ONLY___ gcloud
2022-05-20 13:44:24,561 INFO     ___FILE_ONLY___  
2022-05-20 13:44:24,561 INFO     ___FILE_ONLY___ compute
2022-05-20 13:44:24,561 INFO     ___FILE_ONLY___  
2022-05-20 13:44:24,562 INFO     ___FILE_ONLY___ images
2022-05-20 13:44:24,562 INFO     ___FILE_ONLY___  
2022-05-20 13:44:24,562 INFO     ___FILE_ONLY___ import
2022-05-20 13:44:24,562 INFO     ___FILE_ONLY___  
2022-05-20 13:44:24,562 INFO     ___FILE_ONLY___ in
2022-05-20 13:44:24,562 INFO     ___FILE_ONLY___  
2022-05-20 13:44:24,562 INFO     ___FILE_ONLY___ GA,
2022-05-20 13:44:24,562 INFO     ___FILE_ONLY___ 

2022-05-20 13:44:24,562 INFO     ___FILE_ONLY___         ◆
2022-05-20 13:44:24,562 INFO     ___FILE_ONLY___  
2022-05-20 13:44:24,562 INFO     ___FILE_ONLY___ gcloud
2022-05-20 13:44:24,562 INFO     ___FILE_ONLY___  
2022-05-20 13:44:24,562 INFO     ___FILE_ONLY___ compute
2022-05-20 13:44:24,562 INFO     ___FILE_ONLY___  
2022-05-20 13:44:24,562 INFO     ___FILE_ONLY___ instances
2022-05-20 13:44:24,562 INFO     ___FILE_ONLY___  
2022-05-20 13:44:24,562 INFO     ___FILE_ONLY___ import
2022-05-20 13:44:24,562 INFO     ___FILE_ONLY___  
2022-05-20 13:44:24,562 INFO     ___FILE_ONLY___ in
2022-05-20 13:44:24,562 INFO     ___FILE_ONLY___  
2022-05-20 13:44:24,562 INFO     ___FILE_ONLY___ GA
2022-05-20 13:44:24,562 INFO     ___FILE_ONLY___ 

2022-05-20 13:44:24,562 INFO     ___FILE_ONLY___         ◆
2022-05-20 13:44:24,562 INFO     ___FILE_ONLY___  
2022-05-20 13:44:24,562 INFO     ___FILE_ONLY___ gcloud
2022-05-20 13:44:24,562 INFO     ___FILE_ONLY___  
2022-05-20 13:44:24,562 INFO     ___FILE_ONLY___ compute
2022-05-20 13:44:24,562 INFO     ___FILE_ONLY___  
2022-05-20 13:44:24,562 INFO     ___FILE_ONLY___ machine-images
2022-05-20 13:44:24,562 INFO     ___FILE_ONLY___  
2022-05-20 13:44:24,562 INFO     ___FILE_ONLY___ import
2022-05-20 13:44:24,562 INFO     ___FILE_ONLY___  
2022-05-20 13:44:24,562 INFO     ___FILE_ONLY___ in
2022-05-20 13:44:24,562 INFO     ___FILE_ONLY___  
2022-05-20 13:44:24,562 INFO     ___FILE_ONLY___ GA
2022-05-20 13:44:24,562 INFO     ___FILE_ONLY___ 

2022-05-20 13:44:24,562 INFO     ___FILE_ONLY___ 

2022-05-20 13:44:24,562 INFO     ___FILE_ONLY___ 
2022-05-20 13:44:24,562 INFO     ___FILE_ONLY___   
2022-05-20 13:44:24,562 INFO     ___FILE_ONLY___ Config Connector

2022-05-20 13:44:24,562 INFO     ___FILE_ONLY___       ▪
2022-05-20 13:44:24,563 INFO     ___FILE_ONLY___  
2022-05-20 13:44:24,563 INFO     ___FILE_ONLY___ Updated
2022-05-20 13:44:24,563 INFO     ___FILE_ONLY___  
2022-05-20 13:44:24,563 INFO     ___FILE_ONLY___ Google
2022-05-20 13:44:24,563 INFO     ___FILE_ONLY___  
2022-05-20 13:44:24,563 INFO     ___FILE_ONLY___ Cloud
2022-05-20 13:44:24,563 INFO     ___FILE_ONLY___  
2022-05-20 13:44:24,563 INFO     ___FILE_ONLY___ Config
2022-05-20 13:44:24,563 INFO     ___FILE_ONLY___  
2022-05-20 13:44:24,563 INFO     ___FILE_ONLY___ Connector
2022-05-20 13:44:24,563 INFO     ___FILE_ONLY___  
2022-05-20 13:44:24,563 INFO     ___FILE_ONLY___ to
2022-05-20 13:44:24,563 INFO     ___FILE_ONLY___  
2022-05-20 13:44:24,563 INFO     ___FILE_ONLY___ version
2022-05-20 13:44:24,563 INFO     ___FILE_ONLY___  
2022-05-20 13:44:24,563 INFO     ___FILE_ONLY___ 1.84.0.
2022-05-20 13:44:24,563 INFO     ___FILE_ONLY___  
2022-05-20 13:44:24,563 INFO     ___FILE_ONLY___ See
2022-05-20 13:44:24,563 INFO     ___FILE_ONLY___  
2022-05-20 13:44:24,563 INFO     ___FILE_ONLY___ Config
2022-05-20 13:44:24,563 INFO     ___FILE_ONLY___ 

2022-05-20 13:44:24,563 INFO     ___FILE_ONLY___         
2022-05-20 13:44:24,563 INFO     ___FILE_ONLY___ Connector
2022-05-20 13:44:24,563 INFO     ___FILE_ONLY___  
2022-05-20 13:44:24,563 INFO     ___FILE_ONLY___ Overview
2022-05-20 13:44:24,563 INFO     ___FILE_ONLY___  
2022-05-20 13:44:24,563 INFO     ___FILE_ONLY___ for
2022-05-20 13:44:24,563 INFO     ___FILE_ONLY___  
2022-05-20 13:44:24,563 INFO     ___FILE_ONLY___ more
2022-05-20 13:44:24,563 INFO     ___FILE_ONLY___  
2022-05-20 13:44:24,563 INFO     ___FILE_ONLY___ details
2022-05-20 13:44:24,563 INFO     ___FILE_ONLY___ 

2022-05-20 13:44:24,563 INFO     ___FILE_ONLY___         
2022-05-20 13:44:24,563 INFO     ___FILE_ONLY___ https://cloud.google.com/config-connector/docs/overview
2022-05-20 13:44:24,563 INFO     ___FILE_ONLY___ 

2022-05-20 13:44:24,563 INFO     ___FILE_ONLY___         
2022-05-20 13:44:24,563 INFO     ___FILE_ONLY___ (https://cloud.google.com/config-connector/docs/overview).
2022-05-20 13:44:24,563 INFO     ___FILE_ONLY___ 

2022-05-20 13:44:24,563 INFO     ___FILE_ONLY___ 

2022-05-20 13:44:24,563 INFO     ___FILE_ONLY___ 
2022-05-20 13:44:24,563 INFO     ___FILE_ONLY___   
2022-05-20 13:44:24,564 INFO     ___FILE_ONLY___ Database Migration

2022-05-20 13:44:24,564 INFO     ___FILE_ONLY___       ▪
2022-05-20 13:44:24,564 INFO     ___FILE_ONLY___  
2022-05-20 13:44:24,564 INFO     ___FILE_ONLY___ Updated
2022-05-20 13:44:24,564 INFO     ___FILE_ONLY___  
2022-05-20 13:44:24,564 INFO     ___FILE_ONLY___ gcloud
2022-05-20 13:44:24,564 INFO     ___FILE_ONLY___  
2022-05-20 13:44:24,564 INFO     ___FILE_ONLY___ database-migration
2022-05-20 13:44:24,564 INFO     ___FILE_ONLY___  
2022-05-20 13:44:24,564 INFO     ___FILE_ONLY___ migration-jobs
2022-05-20 13:44:24,564 INFO     ___FILE_ONLY___  
2022-05-20 13:44:24,564 INFO     ___FILE_ONLY___ create
2022-05-20 13:44:24,564 INFO     ___FILE_ONLY___  
2022-05-20 13:44:24,564 INFO     ___FILE_ONLY___ command
2022-05-20 13:44:24,564 INFO     ___FILE_ONLY___  
2022-05-20 13:44:24,564 INFO     ___FILE_ONLY___ to
2022-05-20 13:44:24,564 INFO     ___FILE_ONLY___ 

2022-05-20 13:44:24,564 INFO     ___FILE_ONLY___         
2022-05-20 13:44:24,564 INFO     ___FILE_ONLY___ create
2022-05-20 13:44:24,564 INFO     ___FILE_ONLY___  
2022-05-20 13:44:24,564 INFO     ___FILE_ONLY___ a
2022-05-20 13:44:24,564 INFO     ___FILE_ONLY___  
2022-05-20 13:44:24,564 INFO     ___FILE_ONLY___ migration
2022-05-20 13:44:24,564 INFO     ___FILE_ONLY___  
2022-05-20 13:44:24,564 INFO     ___FILE_ONLY___ job
2022-05-20 13:44:24,564 INFO     ___FILE_ONLY___  
2022-05-20 13:44:24,564 INFO     ___FILE_ONLY___ without
2022-05-20 13:44:24,564 INFO     ___FILE_ONLY___  
2022-05-20 13:44:24,564 INFO     ___FILE_ONLY___ any
2022-05-20 13:44:24,564 INFO     ___FILE_ONLY___  
2022-05-20 13:44:24,564 INFO     ___FILE_ONLY___ connectivity
2022-05-20 13:44:24,564 INFO     ___FILE_ONLY___  
2022-05-20 13:44:24,564 INFO     ___FILE_ONLY___ method
2022-05-20 13:44:24,564 INFO     ___FILE_ONLY___  
2022-05-20 13:44:24,564 INFO     ___FILE_ONLY___ (if
2022-05-20 13:44:24,564 INFO     ___FILE_ONLY___  
2022-05-20 13:44:24,564 INFO     ___FILE_ONLY___ connectivity
2022-05-20 13:44:24,564 INFO     ___FILE_ONLY___ 

2022-05-20 13:44:24,564 INFO     ___FILE_ONLY___         
2022-05-20 13:44:24,564 INFO     ___FILE_ONLY___ isn't
2022-05-20 13:44:24,564 INFO     ___FILE_ONLY___  
2022-05-20 13:44:24,565 INFO     ___FILE_ONLY___ specified).
2022-05-20 13:44:24,565 INFO     ___FILE_ONLY___ 

2022-05-20 13:44:24,565 INFO     ___FILE_ONLY___       ▪
2022-05-20 13:44:24,565 INFO     ___FILE_ONLY___  
2022-05-20 13:44:24,565 INFO     ___FILE_ONLY___ Added
2022-05-20 13:44:24,565 INFO     ___FILE_ONLY___  
2022-05-20 13:44:24,565 INFO     ___FILE_ONLY___ gcloud
2022-05-20 13:44:24,565 INFO     ___FILE_ONLY___  
2022-05-20 13:44:24,565 INFO     ___FILE_ONLY___ database-migration
2022-05-20 13:44:24,565 INFO     ___FILE_ONLY___  
2022-05-20 13:44:24,565 INFO     ___FILE_ONLY___ migration-jobs
2022-05-20 13:44:24,565 INFO     ___FILE_ONLY___  
2022-05-20 13:44:24,565 INFO     ___FILE_ONLY___ create
2022-05-20 13:44:24,565 INFO     ___FILE_ONLY___  
2022-05-20 13:44:24,565 INFO     ___FILE_ONLY___ --static-ip
2022-05-20 13:44:24,565 INFO     ___FILE_ONLY___ 

2022-05-20 13:44:24,565 INFO     ___FILE_ONLY___         
2022-05-20 13:44:24,565 INFO     ___FILE_ONLY___ command
2022-05-20 13:44:24,565 INFO     ___FILE_ONLY___  
2022-05-20 13:44:24,565 INFO     ___FILE_ONLY___ to
2022-05-20 13:44:24,565 INFO     ___FILE_ONLY___  
2022-05-20 13:44:24,565 INFO     ___FILE_ONLY___ create
2022-05-20 13:44:24,565 INFO     ___FILE_ONLY___  
2022-05-20 13:44:24,565 INFO     ___FILE_ONLY___ a
2022-05-20 13:44:24,565 INFO     ___FILE_ONLY___  
2022-05-20 13:44:24,565 INFO     ___FILE_ONLY___ migration
2022-05-20 13:44:24,565 INFO     ___FILE_ONLY___  
2022-05-20 13:44:24,565 INFO     ___FILE_ONLY___ job
2022-05-20 13:44:24,565 INFO     ___FILE_ONLY___  
2022-05-20 13:44:24,565 INFO     ___FILE_ONLY___ with
2022-05-20 13:44:24,565 INFO     ___FILE_ONLY___  
2022-05-20 13:44:24,565 INFO     ___FILE_ONLY___ static
2022-05-20 13:44:24,565 INFO     ___FILE_ONLY___  
2022-05-20 13:44:24,565 INFO     ___FILE_ONLY___ IP
2022-05-20 13:44:24,565 INFO     ___FILE_ONLY___  
2022-05-20 13:44:24,565 INFO     ___FILE_ONLY___ connectivity.
2022-05-20 13:44:24,565 INFO     ___FILE_ONLY___  
2022-05-20 13:44:24,565 INFO     ___FILE_ONLY___ This
2022-05-20 13:44:24,565 INFO     ___FILE_ONLY___  
2022-05-20 13:44:24,565 INFO     ___FILE_ONLY___ was
2022-05-20 13:44:24,565 INFO     ___FILE_ONLY___ 

2022-05-20 13:44:24,566 INFO     ___FILE_ONLY___         
2022-05-20 13:44:24,566 INFO     ___FILE_ONLY___ the
2022-05-20 13:44:24,566 INFO     ___FILE_ONLY___  
2022-05-20 13:44:24,566 INFO     ___FILE_ONLY___ default
2022-05-20 13:44:24,566 INFO     ___FILE_ONLY___  
2022-05-20 13:44:24,566 INFO     ___FILE_ONLY___ behavior.
2022-05-20 13:44:24,566 INFO     ___FILE_ONLY___ 

2022-05-20 13:44:24,566 INFO     ___FILE_ONLY___       ▪
2022-05-20 13:44:24,566 INFO     ___FILE_ONLY___  
2022-05-20 13:44:24,566 INFO     ___FILE_ONLY___ Added
2022-05-20 13:44:24,566 INFO     ___FILE_ONLY___  
2022-05-20 13:44:24,566 INFO     ___FILE_ONLY___ gcloud
2022-05-20 13:44:24,566 INFO     ___FILE_ONLY___  
2022-05-20 13:44:24,566 INFO     ___FILE_ONLY___ database-migration
2022-05-20 13:44:24,566 INFO     ___FILE_ONLY___  
2022-05-20 13:44:24,566 INFO     ___FILE_ONLY___ migration-jobs
2022-05-20 13:44:24,566 INFO     ___FILE_ONLY___  
2022-05-20 13:44:24,566 INFO     ___FILE_ONLY___ update
2022-05-20 13:44:24,566 INFO     ___FILE_ONLY___  
2022-05-20 13:44:24,566 INFO     ___FILE_ONLY___ --static-ip
2022-05-20 13:44:24,566 INFO     ___FILE_ONLY___ 

2022-05-20 13:44:24,566 INFO     ___FILE_ONLY___         
2022-05-20 13:44:24,566 INFO     ___FILE_ONLY___ command
2022-05-20 13:44:24,566 INFO     ___FILE_ONLY___  
2022-05-20 13:44:24,566 INFO     ___FILE_ONLY___ to
2022-05-20 13:44:24,566 INFO     ___FILE_ONLY___  
2022-05-20 13:44:24,566 INFO     ___FILE_ONLY___ update
2022-05-20 13:44:24,566 INFO     ___FILE_ONLY___  
2022-05-20 13:44:24,566 INFO     ___FILE_ONLY___ a
2022-05-20 13:44:24,566 INFO     ___FILE_ONLY___  
2022-05-20 13:44:24,566 INFO     ___FILE_ONLY___ migration
2022-05-20 13:44:24,566 INFO     ___FILE_ONLY___  
2022-05-20 13:44:24,566 INFO     ___FILE_ONLY___ job
2022-05-20 13:44:24,566 INFO     ___FILE_ONLY___  
2022-05-20 13:44:24,566 INFO     ___FILE_ONLY___ with
2022-05-20 13:44:24,566 INFO     ___FILE_ONLY___  
2022-05-20 13:44:24,566 INFO     ___FILE_ONLY___ static
2022-05-20 13:44:24,566 INFO     ___FILE_ONLY___  
2022-05-20 13:44:24,566 INFO     ___FILE_ONLY___ IP
2022-05-20 13:44:24,566 INFO     ___FILE_ONLY___  
2022-05-20 13:44:24,566 INFO     ___FILE_ONLY___ connectivity.
2022-05-20 13:44:24,566 INFO     ___FILE_ONLY___ 

2022-05-20 13:44:24,567 INFO     ___FILE_ONLY___ 

2022-05-20 13:44:24,567 INFO     ___FILE_ONLY___ 
2022-05-20 13:44:24,567 INFO     ___FILE_ONLY___   
2022-05-20 13:44:24,567 INFO     ___FILE_ONLY___ Distributed Cloud Edge

2022-05-20 13:44:24,567 INFO     ___FILE_ONLY___       ▪
2022-05-20 13:44:24,567 INFO     ___FILE_ONLY___  
2022-05-20 13:44:24,567 INFO     ___FILE_ONLY___ Added
2022-05-20 13:44:24,567 INFO     ___FILE_ONLY___  
2022-05-20 13:44:24,567 INFO     ___FILE_ONLY___ --clear-maintenance-window
2022-05-20 13:44:24,567 INFO     ___FILE_ONLY___  
2022-05-20 13:44:24,567 INFO     ___FILE_ONLY___ flag
2022-05-20 13:44:24,567 INFO     ___FILE_ONLY___  
2022-05-20 13:44:24,567 INFO     ___FILE_ONLY___ to
2022-05-20 13:44:24,567 INFO     ___FILE_ONLY___  
2022-05-20 13:44:24,567 INFO     ___FILE_ONLY___ gcloud
2022-05-20 13:44:24,567 INFO     ___FILE_ONLY___  
2022-05-20 13:44:24,567 INFO     ___FILE_ONLY___ edge-cloud
2022-05-20 13:44:24,567 INFO     ___FILE_ONLY___  
2022-05-20 13:44:24,567 INFO     ___FILE_ONLY___ container
2022-05-20 13:44:24,567 INFO     ___FILE_ONLY___ 

2022-05-20 13:44:24,567 INFO     ___FILE_ONLY___         
2022-05-20 13:44:24,567 INFO     ___FILE_ONLY___ clusters
2022-05-20 13:44:24,567 INFO     ___FILE_ONLY___  
2022-05-20 13:44:24,567 INFO     ___FILE_ONLY___ update
2022-05-20 13:44:24,567 INFO     ___FILE_ONLY___  
2022-05-20 13:44:24,567 INFO     ___FILE_ONLY___ which
2022-05-20 13:44:24,567 INFO     ___FILE_ONLY___  
2022-05-20 13:44:24,567 INFO     ___FILE_ONLY___ removes
2022-05-20 13:44:24,567 INFO     ___FILE_ONLY___  
2022-05-20 13:44:24,567 INFO     ___FILE_ONLY___ the
2022-05-20 13:44:24,567 INFO     ___FILE_ONLY___  
2022-05-20 13:44:24,567 INFO     ___FILE_ONLY___ maintenance
2022-05-20 13:44:24,567 INFO     ___FILE_ONLY___  
2022-05-20 13:44:24,567 INFO     ___FILE_ONLY___ window
2022-05-20 13:44:24,567 INFO     ___FILE_ONLY___  
2022-05-20 13:44:24,567 INFO     ___FILE_ONLY___ setting
2022-05-20 13:44:24,567 INFO     ___FILE_ONLY___  
2022-05-20 13:44:24,567 INFO     ___FILE_ONLY___ of
2022-05-20 13:44:24,567 INFO     ___FILE_ONLY___  
2022-05-20 13:44:24,567 INFO     ___FILE_ONLY___ a
2022-05-20 13:44:24,568 INFO     ___FILE_ONLY___ 

2022-05-20 13:44:24,568 INFO     ___FILE_ONLY___         
2022-05-20 13:44:24,568 INFO     ___FILE_ONLY___ cluster.
2022-05-20 13:44:24,568 INFO     ___FILE_ONLY___ 

2022-05-20 13:44:24,568 INFO     ___FILE_ONLY___       ▪
2022-05-20 13:44:24,568 INFO     ___FILE_ONLY___  
2022-05-20 13:44:24,568 INFO     ___FILE_ONLY___ Updated
2022-05-20 13:44:24,568 INFO     ___FILE_ONLY___  
2022-05-20 13:44:24,568 INFO     ___FILE_ONLY___ gcloud
2022-05-20 13:44:24,568 INFO     ___FILE_ONLY___  
2022-05-20 13:44:24,568 INFO     ___FILE_ONLY___ edge-cloud
2022-05-20 13:44:24,568 INFO     ___FILE_ONLY___  
2022-05-20 13:44:24,568 INFO     ___FILE_ONLY___ container
2022-05-20 13:44:24,568 INFO     ___FILE_ONLY___  
2022-05-20 13:44:24,568 INFO     ___FILE_ONLY___ clusters
2022-05-20 13:44:24,568 INFO     ___FILE_ONLY___  
2022-05-20 13:44:24,568 INFO     ___FILE_ONLY___ node-pools
2022-05-20 13:44:24,568 INFO     ___FILE_ONLY___  
2022-05-20 13:44:24,568 INFO     ___FILE_ONLY___ list
2022-05-20 13:44:24,568 INFO     ___FILE_ONLY___  
2022-05-20 13:44:24,568 INFO     ___FILE_ONLY___ to
2022-05-20 13:44:24,568 INFO     ___FILE_ONLY___  
2022-05-20 13:44:24,568 INFO     ___FILE_ONLY___ make
2022-05-20 13:44:24,568 INFO     ___FILE_ONLY___ 

2022-05-20 13:44:24,568 INFO     ___FILE_ONLY___         
2022-05-20 13:44:24,568 INFO     ___FILE_ONLY___ specifying
2022-05-20 13:44:24,568 INFO     ___FILE_ONLY___  
2022-05-20 13:44:24,568 INFO     ___FILE_ONLY___ a
2022-05-20 13:44:24,568 INFO     ___FILE_ONLY___  
2022-05-20 13:44:24,568 INFO     ___FILE_ONLY___ parent
2022-05-20 13:44:24,568 INFO     ___FILE_ONLY___  
2022-05-20 13:44:24,568 INFO     ___FILE_ONLY___ cluster
2022-05-20 13:44:24,568 INFO     ___FILE_ONLY___  
2022-05-20 13:44:24,568 INFO     ___FILE_ONLY___ optional.
2022-05-20 13:44:24,568 INFO     ___FILE_ONLY___  
2022-05-20 13:44:24,569 INFO     ___FILE_ONLY___ When
2022-05-20 13:44:24,569 INFO     ___FILE_ONLY___  
2022-05-20 13:44:24,569 INFO     ___FILE_ONLY___ --cluster
2022-05-20 13:44:24,569 INFO     ___FILE_ONLY___  
2022-05-20 13:44:24,569 INFO     ___FILE_ONLY___ is
2022-05-20 13:44:24,569 INFO     ___FILE_ONLY___  
2022-05-20 13:44:24,569 INFO     ___FILE_ONLY___ not
2022-05-20 13:44:24,569 INFO     ___FILE_ONLY___  
2022-05-20 13:44:24,569 INFO     ___FILE_ONLY___ specified,
2022-05-20 13:44:24,569 INFO     ___FILE_ONLY___ 

2022-05-20 13:44:24,569 INFO     ___FILE_ONLY___         
2022-05-20 13:44:24,569 INFO     ___FILE_ONLY___ all
2022-05-20 13:44:24,569 INFO     ___FILE_ONLY___  
2022-05-20 13:44:24,569 INFO     ___FILE_ONLY___ node
2022-05-20 13:44:24,569 INFO     ___FILE_ONLY___  
2022-05-20 13:44:24,569 INFO     ___FILE_ONLY___ pools
2022-05-20 13:44:24,569 INFO     ___FILE_ONLY___  
2022-05-20 13:44:24,569 INFO     ___FILE_ONLY___ are
2022-05-20 13:44:24,569 INFO     ___FILE_ONLY___  
2022-05-20 13:44:24,569 INFO     ___FILE_ONLY___ listed.
2022-05-20 13:44:24,569 INFO     ___FILE_ONLY___ 

2022-05-20 13:44:24,569 INFO     ___FILE_ONLY___ 

2022-05-20 13:44:24,569 INFO     ___FILE_ONLY___ 
2022-05-20 13:44:24,569 INFO     ___FILE_ONLY___   
2022-05-20 13:44:24,569 INFO     ___FILE_ONLY___ Managed Active Directory

2022-05-20 13:44:24,569 INFO     ___FILE_ONLY___       ▪
2022-05-20 13:44:24,569 INFO     ___FILE_ONLY___  
2022-05-20 13:44:24,569 INFO     ___FILE_ONLY___ Promoted
2022-05-20 13:44:24,569 INFO     ___FILE_ONLY___  
2022-05-20 13:44:24,569 INFO     ___FILE_ONLY___ gcloud
2022-05-20 13:44:24,569 INFO     ___FILE_ONLY___  
2022-05-20 13:44:24,569 INFO     ___FILE_ONLY___ active-directory
2022-05-20 13:44:24,569 INFO     ___FILE_ONLY___  
2022-05-20 13:44:24,569 INFO     ___FILE_ONLY___ domains
2022-05-20 13:44:24,570 INFO     ___FILE_ONLY___  
2022-05-20 13:44:24,570 INFO     ___FILE_ONLY___ backups
2022-05-20 13:44:24,570 INFO     ___FILE_ONLY___  
2022-05-20 13:44:24,570 INFO     ___FILE_ONLY___ and
2022-05-20 13:44:24,570 INFO     ___FILE_ONLY___  
2022-05-20 13:44:24,570 INFO     ___FILE_ONLY___ gcloud
2022-05-20 13:44:24,570 INFO     ___FILE_ONLY___ 

2022-05-20 13:44:24,570 INFO     ___FILE_ONLY___         
2022-05-20 13:44:24,570 INFO     ___FILE_ONLY___ active-directory
2022-05-20 13:44:24,570 INFO     ___FILE_ONLY___  
2022-05-20 13:44:24,570 INFO     ___FILE_ONLY___ domains
2022-05-20 13:44:24,570 INFO     ___FILE_ONLY___  
2022-05-20 13:44:24,570 INFO     ___FILE_ONLY___ restore
2022-05-20 13:44:24,570 INFO     ___FILE_ONLY___  
2022-05-20 13:44:24,570 INFO     ___FILE_ONLY___ to
2022-05-20 13:44:24,570 INFO     ___FILE_ONLY___  
2022-05-20 13:44:24,570 INFO     ___FILE_ONLY___ GA.
2022-05-20 13:44:24,570 INFO     ___FILE_ONLY___ 

2022-05-20 13:44:24,570 INFO     ___FILE_ONLY___ 

2022-05-20 13:44:24,570 INFO     ___FILE_ONLY___    
2022-05-20 13:44:24,570 INFO     ___FILE_ONLY___  
2022-05-20 13:44:24,570 INFO     ___FILE_ONLY___ Subscribe
2022-05-20 13:44:24,570 INFO     ___FILE_ONLY___  
2022-05-20 13:44:24,570 INFO     ___FILE_ONLY___ to
2022-05-20 13:44:24,570 INFO     ___FILE_ONLY___  
2022-05-20 13:44:24,570 INFO     ___FILE_ONLY___ these
2022-05-20 13:44:24,570 INFO     ___FILE_ONLY___  
2022-05-20 13:44:24,570 INFO     ___FILE_ONLY___ release
2022-05-20 13:44:24,570 INFO     ___FILE_ONLY___  
2022-05-20 13:44:24,570 INFO     ___FILE_ONLY___ notes
2022-05-20 13:44:24,570 INFO     ___FILE_ONLY___  
2022-05-20 13:44:24,570 INFO     ___FILE_ONLY___ at
2022-05-20 13:44:24,570 INFO     ___FILE_ONLY___ 

2022-05-20 13:44:24,570 INFO     ___FILE_ONLY___     
2022-05-20 13:44:24,570 INFO     ___FILE_ONLY___ https://groups.google.com/forum/#!forum/google-cloud-sdk-announce
2022-05-20 13:44:24,570 INFO     ___FILE_ONLY___ 

2022-05-20 13:44:24,570 INFO     ___FILE_ONLY___     
2022-05-20 13:44:24,571 INFO     ___FILE_ONLY___ (https://groups.google.com/forum/#!forum/google-cloud-sdk-announce).
2022-05-20 13:44:24,571 INFO     ___FILE_ONLY___ 

2022-05-20 13:44:24,571 INFO     ___FILE_ONLY___ 
2022-05-20 13:44:24,571 INFO     ___FILE_ONLY___ 

2022-05-20 13:44:24,575 INFO     ___FILE_ONLY___ ╔════════════════════════════════════════════════════════════╗

2022-05-20 13:44:24,575 INFO     ___FILE_ONLY___ ╠═ Creating update staging area                             ═╣

2022-05-20 13:44:24,575 INFO     ___FILE_ONLY___ ╚
2022-05-20 13:44:24,660 INFO     ___FILE_ONLY___ ══════
2022-05-20 13:44:24,660 INFO     ___FILE_ONLY___ ══════
2022-05-20 13:44:24,660 INFO     ___FILE_ONLY___ ══════
2022-05-20 13:44:25,515 INFO     ___FILE_ONLY___ ═
2022-05-20 13:44:25,665 INFO     ___FILE_ONLY___ ═
2022-05-20 13:44:25,763 INFO     ___FILE_ONLY___ ═
2022-05-20 13:44:25,981 INFO     ___FILE_ONLY___ ═
2022-05-20 13:44:26,204 INFO     ___FILE_ONLY___ ═
2022-05-20 13:44:26,315 INFO     ___FILE_ONLY___ ═
2022-05-20 13:44:26,476 INFO     ___FILE_ONLY___ ═
2022-05-20 13:44:26,654 INFO     ___FILE_ONLY___ ═
2022-05-20 13:44:26,840 INFO     ___FILE_ONLY___ ═
2022-05-20 13:44:27,170 INFO     ___FILE_ONLY___ ═
2022-05-20 13:44:27,308 INFO     ___FILE_ONLY___ ═
2022-05-20 13:44:27,428 INFO     ___FILE_ONLY___ ═
2022-05-20 13:44:27,595 INFO     ___FILE_ONLY___ ═
2022-05-20 13:44:27,703 INFO     ___FILE_ONLY___ ═
2022-05-20 13:44:27,791 INFO     ___FILE_ONLY___ ═
2022-05-20 13:44:27,918 INFO     ___FILE_ONLY___ ═
2022-05-20 13:44:28,141 INFO     ___FILE_ONLY___ ═
2022-05-20 13:44:28,243 INFO     ___FILE_ONLY___ ═
2022-05-20 13:44:28,407 INFO     ___FILE_ONLY___ ═
2022-05-20 13:44:28,499 INFO     ___FILE_ONLY___ ═
2022-05-20 13:44:28,571 INFO     ___FILE_ONLY___ ═
2022-05-20 13:44:28,650 INFO     ___FILE_ONLY___ ═
2022-05-20 13:44:28,711 INFO     ___FILE_ONLY___ ═
2022-05-20 13:44:28,817 INFO     ___FILE_ONLY___ ═
2022-05-20 13:44:28,904 INFO     ___FILE_ONLY___ ═
2022-05-20 13:44:29,021 INFO     ___FILE_ONLY___ ═
2022-05-20 13:44:29,127 INFO     ___FILE_ONLY___ ═
2022-05-20 13:44:29,236 INFO     ___FILE_ONLY___ ═
2022-05-20 13:44:29,332 INFO     ___FILE_ONLY___ ═
2022-05-20 13:44:29,444 INFO     ___FILE_ONLY___ ═
2022-05-20 13:44:29,565 INFO     ___FILE_ONLY___ ═
2022-05-20 13:44:29,680 INFO     ___FILE_ONLY___ ═
2022-05-20 13:44:29,807 INFO     ___FILE_ONLY___ ═
2022-05-20 13:44:29,932 INFO     ___FILE_ONLY___ ═
2022-05-20 13:44:30,035 INFO     ___FILE_ONLY___ ═
2022-05-20 13:44:30,154 INFO     ___FILE_ONLY___ ═
2022-05-20 13:44:30,307 INFO     ___FILE_ONLY___ ═
2022-05-20 13:44:30,392 INFO     ___FILE_ONLY___ ═
2022-05-20 13:44:30,517 INFO     ___FILE_ONLY___ ═
2022-05-20 13:44:30,610 INFO     ___FILE_ONLY___ ═
2022-05-20 13:44:30,726 INFO     ___FILE_ONLY___ ═
2022-05-20 13:44:30,818 INFO     ___FILE_ONLY___ ═
2022-05-20 13:44:30,818 INFO     ___FILE_ONLY___ ╝

2022-05-20 13:44:34,942 INFO     ___FILE_ONLY___ ╔════════════════════════════════════════════════════════════╗

2022-05-20 13:44:34,944 INFO     ___FILE_ONLY___ ╠═ Uninstalling: Google Cloud CLI Core Libraries            ═╣

2022-05-20 13:44:34,944 INFO     ___FILE_ONLY___ ╚
2022-05-20 13:44:34,961 INFO     ___FILE_ONLY___ ═
2022-05-20 13:44:34,976 INFO     ___FILE_ONLY___ ═
2022-05-20 13:44:34,991 INFO     ___FILE_ONLY___ ═
2022-05-20 13:44:35,006 INFO     ___FILE_ONLY___ ═
2022-05-20 13:44:35,023 INFO     ___FILE_ONLY___ ═
2022-05-20 13:44:35,066 INFO     ___FILE_ONLY___ ═
2022-05-20 13:44:35,084 INFO     ___FILE_ONLY___ ═
2022-05-20 13:44:35,099 INFO     ___FILE_ONLY___ ═
2022-05-20 13:44:35,114 INFO     ___FILE_ONLY___ ═
2022-05-20 13:44:35,130 INFO     ___FILE_ONLY___ ═
2022-05-20 13:44:35,145 INFO     ___FILE_ONLY___ ═
2022-05-20 13:44:35,161 INFO     ___FILE_ONLY___ ═
2022-05-20 13:44:35,176 INFO     ___FILE_ONLY___ ═
2022-05-20 13:44:35,190 INFO     ___FILE_ONLY___ ═
2022-05-20 13:44:35,206 INFO     ___FILE_ONLY___ ═
2022-05-20 13:44:35,221 INFO     ___FILE_ONLY___ ═
2022-05-20 13:44:35,234 INFO     ___FILE_ONLY___ ═
2022-05-20 13:44:35,246 INFO     ___FILE_ONLY___ ═
2022-05-20 13:44:35,262 INFO     ___FILE_ONLY___ ═
2022-05-20 13:44:35,279 INFO     ___FILE_ONLY___ ═
2022-05-20 13:44:35,295 INFO     ___FILE_ONLY___ ═
2022-05-20 13:44:35,311 INFO     ___FILE_ONLY___ ═
2022-05-20 13:44:35,327 INFO     ___FILE_ONLY___ ═
2022-05-20 13:44:35,343 INFO     ___FILE_ONLY___ ═
2022-05-20 13:44:35,360 INFO     ___FILE_ONLY___ ═
2022-05-20 13:44:35,376 INFO     ___FILE_ONLY___ ═
2022-05-20 13:44:35,392 INFO     ___FILE_ONLY___ ═
2022-05-20 13:44:35,407 INFO     ___FILE_ONLY___ ═
2022-05-20 13:44:35,423 INFO     ___FILE_ONLY___ ═
2022-05-20 13:44:35,438 INFO     ___FILE_ONLY___ ═
2022-05-20 13:44:35,454 INFO     ___FILE_ONLY___ ═
2022-05-20 13:44:35,469 INFO     ___FILE_ONLY___ ═
2022-05-20 13:44:35,484 INFO     ___FILE_ONLY___ ═
2022-05-20 13:44:35,500 INFO     ___FILE_ONLY___ ═
2022-05-20 13:44:35,516 INFO     ___FILE_ONLY___ ═
2022-05-20 13:44:35,561 INFO     ___FILE_ONLY___ ═
2022-05-20 13:44:35,579 INFO     ___FILE_ONLY___ ═
2022-05-20 13:44:35,596 INFO     ___FILE_ONLY___ ═
2022-05-20 13:44:35,611 INFO     ___FILE_ONLY___ ═
2022-05-20 13:44:35,625 INFO     ___FILE_ONLY___ ═
2022-05-20 13:44:35,641 INFO     ___FILE_ONLY___ ═
2022-05-20 13:44:35,656 INFO     ___FILE_ONLY___ ═
2022-05-20 13:44:35,670 INFO     ___FILE_ONLY___ ═
2022-05-20 13:44:35,686 INFO     ___FILE_ONLY___ ═
2022-05-20 13:44:35,701 INFO     ___FILE_ONLY___ ═
2022-05-20 13:44:35,714 INFO     ___FILE_ONLY___ ═
2022-05-20 13:44:35,731 INFO     ___FILE_ONLY___ ═
2022-05-20 13:44:35,745 INFO     ___FILE_ONLY___ ═
2022-05-20 13:44:35,758 INFO     ___FILE_ONLY___ ═
2022-05-20 13:44:35,772 INFO     ___FILE_ONLY___ ═
2022-05-20 13:44:35,786 INFO     ___FILE_ONLY___ ═
2022-05-20 13:44:35,800 INFO     ___FILE_ONLY___ ═
2022-05-20 13:44:35,813 INFO     ___FILE_ONLY___ ═
2022-05-20 13:44:35,827 INFO     ___FILE_ONLY___ ═
2022-05-20 13:44:35,839 INFO     ___FILE_ONLY___ ═
2022-05-20 13:44:35,855 INFO     ___FILE_ONLY___ ═
2022-05-20 13:44:35,869 INFO     ___FILE_ONLY___ ═
2022-05-20 13:44:35,882 INFO     ___FILE_ONLY___ ═
2022-05-20 13:44:35,897 INFO     ___FILE_ONLY___ ═
2022-05-20 13:44:35,912 INFO     ___FILE_ONLY___ ═
2022-05-20 13:44:35,912 INFO     ___FILE_ONLY___ ╝

2022-05-20 13:44:36,784 INFO     ___FILE_ONLY___ ╔════════════════════════════════════════════════════════════╗

2022-05-20 13:44:36,785 INFO     ___FILE_ONLY___ ╠═ Uninstalling: gcloud Beta Commands                       ═╣

2022-05-20 13:44:36,785 INFO     ___FILE_ONLY___ ╚
2022-05-20 13:44:36,785 INFO     ___FILE_ONLY___ ════════════════════════════════════════════════════════════
2022-05-20 13:44:36,785 INFO     ___FILE_ONLY___ ╝

2022-05-20 13:44:36,789 INFO     ___FILE_ONLY___ ╔════════════════════════════════════════════════════════════╗

2022-05-20 13:44:36,789 INFO     ___FILE_ONLY___ ╠═ Installing: Google Cloud CLI Core Libraries              ═╣

2022-05-20 13:44:36,789 INFO     ___FILE_ONLY___ ╚
2022-05-20 13:44:36,791 DEBUG    urllib3.connectionpool Starting new HTTPS connection (1): dl.google.com:443
2022-05-20 13:44:36,989 DEBUG    urllib3.connectionpool https://dl.google.com:443 "GET /dl/cloudsdk/channels/rapid/components/google-cloud-sdk-core-20220513155936.tar.gz HTTP/1.1" 200 24357880
2022-05-20 13:44:40,849 INFO     ___FILE_ONLY___ ═
2022-05-20 13:44:40,850 INFO     ___FILE_ONLY___ ═
2022-05-20 13:44:40,851 INFO     ___FILE_ONLY___ ═
2022-05-20 13:44:40,853 INFO     ___FILE_ONLY___ ═
2022-05-20 13:44:40,854 INFO     ___FILE_ONLY___ ═
2022-05-20 13:44:40,855 INFO     ___FILE_ONLY___ ═
2022-05-20 13:44:40,857 INFO     ___FILE_ONLY___ ═
2022-05-20 13:44:40,858 INFO     ___FILE_ONLY___ ═
2022-05-20 13:44:40,859 INFO     ___FILE_ONLY___ ═
2022-05-20 13:44:40,860 INFO     ___FILE_ONLY___ ═
2022-05-20 13:44:40,862 INFO     ___FILE_ONLY___ ═
2022-05-20 13:44:40,863 INFO     ___FILE_ONLY___ ═
2022-05-20 13:44:40,863 INFO     ___FILE_ONLY___ ═
2022-05-20 13:44:40,864 INFO     ___FILE_ONLY___ ═
2022-05-20 13:44:40,865 INFO     ___FILE_ONLY___ ═
2022-05-20 13:44:40,866 INFO     ___FILE_ONLY___ ═
2022-05-20 13:44:40,867 INFO     ___FILE_ONLY___ ═
2022-05-20 13:44:40,868 INFO     ___FILE_ONLY___ ═
2022-05-20 13:44:40,869 INFO     ___FILE_ONLY___ ═
2022-05-20 13:44:40,870 INFO     ___FILE_ONLY___ ═
2022-05-20 13:44:40,872 INFO     ___FILE_ONLY___ ═
2022-05-20 13:44:40,873 INFO     ___FILE_ONLY___ ═
2022-05-20 13:44:40,874 INFO     ___FILE_ONLY___ ═
2022-05-20 13:44:40,874 INFO     ___FILE_ONLY___ ═
2022-05-20 13:44:40,875 INFO     ___FILE_ONLY___ ═
2022-05-20 13:44:40,876 INFO     ___FILE_ONLY___ ═
2022-05-20 13:44:40,877 INFO     ___FILE_ONLY___ ═
2022-05-20 13:44:40,877 INFO     ___FILE_ONLY___ ═
2022-05-20 13:44:40,878 INFO     ___FILE_ONLY___ ═
2022-05-20 13:44:40,879 INFO     ___FILE_ONLY___ ═
2022-05-20 13:44:42,116 INFO     ___FILE_ONLY___ ═
2022-05-20 13:44:42,163 INFO     ___FILE_ONLY___ ═
2022-05-20 13:44:42,212 INFO     ___FILE_ONLY___ ═
2022-05-20 13:44:42,256 INFO     ___FILE_ONLY___ ═
2022-05-20 13:44:42,303 INFO     ___FILE_ONLY___ ═
2022-05-20 13:44:42,351 INFO     ___FILE_ONLY___ ═
2022-05-20 13:44:42,399 INFO     ___FILE_ONLY___ ═
2022-05-20 13:44:42,476 INFO     ___FILE_ONLY___ ═
2022-05-20 13:44:42,541 INFO     ___FILE_ONLY___ ═
2022-05-20 13:44:42,587 INFO     ___FILE_ONLY___ ═
2022-05-20 13:44:42,636 INFO     ___FILE_ONLY___ ═
2022-05-20 13:44:42,682 INFO     ___FILE_ONLY___ ═
2022-05-20 13:44:42,732 INFO     ___FILE_ONLY___ ═
2022-05-20 13:44:42,776 INFO     ___FILE_ONLY___ ═
2022-05-20 13:44:42,826 INFO     ___FILE_ONLY___ ═
2022-05-20 13:44:42,872 INFO     ___FILE_ONLY___ ═
2022-05-20 13:44:42,918 INFO     ___FILE_ONLY___ ═
2022-05-20 13:44:42,965 INFO     ___FILE_ONLY___ ═
2022-05-20 13:44:43,014 INFO     ___FILE_ONLY___ ═
2022-05-20 13:44:43,065 INFO     ___FILE_ONLY___ ═
2022-05-20 13:44:43,112 INFO     ___FILE_ONLY___ ═
2022-05-20 13:44:43,160 INFO     ___FILE_ONLY___ ═
2022-05-20 13:44:43,209 INFO     ___FILE_ONLY___ ═
2022-05-20 13:44:43,257 INFO     ___FILE_ONLY___ ═
2022-05-20 13:44:43,426 INFO     ___FILE_ONLY___ ═
2022-05-20 13:44:43,512 INFO     ___FILE_ONLY___ ═
2022-05-20 13:44:43,685 INFO     ___FILE_ONLY___ ═
2022-05-20 13:44:43,788 INFO     ___FILE_ONLY___ ═
2022-05-20 13:44:43,871 INFO     ___FILE_ONLY___ ═
2022-05-20 13:44:43,944 INFO     ___FILE_ONLY___ ═
2022-05-20 13:44:43,944 INFO     ___FILE_ONLY___ ╝

2022-05-20 13:44:44,016 INFO     ___FILE_ONLY___ ╔════════════════════════════════════════════════════════════╗

2022-05-20 13:44:44,020 INFO     ___FILE_ONLY___ ╠═ Installing: gcloud Beta Commands                         ═╣

2022-05-20 13:44:44,020 INFO     ___FILE_ONLY___ ╚
2022-05-20 13:44:44,023 DEBUG    urllib3.connectionpool Starting new HTTPS connection (1): dl.google.com:443
2022-05-20 13:44:44,202 DEBUG    urllib3.connectionpool https://dl.google.com:443 "GET /dl/cloudsdk/channels/rapid/components/google-cloud-sdk-beta-20220513155936.tar.gz HTTP/1.1" 200 797
2022-05-20 13:44:44,203 INFO     ___FILE_ONLY___ ══════════════════════════════
2022-05-20 13:44:44,204 INFO     ___FILE_ONLY___ ══════════════════════════════
2022-05-20 13:44:44,204 INFO     ___FILE_ONLY___ ╝

2022-05-20 13:44:44,217 INFO     ___FILE_ONLY___ ╔════════════════════════════════════════════════════════════╗

2022-05-20 13:44:44,232 INFO     ___FILE_ONLY___ ╠═ Creating backup and activating new installation          ═╣

2022-05-20 13:44:44,232 INFO     ___FILE_ONLY___ ╚
2022-05-20 13:44:44,233 DEBUG    root            Attempting to move directory [/Users/yashsharma/Library/Application Support/cloud-code/installer/google-cloud-sdk] to [/Users/yashsharma/Library/Application Support/cloud-code/installer/google-cloud-sdk.staging/.install/.backup]
2022-05-20 13:44:44,233 INFO     ___FILE_ONLY___ ══════════════════════════════
2022-05-20 13:44:44,233 DEBUG    root            Attempting to move directory [/Users/yashsharma/Library/Application Support/cloud-code/installer/google-cloud-sdk.staging] to [/Users/yashsharma/Library/Application Support/cloud-code/installer/google-cloud-sdk]
2022-05-20 13:44:44,234 INFO     ___FILE_ONLY___ ══════════════════════════════
2022-05-20 13:44:44,234 INFO     ___FILE_ONLY___ ╝

2022-05-20 13:44:44,242 DEBUG    root            Updating notification cache...
2022-05-20 13:44:44,243 INFO     ___FILE_ONLY___ 

2022-05-20 13:44:44,249 INFO     ___FILE_ONLY___ Performing post processing steps...
2022-05-20 13:44:44,250 DEBUG    root            Executing command: ['/Users/yashsharma/miniforge3/bin/python3', '-S', '/Users/yashsharma/Library/Application Support/cloud-code/installer/google-cloud-sdk/lib/gcloud.py', 'components', 'post-process']
2022-05-20 13:44:55,307 DEBUG    ___FILE_ONLY___ 
2022-05-20 13:44:55,308 DEBUG    ___FILE_ONLY___ 
2022-05-20 13:44:55,308 DEBUG    root            [Errno 32] Broken pipe
Traceback (most recent call last):
  File "/Users/yashsharma/Library/Application Support/cloud-code/installer/google-cloud-sdk/lib/googlecloudsdk/calliope/cli.py", line 987, in Execute
    resources = calliope_command.Run(cli=self, args=args)
  File "/Users/yashsharma/Library/Application Support/cloud-code/installer/google-cloud-sdk/lib/googlecloudsdk/calliope/backend.py", line 809, in Run
    resources = command_instance.Run(args)
  File "/Users/yashsharma/Library/Application Support/cloud-code/installer/google-cloud-sdk/lib/surface/components/update.py", line 124, in Run
    update_manager.Update(
  File "/Users/yashsharma/Library/Application Support/cloud-code/installer/google-cloud-sdk/lib/googlecloudsdk/core/updater/update_manager.py", line 1101, in Update
    self._PostProcess(snapshot=diff.latest)
  File "/Users/yashsharma/Library/Application Support/cloud-code/installer/google-cloud-sdk/lib/googlecloudsdk/core/updater/update_manager.py", line 1616, in _PostProcess
    raise PostProcessingError()
  File "/Users/yashsharma/Library/Application Support/cloud-code/installer/google-cloud-sdk/lib/googlecloudsdk/core/console/progress_tracker.py", line 205, in __exit__
    self._Print('done.\n')
  File "/Users/yashsharma/Library/Application Support/cloud-code/installer/google-cloud-sdk/lib/googlecloudsdk/core/console/progress_tracker.py", line 324, in _Print
    self._stream.write(message or display_message + '\n')
BrokenPipeError: [Errno 32] Broken pipe
